Started by GitHub push by AlexisDefranoux
Building in workspace /var/jenkins_home/workspace/teami-polydiploma-entities
using credential 97fbda0c-87a0-475d-b85b-e27c7e4a8d2a
 > git rev-parse --is-inside-work-tree # timeout=10
Fetching changes from the remote Git repository
 > git config remote.origin.url https://github.com/pns-isa-devops-1819/teami-polydiploma-entities.git # timeout=10
Fetching upstream changes from https://github.com/pns-isa-devops-1819/teami-polydiploma-entities.git
 > git --version # timeout=10
using GIT_ASKPASS to set credentials 
 > git fetch --tags --force --progress https://github.com/pns-isa-devops-1819/teami-polydiploma-entities.git +refs/heads/*:refs/remotes/origin/*
 > git rev-parse refs/remotes/origin/master^{commit} # timeout=10
 > git rev-parse refs/remotes/origin/origin/master^{commit} # timeout=10
Checking out Revision 744ca796eb9ce5f954706a251235d9f965d40b93 (refs/remotes/origin/master)
 > git config core.sparsecheckout # timeout=10
 > git checkout -f 744ca796eb9ce5f954706a251235d9f965d40b93
Commit message: "#36 fix sonar bug"
 > git rev-list --no-walk 0191ebb66b67e5cf59a2fd5882392ecae5500ac4 # timeout=10
Jenkins Artifactory Plugin version: 3.2.2
Artifactory integration is enabled
[teami-polydiploma-entities] $ /usr/lib/jvm/java-1.8-openjdk/bin/java -classpath /var/jenkins_home/tools/hudson.tasks.Maven_MavenInstallation/M3/boot/* -Dmaven.home=/var/jenkins_home/tools/hudson.tasks.Maven_MavenInstallation/M3 -Dmaven.conf=/var/jenkins_home/tools/hudson.tasks.Maven_MavenInstallation/M3/conf -DbuildInfoConfig.propertiesFile=/var/jenkins_home/workspace/teami-polydiploma-entities@tmp/artifactory/buildInfo3379796484920954265.properties -DbuildInfoConfig.artifactoryResolutionEnabled=true -Dm3plugin.lib=/var/jenkins_home/workspace/teami-polydiploma-entities/cache/artifactory-plugin/3.2.2 -Dclassworlds.conf=/var/jenkins_home/workspace/teami-polydiploma-entities/classworlds5685461029272434402conf -Dmaven.multiModuleProjectDirectory=/var/jenkins_home/workspace/teami-polydiploma-entities org.codehaus.plexus.classworlds.launcher.Launcher clean install deploy
[main] INFO org.apache.maven.cli.event.ExecutionEventLogger - Scanning for projects...
[main] INFO org.jfrog.build.extractor.maven.BuildInfoRecorder - Initializing Artifactory Build-Info Recording
[main] INFO org.apache.maven.cli.event.ExecutionEventLogger - 
[main] INFO org.apache.maven.cli.event.ExecutionEventLogger - --< fr.unice.polytech.si4.isa.devops.teami:teami-polydiploma-entities >--
[main] INFO org.apache.maven.cli.event.ExecutionEventLogger - Building teami-polydiploma-entities 1.3
[main] INFO org.apache.maven.cli.event.ExecutionEventLogger - --------------------------------[ jar ]---------------------------------
[main] INFO org.apache.maven.cli.event.ExecutionEventLogger - 
[main] INFO org.apache.maven.cli.event.ExecutionEventLogger - --- maven-clean-plugin:3.1.0:clean (default-clean) @ teami-polydiploma-entities ---
[main] INFO org.apache.maven.plugins.clean.CleanMojo - Deleting /var/jenkins_home/workspace/teami-polydiploma-entities/target
[main] INFO org.apache.maven.cli.event.ExecutionEventLogger - 
[main] INFO org.apache.maven.cli.event.ExecutionEventLogger - --- maven-resources-plugin:3.0.2:resources (default-resources) @ teami-polydiploma-entities ---
[main] INFO org.apache.maven.shared.filtering.DefaultMavenResourcesFiltering - Using 'UTF-8' encoding to copy filtered resources.
[main] INFO org.apache.maven.shared.filtering.DefaultMavenResourcesFiltering - skip non existing resourceDirectory /var/jenkins_home/workspace/teami-polydiploma-entities/src/main/resources
[main] INFO org.apache.maven.cli.event.ExecutionEventLogger - 
[main] INFO org.apache.maven.cli.event.ExecutionEventLogger - --- maven-compiler-plugin:3.8.0:compile (default-compile) @ teami-polydiploma-entities ---
[main] INFO org.apache.maven.plugin.compiler.CompilerMojo - Changes detected - recompiling the module!
[main] INFO org.codehaus.plexus.compiler.javac.JavacCompiler - Compiling 16 source files to /var/jenkins_home/workspace/teami-polydiploma-entities/target/classes
[main] INFO org.apache.maven.cli.event.ExecutionEventLogger - 
[main] INFO org.apache.maven.cli.event.ExecutionEventLogger - --- maven-resources-plugin:3.0.2:testResources (default-testResources) @ teami-polydiploma-entities ---
[main] INFO org.apache.maven.shared.filtering.DefaultMavenResourcesFiltering - Using 'UTF-8' encoding to copy filtered resources.
[main] INFO org.apache.maven.shared.filtering.DefaultMavenResourcesFiltering - Copying 2 resources
[main] INFO org.apache.maven.cli.event.ExecutionEventLogger - 
[main] INFO org.apache.maven.cli.event.ExecutionEventLogger - --- maven-compiler-plugin:3.8.0:testCompile (default-testCompile) @ teami-polydiploma-entities ---
[main] INFO org.apache.maven.plugin.compiler.TestCompilerMojo - Changes detected - recompiling the module!
[main] INFO org.codehaus.plexus.compiler.javac.JavacCompiler - Compiling 14 source files to /var/jenkins_home/workspace/teami-polydiploma-entities/target/test-classes
[main] INFO org.apache.maven.cli.event.ExecutionEventLogger - 
[main] INFO org.apache.maven.cli.event.ExecutionEventLogger - --- maven-surefire-plugin:2.22.1:test (default-test) @ teami-polydiploma-entities ---
[main] INFO org.apache.maven.plugin.surefire.SurefirePlugin - 
[main] INFO org.apache.maven.plugin.surefire.SurefirePlugin - -------------------------------------------------------
[main] INFO org.apache.maven.plugin.surefire.SurefirePlugin -  T E S T S
[main] INFO org.apache.maven.plugin.surefire.SurefirePlugin - -------------------------------------------------------
[ThreadedStreamConsumer] INFO org.apache.maven.plugin.surefire.SurefirePlugin - Running fr.unice.polytech.si4.isa.devops.teami.entities.guests.VipTest
540  classpath-bootstrap  INFO   [main] openjpa.Runtime - OpenJPA dynamically loaded a validation provider.
Apr 19, 2019 3:43:25 PM org.apache.tomee.embedded.Container start
INFO: Starting TomEE from: /tmp/arquillian-apache-tomee
Apr 19, 2019 3:43:27 PM org.apache.coyote.AbstractProtocol init
INFO: Initializing ProtocolHandler ["http-nio-8080"]
Apr 19, 2019 3:43:27 PM org.apache.coyote.AbstractProtocol init
SEVERE: Failed to initialize end point associated with ProtocolHandler ["http-nio-8080"]
java.net.BindException: Address in use
	at sun.nio.ch.Net.bind0(Native Method)
	at sun.nio.ch.Net.bind(Net.java:433)
	at sun.nio.ch.Net.bind(Net.java:425)
	at sun.nio.ch.ServerSocketChannelImpl.bind(ServerSocketChannelImpl.java:223)
	at sun.nio.ch.ServerSocketAdaptor.bind(ServerSocketAdaptor.java:74)
	at org.apache.tomcat.util.net.NioEndpoint.bind(NioEndpoint.java:228)
	at org.apache.tomcat.util.net.AbstractEndpoint.init(AbstractEndpoint.java:866)
	at org.apache.tomcat.util.net.AbstractJsseEndpoint.init(AbstractJsseEndpoint.java:213)
	at org.apache.coyote.AbstractProtocol.init(AbstractProtocol.java:575)
	at org.apache.coyote.http11.AbstractHttp11Protocol.init(AbstractHttp11Protocol.java:65)
	at org.apache.catalina.connector.Connector.initInternal(Connector.java:944)
	at org.apache.catalina.util.LifecycleBase.init(LifecycleBase.java:107)
	at org.apache.catalina.core.StandardService.initInternal(StandardService.java:549)
	at org.apache.catalina.util.LifecycleBase.init(LifecycleBase.java:107)
	at org.apache.catalina.core.StandardServer.initInternal(StandardServer.java:873)
	at org.apache.catalina.util.LifecycleBase.init(LifecycleBase.java:107)
	at org.apache.catalina.startup.Tomcat.init(Tomcat.java:344)
	at org.apache.tomee.embedded.Container.start(Container.java:679)
	at org.apache.openejb.arquillian.embedded.EmbeddedTomEEContainer.start(EmbeddedTomEEContainer.java:135)
	at org.jboss.arquillian.container.impl.ContainerImpl.start(ContainerImpl.java:199)
	at org.jboss.arquillian.container.impl.client.container.ContainerLifecycleController$8.perform(ContainerLifecycleController.java:163)
	at org.jboss.arquillian.container.impl.client.container.ContainerLifecycleController$8.perform(ContainerLifecycleController.java:157)
	at org.jboss.arquillian.container.impl.client.container.ContainerLifecycleController.forContainer(ContainerLifecycleController.java:255)
	at org.jboss.arquillian.container.impl.client.container.ContainerLifecycleController.startContainer(ContainerLifecycleController.java:156)
	at sun.reflect.NativeMethodAccessorImpl.invoke0(Native Method)
	at sun.reflect.NativeMethodAccessorImpl.invoke(NativeMethodAccessorImpl.java:62)
	at sun.reflect.DelegatingMethodAccessorImpl.invoke(DelegatingMethodAccessorImpl.java:43)
	at java.lang.reflect.Method.invoke(Method.java:498)
	at org.jboss.arquillian.core.impl.ObserverImpl.invoke(ObserverImpl.java:96)
	at org.jboss.arquillian.core.impl.EventContextImpl.invokeObservers(EventContextImpl.java:99)
	at org.jboss.arquillian.core.impl.EventContextImpl.proceed(EventContextImpl.java:81)
	at org.jboss.arquillian.container.impl.client.ContainerDeploymentContextHandler.createContainerContext(ContainerDeploymentContextHandler.java:57)
	at sun.reflect.NativeMethodAccessorImpl.invoke0(Native Method)
	at sun.reflect.NativeMethodAccessorImpl.invoke(NativeMethodAccessorImpl.java:62)
	at sun.reflect.DelegatingMethodAccessorImpl.invoke(DelegatingMethodAccessorImpl.java:43)
	at java.lang.reflect.Method.invoke(Method.java:498)
	at org.jboss.arquillian.core.impl.ObserverImpl.invoke(ObserverImpl.java:96)
	at org.jboss.arquillian.core.impl.EventContextImpl.proceed(EventContextImpl.java:88)
	at org.jboss.arquillian.core.impl.ManagerImpl.fire(ManagerImpl.java:145)
	at org.jboss.arquillian.core.impl.ManagerImpl.fire(ManagerImpl.java:116)
	at org.jboss.arquillian.core.impl.EventImpl.fire(EventImpl.java:67)
	at org.jboss.arquillian.container.impl.client.container.ContainerLifecycleController$2.perform(ContainerLifecycleController.java:77)
	at org.jboss.arquillian.container.impl.client.container.ContainerLifecycleController$2.perform(ContainerLifecycleController.java:70)
	at org.jboss.arquillian.container.impl.client.container.ContainerLifecycleController.forEachSuiteContainer(ContainerLifecycleController.java:221)
	at org.jboss.arquillian.container.impl.client.container.ContainerLifecycleController.startSuiteContainers(ContainerLifecycleController.java:69)
	at sun.reflect.NativeMethodAccessorImpl.invoke0(Native Method)
	at sun.reflect.NativeMethodAccessorImpl.invoke(NativeMethodAccessorImpl.java:62)
	at sun.reflect.DelegatingMethodAccessorImpl.invoke(DelegatingMethodAccessorImpl.java:43)
	at java.lang.reflect.Method.invoke(Method.java:498)
	at org.jboss.arquillian.core.impl.ObserverImpl.invoke(ObserverImpl.java:96)
	at org.jboss.arquillian.core.impl.EventContextImpl.invokeObservers(EventContextImpl.java:99)
	at org.jboss.arquillian.core.impl.EventContextImpl.proceed(EventContextImpl.java:81)
	at org.jboss.arquillian.core.impl.ManagerImpl.fire(ManagerImpl.java:145)
	at org.jboss.arquillian.core.impl.ManagerImpl.fire(ManagerImpl.java:116)
	at org.jboss.arquillian.core.impl.EventImpl.fire(EventImpl.java:67)
	at org.jboss.arquillian.container.test.impl.client.ContainerEventController.execute(ContainerEventController.java:86)
	at sun.reflect.NativeMethodAccessorImpl.invoke0(Native Method)
	at sun.reflect.NativeMethodAccessorImpl.invoke(NativeMethodAccessorImpl.java:62)
	at sun.reflect.DelegatingMethodAccessorImpl.invoke(DelegatingMethodAccessorImpl.java:43)
	at java.lang.reflect.Method.invoke(Method.java:498)
	at org.jboss.arquillian.core.impl.ObserverImpl.invoke(ObserverImpl.java:96)
	at org.jboss.arquillian.core.impl.EventContextImpl.invokeObservers(EventContextImpl.java:99)
	at org.jboss.arquillian.core.impl.EventContextImpl.proceed(EventContextImpl.java:81)
	at org.jboss.arquillian.test.impl.TestContextHandler.createSuiteContext(TestContextHandler.java:73)
	at sun.reflect.NativeMethodAccessorImpl.invoke0(Native Method)
	at sun.reflect.NativeMethodAccessorImpl.invoke(NativeMethodAccessorImpl.java:62)
	at sun.reflect.DelegatingMethodAccessorImpl.invoke(DelegatingMethodAccessorImpl.java:43)
	at java.lang.reflect.Method.invoke(Method.java:498)
	at org.jboss.arquillian.core.impl.ObserverImpl.invoke(ObserverImpl.java:96)
	at org.jboss.arquillian.core.impl.EventContextImpl.proceed(EventContextImpl.java:88)
	at org.jboss.arquillian.core.impl.ManagerImpl.fire(ManagerImpl.java:145)
	at org.jboss.arquillian.core.impl.ManagerImpl.fire(ManagerImpl.java:116)
	at org.jboss.arquillian.test.impl.EventTestRunnerAdaptor.beforeSuite(EventTestRunnerAdaptor.java:75)
	at org.jboss.arquillian.junit.Arquillian.run(Arquillian.java:116)
	at org.apache.maven.surefire.junit4.JUnit4Provider.execute(JUnit4Provider.java:365)
	at org.apache.maven.surefire.junit4.JUnit4Provider.executeWithRerun(JUnit4Provider.java:273)
	at org.apache.maven.surefire.junit4.JUnit4Provider.executeTestSet(JUnit4Provider.java:238)
	at org.apache.maven.surefire.junit4.JUnit4Provider.invoke(JUnit4Provider.java:159)
	at org.apache.maven.surefire.booter.ForkedBooter.invokeProviderInSameClassLoader(ForkedBooter.java:384)
	at org.apache.maven.surefire.booter.ForkedBooter.runSuitesInProcess(ForkedBooter.java:345)
	at org.apache.maven.surefire.booter.ForkedBooter.execute(ForkedBooter.java:126)
	at org.apache.maven.surefire.booter.ForkedBooter.main(ForkedBooter.java:418)

Apr 19, 2019 3:43:27 PM org.apache.catalina.core.StandardService initInternal
SEVERE: Failed to initialize connector [Connector[HTTP/1.1-8080]]
org.apache.catalina.LifecycleException: Failed to initialize component [Connector[HTTP/1.1-8080]]
	at org.apache.catalina.util.LifecycleBase.init(LifecycleBase.java:112)
	at org.apache.catalina.core.StandardService.initInternal(StandardService.java:549)
	at org.apache.catalina.util.LifecycleBase.init(LifecycleBase.java:107)
	at org.apache.catalina.core.StandardServer.initInternal(StandardServer.java:873)
	at org.apache.catalina.util.LifecycleBase.init(LifecycleBase.java:107)
	at org.apache.catalina.startup.Tomcat.init(Tomcat.java:344)
	at org.apache.tomee.embedded.Container.start(Container.java:679)
	at org.apache.openejb.arquillian.embedded.EmbeddedTomEEContainer.start(EmbeddedTomEEContainer.java:135)
	at org.jboss.arquillian.container.impl.ContainerImpl.start(ContainerImpl.java:199)
	at org.jboss.arquillian.container.impl.client.container.ContainerLifecycleController$8.perform(ContainerLifecycleController.java:163)
	at org.jboss.arquillian.container.impl.client.container.ContainerLifecycleController$8.perform(ContainerLifecycleController.java:157)
	at org.jboss.arquillian.container.impl.client.container.ContainerLifecycleController.forContainer(ContainerLifecycleController.java:255)
	at org.jboss.arquillian.container.impl.client.container.ContainerLifecycleController.startContainer(ContainerLifecycleController.java:156)
	at sun.reflect.NativeMethodAccessorImpl.invoke0(Native Method)
	at sun.reflect.NativeMethodAccessorImpl.invoke(NativeMethodAccessorImpl.java:62)
	at sun.reflect.DelegatingMethodAccessorImpl.invoke(DelegatingMethodAccessorImpl.java:43)
	at java.lang.reflect.Method.invoke(Method.java:498)
	at org.jboss.arquillian.core.impl.ObserverImpl.invoke(ObserverImpl.java:96)
	at org.jboss.arquillian.core.impl.EventContextImpl.invokeObservers(EventContextImpl.java:99)
	at org.jboss.arquillian.core.impl.EventContextImpl.proceed(EventContextImpl.java:81)
	at org.jboss.arquillian.container.impl.client.ContainerDeploymentContextHandler.createContainerContext(ContainerDeploymentContextHandler.java:57)
	at sun.reflect.NativeMethodAccessorImpl.invoke0(Native Method)
	at sun.reflect.NativeMethodAccessorImpl.invoke(NativeMethodAccessorImpl.java:62)
	at sun.reflect.DelegatingMethodAccessorImpl.invoke(DelegatingMethodAccessorImpl.java:43)
	at java.lang.reflect.Method.invoke(Method.java:498)
	at org.jboss.arquillian.core.impl.ObserverImpl.invoke(ObserverImpl.java:96)
	at org.jboss.arquillian.core.impl.EventContextImpl.proceed(EventContextImpl.java:88)
	at org.jboss.arquillian.core.impl.ManagerImpl.fire(ManagerImpl.java:145)
	at org.jboss.arquillian.core.impl.ManagerImpl.fire(ManagerImpl.java:116)
	at org.jboss.arquillian.core.impl.EventImpl.fire(EventImpl.java:67)
	at org.jboss.arquillian.container.impl.client.container.ContainerLifecycleController$2.perform(ContainerLifecycleController.java:77)
	at org.jboss.arquillian.container.impl.client.container.ContainerLifecycleController$2.perform(ContainerLifecycleController.java:70)
	at org.jboss.arquillian.container.impl.client.container.ContainerLifecycleController.forEachSuiteContainer(ContainerLifecycleController.java:221)
	at org.jboss.arquillian.container.impl.client.container.ContainerLifecycleController.startSuiteContainers(ContainerLifecycleController.java:69)
	at sun.reflect.NativeMethodAccessorImpl.invoke0(Native Method)
	at sun.reflect.NativeMethodAccessorImpl.invoke(NativeMethodAccessorImpl.java:62)
	at sun.reflect.DelegatingMethodAccessorImpl.invoke(DelegatingMethodAccessorImpl.java:43)
	at java.lang.reflect.Method.invoke(Method.java:498)
	at org.jboss.arquillian.core.impl.ObserverImpl.invoke(ObserverImpl.java:96)
	at org.jboss.arquillian.core.impl.EventContextImpl.invokeObservers(EventContextImpl.java:99)
	at org.jboss.arquillian.core.impl.EventContextImpl.proceed(EventContextImpl.java:81)
	at org.jboss.arquillian.core.impl.ManagerImpl.fire(ManagerImpl.java:145)
	at org.jboss.arquillian.core.impl.ManagerImpl.fire(ManagerImpl.java:116)
	at org.jboss.arquillian.core.impl.EventImpl.fire(EventImpl.java:67)
	at org.jboss.arquillian.container.test.impl.client.ContainerEventController.execute(ContainerEventController.java:86)
	at sun.reflect.NativeMethodAccessorImpl.invoke0(Native Method)
	at sun.reflect.NativeMethodAccessorImpl.invoke(NativeMethodAccessorImpl.java:62)
	at sun.reflect.DelegatingMethodAccessorImpl.invoke(DelegatingMethodAccessorImpl.java:43)
	at java.lang.reflect.Method.invoke(Method.java:498)
	at org.jboss.arquillian.core.impl.ObserverImpl.invoke(ObserverImpl.java:96)
	at org.jboss.arquillian.core.impl.EventContextImpl.invokeObservers(EventContextImpl.java:99)
	at org.jboss.arquillian.core.impl.EventContextImpl.proceed(EventContextImpl.java:81)
	at org.jboss.arquillian.test.impl.TestContextHandler.createSuiteContext(TestContextHandler.java:73)
	at sun.reflect.NativeMethodAccessorImpl.invoke0(Native Method)
	at sun.reflect.NativeMethodAccessorImpl.invoke(NativeMethodAccessorImpl.java:62)
	at sun.reflect.DelegatingMethodAccessorImpl.invoke(DelegatingMethodAccessorImpl.java:43)
	at java.lang.reflect.Method.invoke(Method.java:498)
	at org.jboss.arquillian.core.impl.ObserverImpl.invoke(ObserverImpl.java:96)
	at org.jboss.arquillian.core.impl.EventContextImpl.proceed(EventContextImpl.java:88)
	at org.jboss.arquillian.core.impl.ManagerImpl.fire(ManagerImpl.java:145)
	at org.jboss.arquillian.core.impl.ManagerImpl.fire(ManagerImpl.java:116)
	at org.jboss.arquillian.test.impl.EventTestRunnerAdaptor.beforeSuite(EventTestRunnerAdaptor.java:75)
	at org.jboss.arquillian.junit.Arquillian.run(Arquillian.java:116)
	at org.apache.maven.surefire.junit4.JUnit4Provider.execute(JUnit4Provider.java:365)
	at org.apache.maven.surefire.junit4.JUnit4Provider.executeWithRerun(JUnit4Provider.java:273)
	at org.apache.maven.surefire.junit4.JUnit4Provider.executeTestSet(JUnit4Provider.java:238)
	at org.apache.maven.surefire.junit4.JUnit4Provider.invoke(JUnit4Provider.java:159)
	at org.apache.maven.surefire.booter.ForkedBooter.invokeProviderInSameClassLoader(ForkedBooter.java:384)
	at org.apache.maven.surefire.booter.ForkedBooter.runSuitesInProcess(ForkedBooter.java:345)
	at org.apache.maven.surefire.booter.ForkedBooter.execute(ForkedBooter.java:126)
	at org.apache.maven.surefire.booter.ForkedBooter.main(ForkedBooter.java:418)
Caused by: org.apache.catalina.LifecycleException: Protocol handler initialization failed
	at org.apache.catalina.connector.Connector.initInternal(Connector.java:946)
	at org.apache.catalina.util.LifecycleBase.init(LifecycleBase.java:107)
	... 70 more
Caused by: java.net.BindException: Address in use
	at sun.nio.ch.Net.bind0(Native Method)
	at sun.nio.ch.Net.bind(Net.java:433)
	at sun.nio.ch.Net.bind(Net.java:425)
	at sun.nio.ch.ServerSocketChannelImpl.bind(ServerSocketChannelImpl.java:223)
	at sun.nio.ch.ServerSocketAdaptor.bind(ServerSocketAdaptor.java:74)
	at org.apache.tomcat.util.net.NioEndpoint.bind(NioEndpoint.java:228)
	at org.apache.tomcat.util.net.AbstractEndpoint.init(AbstractEndpoint.java:866)
	at org.apache.tomcat.util.net.AbstractJsseEndpoint.init(AbstractJsseEndpoint.java:213)
	at org.apache.coyote.AbstractProtocol.init(AbstractProtocol.java:575)
	at org.apache.coyote.http11.AbstractHttp11Protocol.init(AbstractHttp11Protocol.java:65)
	at org.apache.catalina.connector.Connector.initInternal(Connector.java:944)
	... 71 more

Apr 19, 2019 3:43:27 PM org.apache.catalina.core.StandardService startInternal
INFO: Starting service Tomcat
Apr 19, 2019 3:43:27 PM org.apache.catalina.core.StandardEngine startInternal
INFO: Starting Servlet Engine: Apache Tomcat/8.5.6
Apr 19, 2019 3:43:30 PM org.apache.openejb.util.OptionsLog info
INFO: Using 'openejb.jdbc.datasource-creator=org.apache.tomee.jdbc.TomEEDataSourceCreator'
Apr 19, 2019 3:43:31 PM org.apache.openejb.OpenEJB$Instance <init>
INFO: ********************************************************************************
Apr 19, 2019 3:43:31 PM org.apache.openejb.OpenEJB$Instance <init>
INFO: OpenEJB http://tomee.apache.org/
Apr 19, 2019 3:43:31 PM org.apache.openejb.OpenEJB$Instance <init>
INFO: Startup: Fri Apr 19 15:43:31 GMT 2019
Apr 19, 2019 3:43:31 PM org.apache.openejb.OpenEJB$Instance <init>
INFO: Copyright 1999-2016 (C) Apache OpenEJB Project, All Rights Reserved.
Apr 19, 2019 3:43:31 PM org.apache.openejb.OpenEJB$Instance <init>
INFO: Version: 7.0.2
Apr 19, 2019 3:43:31 PM org.apache.openejb.OpenEJB$Instance <init>
INFO: Build date: 20161106
Apr 19, 2019 3:43:31 PM org.apache.openejb.OpenEJB$Instance <init>
INFO: Build time: 07:23
Apr 19, 2019 3:43:31 PM org.apache.openejb.OpenEJB$Instance <init>
INFO: ********************************************************************************
Apr 19, 2019 3:43:31 PM org.apache.openejb.OpenEJB$Instance <init>
INFO: openejb.home = /tmp/arquillian-apache-tomee
Apr 19, 2019 3:43:31 PM org.apache.openejb.OpenEJB$Instance <init>
INFO: openejb.base = /tmp/arquillian-apache-tomee
Apr 19, 2019 3:43:31 PM org.apache.openejb.cdi.CdiBuilder initializeOWB
INFO: Created new singletonService org.apache.openejb.cdi.ThreadSingletonServiceImpl@18bc345
Apr 19, 2019 3:43:31 PM org.apache.openejb.cdi.CdiBuilder initializeOWB
INFO: Succeeded in installing singleton service
Apr 19, 2019 3:43:31 PM org.apache.openejb.config.ConfigurationFactory init
INFO: TomEE configuration file is '/tmp/arquillian-apache-tomee/conf/openejb.xml'
Apr 19, 2019 3:43:31 PM org.apache.openejb.config.ConfigurationFactory configureService
INFO: Configuring Service(id=Tomcat Security Service, type=SecurityService, provider-id=Tomcat Security Service)
Apr 19, 2019 3:43:31 PM org.apache.openejb.config.ConfigurationFactory configureService
INFO: Configuring Service(id=Default Transaction Manager, type=TransactionManager, provider-id=Default Transaction Manager)
Apr 19, 2019 3:43:31 PM org.apache.openejb.util.OptionsLog info
INFO: Using 'openejb.system.apps=false'
Apr 19, 2019 3:43:31 PM org.apache.openejb.util.OptionsLog info
INFO: Using 'openejb.deployments.classpath=false'
Apr 19, 2019 3:43:31 PM org.apache.openejb.assembler.classic.Assembler createRecipe
INFO: Creating TransactionManager(id=Default Transaction Manager)
Apr 19, 2019 3:43:31 PM org.apache.openejb.assembler.classic.Assembler createRecipe
INFO: Creating SecurityService(id=Tomcat Security Service)
Apr 19, 2019 3:43:31 PM org.apache.openejb.util.OptionsLog info
INFO: Using 'openejb.servicemanager.enabled=false'
Apr 19, 2019 3:43:34 PM org.apache.openejb.util.JarExtractor extract
INFO: Extracting jar: /tmp/arquillian-tomee-app-working-dir/0/45b95f57-15db-4227-9348-b22ba887de91.war
Apr 19, 2019 3:43:34 PM org.apache.openejb.util.JarExtractor extract
INFO: Extracted path: /tmp/arquillian-tomee-app-working-dir/0/45b95f57-15db-4227-9348-b22ba887de91
Apr 19, 2019 3:43:34 PM org.apache.tomee.catalina.TomcatWebAppBuilder deployWebApps
INFO: using default host: localhost
Apr 19, 2019 3:43:34 PM org.apache.tomee.catalina.TomcatWebAppBuilder init
INFO: ------------------------- localhost -> /45b95f57-15db-4227-9348-b22ba887de91
Apr 19, 2019 3:43:34 PM org.apache.openejb.util.OptionsLog info
INFO: Using 'openejb.session.manager=org.apache.tomee.catalina.session.QuickSessionManager'
Apr 19, 2019 3:43:35 PM org.apache.openejb.config.ConfigurationFactory configureApplication
INFO: Configuring enterprise application: /tmp/arquillian-tomee-app-working-dir/0/45b95f57-15db-4227-9348-b22ba887de91
Apr 19, 2019 3:43:36 PM org.apache.openejb.config.ConfigurationFactory configureService
INFO: Configuring Service(id=Default Managed Container, type=Container, provider-id=Default Managed Container)
Apr 19, 2019 3:43:36 PM org.apache.openejb.config.AutoConfig createContainer
INFO: Auto-creating a container for bean 45b95f57-15db-4227-9348-b22ba887de91.Comp931911789: Container(type=MANAGED, id=Default Managed Container)
Apr 19, 2019 3:43:36 PM org.apache.openejb.assembler.classic.Assembler createRecipe
INFO: Creating Container(id=Default Managed Container)
Apr 19, 2019 3:43:36 PM org.apache.openejb.core.managed.SimplePassivater init
INFO: Using directory /tmp for stateful session passivation
Apr 19, 2019 3:43:36 PM org.apache.openejb.config.AutoConfig deploy
INFO: Configuring PersistenceUnit(name=entities_persistence_unit)
Apr 19, 2019 3:43:36 PM org.apache.openejb.config.ConfigurationFactory configureService
INFO: Configuring Service(id=Default JDBC Database, type=Resource, provider-id=Default JDBC Database)
Apr 19, 2019 3:43:36 PM org.apache.openejb.config.AutoConfig logAutoCreateResource
INFO: Auto-creating a Resource with id 'Default JDBC Database' of type 'DataSource for 'entities_persistence_unit'.
Apr 19, 2019 3:43:36 PM org.apache.openejb.assembler.classic.Assembler createRecipe
INFO: Creating Resource(id=Default JDBC Database)
Apr 19, 2019 3:43:38 PM org.apache.openejb.config.ConfigurationFactory configureService
INFO: Configuring Service(id=Default Unmanaged JDBC Database, type=Resource, provider-id=Default Unmanaged JDBC Database)
Apr 19, 2019 3:43:38 PM org.apache.openejb.config.AutoConfig logAutoCreateResource
INFO: Auto-creating a Resource with id 'Default Unmanaged JDBC Database' of type 'DataSource for 'entities_persistence_unit'.
Apr 19, 2019 3:43:38 PM org.apache.openejb.assembler.classic.Assembler createRecipe
INFO: Creating Resource(id=Default Unmanaged JDBC Database)
Apr 19, 2019 3:43:38 PM org.apache.openejb.config.AutoConfig setJtaDataSource
INFO: Adjusting PersistenceUnit entities_persistence_unit <jta-data-source> to Resource ID 'Default JDBC Database' from 'PolydiplomaDataSource'
Apr 19, 2019 3:43:38 PM org.apache.openejb.config.AutoConfig setNonJtaDataSource
INFO: Adjusting PersistenceUnit entities_persistence_unit <non-jta-data-source> to Resource ID 'Default Unmanaged JDBC Database' from 'null'
Apr 19, 2019 3:43:38 PM org.apache.openejb.config.ReportValidationResults logResults
WARNING: WARN ... WebModule{moduleId='45b95f57-15db-4227-9348-b22ba887de91', contextRoot='45b95f57-15db-4227-9348-b22ba887de91'}:	Incorrect location of file file:/tmp/arquillian-tomee-app-working-dir/0/45b95f57-15db-4227-9348-b22ba887de91/META-INF/beans.xml The file should be in WEB-INF directory
Apr 19, 2019 3:43:38 PM org.apache.openejb.config.ReportValidationResults logResults
WARNING: 1 warning for WebModule(path=45b95f57-15db-4227-9348-b22ba887de91)
Apr 19, 2019 3:43:38 PM org.apache.openejb.config.AppInfoBuilder build
INFO: Enterprise application "/tmp/arquillian-tomee-app-working-dir/0/45b95f57-15db-4227-9348-b22ba887de91" loaded.
Apr 19, 2019 3:43:38 PM org.apache.openejb.assembler.classic.Assembler createApplication
INFO: Assembling app: /tmp/arquillian-tomee-app-working-dir/0/45b95f57-15db-4227-9348-b22ba887de91
Apr 19, 2019 3:43:39 PM org.apache.openejb.assembler.classic.Assembler$PersistenceClassLoaderHandlerImpl addTransformer
INFO: JAVA AGENT NOT INSTALLED. The JPA Persistence Provider requested installation of a ClassFileTransformer which requires a JavaAgent.  See http://tomee.apache.org/javaagent.html
Apr 19, 2019 3:43:39 PM null
INFO: OpenJPA dynamically loaded a validation provider.
Apr 19, 2019 3:43:39 PM org.apache.openejb.assembler.classic.ReloadableEntityManagerFactory createDelegate
INFO: PersistenceUnit(name=entities_persistence_unit, provider=org.apache.openjpa.persistence.PersistenceProviderImpl) - provider time 152ms
Apr 19, 2019 3:43:39 PM org.apache.openejb.assembler.classic.Assembler createApplication
INFO: Deployed Application(path=/tmp/arquillian-tomee-app-working-dir/0/45b95f57-15db-4227-9348-b22ba887de91)
Apr 19, 2019 3:43:40 PM org.apache.jasper.servlet.TldScanner scanJars
INFO: At least one JAR was scanned for TLDs yet contained no TLDs. Enable debug logging for this logger for a complete list of JARs that were scanned but no TLDs were found in them. Skipping unneeded JARs during scanning can improve startup time and JSP compilation time.
Apr 19, 2019 3:43:41 PM null
INFO: Starting OpenJPA 2.4.1
Apr 19, 2019 3:43:41 PM null
INFO: Using dictionary class "org.apache.openjpa.jdbc.sql.HSQLDictionary" (HSQL Database Engine 2.3.2 ,HSQL Database Engine Driver 2.3.2).
Apr 19, 2019 3:43:41 PM null
INFO: Connected to HSQL Database Engine version 2.2 using JDBC driver HSQL Database Engine Driver version 2.3.2. 
Apr 19, 2019 3:43:44 PM null
INFO: The temporary file "/tmp/org.apache.openjpa.enhance.InstrumentationFactory2571623026698119059.jar" was created and it may not get cleaned up properly.
Apr 19, 2019 3:43:45 PM null
INFO: Creating subclass and redefining methods for "[class fr.unice.polytech.si4.isa.devops.teami.entities.guests.Person, class fr.unice.polytech.si4.isa.devops.teami.entities.invitations.StudentInvitation, class fr.unice.polytech.si4.isa.devops.teami.entities.school.Speciality, class fr.unice.polytech.si4.isa.devops.teami.entities.events.StudentEvent, class fr.unice.polytech.si4.isa.devops.teami.entities.ceremony.Planning, class fr.unice.polytech.si4.isa.devops.teami.entities.guests.Student, class fr.unice.polytech.si4.isa.devops.teami.entities.events.ClubEvent, class fr.unice.polytech.si4.isa.devops.teami.entities.events.VipEvent, class fr.unice.polytech.si4.isa.devops.teami.entities.guests.Attendant, class fr.unice.polytech.si4.isa.devops.teami.entities.school.Bill, class fr.unice.polytech.si4.isa.devops.teami.entities.guests.Vip, class fr.unice.polytech.si4.isa.devops.teami.entities.events.Event, class fr.unice.polytech.si4.isa.devops.teami.entities.ceremony.Ceremony, class fr.unice.polytech.si4.isa.devops.teami.entities.invitations.VIPInvitation, class fr.unice.polytech.si4.isa.devops.teami.entities.school.Club]". This means that your application will be less efficient than it would if you ran the OpenJPA enhancer.
Apr 19, 2019 3:43:47 PM org.apache.openejb.assembler.classic.Assembler destroyApplication
INFO: Undeploying app: /tmp/arquillian-tomee-app-working-dir/0/45b95f57-15db-4227-9348-b22ba887de91
[ThreadedStreamConsumer] INFO org.apache.maven.plugin.surefire.SurefirePlugin - Tests run: 1, Failures: 0, Errors: 0, Skipped: 0, Time elapsed: 28.255 s - in fr.unice.polytech.si4.isa.devops.teami.entities.guests.VipTest
[ThreadedStreamConsumer] INFO org.apache.maven.plugin.surefire.SurefirePlugin - Running fr.unice.polytech.si4.isa.devops.teami.entities.guests.StudentTest
Apr 19, 2019 3:43:48 PM org.apache.openejb.util.JarExtractor extract
INFO: Extracting jar: /tmp/arquillian-tomee-app-working-dir/0/00a37ec1-2b04-444d-b3de-77a858d13fcc.war
Apr 19, 2019 3:43:48 PM org.apache.openejb.util.JarExtractor extract
INFO: Extracted path: /tmp/arquillian-tomee-app-working-dir/0/00a37ec1-2b04-444d-b3de-77a858d13fcc
Apr 19, 2019 3:43:48 PM org.apache.tomee.catalina.TomcatWebAppBuilder deployWebApps
INFO: using default host: localhost
Apr 19, 2019 3:43:48 PM org.apache.tomee.catalina.TomcatWebAppBuilder init
INFO: ------------------------- localhost -> /00a37ec1-2b04-444d-b3de-77a858d13fcc
Apr 19, 2019 3:43:48 PM org.apache.openejb.util.OptionsLog info
INFO: Using 'openejb.session.manager=org.apache.tomee.catalina.session.QuickSessionManager'
Apr 19, 2019 3:43:48 PM org.apache.openejb.config.ConfigurationFactory configureApplication
INFO: Configuring enterprise application: /tmp/arquillian-tomee-app-working-dir/0/00a37ec1-2b04-444d-b3de-77a858d13fcc
Apr 19, 2019 3:43:48 PM org.apache.openejb.config.AutoConfig deploy
INFO: Configuring PersistenceUnit(name=entities_persistence_unit)
Apr 19, 2019 3:43:48 PM org.apache.openejb.config.AutoConfig setJtaDataSource
INFO: Adjusting PersistenceUnit entities_persistence_unit <jta-data-source> to Resource ID 'Default JDBC Database' from 'PolydiplomaDataSource'
Apr 19, 2019 3:43:48 PM org.apache.openejb.config.AutoConfig setNonJtaDataSource
INFO: Adjusting PersistenceUnit entities_persistence_unit <non-jta-data-source> to Resource ID 'Default Unmanaged JDBC Database' from 'null'
Apr 19, 2019 3:43:48 PM org.apache.openejb.config.ReportValidationResults logResults
WARNING: WARN ... WebModule{moduleId='00a37ec1-2b04-444d-b3de-77a858d13fcc', contextRoot='00a37ec1-2b04-444d-b3de-77a858d13fcc'}:	Incorrect location of file file:/tmp/arquillian-tomee-app-working-dir/0/00a37ec1-2b04-444d-b3de-77a858d13fcc/META-INF/beans.xml The file should be in WEB-INF directory
Apr 19, 2019 3:43:48 PM org.apache.openejb.config.ReportValidationResults logResults
WARNING: 1 warning for WebModule(path=00a37ec1-2b04-444d-b3de-77a858d13fcc)
Apr 19, 2019 3:43:48 PM org.apache.openejb.config.AppInfoBuilder build
INFO: Enterprise application "/tmp/arquillian-tomee-app-working-dir/0/00a37ec1-2b04-444d-b3de-77a858d13fcc" loaded.
Apr 19, 2019 3:43:48 PM org.apache.openejb.assembler.classic.Assembler createApplication
INFO: Assembling app: /tmp/arquillian-tomee-app-working-dir/0/00a37ec1-2b04-444d-b3de-77a858d13fcc
Apr 19, 2019 3:43:48 PM null
INFO: OpenJPA dynamically loaded a validation provider.
Apr 19, 2019 3:43:48 PM org.apache.openejb.assembler.classic.ReloadableEntityManagerFactory createDelegate
INFO: PersistenceUnit(name=entities_persistence_unit, provider=org.apache.openjpa.persistence.PersistenceProviderImpl) - provider time 65ms
Apr 19, 2019 3:43:48 PM org.apache.openejb.assembler.classic.Assembler createApplication
INFO: Deployed Application(path=/tmp/arquillian-tomee-app-working-dir/0/00a37ec1-2b04-444d-b3de-77a858d13fcc)
Apr 19, 2019 3:43:49 PM org.apache.jasper.servlet.TldScanner scanJars
INFO: At least one JAR was scanned for TLDs yet contained no TLDs. Enable debug logging for this logger for a complete list of JARs that were scanned but no TLDs were found in them. Skipping unneeded JARs during scanning can improve startup time and JSP compilation time.
Apr 19, 2019 3:43:49 PM null
INFO: Starting OpenJPA 2.4.1
Apr 19, 2019 3:43:49 PM null
INFO: Using dictionary class "org.apache.openjpa.jdbc.sql.HSQLDictionary" (HSQL Database Engine 2.3.2 ,HSQL Database Engine Driver 2.3.2).
Apr 19, 2019 3:43:49 PM null
INFO: Connected to HSQL Database Engine version 2.2 using JDBC driver HSQL Database Engine Driver version 2.3.2. 
Apr 19, 2019 3:43:49 PM null
INFO: Creating subclass and redefining methods for "[class fr.unice.polytech.si4.isa.devops.teami.entities.guests.Person, class fr.unice.polytech.si4.isa.devops.teami.entities.invitations.StudentInvitation, class fr.unice.polytech.si4.isa.devops.teami.entities.school.Speciality, class fr.unice.polytech.si4.isa.devops.teami.entities.events.StudentEvent, class fr.unice.polytech.si4.isa.devops.teami.entities.ceremony.Planning, class fr.unice.polytech.si4.isa.devops.teami.entities.guests.Student, class fr.unice.polytech.si4.isa.devops.teami.entities.events.ClubEvent, class fr.unice.polytech.si4.isa.devops.teami.entities.events.VipEvent, class fr.unice.polytech.si4.isa.devops.teami.entities.guests.Attendant, class fr.unice.polytech.si4.isa.devops.teami.entities.school.Bill, class fr.unice.polytech.si4.isa.devops.teami.entities.guests.Vip, class fr.unice.polytech.si4.isa.devops.teami.entities.events.Event, class fr.unice.polytech.si4.isa.devops.teami.entities.ceremony.Ceremony, class fr.unice.polytech.si4.isa.devops.teami.entities.invitations.VIPInvitation, class fr.unice.polytech.si4.isa.devops.teami.entities.school.Club]". This means that your application will be less efficient than it would if you ran the OpenJPA enhancer.
Apr 19, 2019 3:43:51 PM org.apache.openejb.assembler.classic.Assembler destroyApplication
INFO: Undeploying app: /tmp/arquillian-tomee-app-working-dir/0/00a37ec1-2b04-444d-b3de-77a858d13fcc
[ThreadedStreamConsumer] INFO org.apache.maven.plugin.surefire.SurefirePlugin - Tests run: 1, Failures: 0, Errors: 0, Skipped: 0, Time elapsed: 2.883 s - in fr.unice.polytech.si4.isa.devops.teami.entities.guests.StudentTest
[ThreadedStreamConsumer] INFO org.apache.maven.plugin.surefire.SurefirePlugin - Running fr.unice.polytech.si4.isa.devops.teami.entities.guests.AttendantTest
Apr 19, 2019 3:43:51 PM org.apache.openejb.util.JarExtractor extract
INFO: Extracting jar: /tmp/arquillian-tomee-app-working-dir/0/01d25faa-3c0b-4c33-a307-963f2348e7a7.war
Apr 19, 2019 3:43:51 PM org.apache.openejb.util.JarExtractor extract
INFO: Extracted path: /tmp/arquillian-tomee-app-working-dir/0/01d25faa-3c0b-4c33-a307-963f2348e7a7
Apr 19, 2019 3:43:51 PM org.apache.tomee.catalina.TomcatWebAppBuilder deployWebApps
INFO: using default host: localhost
Apr 19, 2019 3:43:51 PM org.apache.tomee.catalina.TomcatWebAppBuilder init
INFO: ------------------------- localhost -> /01d25faa-3c0b-4c33-a307-963f2348e7a7
Apr 19, 2019 3:43:51 PM org.apache.openejb.util.OptionsLog info
INFO: Using 'openejb.session.manager=org.apache.tomee.catalina.session.QuickSessionManager'
Apr 19, 2019 3:43:51 PM org.apache.openejb.config.ConfigurationFactory configureApplication
INFO: Configuring enterprise application: /tmp/arquillian-tomee-app-working-dir/0/01d25faa-3c0b-4c33-a307-963f2348e7a7
Apr 19, 2019 3:43:51 PM org.apache.openejb.config.AutoConfig deploy
INFO: Configuring PersistenceUnit(name=entities_persistence_unit)
Apr 19, 2019 3:43:51 PM org.apache.openejb.config.AutoConfig setJtaDataSource
INFO: Adjusting PersistenceUnit entities_persistence_unit <jta-data-source> to Resource ID 'Default JDBC Database' from 'PolydiplomaDataSource'
Apr 19, 2019 3:43:51 PM org.apache.openejb.config.AutoConfig setNonJtaDataSource
INFO: Adjusting PersistenceUnit entities_persistence_unit <non-jta-data-source> to Resource ID 'Default Unmanaged JDBC Database' from 'null'
Apr 19, 2019 3:43:51 PM org.apache.openejb.config.ReportValidationResults logResults
WARNING: WARN ... WebModule{moduleId='01d25faa-3c0b-4c33-a307-963f2348e7a7', contextRoot='01d25faa-3c0b-4c33-a307-963f2348e7a7'}:	Incorrect location of file file:/tmp/arquillian-tomee-app-working-dir/0/01d25faa-3c0b-4c33-a307-963f2348e7a7/META-INF/beans.xml The file should be in WEB-INF directory
Apr 19, 2019 3:43:51 PM org.apache.openejb.config.ReportValidationResults logResults
WARNING: 1 warning for WebModule(path=01d25faa-3c0b-4c33-a307-963f2348e7a7)
Apr 19, 2019 3:43:51 PM org.apache.openejb.config.AppInfoBuilder build
INFO: Enterprise application "/tmp/arquillian-tomee-app-working-dir/0/01d25faa-3c0b-4c33-a307-963f2348e7a7" loaded.
Apr 19, 2019 3:43:51 PM org.apache.openejb.assembler.classic.Assembler createApplication
INFO: Assembling app: /tmp/arquillian-tomee-app-working-dir/0/01d25faa-3c0b-4c33-a307-963f2348e7a7
Apr 19, 2019 3:43:51 PM null
INFO: OpenJPA dynamically loaded a validation provider.
Apr 19, 2019 3:43:51 PM org.apache.openejb.assembler.classic.ReloadableEntityManagerFactory createDelegate
INFO: PersistenceUnit(name=entities_persistence_unit, provider=org.apache.openjpa.persistence.PersistenceProviderImpl) - provider time 38ms
Apr 19, 2019 3:43:51 PM org.apache.openejb.assembler.classic.Assembler createApplication
INFO: Deployed Application(path=/tmp/arquillian-tomee-app-working-dir/0/01d25faa-3c0b-4c33-a307-963f2348e7a7)
Apr 19, 2019 3:43:52 PM org.apache.jasper.servlet.TldScanner scanJars
INFO: At least one JAR was scanned for TLDs yet contained no TLDs. Enable debug logging for this logger for a complete list of JARs that were scanned but no TLDs were found in them. Skipping unneeded JARs during scanning can improve startup time and JSP compilation time.
Apr 19, 2019 3:43:52 PM null
INFO: Starting OpenJPA 2.4.1
Apr 19, 2019 3:43:52 PM null
INFO: Using dictionary class "org.apache.openjpa.jdbc.sql.HSQLDictionary" (HSQL Database Engine 2.3.2 ,HSQL Database Engine Driver 2.3.2).
Apr 19, 2019 3:43:52 PM null
INFO: Connected to HSQL Database Engine version 2.2 using JDBC driver HSQL Database Engine Driver version 2.3.2. 
Apr 19, 2019 3:43:52 PM null
INFO: Creating subclass and redefining methods for "[class fr.unice.polytech.si4.isa.devops.teami.entities.guests.Person, class fr.unice.polytech.si4.isa.devops.teami.entities.invitations.StudentInvitation, class fr.unice.polytech.si4.isa.devops.teami.entities.school.Speciality, class fr.unice.polytech.si4.isa.devops.teami.entities.events.StudentEvent, class fr.unice.polytech.si4.isa.devops.teami.entities.ceremony.Planning, class fr.unice.polytech.si4.isa.devops.teami.entities.guests.Student, class fr.unice.polytech.si4.isa.devops.teami.entities.events.ClubEvent, class fr.unice.polytech.si4.isa.devops.teami.entities.events.VipEvent, class fr.unice.polytech.si4.isa.devops.teami.entities.guests.Attendant, class fr.unice.polytech.si4.isa.devops.teami.entities.school.Bill, class fr.unice.polytech.si4.isa.devops.teami.entities.guests.Vip, class fr.unice.polytech.si4.isa.devops.teami.entities.events.Event, class fr.unice.polytech.si4.isa.devops.teami.entities.ceremony.Ceremony, class fr.unice.polytech.si4.isa.devops.teami.entities.invitations.VIPInvitation, class fr.unice.polytech.si4.isa.devops.teami.entities.school.Club]". This means that your application will be less efficient than it would if you ran the OpenJPA enhancer.
Apr 19, 2019 3:43:53 PM org.apache.openejb.assembler.classic.Assembler destroyApplication
INFO: Undeploying app: /tmp/arquillian-tomee-app-working-dir/0/01d25faa-3c0b-4c33-a307-963f2348e7a7
[ThreadedStreamConsumer] INFO org.apache.maven.plugin.surefire.SurefirePlugin - Tests run: 1, Failures: 0, Errors: 0, Skipped: 0, Time elapsed: 2.314 s - in fr.unice.polytech.si4.isa.devops.teami.entities.guests.AttendantTest
[ThreadedStreamConsumer] INFO org.apache.maven.plugin.surefire.SurefirePlugin - Running fr.unice.polytech.si4.isa.devops.teami.entities.school.SpecialityTest
Apr 19, 2019 3:43:53 PM org.apache.openejb.util.JarExtractor extract
INFO: Extracting jar: /tmp/arquillian-tomee-app-working-dir/0/b70268e9-0926-4221-a2ed-aa8bbd85fe42.war
Apr 19, 2019 3:43:53 PM org.apache.openejb.util.JarExtractor extract
INFO: Extracted path: /tmp/arquillian-tomee-app-working-dir/0/b70268e9-0926-4221-a2ed-aa8bbd85fe42
Apr 19, 2019 3:43:53 PM org.apache.tomee.catalina.TomcatWebAppBuilder deployWebApps
INFO: using default host: localhost
Apr 19, 2019 3:43:53 PM org.apache.tomee.catalina.TomcatWebAppBuilder init
INFO: ------------------------- localhost -> /b70268e9-0926-4221-a2ed-aa8bbd85fe42
Apr 19, 2019 3:43:53 PM org.apache.openejb.util.OptionsLog info
INFO: Using 'openejb.session.manager=org.apache.tomee.catalina.session.QuickSessionManager'
Apr 19, 2019 3:43:53 PM org.apache.openejb.config.ConfigurationFactory configureApplication
INFO: Configuring enterprise application: /tmp/arquillian-tomee-app-working-dir/0/b70268e9-0926-4221-a2ed-aa8bbd85fe42
Apr 19, 2019 3:43:54 PM org.apache.openejb.config.AutoConfig deploy
INFO: Configuring PersistenceUnit(name=entities_persistence_unit)
Apr 19, 2019 3:43:54 PM org.apache.openejb.config.AutoConfig setJtaDataSource
INFO: Adjusting PersistenceUnit entities_persistence_unit <jta-data-source> to Resource ID 'Default JDBC Database' from 'PolydiplomaDataSource'
Apr 19, 2019 3:43:54 PM org.apache.openejb.config.AutoConfig setNonJtaDataSource
INFO: Adjusting PersistenceUnit entities_persistence_unit <non-jta-data-source> to Resource ID 'Default Unmanaged JDBC Database' from 'null'
Apr 19, 2019 3:43:54 PM org.apache.openejb.config.ReportValidationResults logResults
WARNING: WARN ... WebModule{moduleId='b70268e9-0926-4221-a2ed-aa8bbd85fe42', contextRoot='b70268e9-0926-4221-a2ed-aa8bbd85fe42'}:	Incorrect location of file file:/tmp/arquillian-tomee-app-working-dir/0/b70268e9-0926-4221-a2ed-aa8bbd85fe42/META-INF/beans.xml The file should be in WEB-INF directory
Apr 19, 2019 3:43:54 PM org.apache.openejb.config.ReportValidationResults logResults
WARNING: 1 warning for WebModule(path=b70268e9-0926-4221-a2ed-aa8bbd85fe42)
Apr 19, 2019 3:43:54 PM org.apache.openejb.config.AppInfoBuilder build
INFO: Enterprise application "/tmp/arquillian-tomee-app-working-dir/0/b70268e9-0926-4221-a2ed-aa8bbd85fe42" loaded.
Apr 19, 2019 3:43:54 PM org.apache.openejb.assembler.classic.Assembler createApplication
INFO: Assembling app: /tmp/arquillian-tomee-app-working-dir/0/b70268e9-0926-4221-a2ed-aa8bbd85fe42
Apr 19, 2019 3:43:54 PM null
INFO: OpenJPA dynamically loaded a validation provider.
Apr 19, 2019 3:43:54 PM org.apache.openejb.assembler.classic.ReloadableEntityManagerFactory createDelegate
INFO: PersistenceUnit(name=entities_persistence_unit, provider=org.apache.openjpa.persistence.PersistenceProviderImpl) - provider time 33ms
Apr 19, 2019 3:43:54 PM org.apache.openejb.assembler.classic.Assembler createApplication
INFO: Deployed Application(path=/tmp/arquillian-tomee-app-working-dir/0/b70268e9-0926-4221-a2ed-aa8bbd85fe42)
Apr 19, 2019 3:43:54 PM org.apache.jasper.servlet.TldScanner scanJars
INFO: At least one JAR was scanned for TLDs yet contained no TLDs. Enable debug logging for this logger for a complete list of JARs that were scanned but no TLDs were found in them. Skipping unneeded JARs during scanning can improve startup time and JSP compilation time.
Apr 19, 2019 3:43:54 PM null
INFO: Starting OpenJPA 2.4.1
Apr 19, 2019 3:43:54 PM null
INFO: Using dictionary class "org.apache.openjpa.jdbc.sql.HSQLDictionary" (HSQL Database Engine 2.3.2 ,HSQL Database Engine Driver 2.3.2).
Apr 19, 2019 3:43:54 PM null
INFO: Connected to HSQL Database Engine version 2.2 using JDBC driver HSQL Database Engine Driver version 2.3.2. 
Apr 19, 2019 3:43:54 PM null
INFO: Creating subclass and redefining methods for "[class fr.unice.polytech.si4.isa.devops.teami.entities.guests.Person, class fr.unice.polytech.si4.isa.devops.teami.entities.invitations.StudentInvitation, class fr.unice.polytech.si4.isa.devops.teami.entities.school.Speciality, class fr.unice.polytech.si4.isa.devops.teami.entities.events.StudentEvent, class fr.unice.polytech.si4.isa.devops.teami.entities.ceremony.Planning, class fr.unice.polytech.si4.isa.devops.teami.entities.guests.Student, class fr.unice.polytech.si4.isa.devops.teami.entities.events.ClubEvent, class fr.unice.polytech.si4.isa.devops.teami.entities.events.VipEvent, class fr.unice.polytech.si4.isa.devops.teami.entities.guests.Attendant, class fr.unice.polytech.si4.isa.devops.teami.entities.school.Bill, class fr.unice.polytech.si4.isa.devops.teami.entities.guests.Vip, class fr.unice.polytech.si4.isa.devops.teami.entities.events.Event, class fr.unice.polytech.si4.isa.devops.teami.entities.ceremony.Ceremony, class fr.unice.polytech.si4.isa.devops.teami.entities.invitations.VIPInvitation, class fr.unice.polytech.si4.isa.devops.teami.entities.school.Club]". This means that your application will be less efficient than it would if you ran the OpenJPA enhancer.
Apr 19, 2019 3:43:55 PM org.apache.openejb.assembler.classic.Assembler destroyApplication
INFO: Undeploying app: /tmp/arquillian-tomee-app-working-dir/0/b70268e9-0926-4221-a2ed-aa8bbd85fe42
[ThreadedStreamConsumer] INFO org.apache.maven.plugin.surefire.SurefirePlugin - Tests run: 1, Failures: 0, Errors: 0, Skipped: 0, Time elapsed: 2.212 s - in fr.unice.polytech.si4.isa.devops.teami.entities.school.SpecialityTest
[ThreadedStreamConsumer] INFO org.apache.maven.plugin.surefire.SurefirePlugin - Running fr.unice.polytech.si4.isa.devops.teami.entities.school.ClubTest
Apr 19, 2019 3:43:56 PM org.apache.openejb.util.JarExtractor extract
INFO: Extracting jar: /tmp/arquillian-tomee-app-working-dir/0/09b74a68-9729-4d5a-b18c-03a7b337be23.war
Apr 19, 2019 3:43:56 PM org.apache.openejb.util.JarExtractor extract
INFO: Extracted path: /tmp/arquillian-tomee-app-working-dir/0/09b74a68-9729-4d5a-b18c-03a7b337be23
Apr 19, 2019 3:43:56 PM org.apache.tomee.catalina.TomcatWebAppBuilder deployWebApps
INFO: using default host: localhost
Apr 19, 2019 3:43:56 PM org.apache.tomee.catalina.TomcatWebAppBuilder init
INFO: ------------------------- localhost -> /09b74a68-9729-4d5a-b18c-03a7b337be23
Apr 19, 2019 3:43:56 PM org.apache.openejb.util.OptionsLog info
INFO: Using 'openejb.session.manager=org.apache.tomee.catalina.session.QuickSessionManager'
Apr 19, 2019 3:43:56 PM org.apache.openejb.config.ConfigurationFactory configureApplication
INFO: Configuring enterprise application: /tmp/arquillian-tomee-app-working-dir/0/09b74a68-9729-4d5a-b18c-03a7b337be23
Apr 19, 2019 3:43:56 PM org.apache.openejb.config.AutoConfig deploy
INFO: Configuring PersistenceUnit(name=entities_persistence_unit)
Apr 19, 2019 3:43:56 PM org.apache.openejb.config.AutoConfig setJtaDataSource
INFO: Adjusting PersistenceUnit entities_persistence_unit <jta-data-source> to Resource ID 'Default JDBC Database' from 'PolydiplomaDataSource'
Apr 19, 2019 3:43:56 PM org.apache.openejb.config.AutoConfig setNonJtaDataSource
INFO: Adjusting PersistenceUnit entities_persistence_unit <non-jta-data-source> to Resource ID 'Default Unmanaged JDBC Database' from 'null'
Apr 19, 2019 3:43:56 PM org.apache.openejb.config.ReportValidationResults logResults
WARNING: WARN ... WebModule{moduleId='09b74a68-9729-4d5a-b18c-03a7b337be23', contextRoot='09b74a68-9729-4d5a-b18c-03a7b337be23'}:	Incorrect location of file file:/tmp/arquillian-tomee-app-working-dir/0/09b74a68-9729-4d5a-b18c-03a7b337be23/META-INF/beans.xml The file should be in WEB-INF directory
Apr 19, 2019 3:43:56 PM org.apache.openejb.config.ReportValidationResults logResults
WARNING: 1 warning for WebModule(path=09b74a68-9729-4d5a-b18c-03a7b337be23)
Apr 19, 2019 3:43:56 PM org.apache.openejb.config.AppInfoBuilder build
INFO: Enterprise application "/tmp/arquillian-tomee-app-working-dir/0/09b74a68-9729-4d5a-b18c-03a7b337be23" loaded.
Apr 19, 2019 3:43:56 PM org.apache.openejb.assembler.classic.Assembler createApplication
INFO: Assembling app: /tmp/arquillian-tomee-app-working-dir/0/09b74a68-9729-4d5a-b18c-03a7b337be23
Apr 19, 2019 3:43:56 PM null
INFO: OpenJPA dynamically loaded a validation provider.
Apr 19, 2019 3:43:56 PM org.apache.openejb.assembler.classic.ReloadableEntityManagerFactory createDelegate
INFO: PersistenceUnit(name=entities_persistence_unit, provider=org.apache.openjpa.persistence.PersistenceProviderImpl) - provider time 35ms
Apr 19, 2019 3:43:56 PM org.apache.openejb.assembler.classic.Assembler createApplication
INFO: Deployed Application(path=/tmp/arquillian-tomee-app-working-dir/0/09b74a68-9729-4d5a-b18c-03a7b337be23)
Apr 19, 2019 3:43:56 PM org.apache.jasper.servlet.TldScanner scanJars
INFO: At least one JAR was scanned for TLDs yet contained no TLDs. Enable debug logging for this logger for a complete list of JARs that were scanned but no TLDs were found in them. Skipping unneeded JARs during scanning can improve startup time and JSP compilation time.
Apr 19, 2019 3:43:56 PM null
INFO: Starting OpenJPA 2.4.1
Apr 19, 2019 3:43:56 PM null
INFO: Using dictionary class "org.apache.openjpa.jdbc.sql.HSQLDictionary" (HSQL Database Engine 2.3.2 ,HSQL Database Engine Driver 2.3.2).
Apr 19, 2019 3:43:56 PM null
INFO: Connected to HSQL Database Engine version 2.2 using JDBC driver HSQL Database Engine Driver version 2.3.2. 
Apr 19, 2019 3:43:56 PM null
INFO: Creating subclass and redefining methods for "[class fr.unice.polytech.si4.isa.devops.teami.entities.guests.Person, class fr.unice.polytech.si4.isa.devops.teami.entities.invitations.StudentInvitation, class fr.unice.polytech.si4.isa.devops.teami.entities.school.Speciality, class fr.unice.polytech.si4.isa.devops.teami.entities.events.StudentEvent, class fr.unice.polytech.si4.isa.devops.teami.entities.ceremony.Planning, class fr.unice.polytech.si4.isa.devops.teami.entities.guests.Student, class fr.unice.polytech.si4.isa.devops.teami.entities.events.ClubEvent, class fr.unice.polytech.si4.isa.devops.teami.entities.events.VipEvent, class fr.unice.polytech.si4.isa.devops.teami.entities.guests.Attendant, class fr.unice.polytech.si4.isa.devops.teami.entities.school.Bill, class fr.unice.polytech.si4.isa.devops.teami.entities.guests.Vip, class fr.unice.polytech.si4.isa.devops.teami.entities.events.Event, class fr.unice.polytech.si4.isa.devops.teami.entities.ceremony.Ceremony, class fr.unice.polytech.si4.isa.devops.teami.entities.invitations.VIPInvitation, class fr.unice.polytech.si4.isa.devops.teami.entities.school.Club]". This means that your application will be less efficient than it would if you ran the OpenJPA enhancer.
Apr 19, 2019 3:43:58 PM org.apache.openejb.assembler.classic.Assembler destroyApplication
INFO: Undeploying app: /tmp/arquillian-tomee-app-working-dir/0/09b74a68-9729-4d5a-b18c-03a7b337be23
[ThreadedStreamConsumer] INFO org.apache.maven.plugin.surefire.SurefirePlugin - Tests run: 1, Failures: 0, Errors: 0, Skipped: 0, Time elapsed: 2.191 s - in fr.unice.polytech.si4.isa.devops.teami.entities.school.ClubTest
[ThreadedStreamConsumer] INFO org.apache.maven.plugin.surefire.SurefirePlugin - Running fr.unice.polytech.si4.isa.devops.teami.entities.school.BillTest
Apr 19, 2019 3:43:58 PM org.apache.openejb.util.JarExtractor extract
INFO: Extracting jar: /tmp/arquillian-tomee-app-working-dir/0/c73f137a-4a6c-4eae-9f01-f28725a585cd.war
Apr 19, 2019 3:43:58 PM org.apache.openejb.util.JarExtractor extract
INFO: Extracted path: /tmp/arquillian-tomee-app-working-dir/0/c73f137a-4a6c-4eae-9f01-f28725a585cd
Apr 19, 2019 3:43:58 PM org.apache.tomee.catalina.TomcatWebAppBuilder deployWebApps
INFO: using default host: localhost
Apr 19, 2019 3:43:58 PM org.apache.tomee.catalina.TomcatWebAppBuilder init
INFO: ------------------------- localhost -> /c73f137a-4a6c-4eae-9f01-f28725a585cd
Apr 19, 2019 3:43:58 PM org.apache.openejb.util.OptionsLog info
INFO: Using 'openejb.session.manager=org.apache.tomee.catalina.session.QuickSessionManager'
Apr 19, 2019 3:43:58 PM org.apache.openejb.config.ConfigurationFactory configureApplication
INFO: Configuring enterprise application: /tmp/arquillian-tomee-app-working-dir/0/c73f137a-4a6c-4eae-9f01-f28725a585cd
Apr 19, 2019 3:43:58 PM org.apache.openejb.config.AutoConfig deploy
INFO: Configuring PersistenceUnit(name=entities_persistence_unit)
Apr 19, 2019 3:43:58 PM org.apache.openejb.config.AutoConfig setJtaDataSource
INFO: Adjusting PersistenceUnit entities_persistence_unit <jta-data-source> to Resource ID 'Default JDBC Database' from 'PolydiplomaDataSource'
Apr 19, 2019 3:43:58 PM org.apache.openejb.config.AutoConfig setNonJtaDataSource
INFO: Adjusting PersistenceUnit entities_persistence_unit <non-jta-data-source> to Resource ID 'Default Unmanaged JDBC Database' from 'null'
Apr 19, 2019 3:43:58 PM org.apache.openejb.config.ReportValidationResults logResults
WARNING: WARN ... WebModule{moduleId='c73f137a-4a6c-4eae-9f01-f28725a585cd', contextRoot='c73f137a-4a6c-4eae-9f01-f28725a585cd'}:	Incorrect location of file file:/tmp/arquillian-tomee-app-working-dir/0/c73f137a-4a6c-4eae-9f01-f28725a585cd/META-INF/beans.xml The file should be in WEB-INF directory
Apr 19, 2019 3:43:58 PM org.apache.openejb.config.ReportValidationResults logResults
WARNING: 1 warning for WebModule(path=c73f137a-4a6c-4eae-9f01-f28725a585cd)
Apr 19, 2019 3:43:58 PM org.apache.openejb.config.AppInfoBuilder build
INFO: Enterprise application "/tmp/arquillian-tomee-app-working-dir/0/c73f137a-4a6c-4eae-9f01-f28725a585cd" loaded.
Apr 19, 2019 3:43:58 PM org.apache.openejb.assembler.classic.Assembler createApplication
INFO: Assembling app: /tmp/arquillian-tomee-app-working-dir/0/c73f137a-4a6c-4eae-9f01-f28725a585cd
Apr 19, 2019 3:43:58 PM null
INFO: OpenJPA dynamically loaded a validation provider.
Apr 19, 2019 3:43:58 PM org.apache.openejb.assembler.classic.ReloadableEntityManagerFactory createDelegate
INFO: PersistenceUnit(name=entities_persistence_unit, provider=org.apache.openjpa.persistence.PersistenceProviderImpl) - provider time 53ms
Apr 19, 2019 3:43:58 PM org.apache.openejb.assembler.classic.Assembler createApplication
INFO: Deployed Application(path=/tmp/arquillian-tomee-app-working-dir/0/c73f137a-4a6c-4eae-9f01-f28725a585cd)
Apr 19, 2019 3:43:58 PM org.apache.jasper.servlet.TldScanner scanJars
INFO: At least one JAR was scanned for TLDs yet contained no TLDs. Enable debug logging for this logger for a complete list of JARs that were scanned but no TLDs were found in them. Skipping unneeded JARs during scanning can improve startup time and JSP compilation time.
Apr 19, 2019 3:43:58 PM null
INFO: Starting OpenJPA 2.4.1
Apr 19, 2019 3:43:59 PM null
INFO: Using dictionary class "org.apache.openjpa.jdbc.sql.HSQLDictionary" (HSQL Database Engine 2.3.2 ,HSQL Database Engine Driver 2.3.2).
Apr 19, 2019 3:43:59 PM null
INFO: Connected to HSQL Database Engine version 2.2 using JDBC driver HSQL Database Engine Driver version 2.3.2. 
Apr 19, 2019 3:43:59 PM null
INFO: Creating subclass and redefining methods for "[class fr.unice.polytech.si4.isa.devops.teami.entities.guests.Person, class fr.unice.polytech.si4.isa.devops.teami.entities.invitations.StudentInvitation, class fr.unice.polytech.si4.isa.devops.teami.entities.school.Speciality, class fr.unice.polytech.si4.isa.devops.teami.entities.events.StudentEvent, class fr.unice.polytech.si4.isa.devops.teami.entities.ceremony.Planning, class fr.unice.polytech.si4.isa.devops.teami.entities.guests.Student, class fr.unice.polytech.si4.isa.devops.teami.entities.events.ClubEvent, class fr.unice.polytech.si4.isa.devops.teami.entities.events.VipEvent, class fr.unice.polytech.si4.isa.devops.teami.entities.guests.Attendant, class fr.unice.polytech.si4.isa.devops.teami.entities.school.Bill, class fr.unice.polytech.si4.isa.devops.teami.entities.guests.Vip, class fr.unice.polytech.si4.isa.devops.teami.entities.events.Event, class fr.unice.polytech.si4.isa.devops.teami.entities.ceremony.Ceremony, class fr.unice.polytech.si4.isa.devops.teami.entities.invitations.VIPInvitation, class fr.unice.polytech.si4.isa.devops.teami.entities.school.Club]". This means that your application will be less efficient than it would if you ran the OpenJPA enhancer.
Apr 19, 2019 3:44:00 PM org.apache.openejb.assembler.classic.Assembler destroyApplication
INFO: Undeploying app: /tmp/arquillian-tomee-app-working-dir/0/c73f137a-4a6c-4eae-9f01-f28725a585cd
[ThreadedStreamConsumer] INFO org.apache.maven.plugin.surefire.SurefirePlugin - Tests run: 1, Failures: 0, Errors: 0, Skipped: 0, Time elapsed: 2.097 s - in fr.unice.polytech.si4.isa.devops.teami.entities.school.BillTest
[ThreadedStreamConsumer] INFO org.apache.maven.plugin.surefire.SurefirePlugin - Running fr.unice.polytech.si4.isa.devops.teami.entities.invitations.StudentInvitationTest
Apr 19, 2019 3:44:00 PM org.apache.openejb.util.JarExtractor extract
INFO: Extracting jar: /tmp/arquillian-tomee-app-working-dir/0/b100c0f5-6b06-4b33-9742-eb7f4d35520f.war
Apr 19, 2019 3:44:00 PM org.apache.openejb.util.JarExtractor extract
INFO: Extracted path: /tmp/arquillian-tomee-app-working-dir/0/b100c0f5-6b06-4b33-9742-eb7f4d35520f
Apr 19, 2019 3:44:00 PM org.apache.tomee.catalina.TomcatWebAppBuilder deployWebApps
INFO: using default host: localhost
Apr 19, 2019 3:44:00 PM org.apache.tomee.catalina.TomcatWebAppBuilder init
INFO: ------------------------- localhost -> /b100c0f5-6b06-4b33-9742-eb7f4d35520f
Apr 19, 2019 3:44:00 PM org.apache.openejb.util.OptionsLog info
INFO: Using 'openejb.session.manager=org.apache.tomee.catalina.session.QuickSessionManager'
Apr 19, 2019 3:44:00 PM org.apache.openejb.config.ConfigurationFactory configureApplication
INFO: Configuring enterprise application: /tmp/arquillian-tomee-app-working-dir/0/b100c0f5-6b06-4b33-9742-eb7f4d35520f
Apr 19, 2019 3:44:00 PM org.apache.openejb.config.AutoConfig deploy
INFO: Configuring PersistenceUnit(name=entities_persistence_unit)
Apr 19, 2019 3:44:00 PM org.apache.openejb.config.AutoConfig setJtaDataSource
INFO: Adjusting PersistenceUnit entities_persistence_unit <jta-data-source> to Resource ID 'Default JDBC Database' from 'PolydiplomaDataSource'
Apr 19, 2019 3:44:00 PM org.apache.openejb.config.AutoConfig setNonJtaDataSource
INFO: Adjusting PersistenceUnit entities_persistence_unit <non-jta-data-source> to Resource ID 'Default Unmanaged JDBC Database' from 'null'
Apr 19, 2019 3:44:00 PM org.apache.openejb.config.ReportValidationResults logResults
WARNING: WARN ... WebModule{moduleId='b100c0f5-6b06-4b33-9742-eb7f4d35520f', contextRoot='b100c0f5-6b06-4b33-9742-eb7f4d35520f'}:	Incorrect location of file file:/tmp/arquillian-tomee-app-working-dir/0/b100c0f5-6b06-4b33-9742-eb7f4d35520f/META-INF/beans.xml The file should be in WEB-INF directory
Apr 19, 2019 3:44:00 PM org.apache.openejb.config.ReportValidationResults logResults
WARNING: 1 warning for WebModule(path=b100c0f5-6b06-4b33-9742-eb7f4d35520f)
Apr 19, 2019 3:44:00 PM org.apache.openejb.config.AppInfoBuilder build
INFO: Enterprise application "/tmp/arquillian-tomee-app-working-dir/0/b100c0f5-6b06-4b33-9742-eb7f4d35520f" loaded.
Apr 19, 2019 3:44:00 PM org.apache.openejb.assembler.classic.Assembler createApplication
INFO: Assembling app: /tmp/arquillian-tomee-app-working-dir/0/b100c0f5-6b06-4b33-9742-eb7f4d35520f
Apr 19, 2019 3:44:00 PM null
INFO: OpenJPA dynamically loaded a validation provider.
Apr 19, 2019 3:44:00 PM org.apache.openejb.assembler.classic.ReloadableEntityManagerFactory createDelegate
INFO: PersistenceUnit(name=entities_persistence_unit, provider=org.apache.openjpa.persistence.PersistenceProviderImpl) - provider time 33ms
Apr 19, 2019 3:44:00 PM org.apache.openejb.assembler.classic.Assembler createApplication
INFO: Deployed Application(path=/tmp/arquillian-tomee-app-working-dir/0/b100c0f5-6b06-4b33-9742-eb7f4d35520f)
Apr 19, 2019 3:44:00 PM org.apache.jasper.servlet.TldScanner scanJars
INFO: At least one JAR was scanned for TLDs yet contained no TLDs. Enable debug logging for this logger for a complete list of JARs that were scanned but no TLDs were found in them. Skipping unneeded JARs during scanning can improve startup time and JSP compilation time.
Apr 19, 2019 3:44:01 PM null
INFO: Starting OpenJPA 2.4.1
Apr 19, 2019 3:44:01 PM null
INFO: Using dictionary class "org.apache.openjpa.jdbc.sql.HSQLDictionary" (HSQL Database Engine 2.3.2 ,HSQL Database Engine Driver 2.3.2).
Apr 19, 2019 3:44:01 PM null
INFO: Connected to HSQL Database Engine version 2.2 using JDBC driver HSQL Database Engine Driver version 2.3.2. 
Apr 19, 2019 3:44:01 PM null
INFO: Creating subclass and redefining methods for "[class fr.unice.polytech.si4.isa.devops.teami.entities.guests.Person, class fr.unice.polytech.si4.isa.devops.teami.entities.invitations.StudentInvitation, class fr.unice.polytech.si4.isa.devops.teami.entities.school.Speciality, class fr.unice.polytech.si4.isa.devops.teami.entities.events.StudentEvent, class fr.unice.polytech.si4.isa.devops.teami.entities.ceremony.Planning, class fr.unice.polytech.si4.isa.devops.teami.entities.guests.Student, class fr.unice.polytech.si4.isa.devops.teami.entities.events.ClubEvent, class fr.unice.polytech.si4.isa.devops.teami.entities.events.VipEvent, class fr.unice.polytech.si4.isa.devops.teami.entities.guests.Attendant, class fr.unice.polytech.si4.isa.devops.teami.entities.school.Bill, class fr.unice.polytech.si4.isa.devops.teami.entities.guests.Vip, class fr.unice.polytech.si4.isa.devops.teami.entities.events.Event, class fr.unice.polytech.si4.isa.devops.teami.entities.ceremony.Ceremony, class fr.unice.polytech.si4.isa.devops.teami.entities.invitations.VIPInvitation, class fr.unice.polytech.si4.isa.devops.teami.entities.school.Club]". This means that your application will be less efficient than it would if you ran the OpenJPA enhancer.
Apr 19, 2019 3:44:02 PM org.apache.openejb.assembler.classic.Assembler destroyApplication
INFO: Undeploying app: /tmp/arquillian-tomee-app-working-dir/0/b100c0f5-6b06-4b33-9742-eb7f4d35520f
[ThreadedStreamConsumer] INFO org.apache.maven.plugin.surefire.SurefirePlugin - Tests run: 1, Failures: 0, Errors: 0, Skipped: 0, Time elapsed: 2.209 s - in fr.unice.polytech.si4.isa.devops.teami.entities.invitations.StudentInvitationTest
[ThreadedStreamConsumer] INFO org.apache.maven.plugin.surefire.SurefirePlugin - Running fr.unice.polytech.si4.isa.devops.teami.entities.invitations.VIPInvitationTest
Apr 19, 2019 3:44:02 PM org.apache.openejb.util.JarExtractor extract
INFO: Extracting jar: /tmp/arquillian-tomee-app-working-dir/0/2fecb523-45e1-4e04-a3bb-8858fa902fd6.war
Apr 19, 2019 3:44:02 PM org.apache.openejb.util.JarExtractor extract
INFO: Extracted path: /tmp/arquillian-tomee-app-working-dir/0/2fecb523-45e1-4e04-a3bb-8858fa902fd6
Apr 19, 2019 3:44:02 PM org.apache.tomee.catalina.TomcatWebAppBuilder deployWebApps
INFO: using default host: localhost
Apr 19, 2019 3:44:02 PM org.apache.tomee.catalina.TomcatWebAppBuilder init
INFO: ------------------------- localhost -> /2fecb523-45e1-4e04-a3bb-8858fa902fd6
Apr 19, 2019 3:44:02 PM org.apache.openejb.util.OptionsLog info
INFO: Using 'openejb.session.manager=org.apache.tomee.catalina.session.QuickSessionManager'
Apr 19, 2019 3:44:02 PM org.apache.openejb.config.ConfigurationFactory configureApplication
INFO: Configuring enterprise application: /tmp/arquillian-tomee-app-working-dir/0/2fecb523-45e1-4e04-a3bb-8858fa902fd6
Apr 19, 2019 3:44:02 PM org.apache.openejb.config.AutoConfig deploy
INFO: Configuring PersistenceUnit(name=entities_persistence_unit)
Apr 19, 2019 3:44:02 PM org.apache.openejb.config.AutoConfig setJtaDataSource
INFO: Adjusting PersistenceUnit entities_persistence_unit <jta-data-source> to Resource ID 'Default JDBC Database' from 'PolydiplomaDataSource'
Apr 19, 2019 3:44:02 PM org.apache.openejb.config.AutoConfig setNonJtaDataSource
INFO: Adjusting PersistenceUnit entities_persistence_unit <non-jta-data-source> to Resource ID 'Default Unmanaged JDBC Database' from 'null'
Apr 19, 2019 3:44:02 PM org.apache.openejb.config.ReportValidationResults logResults
WARNING: WARN ... WebModule{moduleId='2fecb523-45e1-4e04-a3bb-8858fa902fd6', contextRoot='2fecb523-45e1-4e04-a3bb-8858fa902fd6'}:	Incorrect location of file file:/tmp/arquillian-tomee-app-working-dir/0/2fecb523-45e1-4e04-a3bb-8858fa902fd6/META-INF/beans.xml The file should be in WEB-INF directory
Apr 19, 2019 3:44:02 PM org.apache.openejb.config.ReportValidationResults logResults
WARNING: 1 warning for WebModule(path=2fecb523-45e1-4e04-a3bb-8858fa902fd6)
Apr 19, 2019 3:44:02 PM org.apache.openejb.config.AppInfoBuilder build
INFO: Enterprise application "/tmp/arquillian-tomee-app-working-dir/0/2fecb523-45e1-4e04-a3bb-8858fa902fd6" loaded.
Apr 19, 2019 3:44:02 PM org.apache.openejb.assembler.classic.Assembler createApplication
INFO: Assembling app: /tmp/arquillian-tomee-app-working-dir/0/2fecb523-45e1-4e04-a3bb-8858fa902fd6
Apr 19, 2019 3:44:02 PM null
INFO: OpenJPA dynamically loaded a validation provider.
Apr 19, 2019 3:44:03 PM org.apache.openejb.assembler.classic.ReloadableEntityManagerFactory createDelegate
INFO: PersistenceUnit(name=entities_persistence_unit, provider=org.apache.openjpa.persistence.PersistenceProviderImpl) - provider time 73ms
Apr 19, 2019 3:44:03 PM org.apache.openejb.assembler.classic.Assembler createApplication
INFO: Deployed Application(path=/tmp/arquillian-tomee-app-working-dir/0/2fecb523-45e1-4e04-a3bb-8858fa902fd6)
Apr 19, 2019 3:44:03 PM org.apache.jasper.servlet.TldScanner scanJars
INFO: At least one JAR was scanned for TLDs yet contained no TLDs. Enable debug logging for this logger for a complete list of JARs that were scanned but no TLDs were found in them. Skipping unneeded JARs during scanning can improve startup time and JSP compilation time.
Apr 19, 2019 3:44:03 PM null
INFO: Starting OpenJPA 2.4.1
Apr 19, 2019 3:44:03 PM null
INFO: Using dictionary class "org.apache.openjpa.jdbc.sql.HSQLDictionary" (HSQL Database Engine 2.3.2 ,HSQL Database Engine Driver 2.3.2).
Apr 19, 2019 3:44:03 PM null
INFO: Connected to HSQL Database Engine version 2.2 using JDBC driver HSQL Database Engine Driver version 2.3.2. 
Apr 19, 2019 3:44:03 PM null
INFO: Creating subclass and redefining methods for "[class fr.unice.polytech.si4.isa.devops.teami.entities.guests.Person, class fr.unice.polytech.si4.isa.devops.teami.entities.invitations.StudentInvitation, class fr.unice.polytech.si4.isa.devops.teami.entities.school.Speciality, class fr.unice.polytech.si4.isa.devops.teami.entities.events.StudentEvent, class fr.unice.polytech.si4.isa.devops.teami.entities.ceremony.Planning, class fr.unice.polytech.si4.isa.devops.teami.entities.guests.Student, class fr.unice.polytech.si4.isa.devops.teami.entities.events.ClubEvent, class fr.unice.polytech.si4.isa.devops.teami.entities.events.VipEvent, class fr.unice.polytech.si4.isa.devops.teami.entities.guests.Attendant, class fr.unice.polytech.si4.isa.devops.teami.entities.school.Bill, class fr.unice.polytech.si4.isa.devops.teami.entities.guests.Vip, class fr.unice.polytech.si4.isa.devops.teami.entities.events.Event, class fr.unice.polytech.si4.isa.devops.teami.entities.ceremony.Ceremony, class fr.unice.polytech.si4.isa.devops.teami.entities.invitations.VIPInvitation, class fr.unice.polytech.si4.isa.devops.teami.entities.school.Club]". This means that your application will be less efficient than it would if you ran the OpenJPA enhancer.
Apr 19, 2019 3:44:04 PM org.apache.openejb.assembler.classic.Assembler destroyApplication
INFO: Undeploying app: /tmp/arquillian-tomee-app-working-dir/0/2fecb523-45e1-4e04-a3bb-8858fa902fd6
[ThreadedStreamConsumer] INFO org.apache.maven.plugin.surefire.SurefirePlugin - Tests run: 1, Failures: 0, Errors: 0, Skipped: 0, Time elapsed: 2.151 s - in fr.unice.polytech.si4.isa.devops.teami.entities.invitations.VIPInvitationTest
[ThreadedStreamConsumer] INFO org.apache.maven.plugin.surefire.SurefirePlugin - Running fr.unice.polytech.si4.isa.devops.teami.entities.events.StudentEventTest
Apr 19, 2019 3:44:04 PM org.apache.openejb.util.JarExtractor extract
INFO: Extracting jar: /tmp/arquillian-tomee-app-working-dir/0/675478ee-c5ff-4a00-802d-62144e30a8be.war
Apr 19, 2019 3:44:04 PM org.apache.openejb.util.JarExtractor extract
INFO: Extracted path: /tmp/arquillian-tomee-app-working-dir/0/675478ee-c5ff-4a00-802d-62144e30a8be
Apr 19, 2019 3:44:04 PM org.apache.tomee.catalina.TomcatWebAppBuilder deployWebApps
INFO: using default host: localhost
Apr 19, 2019 3:44:04 PM org.apache.tomee.catalina.TomcatWebAppBuilder init
INFO: ------------------------- localhost -> /675478ee-c5ff-4a00-802d-62144e30a8be
Apr 19, 2019 3:44:04 PM org.apache.openejb.util.OptionsLog info
INFO: Using 'openejb.session.manager=org.apache.tomee.catalina.session.QuickSessionManager'
Apr 19, 2019 3:44:04 PM org.apache.openejb.config.ConfigurationFactory configureApplication
INFO: Configuring enterprise application: /tmp/arquillian-tomee-app-working-dir/0/675478ee-c5ff-4a00-802d-62144e30a8be
Apr 19, 2019 3:44:05 PM org.apache.openejb.config.AutoConfig deploy
INFO: Configuring PersistenceUnit(name=entities_persistence_unit)
Apr 19, 2019 3:44:05 PM org.apache.openejb.config.AutoConfig setJtaDataSource
INFO: Adjusting PersistenceUnit entities_persistence_unit <jta-data-source> to Resource ID 'Default JDBC Database' from 'PolydiplomaDataSource'
Apr 19, 2019 3:44:05 PM org.apache.openejb.config.AutoConfig setNonJtaDataSource
INFO: Adjusting PersistenceUnit entities_persistence_unit <non-jta-data-source> to Resource ID 'Default Unmanaged JDBC Database' from 'null'
Apr 19, 2019 3:44:05 PM org.apache.openejb.config.ReportValidationResults logResults
WARNING: WARN ... WebModule{moduleId='675478ee-c5ff-4a00-802d-62144e30a8be', contextRoot='675478ee-c5ff-4a00-802d-62144e30a8be'}:	Incorrect location of file file:/tmp/arquillian-tomee-app-working-dir/0/675478ee-c5ff-4a00-802d-62144e30a8be/META-INF/beans.xml The file should be in WEB-INF directory
Apr 19, 2019 3:44:05 PM org.apache.openejb.config.ReportValidationResults logResults
WARNING: 1 warning for WebModule(path=675478ee-c5ff-4a00-802d-62144e30a8be)
Apr 19, 2019 3:44:05 PM org.apache.openejb.config.AppInfoBuilder build
INFO: Enterprise application "/tmp/arquillian-tomee-app-working-dir/0/675478ee-c5ff-4a00-802d-62144e30a8be" loaded.
Apr 19, 2019 3:44:05 PM org.apache.openejb.assembler.classic.Assembler createApplication
INFO: Assembling app: /tmp/arquillian-tomee-app-working-dir/0/675478ee-c5ff-4a00-802d-62144e30a8be
Apr 19, 2019 3:44:05 PM null
INFO: OpenJPA dynamically loaded a validation provider.
Apr 19, 2019 3:44:05 PM org.apache.openejb.assembler.classic.ReloadableEntityManagerFactory createDelegate
INFO: PersistenceUnit(name=entities_persistence_unit, provider=org.apache.openjpa.persistence.PersistenceProviderImpl) - provider time 43ms
Apr 19, 2019 3:44:05 PM org.apache.openejb.assembler.classic.Assembler createApplication
INFO: Deployed Application(path=/tmp/arquillian-tomee-app-working-dir/0/675478ee-c5ff-4a00-802d-62144e30a8be)
Apr 19, 2019 3:44:05 PM org.apache.jasper.servlet.TldScanner scanJars
INFO: At least one JAR was scanned for TLDs yet contained no TLDs. Enable debug logging for this logger for a complete list of JARs that were scanned but no TLDs were found in them. Skipping unneeded JARs during scanning can improve startup time and JSP compilation time.
Apr 19, 2019 3:44:05 PM null
INFO: Starting OpenJPA 2.4.1
Apr 19, 2019 3:44:05 PM null
INFO: Using dictionary class "org.apache.openjpa.jdbc.sql.HSQLDictionary" (HSQL Database Engine 2.3.2 ,HSQL Database Engine Driver 2.3.2).
Apr 19, 2019 3:44:05 PM null
INFO: Connected to HSQL Database Engine version 2.2 using JDBC driver HSQL Database Engine Driver version 2.3.2. 
Apr 19, 2019 3:44:05 PM null
INFO: Creating subclass and redefining methods for "[class fr.unice.polytech.si4.isa.devops.teami.entities.guests.Person, class fr.unice.polytech.si4.isa.devops.teami.entities.invitations.StudentInvitation, class fr.unice.polytech.si4.isa.devops.teami.entities.school.Speciality, class fr.unice.polytech.si4.isa.devops.teami.entities.events.StudentEvent, class fr.unice.polytech.si4.isa.devops.teami.entities.ceremony.Planning, class fr.unice.polytech.si4.isa.devops.teami.entities.guests.Student, class fr.unice.polytech.si4.isa.devops.teami.entities.events.ClubEvent, class fr.unice.polytech.si4.isa.devops.teami.entities.events.VipEvent, class fr.unice.polytech.si4.isa.devops.teami.entities.guests.Attendant, class fr.unice.polytech.si4.isa.devops.teami.entities.school.Bill, class fr.unice.polytech.si4.isa.devops.teami.entities.guests.Vip, class fr.unice.polytech.si4.isa.devops.teami.entities.events.Event, class fr.unice.polytech.si4.isa.devops.teami.entities.ceremony.Ceremony, class fr.unice.polytech.si4.isa.devops.teami.entities.invitations.VIPInvitation, class fr.unice.polytech.si4.isa.devops.teami.entities.school.Club]". This means that your application will be less efficient than it would if you ran the OpenJPA enhancer.
Apr 19, 2019 3:44:06 PM org.apache.openejb.assembler.classic.Assembler destroyApplication
INFO: Undeploying app: /tmp/arquillian-tomee-app-working-dir/0/675478ee-c5ff-4a00-802d-62144e30a8be
[ThreadedStreamConsumer] INFO org.apache.maven.plugin.surefire.SurefirePlugin - Tests run: 1, Failures: 0, Errors: 0, Skipped: 0, Time elapsed: 2.189 s - in fr.unice.polytech.si4.isa.devops.teami.entities.events.StudentEventTest
[ThreadedStreamConsumer] INFO org.apache.maven.plugin.surefire.SurefirePlugin - Running fr.unice.polytech.si4.isa.devops.teami.entities.events.ClubEventTest
Apr 19, 2019 3:44:07 PM org.apache.openejb.util.JarExtractor extract
INFO: Extracting jar: /tmp/arquillian-tomee-app-working-dir/0/1fb9e483-cca4-483e-a143-23cb4028e4e5.war
Apr 19, 2019 3:44:07 PM org.apache.openejb.util.JarExtractor extract
INFO: Extracted path: /tmp/arquillian-tomee-app-working-dir/0/1fb9e483-cca4-483e-a143-23cb4028e4e5
Apr 19, 2019 3:44:07 PM org.apache.tomee.catalina.TomcatWebAppBuilder deployWebApps
INFO: using default host: localhost
Apr 19, 2019 3:44:07 PM org.apache.tomee.catalina.TomcatWebAppBuilder init
INFO: ------------------------- localhost -> /1fb9e483-cca4-483e-a143-23cb4028e4e5
Apr 19, 2019 3:44:07 PM org.apache.openejb.util.OptionsLog info
INFO: Using 'openejb.session.manager=org.apache.tomee.catalina.session.QuickSessionManager'
Apr 19, 2019 3:44:07 PM org.apache.openejb.config.ConfigurationFactory configureApplication
INFO: Configuring enterprise application: /tmp/arquillian-tomee-app-working-dir/0/1fb9e483-cca4-483e-a143-23cb4028e4e5
Apr 19, 2019 3:44:07 PM org.apache.openejb.config.AutoConfig deploy
INFO: Configuring PersistenceUnit(name=entities_persistence_unit)
Apr 19, 2019 3:44:07 PM org.apache.openejb.config.AutoConfig setJtaDataSource
INFO: Adjusting PersistenceUnit entities_persistence_unit <jta-data-source> to Resource ID 'Default JDBC Database' from 'PolydiplomaDataSource'
Apr 19, 2019 3:44:07 PM org.apache.openejb.config.AutoConfig setNonJtaDataSource
INFO: Adjusting PersistenceUnit entities_persistence_unit <non-jta-data-source> to Resource ID 'Default Unmanaged JDBC Database' from 'null'
Apr 19, 2019 3:44:07 PM org.apache.openejb.config.ReportValidationResults logResults
WARNING: WARN ... WebModule{moduleId='1fb9e483-cca4-483e-a143-23cb4028e4e5', contextRoot='1fb9e483-cca4-483e-a143-23cb4028e4e5'}:	Incorrect location of file file:/tmp/arquillian-tomee-app-working-dir/0/1fb9e483-cca4-483e-a143-23cb4028e4e5/META-INF/beans.xml The file should be in WEB-INF directory
Apr 19, 2019 3:44:07 PM org.apache.openejb.config.ReportValidationResults logResults
WARNING: 1 warning for WebModule(path=1fb9e483-cca4-483e-a143-23cb4028e4e5)
Apr 19, 2019 3:44:07 PM org.apache.openejb.config.AppInfoBuilder build
INFO: Enterprise application "/tmp/arquillian-tomee-app-working-dir/0/1fb9e483-cca4-483e-a143-23cb4028e4e5" loaded.
Apr 19, 2019 3:44:07 PM org.apache.openejb.assembler.classic.Assembler createApplication
INFO: Assembling app: /tmp/arquillian-tomee-app-working-dir/0/1fb9e483-cca4-483e-a143-23cb4028e4e5
Apr 19, 2019 3:44:07 PM null
INFO: OpenJPA dynamically loaded a validation provider.
Apr 19, 2019 3:44:07 PM org.apache.openejb.assembler.classic.ReloadableEntityManagerFactory createDelegate
INFO: PersistenceUnit(name=entities_persistence_unit, provider=org.apache.openjpa.persistence.PersistenceProviderImpl) - provider time 41ms
Apr 19, 2019 3:44:07 PM org.apache.openejb.assembler.classic.Assembler createApplication
INFO: Deployed Application(path=/tmp/arquillian-tomee-app-working-dir/0/1fb9e483-cca4-483e-a143-23cb4028e4e5)
Apr 19, 2019 3:44:07 PM org.apache.jasper.servlet.TldScanner scanJars
INFO: At least one JAR was scanned for TLDs yet contained no TLDs. Enable debug logging for this logger for a complete list of JARs that were scanned but no TLDs were found in them. Skipping unneeded JARs during scanning can improve startup time and JSP compilation time.
Apr 19, 2019 3:44:07 PM null
INFO: Starting OpenJPA 2.4.1
Apr 19, 2019 3:44:07 PM null
INFO: Using dictionary class "org.apache.openjpa.jdbc.sql.HSQLDictionary" (HSQL Database Engine 2.3.2 ,HSQL Database Engine Driver 2.3.2).
Apr 19, 2019 3:44:07 PM null
INFO: Connected to HSQL Database Engine version 2.2 using JDBC driver HSQL Database Engine Driver version 2.3.2. 
Apr 19, 2019 3:44:07 PM null
INFO: Creating subclass and redefining methods for "[class fr.unice.polytech.si4.isa.devops.teami.entities.guests.Person, class fr.unice.polytech.si4.isa.devops.teami.entities.invitations.StudentInvitation, class fr.unice.polytech.si4.isa.devops.teami.entities.school.Speciality, class fr.unice.polytech.si4.isa.devops.teami.entities.events.StudentEvent, class fr.unice.polytech.si4.isa.devops.teami.entities.ceremony.Planning, class fr.unice.polytech.si4.isa.devops.teami.entities.guests.Student, class fr.unice.polytech.si4.isa.devops.teami.entities.events.ClubEvent, class fr.unice.polytech.si4.isa.devops.teami.entities.events.VipEvent, class fr.unice.polytech.si4.isa.devops.teami.entities.guests.Attendant, class fr.unice.polytech.si4.isa.devops.teami.entities.school.Bill, class fr.unice.polytech.si4.isa.devops.teami.entities.guests.Vip, class fr.unice.polytech.si4.isa.devops.teami.entities.events.Event, class fr.unice.polytech.si4.isa.devops.teami.entities.ceremony.Ceremony, class fr.unice.polytech.si4.isa.devops.teami.entities.invitations.VIPInvitation, class fr.unice.polytech.si4.isa.devops.teami.entities.school.Club]". This means that your application will be less efficient than it would if you ran the OpenJPA enhancer.
Apr 19, 2019 3:44:09 PM org.apache.openejb.assembler.classic.Assembler destroyApplication
INFO: Undeploying app: /tmp/arquillian-tomee-app-working-dir/0/1fb9e483-cca4-483e-a143-23cb4028e4e5
[ThreadedStreamConsumer] INFO org.apache.maven.plugin.surefire.SurefirePlugin - Tests run: 1, Failures: 0, Errors: 0, Skipped: 0, Time elapsed: 2.286 s - in fr.unice.polytech.si4.isa.devops.teami.entities.events.ClubEventTest
[ThreadedStreamConsumer] INFO org.apache.maven.plugin.surefire.SurefirePlugin - Running fr.unice.polytech.si4.isa.devops.teami.entities.events.VIPEventTest
Apr 19, 2019 3:44:09 PM org.apache.openejb.util.JarExtractor extract
INFO: Extracting jar: /tmp/arquillian-tomee-app-working-dir/0/bd063ee8-0839-4169-9094-7c118f121c93.war
Apr 19, 2019 3:44:09 PM org.apache.openejb.util.JarExtractor extract
INFO: Extracted path: /tmp/arquillian-tomee-app-working-dir/0/bd063ee8-0839-4169-9094-7c118f121c93
Apr 19, 2019 3:44:09 PM org.apache.tomee.catalina.TomcatWebAppBuilder deployWebApps
INFO: using default host: localhost
Apr 19, 2019 3:44:09 PM org.apache.tomee.catalina.TomcatWebAppBuilder init
INFO: ------------------------- localhost -> /bd063ee8-0839-4169-9094-7c118f121c93
Apr 19, 2019 3:44:09 PM org.apache.openejb.util.OptionsLog info
INFO: Using 'openejb.session.manager=org.apache.tomee.catalina.session.QuickSessionManager'
Apr 19, 2019 3:44:09 PM org.apache.openejb.config.ConfigurationFactory configureApplication
INFO: Configuring enterprise application: /tmp/arquillian-tomee-app-working-dir/0/bd063ee8-0839-4169-9094-7c118f121c93
Apr 19, 2019 3:44:09 PM org.apache.openejb.config.AutoConfig deploy
INFO: Configuring PersistenceUnit(name=entities_persistence_unit)
Apr 19, 2019 3:44:09 PM org.apache.openejb.config.AutoConfig setJtaDataSource
INFO: Adjusting PersistenceUnit entities_persistence_unit <jta-data-source> to Resource ID 'Default JDBC Database' from 'PolydiplomaDataSource'
Apr 19, 2019 3:44:09 PM org.apache.openejb.config.AutoConfig setNonJtaDataSource
INFO: Adjusting PersistenceUnit entities_persistence_unit <non-jta-data-source> to Resource ID 'Default Unmanaged JDBC Database' from 'null'
Apr 19, 2019 3:44:09 PM org.apache.openejb.config.ReportValidationResults logResults
WARNING: WARN ... WebModule{moduleId='bd063ee8-0839-4169-9094-7c118f121c93', contextRoot='bd063ee8-0839-4169-9094-7c118f121c93'}:	Incorrect location of file file:/tmp/arquillian-tomee-app-working-dir/0/bd063ee8-0839-4169-9094-7c118f121c93/META-INF/beans.xml The file should be in WEB-INF directory
Apr 19, 2019 3:44:09 PM org.apache.openejb.config.ReportValidationResults logResults
WARNING: 1 warning for WebModule(path=bd063ee8-0839-4169-9094-7c118f121c93)
Apr 19, 2019 3:44:09 PM org.apache.openejb.config.AppInfoBuilder build
INFO: Enterprise application "/tmp/arquillian-tomee-app-working-dir/0/bd063ee8-0839-4169-9094-7c118f121c93" loaded.
Apr 19, 2019 3:44:09 PM org.apache.openejb.assembler.classic.Assembler createApplication
INFO: Assembling app: /tmp/arquillian-tomee-app-working-dir/0/bd063ee8-0839-4169-9094-7c118f121c93
Apr 19, 2019 3:44:09 PM null
INFO: OpenJPA dynamically loaded a validation provider.
Apr 19, 2019 3:44:09 PM org.apache.openejb.assembler.classic.ReloadableEntityManagerFactory createDelegate
INFO: PersistenceUnit(name=entities_persistence_unit, provider=org.apache.openjpa.persistence.PersistenceProviderImpl) - provider time 40ms
Apr 19, 2019 3:44:09 PM org.apache.openejb.assembler.classic.Assembler createApplication
INFO: Deployed Application(path=/tmp/arquillian-tomee-app-working-dir/0/bd063ee8-0839-4169-9094-7c118f121c93)
Apr 19, 2019 3:44:09 PM org.apache.jasper.servlet.TldScanner scanJars
INFO: At least one JAR was scanned for TLDs yet contained no TLDs. Enable debug logging for this logger for a complete list of JARs that were scanned but no TLDs were found in them. Skipping unneeded JARs during scanning can improve startup time and JSP compilation time.
Apr 19, 2019 3:44:10 PM null
INFO: Starting OpenJPA 2.4.1
Apr 19, 2019 3:44:10 PM null
INFO: Using dictionary class "org.apache.openjpa.jdbc.sql.HSQLDictionary" (HSQL Database Engine 2.3.2 ,HSQL Database Engine Driver 2.3.2).
Apr 19, 2019 3:44:10 PM null
INFO: Connected to HSQL Database Engine version 2.2 using JDBC driver HSQL Database Engine Driver version 2.3.2. 
Apr 19, 2019 3:44:10 PM null
INFO: Creating subclass and redefining methods for "[class fr.unice.polytech.si4.isa.devops.teami.entities.guests.Person, class fr.unice.polytech.si4.isa.devops.teami.entities.invitations.StudentInvitation, class fr.unice.polytech.si4.isa.devops.teami.entities.school.Speciality, class fr.unice.polytech.si4.isa.devops.teami.entities.events.StudentEvent, class fr.unice.polytech.si4.isa.devops.teami.entities.ceremony.Planning, class fr.unice.polytech.si4.isa.devops.teami.entities.guests.Student, class fr.unice.polytech.si4.isa.devops.teami.entities.events.ClubEvent, class fr.unice.polytech.si4.isa.devops.teami.entities.events.VipEvent, class fr.unice.polytech.si4.isa.devops.teami.entities.guests.Attendant, class fr.unice.polytech.si4.isa.devops.teami.entities.school.Bill, class fr.unice.polytech.si4.isa.devops.teami.entities.guests.Vip, class fr.unice.polytech.si4.isa.devops.teami.entities.events.Event, class fr.unice.polytech.si4.isa.devops.teami.entities.ceremony.Ceremony, class fr.unice.polytech.si4.isa.devops.teami.entities.invitations.VIPInvitation, class fr.unice.polytech.si4.isa.devops.teami.entities.school.Club]". This means that your application will be less efficient than it would if you ran the OpenJPA enhancer.
Apr 19, 2019 3:44:11 PM org.apache.openejb.assembler.classic.Assembler destroyApplication
INFO: Undeploying app: /tmp/arquillian-tomee-app-working-dir/0/bd063ee8-0839-4169-9094-7c118f121c93
[ThreadedStreamConsumer] INFO org.apache.maven.plugin.surefire.SurefirePlugin - Tests run: 1, Failures: 0, Errors: 0, Skipped: 0, Time elapsed: 2.057 s - in fr.unice.polytech.si4.isa.devops.teami.entities.events.VIPEventTest
[ThreadedStreamConsumer] INFO org.apache.maven.plugin.surefire.SurefirePlugin - Running fr.unice.polytech.si4.isa.devops.teami.entities.ceremony.CeremonyTest
Apr 19, 2019 3:44:11 PM org.apache.openejb.util.JarExtractor extract
INFO: Extracting jar: /tmp/arquillian-tomee-app-working-dir/0/22d39c5d-748c-4d64-84a5-98740359fb12.war
Apr 19, 2019 3:44:11 PM org.apache.openejb.util.JarExtractor extract
INFO: Extracted path: /tmp/arquillian-tomee-app-working-dir/0/22d39c5d-748c-4d64-84a5-98740359fb12
Apr 19, 2019 3:44:11 PM org.apache.tomee.catalina.TomcatWebAppBuilder deployWebApps
INFO: using default host: localhost
Apr 19, 2019 3:44:11 PM org.apache.tomee.catalina.TomcatWebAppBuilder init
INFO: ------------------------- localhost -> /22d39c5d-748c-4d64-84a5-98740359fb12
Apr 19, 2019 3:44:11 PM org.apache.openejb.util.OptionsLog info
INFO: Using 'openejb.session.manager=org.apache.tomee.catalina.session.QuickSessionManager'
Apr 19, 2019 3:44:11 PM org.apache.openejb.config.ConfigurationFactory configureApplication
INFO: Configuring enterprise application: /tmp/arquillian-tomee-app-working-dir/0/22d39c5d-748c-4d64-84a5-98740359fb12
Apr 19, 2019 3:44:11 PM org.apache.openejb.config.AutoConfig deploy
INFO: Configuring PersistenceUnit(name=entities_persistence_unit)
Apr 19, 2019 3:44:11 PM org.apache.openejb.config.AutoConfig setJtaDataSource
INFO: Adjusting PersistenceUnit entities_persistence_unit <jta-data-source> to Resource ID 'Default JDBC Database' from 'PolydiplomaDataSource'
Apr 19, 2019 3:44:11 PM org.apache.openejb.config.AutoConfig setNonJtaDataSource
INFO: Adjusting PersistenceUnit entities_persistence_unit <non-jta-data-source> to Resource ID 'Default Unmanaged JDBC Database' from 'null'
Apr 19, 2019 3:44:11 PM org.apache.openejb.config.ReportValidationResults logResults
WARNING: WARN ... WebModule{moduleId='22d39c5d-748c-4d64-84a5-98740359fb12', contextRoot='22d39c5d-748c-4d64-84a5-98740359fb12'}:	Incorrect location of file file:/tmp/arquillian-tomee-app-working-dir/0/22d39c5d-748c-4d64-84a5-98740359fb12/META-INF/beans.xml The file should be in WEB-INF directory
Apr 19, 2019 3:44:11 PM org.apache.openejb.config.ReportValidationResults logResults
WARNING: 1 warning for WebModule(path=22d39c5d-748c-4d64-84a5-98740359fb12)
Apr 19, 2019 3:44:11 PM org.apache.openejb.config.AppInfoBuilder build
INFO: Enterprise application "/tmp/arquillian-tomee-app-working-dir/0/22d39c5d-748c-4d64-84a5-98740359fb12" loaded.
Apr 19, 2019 3:44:11 PM org.apache.openejb.assembler.classic.Assembler createApplication
INFO: Assembling app: /tmp/arquillian-tomee-app-working-dir/0/22d39c5d-748c-4d64-84a5-98740359fb12
Apr 19, 2019 3:44:11 PM null
INFO: OpenJPA dynamically loaded a validation provider.
Apr 19, 2019 3:44:11 PM org.apache.openejb.assembler.classic.ReloadableEntityManagerFactory createDelegate
INFO: PersistenceUnit(name=entities_persistence_unit, provider=org.apache.openjpa.persistence.PersistenceProviderImpl) - provider time 48ms
Apr 19, 2019 3:44:11 PM org.apache.openejb.assembler.classic.Assembler createApplication
INFO: Deployed Application(path=/tmp/arquillian-tomee-app-working-dir/0/22d39c5d-748c-4d64-84a5-98740359fb12)
Apr 19, 2019 3:44:11 PM org.apache.jasper.servlet.TldScanner scanJars
INFO: At least one JAR was scanned for TLDs yet contained no TLDs. Enable debug logging for this logger for a complete list of JARs that were scanned but no TLDs were found in them. Skipping unneeded JARs during scanning can improve startup time and JSP compilation time.
Apr 19, 2019 3:44:12 PM null
INFO: Starting OpenJPA 2.4.1
Apr 19, 2019 3:44:12 PM null
INFO: Using dictionary class "org.apache.openjpa.jdbc.sql.HSQLDictionary" (HSQL Database Engine 2.3.2 ,HSQL Database Engine Driver 2.3.2).
Apr 19, 2019 3:44:12 PM null
INFO: Connected to HSQL Database Engine version 2.2 using JDBC driver HSQL Database Engine Driver version 2.3.2. 
Apr 19, 2019 3:44:12 PM null
INFO: Creating subclass and redefining methods for "[class fr.unice.polytech.si4.isa.devops.teami.entities.guests.Person, class fr.unice.polytech.si4.isa.devops.teami.entities.invitations.StudentInvitation, class fr.unice.polytech.si4.isa.devops.teami.entities.school.Speciality, class fr.unice.polytech.si4.isa.devops.teami.entities.events.StudentEvent, class fr.unice.polytech.si4.isa.devops.teami.entities.ceremony.Planning, class fr.unice.polytech.si4.isa.devops.teami.entities.guests.Student, class fr.unice.polytech.si4.isa.devops.teami.entities.events.ClubEvent, class fr.unice.polytech.si4.isa.devops.teami.entities.events.VipEvent, class fr.unice.polytech.si4.isa.devops.teami.entities.guests.Attendant, class fr.unice.polytech.si4.isa.devops.teami.entities.school.Bill, class fr.unice.polytech.si4.isa.devops.teami.entities.guests.Vip, class fr.unice.polytech.si4.isa.devops.teami.entities.events.Event, class fr.unice.polytech.si4.isa.devops.teami.entities.ceremony.Ceremony, class fr.unice.polytech.si4.isa.devops.teami.entities.invitations.VIPInvitation, class fr.unice.polytech.si4.isa.devops.teami.entities.school.Club]". This means that your application will be less efficient than it would if you ran the OpenJPA enhancer.
Apr 19, 2019 3:44:13 PM org.apache.openejb.assembler.classic.Assembler destroyApplication
INFO: Undeploying app: /tmp/arquillian-tomee-app-working-dir/0/22d39c5d-748c-4d64-84a5-98740359fb12
[ThreadedStreamConsumer] INFO org.apache.maven.plugin.surefire.SurefirePlugin - Tests run: 1, Failures: 0, Errors: 0, Skipped: 0, Time elapsed: 2.18 s - in fr.unice.polytech.si4.isa.devops.teami.entities.ceremony.CeremonyTest
[ThreadedStreamConsumer] INFO org.apache.maven.plugin.surefire.SurefirePlugin - Running fr.unice.polytech.si4.isa.devops.teami.entities.ceremony.PlanningTest
Apr 19, 2019 3:44:13 PM org.apache.openejb.util.JarExtractor extract
INFO: Extracting jar: /tmp/arquillian-tomee-app-working-dir/0/39daded5-e952-490d-93b3-ff99ded2bce1.war
Apr 19, 2019 3:44:13 PM org.apache.openejb.util.JarExtractor extract
INFO: Extracted path: /tmp/arquillian-tomee-app-working-dir/0/39daded5-e952-490d-93b3-ff99ded2bce1
Apr 19, 2019 3:44:13 PM org.apache.tomee.catalina.TomcatWebAppBuilder deployWebApps
INFO: using default host: localhost
Apr 19, 2019 3:44:13 PM org.apache.tomee.catalina.TomcatWebAppBuilder init
INFO: ------------------------- localhost -> /39daded5-e952-490d-93b3-ff99ded2bce1
Apr 19, 2019 3:44:13 PM org.apache.openejb.util.OptionsLog info
INFO: Using 'openejb.session.manager=org.apache.tomee.catalina.session.QuickSessionManager'
Apr 19, 2019 3:44:13 PM org.apache.openejb.config.ConfigurationFactory configureApplication
INFO: Configuring enterprise application: /tmp/arquillian-tomee-app-working-dir/0/39daded5-e952-490d-93b3-ff99ded2bce1
Apr 19, 2019 3:44:13 PM org.apache.openejb.config.AutoConfig deploy
INFO: Configuring PersistenceUnit(name=entities_persistence_unit)
Apr 19, 2019 3:44:13 PM org.apache.openejb.config.AutoConfig setJtaDataSource
INFO: Adjusting PersistenceUnit entities_persistence_unit <jta-data-source> to Resource ID 'Default JDBC Database' from 'PolydiplomaDataSource'
Apr 19, 2019 3:44:13 PM org.apache.openejb.config.AutoConfig setNonJtaDataSource
INFO: Adjusting PersistenceUnit entities_persistence_unit <non-jta-data-source> to Resource ID 'Default Unmanaged JDBC Database' from 'null'
Apr 19, 2019 3:44:13 PM org.apache.openejb.config.ReportValidationResults logResults
WARNING: WARN ... WebModule{moduleId='39daded5-e952-490d-93b3-ff99ded2bce1', contextRoot='39daded5-e952-490d-93b3-ff99ded2bce1'}:	Incorrect location of file file:/tmp/arquillian-tomee-app-working-dir/0/39daded5-e952-490d-93b3-ff99ded2bce1/META-INF/beans.xml The file should be in WEB-INF directory
Apr 19, 2019 3:44:13 PM org.apache.openejb.config.ReportValidationResults logResults
WARNING: 1 warning for WebModule(path=39daded5-e952-490d-93b3-ff99ded2bce1)
Apr 19, 2019 3:44:13 PM org.apache.openejb.config.AppInfoBuilder build
INFO: Enterprise application "/tmp/arquillian-tomee-app-working-dir/0/39daded5-e952-490d-93b3-ff99ded2bce1" loaded.
Apr 19, 2019 3:44:13 PM org.apache.openejb.assembler.classic.Assembler createApplication
INFO: Assembling app: /tmp/arquillian-tomee-app-working-dir/0/39daded5-e952-490d-93b3-ff99ded2bce1
Apr 19, 2019 3:44:13 PM null
INFO: OpenJPA dynamically loaded a validation provider.
Apr 19, 2019 3:44:13 PM org.apache.openejb.assembler.classic.ReloadableEntityManagerFactory createDelegate
INFO: PersistenceUnit(name=entities_persistence_unit, provider=org.apache.openjpa.persistence.PersistenceProviderImpl) - provider time 39ms
Apr 19, 2019 3:44:13 PM org.apache.openejb.assembler.classic.Assembler createApplication
INFO: Deployed Application(path=/tmp/arquillian-tomee-app-working-dir/0/39daded5-e952-490d-93b3-ff99ded2bce1)
Apr 19, 2019 3:44:14 PM org.apache.jasper.servlet.TldScanner scanJars
INFO: At least one JAR was scanned for TLDs yet contained no TLDs. Enable debug logging for this logger for a complete list of JARs that were scanned but no TLDs were found in them. Skipping unneeded JARs during scanning can improve startup time and JSP compilation time.
Apr 19, 2019 3:44:14 PM null
INFO: Starting OpenJPA 2.4.1
Apr 19, 2019 3:44:14 PM null
INFO: Using dictionary class "org.apache.openjpa.jdbc.sql.HSQLDictionary" (HSQL Database Engine 2.3.2 ,HSQL Database Engine Driver 2.3.2).
Apr 19, 2019 3:44:14 PM null
INFO: Connected to HSQL Database Engine version 2.2 using JDBC driver HSQL Database Engine Driver version 2.3.2. 
Apr 19, 2019 3:44:14 PM null
INFO: Creating subclass and redefining methods for "[class fr.unice.polytech.si4.isa.devops.teami.entities.guests.Person, class fr.unice.polytech.si4.isa.devops.teami.entities.invitations.StudentInvitation, class fr.unice.polytech.si4.isa.devops.teami.entities.school.Speciality, class fr.unice.polytech.si4.isa.devops.teami.entities.events.StudentEvent, class fr.unice.polytech.si4.isa.devops.teami.entities.ceremony.Planning, class fr.unice.polytech.si4.isa.devops.teami.entities.guests.Student, class fr.unice.polytech.si4.isa.devops.teami.entities.events.ClubEvent, class fr.unice.polytech.si4.isa.devops.teami.entities.events.VipEvent, class fr.unice.polytech.si4.isa.devops.teami.entities.guests.Attendant, class fr.unice.polytech.si4.isa.devops.teami.entities.school.Bill, class fr.unice.polytech.si4.isa.devops.teami.entities.guests.Vip, class fr.unice.polytech.si4.isa.devops.teami.entities.events.Event, class fr.unice.polytech.si4.isa.devops.teami.entities.ceremony.Ceremony, class fr.unice.polytech.si4.isa.devops.teami.entities.invitations.VIPInvitation, class fr.unice.polytech.si4.isa.devops.teami.entities.school.Club]". This means that your application will be less efficient than it would if you ran the OpenJPA enhancer.
Apr 19, 2019 3:44:15 PM org.apache.openejb.assembler.classic.Assembler destroyApplication
INFO: Undeploying app: /tmp/arquillian-tomee-app-working-dir/0/39daded5-e952-490d-93b3-ff99ded2bce1
[ThreadedStreamConsumer] INFO org.apache.maven.plugin.surefire.SurefirePlugin - Tests run: 1, Failures: 0, Errors: 0, Skipped: 0, Time elapsed: 2.162 s - in fr.unice.polytech.si4.isa.devops.teami.entities.ceremony.PlanningTest
Apr 19, 2019 3:44:15 PM org.apache.coyote.AbstractProtocol stop
INFO: Stopping ProtocolHandler ["http-nio-8080"]
Apr 19, 2019 3:44:15 PM org.apache.coyote.AbstractProtocol pause
INFO: Pausing ProtocolHandler ["http-nio-8080"]
Apr 19, 2019 3:44:15 PM org.apache.catalina.core.StandardService stopInternal
INFO: Stopping service Tomcat
Apr 19, 2019 3:44:15 PM org.apache.openejb.assembler.classic.Assembler doResourceDestruction
INFO: Closing DataSource: Default JDBC Database
Apr 19, 2019 3:44:15 PM org.apache.openejb.assembler.classic.Assembler doResourceDestruction
INFO: Closing DataSource: Default Unmanaged JDBC Database
Apr 19, 2019 3:44:15 PM org.apache.coyote.AbstractProtocol destroy
INFO: Destroying ProtocolHandler ["http-nio-8080"]
[main] INFO org.apache.maven.plugin.surefire.SurefirePlugin - 
[main] INFO org.apache.maven.plugin.surefire.SurefirePlugin - Results:
[main] INFO org.apache.maven.plugin.surefire.SurefirePlugin - 
[main] INFO org.apache.maven.plugin.surefire.SurefirePlugin - Tests run: 13, Failures: 0, Errors: 0, Skipped: 0
[main] INFO org.apache.maven.plugin.surefire.SurefirePlugin - 
[main] INFO org.apache.maven.cli.event.ExecutionEventLogger - 
[main] INFO org.apache.maven.cli.event.ExecutionEventLogger - --- maven-jar-plugin:3.0.2:jar (default-jar) @ teami-polydiploma-entities ---
[main] INFO org.codehaus.plexus.archiver.jar.JarArchiver - Building jar: /var/jenkins_home/workspace/teami-polydiploma-entities/target/teami-polydiploma-entities-1.3.jar
[main] INFO org.apache.maven.cli.event.ExecutionEventLogger - 
[main] INFO org.apache.maven.cli.event.ExecutionEventLogger - --- maven-install-plugin:2.5.2:install (default-install) @ teami-polydiploma-entities ---
[main] INFO org.codehaus.plexus.PlexusContainer - Installing /var/jenkins_home/workspace/teami-polydiploma-entities/target/teami-polydiploma-entities-1.3.jar to /var/jenkins_home/workspace/teami-polydiploma-entities/?/.m2/repository/fr/unice/polytech/si4/isa/devops/teami/teami-polydiploma-entities/1.3/teami-polydiploma-entities-1.3.jar
[main] INFO org.codehaus.plexus.PlexusContainer - Installing /var/jenkins_home/workspace/teami-polydiploma-entities/pom.xml to /var/jenkins_home/workspace/teami-polydiploma-entities/?/.m2/repository/fr/unice/polytech/si4/isa/devops/teami/teami-polydiploma-entities/1.3/teami-polydiploma-entities-1.3.pom
[main] INFO org.apache.maven.cli.event.ExecutionEventLogger - 
[main] INFO org.apache.maven.cli.event.ExecutionEventLogger - --- maven-resources-plugin:3.0.2:resources (default-resources) @ teami-polydiploma-entities ---
[main] INFO org.apache.maven.shared.filtering.DefaultMavenResourcesFiltering - Using 'UTF-8' encoding to copy filtered resources.
[main] INFO org.apache.maven.shared.filtering.DefaultMavenResourcesFiltering - skip non existing resourceDirectory /var/jenkins_home/workspace/teami-polydiploma-entities/src/main/resources
[main] INFO org.apache.maven.cli.event.ExecutionEventLogger - 
[main] INFO org.apache.maven.cli.event.ExecutionEventLogger - --- maven-compiler-plugin:3.8.0:compile (default-compile) @ teami-polydiploma-entities ---
[main] INFO org.apache.maven.plugin.compiler.CompilerMojo - Nothing to compile - all classes are up to date
[main] INFO org.apache.maven.cli.event.ExecutionEventLogger - 
[main] INFO org.apache.maven.cli.event.ExecutionEventLogger - --- maven-resources-plugin:3.0.2:testResources (default-testResources) @ teami-polydiploma-entities ---
[main] INFO org.apache.maven.shared.filtering.DefaultMavenResourcesFiltering - Using 'UTF-8' encoding to copy filtered resources.
[main] INFO org.apache.maven.shared.filtering.DefaultMavenResourcesFiltering - Copying 2 resources
[main] INFO org.apache.maven.cli.event.ExecutionEventLogger - 
[main] INFO org.apache.maven.cli.event.ExecutionEventLogger - --- maven-compiler-plugin:3.8.0:testCompile (default-testCompile) @ teami-polydiploma-entities ---
[main] INFO org.apache.maven.plugin.compiler.TestCompilerMojo - Nothing to compile - all classes are up to date
[main] INFO org.apache.maven.cli.event.ExecutionEventLogger - 
[main] INFO org.apache.maven.cli.event.ExecutionEventLogger - --- maven-surefire-plugin:2.22.1:test (default-test) @ teami-polydiploma-entities ---
[main] INFO org.apache.maven.plugin.surefire.SurefirePlugin - Skipping execution of surefire because it has already been run for this configuration
[main] INFO org.apache.maven.cli.event.ExecutionEventLogger - 
[main] INFO org.apache.maven.cli.event.ExecutionEventLogger - --- maven-jar-plugin:3.0.2:jar (default-jar) @ teami-polydiploma-entities ---
[main] INFO org.apache.maven.cli.event.ExecutionEventLogger - 
[main] INFO org.apache.maven.cli.event.ExecutionEventLogger - --- maven-install-plugin:2.5.2:install (default-install) @ teami-polydiploma-entities ---
[main] INFO org.codehaus.plexus.PlexusContainer - Installing /var/jenkins_home/workspace/teami-polydiploma-entities/target/teami-polydiploma-entities-1.3.jar to /var/jenkins_home/workspace/teami-polydiploma-entities/?/.m2/repository/fr/unice/polytech/si4/isa/devops/teami/teami-polydiploma-entities/1.3/teami-polydiploma-entities-1.3.jar
[main] INFO org.codehaus.plexus.PlexusContainer - Installing /var/jenkins_home/workspace/teami-polydiploma-entities/pom.xml to /var/jenkins_home/workspace/teami-polydiploma-entities/?/.m2/repository/fr/unice/polytech/si4/isa/devops/teami/teami-polydiploma-entities/1.3/teami-polydiploma-entities-1.3.pom
[main] INFO org.apache.maven.cli.event.ExecutionEventLogger - 
[main] INFO org.apache.maven.cli.event.ExecutionEventLogger - --- maven-deploy-plugin:2.8.2:deploy (default-deploy) @ teami-polydiploma-entities ---
Uploading to teami: http://vps663090.ovh.net:8081/artifactory/libs-release/fr/unice/polytech/si4/isa/devops/teami/teami-polydiploma-entities/1.3/teami-polydiploma-entities-1.3.jar
Progress (1): 2.0/26 kBProgress (1): 4.1/26 kBProgress (1): 6.1/26 kBProgress (1): 8.2/26 kBProgress (1): 10/26 kB Progress (1): 12/26 kBProgress (1): 14/26 kBProgress (1): 16/26 kBProgress (1): 18/26 kBProgress (1): 20/26 kBProgress (1): 23/26 kBProgress (1): 25/26 kBProgress (1): 26 kB                      Uploaded to teami: http://vps663090.ovh.net:8081/artifactory/libs-release/fr/unice/polytech/si4/isa/devops/teami/teami-polydiploma-entities/1.3/teami-polydiploma-entities-1.3.jar (26 kB at 37 kB/s)
Uploading to teami: http://vps663090.ovh.net:8081/artifactory/libs-release/fr/unice/polytech/si4/isa/devops/teami/teami-polydiploma-entities/1.3/teami-polydiploma-entities-1.3.pom
Progress (1): 2.0/7.5 kBProgress (1): 4.1/7.5 kBProgress (1): 6.1/7.5 kBProgress (1): 7.5 kB                        Uploaded to teami: http://vps663090.ovh.net:8081/artifactory/libs-release/fr/unice/polytech/si4/isa/devops/teami/teami-polydiploma-entities/1.3/teami-polydiploma-entities-1.3.pom (7.5 kB at 79 kB/s)
Downloading from teami: http://vps663090.ovh.net:8081/artifactory/libs-release/fr/unice/polytech/si4/isa/devops/teami/teami-polydiploma-entities/maven-metadata.xml
Progress (1): 394 B                   [WARNING] Checksum validation failed, expected 80d9b769abeb70315de63414aecb19da1ea8b649 but is d65c1eb3414d1ade43fd11f57123e09ad3bbeddc from teami for http://vps663090.ovh.net:8081/artifactory/libs-release/fr/unice/polytech/si4/isa/devops/teami/teami-polydiploma-entities/maven-metadata.xml
Progress (1): 440 B                   Downloaded from teami: http://vps663090.ovh.net:8081/artifactory/libs-release/fr/unice/polytech/si4/isa/devops/teami/teami-polydiploma-entities/maven-metadata.xml (440 B at 861 B/s)
Uploading to teami: http://vps663090.ovh.net:8081/artifactory/libs-release/fr/unice/polytech/si4/isa/devops/teami/teami-polydiploma-entities/maven-metadata.xml
Progress (1): 394 B                   Uploaded to teami: http://vps663090.ovh.net:8081/artifactory/libs-release/fr/unice/polytech/si4/isa/devops/teami/teami-polydiploma-entities/maven-metadata.xml (394 B at 5.4 kB/s)
[main] INFO org.jfrog.build.extractor.maven.BuildDeploymentHelper - Artifactory Build Info Recorder: Saving Build Info to '/var/jenkins_home/workspace/teami-polydiploma-entities/target/build-info.json'
[main] INFO org.jfrog.build.extractor.maven.BuildDeploymentHelper - Artifactory Build Info Recorder: deploy artifacts set to false, artifacts will not be deployed...
[main] INFO org.jfrog.build.extractor.maven.BuildDeploymentHelper - Artifactory Build Info Recorder: Deploying build info ...
[main] INFO org.jfrog.build.extractor.maven.BuildInfoClientBuilder - Deploying build descriptor to: http://vps663090.ovh.net:8081/artifactory/api/build
[main] INFO org.jfrog.build.extractor.maven.BuildInfoClientBuilder - Build successfully deployed. Browse it in Artifactory under http://vps663090.ovh.net:8081/artifactory/webapp/builds/teami-polydiploma-entities/19
[main] INFO org.apache.maven.cli.event.ExecutionEventLogger - ------------------------------------------------------------------------
[main] INFO org.apache.maven.cli.event.ExecutionEventLogger - BUILD SUCCESS
[main] INFO org.apache.maven.cli.event.ExecutionEventLogger - ------------------------------------------------------------------------
[main] INFO org.apache.maven.cli.event.ExecutionEventLogger - Total time:  02:18 min
[main] INFO org.apache.maven.cli.event.ExecutionEventLogger - Finished at: 2019-04-19T15:44:25Z
[main] INFO org.apache.maven.cli.event.ExecutionEventLogger - ------------------------------------------------------------------------
Finished: SUCCESS
