Started by user [8mha:////4MygrPD6YFAvMi/E/S4M6nr1Fda8lIFAXCIKZCZoqYWgAAAAlx+LCAAAAAAAAP9b85aBtbiIQTGjNKU4P08vOT+vOD8nVc83PyU1x6OyILUoJzMv2y+/JJUBAhiZGBgqihhk0NSjKDWzXb3RdlLBUSYGJk8GtpzUvPSSDB8G5tKinBIGIZ+sxLJE/ZzEvHT94JKizLx0a6BxUmjGOUNodHsLgAzWEgZu/dLi1CL9xJTczDwAj6GcLcAAAAA=[0madmin
Building in workspace /var/jenkins_home/workspace/teami-guest-manager
using credential 97fbda0c-87a0-475d-b85b-e27c7e4a8d2a
 > git rev-parse --is-inside-work-tree # timeout=10
Fetching changes from the remote Git repository
 > git config remote.origin.url https://github.com/pns-isa-devops-1819/teami-guest-manager.git # timeout=10
Fetching upstream changes from https://github.com/pns-isa-devops-1819/teami-guest-manager.git
 > git --version # timeout=10
using GIT_ASKPASS to set credentials 
 > git fetch --tags --force --progress https://github.com/pns-isa-devops-1819/teami-guest-manager.git +refs/heads/*:refs/remotes/origin/*
 > git rev-parse refs/remotes/origin/master^{commit} # timeout=10
 > git rev-parse refs/remotes/origin/origin/master^{commit} # timeout=10
Checking out Revision 4702c794a372e87bae4e5f48fa7c2153ef94654d (refs/remotes/origin/master)
 > git config core.sparsecheckout # timeout=10
 > git checkout -f 4702c794a372e87bae4e5f48fa7c2153ef94654d
Commit message: "removed all useless imports #35 fixed bug nullpointerexception with createoffer and getoffers (api null) moved webservices into war"
 > git rev-list --no-walk 4702c794a372e87bae4e5f48fa7c2153ef94654d # timeout=10
[teami-guest-manager] $ /bin/sh -xe /tmp/jenkins2824701168819979060.sh
+ rm -r '?/.m2/repository/fr'
Jenkins Artifactory Plugin version: 3.2.2
Artifactory integration is enabled
[teami-guest-manager] $ /usr/lib/jvm/java-1.8-openjdk/bin/java -classpath /var/jenkins_home/tools/hudson.tasks.Maven_MavenInstallation/M3/boot/* -Dmaven.home=/var/jenkins_home/tools/hudson.tasks.Maven_MavenInstallation/M3 -Dmaven.conf=/var/jenkins_home/tools/hudson.tasks.Maven_MavenInstallation/M3/conf -DbuildInfoConfig.propertiesFile=/var/jenkins_home/workspace/teami-guest-manager@tmp/artifactory/buildInfo8459501114906909951.properties -DbuildInfoConfig.artifactoryResolutionEnabled=true -Dm3plugin.lib=/var/jenkins_home/workspace/teami-guest-manager/cache/artifactory-plugin/3.2.2 -Dclassworlds.conf=/var/jenkins_home/workspace/teami-guest-manager/classworlds3224544652432250851conf -Dmaven.multiModuleProjectDirectory=/var/jenkins_home/workspace/teami-guest-manager org.codehaus.plexus.classworlds.launcher.Launcher clean install deploy -U
[main] INFO org.apache.maven.cli.event.ExecutionEventLogger - Scanning for projects...
[main] INFO org.jfrog.build.extractor.maven.BuildInfoRecorder - Initializing Artifactory Build-Info Recording
[main] INFO org.apache.maven.cli.event.ExecutionEventLogger - 
[main] INFO org.apache.maven.cli.event.ExecutionEventLogger - -----< fr.unice.polytech.si4.isa.devops.teami:teami-guest-manager >-----
[main] INFO org.apache.maven.cli.event.ExecutionEventLogger - Building teami-guest-manager 1.0
[main] INFO org.apache.maven.cli.event.ExecutionEventLogger - --------------------------------[ jar ]---------------------------------
Downloading from artifactory-release: http://vps663090.ovh.net:8081/artifactory/libs-release/fr/unice/polytech/si4/isa/devops/teami/teami-polydiploma-entities/1.3/teami-polydiploma-entities-1.3.pom
Progress (1): 4.1/7.5 kBProgress (1): 7.5/7.5 kBProgress (1): 7.5 kB                        Downloaded from artifactory-release: http://vps663090.ovh.net:8081/artifactory/libs-release/fr/unice/polytech/si4/isa/devops/teami/teami-polydiploma-entities/1.3/teami-polydiploma-entities-1.3.pom (7.5 kB at 28 kB/s)
Downloading from artifactory-release: http://vps663090.ovh.net:8081/artifactory/libs-release/fr/unice/polytech/si4/isa/devops/teami/teami-polydiploma-entities/1.3/teami-polydiploma-entities-1.3.jar
Progress (1): 4.1/28 kBProgress (1): 7.5/28 kBProgress (1): 12/28 kB Progress (1): 16/28 kBProgress (1): 20/28 kBProgress (1): 24/28 kBProgress (1): 28/28 kBProgress (1): 28 kB                      Downloaded from artifactory-release: http://vps663090.ovh.net:8081/artifactory/libs-release/fr/unice/polytech/si4/isa/devops/teami/teami-polydiploma-entities/1.3/teami-polydiploma-entities-1.3.jar (28 kB at 105 kB/s)
[main] INFO org.apache.maven.cli.event.ExecutionEventLogger - 
[main] INFO org.apache.maven.cli.event.ExecutionEventLogger - --- maven-clean-plugin:3.1.0:clean (default-clean) @ teami-guest-manager ---
[main] INFO org.apache.maven.plugins.clean.CleanMojo - Deleting /var/jenkins_home/workspace/teami-guest-manager/target
[main] INFO org.apache.maven.cli.event.ExecutionEventLogger - 
[main] INFO org.apache.maven.cli.event.ExecutionEventLogger - --- maven-resources-plugin:3.0.2:resources (default-resources) @ teami-guest-manager ---
[main] INFO org.apache.maven.shared.filtering.DefaultMavenResourcesFiltering - Using 'UTF-8' encoding to copy filtered resources.
[main] INFO org.apache.maven.shared.filtering.DefaultMavenResourcesFiltering - skip non existing resourceDirectory /var/jenkins_home/workspace/teami-guest-manager/src/main/resources
[main] INFO org.apache.maven.cli.event.ExecutionEventLogger - 
[main] INFO org.apache.maven.cli.event.ExecutionEventLogger - --- maven-compiler-plugin:3.8.0:compile (default-compile) @ teami-guest-manager ---
[main] INFO org.apache.maven.plugin.compiler.CompilerMojo - Changes detected - recompiling the module!
[main] INFO org.codehaus.plexus.compiler.javac.JavacCompiler - Compiling 6 source files to /var/jenkins_home/workspace/teami-guest-manager/target/classes
[main] INFO org.apache.maven.plugin.compiler.CompilerMojo - /var/jenkins_home/workspace/teami-guest-manager/src/main/java/fr/unice/polytech/si4/isa/devops/teami/api/GuestManagerBean.java: /var/jenkins_home/workspace/teami-guest-manager/src/main/java/fr/unice/polytech/si4/isa/devops/teami/api/GuestManagerBean.java uses unchecked or unsafe operations.
[main] INFO org.apache.maven.plugin.compiler.CompilerMojo - /var/jenkins_home/workspace/teami-guest-manager/src/main/java/fr/unice/polytech/si4/isa/devops/teami/api/GuestManagerBean.java: Recompile with -Xlint:unchecked for details.
[main] INFO org.apache.maven.cli.event.ExecutionEventLogger - 
[main] INFO org.apache.maven.cli.event.ExecutionEventLogger - --- maven-resources-plugin:3.0.2:testResources (default-testResources) @ teami-guest-manager ---
[main] INFO org.apache.maven.shared.filtering.DefaultMavenResourcesFiltering - Using 'UTF-8' encoding to copy filtered resources.
[main] INFO org.apache.maven.shared.filtering.DefaultMavenResourcesFiltering - Copying 2 resources
[main] INFO org.apache.maven.cli.event.ExecutionEventLogger - 
[main] INFO org.apache.maven.cli.event.ExecutionEventLogger - --- maven-compiler-plugin:3.8.0:testCompile (default-testCompile) @ teami-guest-manager ---
[main] INFO org.apache.maven.plugin.compiler.TestCompilerMojo - Changes detected - recompiling the module!
[main] INFO org.codehaus.plexus.compiler.javac.JavacCompiler - Compiling 4 source files to /var/jenkins_home/workspace/teami-guest-manager/target/test-classes
[main] INFO org.apache.maven.cli.event.ExecutionEventLogger - 
[main] INFO org.apache.maven.cli.event.ExecutionEventLogger - --- maven-surefire-plugin:2.22.1:test (default-test) @ teami-guest-manager ---
[main] INFO org.apache.maven.plugin.surefire.SurefirePlugin - 
[main] INFO org.apache.maven.plugin.surefire.SurefirePlugin - -------------------------------------------------------
[main] INFO org.apache.maven.plugin.surefire.SurefirePlugin -  T E S T S
[main] INFO org.apache.maven.plugin.surefire.SurefirePlugin - -------------------------------------------------------
[ThreadedStreamConsumer] INFO org.apache.maven.plugin.surefire.SurefirePlugin - Running fr.unice.polytech.si4.isa.devops.teami.LoadStudentsTest
1520  classpath-bootstrap  INFO   [main] openjpa.Runtime - OpenJPA dynamically loaded a validation provider.
Apr 30, 2019 9:41:43 PM org.apache.tomee.embedded.Container start
INFO: Starting TomEE from: /tmp/arquillian-apache-tomee
Apr 30, 2019 9:41:45 PM org.apache.coyote.AbstractProtocol init
INFO: Initializing ProtocolHandler ["http-nio-8080"]
Apr 30, 2019 9:41:45 PM org.apache.coyote.AbstractProtocol init
SEVERE: Failed to initialize end point associated with ProtocolHandler ["http-nio-8080"]
java.net.BindException: Address in use
	at sun.nio.ch.Net.bind0(Native Method)
	at sun.nio.ch.Net.bind(Net.java:433)
	at sun.nio.ch.Net.bind(Net.java:425)
	at sun.nio.ch.ServerSocketChannelImpl.bind(ServerSocketChannelImpl.java:223)
	at sun.nio.ch.ServerSocketAdaptor.bind(ServerSocketAdaptor.java:74)
	at org.apache.tomcat.util.net.NioEndpoint.bind(NioEndpoint.java:228)
	at org.apache.tomcat.util.net.AbstractEndpoint.init(AbstractEndpoint.java:866)
	at org.apache.tomcat.util.net.AbstractJsseEndpoint.init(AbstractJsseEndpoint.java:213)
	at org.apache.coyote.AbstractProtocol.init(AbstractProtocol.java:575)
	at org.apache.coyote.http11.AbstractHttp11Protocol.init(AbstractHttp11Protocol.java:65)
	at org.apache.catalina.connector.Connector.initInternal(Connector.java:944)
	at org.apache.catalina.util.LifecycleBase.init(LifecycleBase.java:107)
	at org.apache.catalina.core.StandardService.initInternal(StandardService.java:549)
	at org.apache.catalina.util.LifecycleBase.init(LifecycleBase.java:107)
	at org.apache.catalina.core.StandardServer.initInternal(StandardServer.java:873)
	at org.apache.catalina.util.LifecycleBase.init(LifecycleBase.java:107)
	at org.apache.catalina.startup.Tomcat.init(Tomcat.java:344)
	at org.apache.tomee.embedded.Container.start(Container.java:679)
	at org.apache.openejb.arquillian.embedded.EmbeddedTomEEContainer.start(EmbeddedTomEEContainer.java:135)
	at org.jboss.arquillian.container.impl.ContainerImpl.start(ContainerImpl.java:199)
	at org.jboss.arquillian.container.impl.client.container.ContainerLifecycleController$8.perform(ContainerLifecycleController.java:163)
	at org.jboss.arquillian.container.impl.client.container.ContainerLifecycleController$8.perform(ContainerLifecycleController.java:157)
	at org.jboss.arquillian.container.impl.client.container.ContainerLifecycleController.forContainer(ContainerLifecycleController.java:255)
	at org.jboss.arquillian.container.impl.client.container.ContainerLifecycleController.startContainer(ContainerLifecycleController.java:156)
	at sun.reflect.NativeMethodAccessorImpl.invoke0(Native Method)
	at sun.reflect.NativeMethodAccessorImpl.invoke(NativeMethodAccessorImpl.java:62)
	at sun.reflect.DelegatingMethodAccessorImpl.invoke(DelegatingMethodAccessorImpl.java:43)
	at java.lang.reflect.Method.invoke(Method.java:498)
	at org.jboss.arquillian.core.impl.ObserverImpl.invoke(ObserverImpl.java:96)
	at org.jboss.arquillian.core.impl.EventContextImpl.invokeObservers(EventContextImpl.java:99)
	at org.jboss.arquillian.core.impl.EventContextImpl.proceed(EventContextImpl.java:81)
	at org.jboss.arquillian.container.impl.client.ContainerDeploymentContextHandler.createContainerContext(ContainerDeploymentContextHandler.java:57)
	at sun.reflect.NativeMethodAccessorImpl.invoke0(Native Method)
	at sun.reflect.NativeMethodAccessorImpl.invoke(NativeMethodAccessorImpl.java:62)
	at sun.reflect.DelegatingMethodAccessorImpl.invoke(DelegatingMethodAccessorImpl.java:43)
	at java.lang.reflect.Method.invoke(Method.java:498)
	at org.jboss.arquillian.core.impl.ObserverImpl.invoke(ObserverImpl.java:96)
	at org.jboss.arquillian.core.impl.EventContextImpl.proceed(EventContextImpl.java:88)
	at org.jboss.arquillian.core.impl.ManagerImpl.fire(ManagerImpl.java:145)
	at org.jboss.arquillian.core.impl.ManagerImpl.fire(ManagerImpl.java:116)
	at org.jboss.arquillian.core.impl.EventImpl.fire(EventImpl.java:67)
	at org.jboss.arquillian.container.impl.client.container.ContainerLifecycleController$2.perform(ContainerLifecycleController.java:77)
	at org.jboss.arquillian.container.impl.client.container.ContainerLifecycleController$2.perform(ContainerLifecycleController.java:70)
	at org.jboss.arquillian.container.impl.client.container.ContainerLifecycleController.forEachSuiteContainer(ContainerLifecycleController.java:221)
	at org.jboss.arquillian.container.impl.client.container.ContainerLifecycleController.startSuiteContainers(ContainerLifecycleController.java:69)
	at sun.reflect.NativeMethodAccessorImpl.invoke0(Native Method)
	at sun.reflect.NativeMethodAccessorImpl.invoke(NativeMethodAccessorImpl.java:62)
	at sun.reflect.DelegatingMethodAccessorImpl.invoke(DelegatingMethodAccessorImpl.java:43)
	at java.lang.reflect.Method.invoke(Method.java:498)
	at org.jboss.arquillian.core.impl.ObserverImpl.invoke(ObserverImpl.java:96)
	at org.jboss.arquillian.core.impl.EventContextImpl.invokeObservers(EventContextImpl.java:99)
	at org.jboss.arquillian.core.impl.EventContextImpl.proceed(EventContextImpl.java:81)
	at org.jboss.arquillian.core.impl.ManagerImpl.fire(ManagerImpl.java:145)
	at org.jboss.arquillian.core.impl.ManagerImpl.fire(ManagerImpl.java:116)
	at org.jboss.arquillian.core.impl.EventImpl.fire(EventImpl.java:67)
	at org.jboss.arquillian.container.test.impl.client.ContainerEventController.execute(ContainerEventController.java:86)
	at sun.reflect.NativeMethodAccessorImpl.invoke0(Native Method)
	at sun.reflect.NativeMethodAccessorImpl.invoke(NativeMethodAccessorImpl.java:62)
	at sun.reflect.DelegatingMethodAccessorImpl.invoke(DelegatingMethodAccessorImpl.java:43)
	at java.lang.reflect.Method.invoke(Method.java:498)
	at org.jboss.arquillian.core.impl.ObserverImpl.invoke(ObserverImpl.java:96)
	at org.jboss.arquillian.core.impl.EventContextImpl.invokeObservers(EventContextImpl.java:99)
	at org.jboss.arquillian.core.impl.EventContextImpl.proceed(EventContextImpl.java:81)
	at org.jboss.arquillian.test.impl.TestContextHandler.createSuiteContext(TestContextHandler.java:73)
	at sun.reflect.NativeMethodAccessorImpl.invoke0(Native Method)
	at sun.reflect.NativeMethodAccessorImpl.invoke(NativeMethodAccessorImpl.java:62)
	at sun.reflect.DelegatingMethodAccessorImpl.invoke(DelegatingMethodAccessorImpl.java:43)
	at java.lang.reflect.Method.invoke(Method.java:498)
	at org.jboss.arquillian.core.impl.ObserverImpl.invoke(ObserverImpl.java:96)
	at org.jboss.arquillian.core.impl.EventContextImpl.proceed(EventContextImpl.java:88)
	at org.jboss.arquillian.core.impl.ManagerImpl.fire(ManagerImpl.java:145)
	at org.jboss.arquillian.core.impl.ManagerImpl.fire(ManagerImpl.java:116)
	at org.jboss.arquillian.test.impl.EventTestRunnerAdaptor.beforeSuite(EventTestRunnerAdaptor.java:75)
	at org.jboss.arquillian.junit.Arquillian.run(Arquillian.java:116)
	at org.apache.maven.surefire.junit4.JUnit4Provider.execute(JUnit4Provider.java:365)
	at org.apache.maven.surefire.junit4.JUnit4Provider.executeWithRerun(JUnit4Provider.java:273)
	at org.apache.maven.surefire.junit4.JUnit4Provider.executeTestSet(JUnit4Provider.java:238)
	at org.apache.maven.surefire.junit4.JUnit4Provider.invoke(JUnit4Provider.java:159)
	at org.apache.maven.surefire.booter.ForkedBooter.invokeProviderInSameClassLoader(ForkedBooter.java:384)
	at org.apache.maven.surefire.booter.ForkedBooter.runSuitesInProcess(ForkedBooter.java:345)
	at org.apache.maven.surefire.booter.ForkedBooter.execute(ForkedBooter.java:126)
	at org.apache.maven.surefire.booter.ForkedBooter.main(ForkedBooter.java:418)

Apr 30, 2019 9:41:45 PM org.apache.catalina.core.StandardService initInternal
SEVERE: Failed to initialize connector [Connector[HTTP/1.1-8080]]
org.apache.catalina.LifecycleException: Failed to initialize component [Connector[HTTP/1.1-8080]]
	at org.apache.catalina.util.LifecycleBase.init(LifecycleBase.java:112)
	at org.apache.catalina.core.StandardService.initInternal(StandardService.java:549)
	at org.apache.catalina.util.LifecycleBase.init(LifecycleBase.java:107)
	at org.apache.catalina.core.StandardServer.initInternal(StandardServer.java:873)
	at org.apache.catalina.util.LifecycleBase.init(LifecycleBase.java:107)
	at org.apache.catalina.startup.Tomcat.init(Tomcat.java:344)
	at org.apache.tomee.embedded.Container.start(Container.java:679)
	at org.apache.openejb.arquillian.embedded.EmbeddedTomEEContainer.start(EmbeddedTomEEContainer.java:135)
	at org.jboss.arquillian.container.impl.ContainerImpl.start(ContainerImpl.java:199)
	at org.jboss.arquillian.container.impl.client.container.ContainerLifecycleController$8.perform(ContainerLifecycleController.java:163)
	at org.jboss.arquillian.container.impl.client.container.ContainerLifecycleController$8.perform(ContainerLifecycleController.java:157)
	at org.jboss.arquillian.container.impl.client.container.ContainerLifecycleController.forContainer(ContainerLifecycleController.java:255)
	at org.jboss.arquillian.container.impl.client.container.ContainerLifecycleController.startContainer(ContainerLifecycleController.java:156)
	at sun.reflect.NativeMethodAccessorImpl.invoke0(Native Method)
	at sun.reflect.NativeMethodAccessorImpl.invoke(NativeMethodAccessorImpl.java:62)
	at sun.reflect.DelegatingMethodAccessorImpl.invoke(DelegatingMethodAccessorImpl.java:43)
	at java.lang.reflect.Method.invoke(Method.java:498)
	at org.jboss.arquillian.core.impl.ObserverImpl.invoke(ObserverImpl.java:96)
	at org.jboss.arquillian.core.impl.EventContextImpl.invokeObservers(EventContextImpl.java:99)
	at org.jboss.arquillian.core.impl.EventContextImpl.proceed(EventContextImpl.java:81)
	at org.jboss.arquillian.container.impl.client.ContainerDeploymentContextHandler.createContainerContext(ContainerDeploymentContextHandler.java:57)
	at sun.reflect.NativeMethodAccessorImpl.invoke0(Native Method)
	at sun.reflect.NativeMethodAccessorImpl.invoke(NativeMethodAccessorImpl.java:62)
	at sun.reflect.DelegatingMethodAccessorImpl.invoke(DelegatingMethodAccessorImpl.java:43)
	at java.lang.reflect.Method.invoke(Method.java:498)
	at org.jboss.arquillian.core.impl.ObserverImpl.invoke(ObserverImpl.java:96)
	at org.jboss.arquillian.core.impl.EventContextImpl.proceed(EventContextImpl.java:88)
	at org.jboss.arquillian.core.impl.ManagerImpl.fire(ManagerImpl.java:145)
	at org.jboss.arquillian.core.impl.ManagerImpl.fire(ManagerImpl.java:116)
	at org.jboss.arquillian.core.impl.EventImpl.fire(EventImpl.java:67)
	at org.jboss.arquillian.container.impl.client.container.ContainerLifecycleController$2.perform(ContainerLifecycleController.java:77)
	at org.jboss.arquillian.container.impl.client.container.ContainerLifecycleController$2.perform(ContainerLifecycleController.java:70)
	at org.jboss.arquillian.container.impl.client.container.ContainerLifecycleController.forEachSuiteContainer(ContainerLifecycleController.java:221)
	at org.jboss.arquillian.container.impl.client.container.ContainerLifecycleController.startSuiteContainers(ContainerLifecycleController.java:69)
	at sun.reflect.NativeMethodAccessorImpl.invoke0(Native Method)
	at sun.reflect.NativeMethodAccessorImpl.invoke(NativeMethodAccessorImpl.java:62)
	at sun.reflect.DelegatingMethodAccessorImpl.invoke(DelegatingMethodAccessorImpl.java:43)
	at java.lang.reflect.Method.invoke(Method.java:498)
	at org.jboss.arquillian.core.impl.ObserverImpl.invoke(ObserverImpl.java:96)
	at org.jboss.arquillian.core.impl.EventContextImpl.invokeObservers(EventContextImpl.java:99)
	at org.jboss.arquillian.core.impl.EventContextImpl.proceed(EventContextImpl.java:81)
	at org.jboss.arquillian.core.impl.ManagerImpl.fire(ManagerImpl.java:145)
	at org.jboss.arquillian.core.impl.ManagerImpl.fire(ManagerImpl.java:116)
	at org.jboss.arquillian.core.impl.EventImpl.fire(EventImpl.java:67)
	at org.jboss.arquillian.container.test.impl.client.ContainerEventController.execute(ContainerEventController.java:86)
	at sun.reflect.NativeMethodAccessorImpl.invoke0(Native Method)
	at sun.reflect.NativeMethodAccessorImpl.invoke(NativeMethodAccessorImpl.java:62)
	at sun.reflect.DelegatingMethodAccessorImpl.invoke(DelegatingMethodAccessorImpl.java:43)
	at java.lang.reflect.Method.invoke(Method.java:498)
	at org.jboss.arquillian.core.impl.ObserverImpl.invoke(ObserverImpl.java:96)
	at org.jboss.arquillian.core.impl.EventContextImpl.invokeObservers(EventContextImpl.java:99)
	at org.jboss.arquillian.core.impl.EventContextImpl.proceed(EventContextImpl.java:81)
	at org.jboss.arquillian.test.impl.TestContextHandler.createSuiteContext(TestContextHandler.java:73)
	at sun.reflect.NativeMethodAccessorImpl.invoke0(Native Method)
	at sun.reflect.NativeMethodAccessorImpl.invoke(NativeMethodAccessorImpl.java:62)
	at sun.reflect.DelegatingMethodAccessorImpl.invoke(DelegatingMethodAccessorImpl.java:43)
	at java.lang.reflect.Method.invoke(Method.java:498)
	at org.jboss.arquillian.core.impl.ObserverImpl.invoke(ObserverImpl.java:96)
	at org.jboss.arquillian.core.impl.EventContextImpl.proceed(EventContextImpl.java:88)
	at org.jboss.arquillian.core.impl.ManagerImpl.fire(ManagerImpl.java:145)
	at org.jboss.arquillian.core.impl.ManagerImpl.fire(ManagerImpl.java:116)
	at org.jboss.arquillian.test.impl.EventTestRunnerAdaptor.beforeSuite(EventTestRunnerAdaptor.java:75)
	at org.jboss.arquillian.junit.Arquillian.run(Arquillian.java:116)
	at org.apache.maven.surefire.junit4.JUnit4Provider.execute(JUnit4Provider.java:365)
	at org.apache.maven.surefire.junit4.JUnit4Provider.executeWithRerun(JUnit4Provider.java:273)
	at org.apache.maven.surefire.junit4.JUnit4Provider.executeTestSet(JUnit4Provider.java:238)
	at org.apache.maven.surefire.junit4.JUnit4Provider.invoke(JUnit4Provider.java:159)
	at org.apache.maven.surefire.booter.ForkedBooter.invokeProviderInSameClassLoader(ForkedBooter.java:384)
	at org.apache.maven.surefire.booter.ForkedBooter.runSuitesInProcess(ForkedBooter.java:345)
	at org.apache.maven.surefire.booter.ForkedBooter.execute(ForkedBooter.java:126)
	at org.apache.maven.surefire.booter.ForkedBooter.main(ForkedBooter.java:418)
Caused by: org.apache.catalina.LifecycleException: Protocol handler initialization failed
	at org.apache.catalina.connector.Connector.initInternal(Connector.java:946)
	at org.apache.catalina.util.LifecycleBase.init(LifecycleBase.java:107)
	... 70 more
Caused by: java.net.BindException: Address in use
	at sun.nio.ch.Net.bind0(Native Method)
	at sun.nio.ch.Net.bind(Net.java:433)
	at sun.nio.ch.Net.bind(Net.java:425)
	at sun.nio.ch.ServerSocketChannelImpl.bind(ServerSocketChannelImpl.java:223)
	at sun.nio.ch.ServerSocketAdaptor.bind(ServerSocketAdaptor.java:74)
	at org.apache.tomcat.util.net.NioEndpoint.bind(NioEndpoint.java:228)
	at org.apache.tomcat.util.net.AbstractEndpoint.init(AbstractEndpoint.java:866)
	at org.apache.tomcat.util.net.AbstractJsseEndpoint.init(AbstractJsseEndpoint.java:213)
	at org.apache.coyote.AbstractProtocol.init(AbstractProtocol.java:575)
	at org.apache.coyote.http11.AbstractHttp11Protocol.init(AbstractHttp11Protocol.java:65)
	at org.apache.catalina.connector.Connector.initInternal(Connector.java:944)
	... 71 more

Apr 30, 2019 9:41:45 PM org.apache.catalina.core.StandardService startInternal
INFO: Starting service Tomcat
Apr 30, 2019 9:41:45 PM org.apache.catalina.core.StandardEngine startInternal
INFO: Starting Servlet Engine: Apache Tomcat/8.5.6
Apr 30, 2019 9:41:53 PM org.apache.openejb.util.OptionsLog info
INFO: Using 'openejb.jdbc.datasource-creator=org.apache.tomee.jdbc.TomEEDataSourceCreator'
Apr 30, 2019 9:41:54 PM org.apache.openejb.OpenEJB$Instance <init>
INFO: ********************************************************************************
Apr 30, 2019 9:41:54 PM org.apache.openejb.OpenEJB$Instance <init>
INFO: OpenEJB http://tomee.apache.org/
Apr 30, 2019 9:41:54 PM org.apache.openejb.OpenEJB$Instance <init>
INFO: Startup: Tue Apr 30 21:41:54 GMT 2019
Apr 30, 2019 9:41:54 PM org.apache.openejb.OpenEJB$Instance <init>
INFO: Copyright 1999-2016 (C) Apache OpenEJB Project, All Rights Reserved.
Apr 30, 2019 9:41:54 PM org.apache.openejb.OpenEJB$Instance <init>
INFO: Version: 7.0.2
Apr 30, 2019 9:41:54 PM org.apache.openejb.OpenEJB$Instance <init>
INFO: Build date: 20161106
Apr 30, 2019 9:41:54 PM org.apache.openejb.OpenEJB$Instance <init>
INFO: Build time: 07:23
Apr 30, 2019 9:41:54 PM org.apache.openejb.OpenEJB$Instance <init>
INFO: ********************************************************************************
Apr 30, 2019 9:41:54 PM org.apache.openejb.OpenEJB$Instance <init>
INFO: openejb.home = /tmp/arquillian-apache-tomee
Apr 30, 2019 9:41:54 PM org.apache.openejb.OpenEJB$Instance <init>
INFO: openejb.base = /tmp/arquillian-apache-tomee
Apr 30, 2019 9:41:54 PM org.apache.openejb.cdi.CdiBuilder initializeOWB
INFO: Created new singletonService org.apache.openejb.cdi.ThreadSingletonServiceImpl@57abad67
Apr 30, 2019 9:41:54 PM org.apache.openejb.cdi.CdiBuilder initializeOWB
INFO: Succeeded in installing singleton service
Apr 30, 2019 9:41:55 PM org.apache.openejb.config.ConfigurationFactory init
INFO: TomEE configuration file is '/tmp/arquillian-apache-tomee/conf/openejb.xml'
Apr 30, 2019 9:41:55 PM org.apache.openejb.config.ConfigurationFactory configureService
INFO: Configuring Service(id=Tomcat Security Service, type=SecurityService, provider-id=Tomcat Security Service)
Apr 30, 2019 9:41:55 PM org.apache.openejb.config.ConfigurationFactory configureService
INFO: Configuring Service(id=Default Transaction Manager, type=TransactionManager, provider-id=Default Transaction Manager)
Apr 30, 2019 9:41:55 PM org.apache.openejb.util.OptionsLog info
INFO: Using 'openejb.system.apps=false'
Apr 30, 2019 9:41:55 PM org.apache.openejb.util.OptionsLog info
INFO: Using 'openejb.deployments.classpath=false'
Apr 30, 2019 9:41:55 PM org.apache.openejb.assembler.classic.Assembler createRecipe
INFO: Creating TransactionManager(id=Default Transaction Manager)
Apr 30, 2019 9:41:55 PM org.apache.openejb.assembler.classic.Assembler createRecipe
INFO: Creating SecurityService(id=Tomcat Security Service)
Apr 30, 2019 9:41:56 PM org.apache.openejb.util.OptionsLog info
INFO: Using 'openejb.servicemanager.enabled=false'
Apr 30, 2019 9:42:04 PM org.apache.openejb.config.ConfigurationFactory configureApplication
INFO: Configuring enterprise application: /tmp/arquillian-tomee-app-working-dir/0/15c2f12e-a738-4ced-ac20-e452f464e0dc.jar
Apr 30, 2019 9:42:08 PM org.apache.openejb.config.InitEjbDeployments deploy
INFO: Auto-deploying ejb PrintingService: EjbDeployment(deployment-id=PrintingService)
Apr 30, 2019 9:42:08 PM org.apache.openejb.config.InitEjbDeployments deploy
INFO: Auto-deploying ejb GuestManagerBean: EjbDeployment(deployment-id=GuestManagerBean)
Apr 30, 2019 9:42:08 PM org.apache.openejb.config.InitEjbDeployments deploy
INFO: Auto-deploying ejb StudentApiMock: EjbDeployment(deployment-id=StudentApiMock)
Apr 30, 2019 9:42:08 PM org.apache.openejb.config.ConfigurationFactory configureService
INFO: Configuring Service(id=Default Stateless Container, type=Container, provider-id=Default Stateless Container)
Apr 30, 2019 9:42:08 PM org.apache.openejb.config.AutoConfig createContainer
INFO: Auto-creating a container for bean PrintingService: Container(type=STATELESS, id=Default Stateless Container)
Apr 30, 2019 9:42:08 PM org.apache.openejb.assembler.classic.Assembler createRecipe
INFO: Creating Container(id=Default Stateless Container)
Apr 30, 2019 9:42:08 PM org.apache.openejb.config.ConfigurationFactory configureService
INFO: Configuring Service(id=Default Managed Container, type=Container, provider-id=Default Managed Container)
Apr 30, 2019 9:42:08 PM org.apache.openejb.config.AutoConfig createContainer
INFO: Auto-creating a container for bean 15c2f12e-a738-4ced-ac20-e452f464e0dc.Comp1837533591: Container(type=MANAGED, id=Default Managed Container)
Apr 30, 2019 9:42:08 PM org.apache.openejb.assembler.classic.Assembler createRecipe
INFO: Creating Container(id=Default Managed Container)
Apr 30, 2019 9:42:09 PM org.apache.openejb.core.managed.SimplePassivater init
INFO: Using directory /tmp for stateful session passivation
Apr 30, 2019 9:42:09 PM org.apache.openejb.config.AutoConfig deploy
INFO: Configuring PersistenceUnit(name=gest_manager_persistence_unit)
Apr 30, 2019 9:42:09 PM org.apache.openejb.config.ConfigurationFactory configureService
INFO: Configuring Service(id=Default JDBC Database, type=Resource, provider-id=Default JDBC Database)
Apr 30, 2019 9:42:09 PM org.apache.openejb.config.AutoConfig logAutoCreateResource
INFO: Auto-creating a Resource with id 'Default JDBC Database' of type 'DataSource for 'gest_manager_persistence_unit'.
Apr 30, 2019 9:42:09 PM org.apache.openejb.assembler.classic.Assembler createRecipe
INFO: Creating Resource(id=Default JDBC Database)
Apr 30, 2019 9:42:11 PM org.apache.openejb.config.ConfigurationFactory configureService
INFO: Configuring Service(id=Default Unmanaged JDBC Database, type=Resource, provider-id=Default Unmanaged JDBC Database)
Apr 30, 2019 9:42:11 PM org.apache.openejb.config.AutoConfig logAutoCreateResource
INFO: Auto-creating a Resource with id 'Default Unmanaged JDBC Database' of type 'DataSource for 'gest_manager_persistence_unit'.
Apr 30, 2019 9:42:11 PM org.apache.openejb.assembler.classic.Assembler createRecipe
INFO: Creating Resource(id=Default Unmanaged JDBC Database)
Apr 30, 2019 9:42:11 PM org.apache.openejb.config.AutoConfig setJtaDataSource
INFO: Adjusting PersistenceUnit gest_manager_persistence_unit <jta-data-source> to Resource ID 'Default JDBC Database' from 'PolydiplomaDataSource'
Apr 30, 2019 9:42:11 PM org.apache.openejb.config.AutoConfig setNonJtaDataSource
INFO: Adjusting PersistenceUnit gest_manager_persistence_unit <non-jta-data-source> to Resource ID 'Default Unmanaged JDBC Database' from 'null'
Apr 30, 2019 9:42:11 PM org.apache.openejb.config.AppInfoBuilder build
INFO: Enterprise application "/tmp/arquillian-tomee-app-working-dir/0/15c2f12e-a738-4ced-ac20-e452f464e0dc.jar" loaded.
Apr 30, 2019 9:42:11 PM org.apache.openejb.assembler.classic.Assembler createAppClassLoader
INFO: Creating dedicated application classloader for 15c2f12e-a738-4ced-ac20-e452f464e0dc
Apr 30, 2019 9:42:11 PM org.apache.openejb.assembler.classic.Assembler createApplication
INFO: Assembling app: /tmp/arquillian-tomee-app-working-dir/0/15c2f12e-a738-4ced-ac20-e452f464e0dc.jar
Apr 30, 2019 9:42:11 PM org.apache.openejb.assembler.classic.Assembler$PersistenceClassLoaderHandlerImpl addTransformer
INFO: JAVA AGENT NOT INSTALLED. The JPA Persistence Provider requested installation of a ClassFileTransformer which requires a JavaAgent.  See http://tomee.apache.org/javaagent.html
Apr 30, 2019 9:42:11 PM null
INFO: OpenJPA dynamically loaded a validation provider.
Apr 30, 2019 9:42:11 PM org.apache.openejb.assembler.classic.ReloadableEntityManagerFactory createDelegate
INFO: PersistenceUnit(name=gest_manager_persistence_unit, provider=org.apache.openjpa.persistence.PersistenceProviderImpl) - provider time 83ms
Apr 30, 2019 9:42:11 PM org.apache.openejb.assembler.classic.JndiBuilder bind
INFO: Jndi(name=PrintingServiceLocal) --> Ejb(deployment-id=PrintingService)
Apr 30, 2019 9:42:11 PM org.apache.openejb.assembler.classic.JndiBuilder bind
INFO: Jndi(name=global/15c2f12e-a738-4ced-ac20-e452f464e0dc/PrintingService!fr.unice.polytech.si4.isa.devops.teami.api.PrintingServiceMock.IPrintingService) --> Ejb(deployment-id=PrintingService)
Apr 30, 2019 9:42:11 PM org.apache.openejb.assembler.classic.JndiBuilder bind
INFO: Jndi(name=global/15c2f12e-a738-4ced-ac20-e452f464e0dc/PrintingService) --> Ejb(deployment-id=PrintingService)
Apr 30, 2019 9:42:11 PM org.apache.openejb.assembler.classic.JndiBuilder bind
INFO: Jndi(name=GuestManagerBeanLocal) --> Ejb(deployment-id=GuestManagerBean)
Apr 30, 2019 9:42:11 PM org.apache.openejb.assembler.classic.JndiBuilder bind
INFO: Jndi(name=global/15c2f12e-a738-4ced-ac20-e452f464e0dc/GuestManagerBean!fr.unice.polytech.si4.isa.devops.teami.api.GuestManager) --> Ejb(deployment-id=GuestManagerBean)
Apr 30, 2019 9:42:11 PM org.apache.openejb.assembler.classic.JndiBuilder bind
INFO: Jndi(name=global/15c2f12e-a738-4ced-ac20-e452f464e0dc/GuestManagerBean) --> Ejb(deployment-id=GuestManagerBean)
Apr 30, 2019 9:42:11 PM org.apache.openejb.assembler.classic.JndiBuilder bind
INFO: Jndi(name=StudentApiMockLocal) --> Ejb(deployment-id=StudentApiMock)
Apr 30, 2019 9:42:11 PM org.apache.openejb.assembler.classic.JndiBuilder bind
INFO: Jndi(name=global/15c2f12e-a738-4ced-ac20-e452f464e0dc/StudentApiMock!fr.unice.polytech.si4.isa.devops.teami.api.utils.IStudentAPI) --> Ejb(deployment-id=StudentApiMock)
Apr 30, 2019 9:42:11 PM org.apache.openejb.assembler.classic.JndiBuilder bind
INFO: Jndi(name=global/15c2f12e-a738-4ced-ac20-e452f464e0dc/StudentApiMock) --> Ejb(deployment-id=StudentApiMock)
Apr 30, 2019 9:42:11 PM org.apache.openejb.cdi.CdiBuilder initSingleton
INFO: Existing thread singleton service in SystemInstance(): org.apache.openejb.cdi.ThreadSingletonServiceImpl@57abad67
Apr 30, 2019 9:42:12 PM org.apache.openejb.cdi.OpenEJBLifecycle startApplication
INFO: OpenWebBeans Container is starting...
Apr 30, 2019 9:42:12 PM org.apache.webbeans.plugins.PluginLoader startUp
INFO: Adding OpenWebBeansPlugin : [CdiPlugin]
Apr 30, 2019 9:42:14 PM org.apache.webbeans.config.BeansDeployer validateInjectionPoints
INFO: All injection points were validated successfully.
Apr 30, 2019 9:42:14 PM org.apache.openejb.cdi.OpenEJBLifecycle startApplication
INFO: OpenWebBeans Container has started, it took 1690 ms.
Apr 30, 2019 9:42:14 PM org.apache.openejb.assembler.classic.Assembler startEjbs
INFO: Created Ejb(deployment-id=PrintingService, ejb-name=PrintingService, container=Default Stateless Container)
Apr 30, 2019 9:42:14 PM org.apache.openejb.assembler.classic.Assembler startEjbs
INFO: Created Ejb(deployment-id=GuestManagerBean, ejb-name=GuestManagerBean, container=Default Stateless Container)
Apr 30, 2019 9:42:14 PM org.apache.openejb.assembler.classic.Assembler startEjbs
INFO: Created Ejb(deployment-id=StudentApiMock, ejb-name=StudentApiMock, container=Default Stateless Container)
Apr 30, 2019 9:42:14 PM org.apache.openejb.assembler.classic.Assembler startEjbs
INFO: Started Ejb(deployment-id=PrintingService, ejb-name=PrintingService, container=Default Stateless Container)
Apr 30, 2019 9:42:14 PM org.apache.openejb.assembler.classic.Assembler startEjbs
INFO: Started Ejb(deployment-id=GuestManagerBean, ejb-name=GuestManagerBean, container=Default Stateless Container)
Apr 30, 2019 9:42:14 PM org.apache.openejb.assembler.classic.Assembler startEjbs
INFO: Started Ejb(deployment-id=StudentApiMock, ejb-name=StudentApiMock, container=Default Stateless Container)
Apr 30, 2019 9:42:14 PM org.apache.openejb.assembler.classic.Assembler createApplication
INFO: Deployed Application(path=/tmp/arquillian-tomee-app-working-dir/0/15c2f12e-a738-4ced-ac20-e452f464e0dc.jar)
Apr 30, 2019 9:42:14 PM null
INFO: Starting OpenJPA 2.4.1
Apr 30, 2019 9:42:15 PM null
INFO: Using dictionary class "org.apache.openjpa.jdbc.sql.HSQLDictionary" (HSQL Database Engine 2.3.2 ,HSQL Database Engine Driver 2.3.2).
Apr 30, 2019 9:42:15 PM null
INFO: Connected to HSQL Database Engine version 2.2 using JDBC driver HSQL Database Engine Driver version 2.3.2. 
Apr 30, 2019 9:42:18 PM null
INFO: The temporary file "/tmp/org.apache.openjpa.enhance.InstrumentationFactory6092901621056072116.jar" was created and it may not get cleaned up properly.
Apr 30, 2019 9:42:18 PM null
INFO: Creating subclass and redefining methods for "[class fr.unice.polytech.si4.isa.devops.teami.entities.guests.Person, class fr.unice.polytech.si4.isa.devops.teami.entities.school.Speciality, class fr.unice.polytech.si4.isa.devops.teami.entities.guests.Vip, class fr.unice.polytech.si4.isa.devops.teami.entities.guests.Student, class fr.unice.polytech.si4.isa.devops.teami.entities.ceremony.Ceremony]". This means that your application will be less efficient than it would if you ran the OpenJPA enhancer.
Speciality{name='ELEC'}
Speciality{name='SI'}
Speciality{name='MAM'}
Apr 30, 2019 9:42:23 PM org.apache.openejb.assembler.classic.Assembler destroyApplication
INFO: Undeploying app: /tmp/arquillian-tomee-app-working-dir/0/15c2f12e-a738-4ced-ac20-e452f464e0dc.jar
[ThreadedStreamConsumer] INFO org.apache.maven.plugin.surefire.SurefirePlugin - Tests run: 1, Failures: 0, Errors: 0, Skipped: 0, Time elapsed: 52.613 s - in fr.unice.polytech.si4.isa.devops.teami.LoadStudentsTest
[ThreadedStreamConsumer] INFO org.apache.maven.plugin.surefire.SurefirePlugin - Running fr.unice.polytech.si4.isa.devops.teami.GuestManagerTest
Apr 30, 2019 9:42:24 PM org.apache.openejb.config.ConfigurationFactory configureApplication
INFO: Configuring enterprise application: /tmp/arquillian-tomee-app-working-dir/0/5f0fbb34-94cd-4855-bbd1-634c23371b0b.jar
Apr 30, 2019 9:42:24 PM org.apache.openejb.config.InitEjbDeployments deploy
INFO: Auto-deploying ejb PrintingService: EjbDeployment(deployment-id=PrintingService)
Apr 30, 2019 9:42:24 PM org.apache.openejb.config.InitEjbDeployments deploy
INFO: Auto-deploying ejb StudentApiMock: EjbDeployment(deployment-id=StudentApiMock)
Apr 30, 2019 9:42:24 PM org.apache.openejb.config.InitEjbDeployments deploy
INFO: Auto-deploying ejb GuestManagerBean: EjbDeployment(deployment-id=GuestManagerBean)
Apr 30, 2019 9:42:24 PM org.apache.openejb.config.AutoConfig deploy
INFO: Configuring PersistenceUnit(name=gest_manager_persistence_unit)
Apr 30, 2019 9:42:24 PM org.apache.openejb.config.AutoConfig setJtaDataSource
INFO: Adjusting PersistenceUnit gest_manager_persistence_unit <jta-data-source> to Resource ID 'Default JDBC Database' from 'PolydiplomaDataSource'
Apr 30, 2019 9:42:24 PM org.apache.openejb.config.AutoConfig setNonJtaDataSource
INFO: Adjusting PersistenceUnit gest_manager_persistence_unit <non-jta-data-source> to Resource ID 'Default Unmanaged JDBC Database' from 'null'
Apr 30, 2019 9:42:24 PM org.apache.openejb.config.AppInfoBuilder build
INFO: Enterprise application "/tmp/arquillian-tomee-app-working-dir/0/5f0fbb34-94cd-4855-bbd1-634c23371b0b.jar" loaded.
Apr 30, 2019 9:42:24 PM org.apache.openejb.assembler.classic.Assembler createAppClassLoader
INFO: Creating dedicated application classloader for 5f0fbb34-94cd-4855-bbd1-634c23371b0b
Apr 30, 2019 9:42:24 PM org.apache.openejb.assembler.classic.Assembler createApplication
INFO: Assembling app: /tmp/arquillian-tomee-app-working-dir/0/5f0fbb34-94cd-4855-bbd1-634c23371b0b.jar
Apr 30, 2019 9:42:24 PM null
INFO: OpenJPA dynamically loaded a validation provider.
Apr 30, 2019 9:42:24 PM org.apache.openejb.assembler.classic.ReloadableEntityManagerFactory createDelegate
INFO: PersistenceUnit(name=gest_manager_persistence_unit, provider=org.apache.openjpa.persistence.PersistenceProviderImpl) - provider time 70ms
Apr 30, 2019 9:42:24 PM org.apache.openejb.assembler.classic.JndiBuilder bind
INFO: Jndi(name=PrintingServiceLocal) --> Ejb(deployment-id=PrintingService)
Apr 30, 2019 9:42:24 PM org.apache.openejb.assembler.classic.JndiBuilder bind
INFO: Jndi(name=global/5f0fbb34-94cd-4855-bbd1-634c23371b0b/PrintingService!fr.unice.polytech.si4.isa.devops.teami.api.PrintingServiceMock.IPrintingService) --> Ejb(deployment-id=PrintingService)
Apr 30, 2019 9:42:24 PM org.apache.openejb.assembler.classic.JndiBuilder bind
INFO: Jndi(name=global/5f0fbb34-94cd-4855-bbd1-634c23371b0b/PrintingService) --> Ejb(deployment-id=PrintingService)
Apr 30, 2019 9:42:24 PM org.apache.openejb.assembler.classic.JndiBuilder bind
INFO: Jndi(name=StudentApiMockLocal) --> Ejb(deployment-id=StudentApiMock)
Apr 30, 2019 9:42:24 PM org.apache.openejb.assembler.classic.JndiBuilder bind
INFO: Jndi(name=global/5f0fbb34-94cd-4855-bbd1-634c23371b0b/StudentApiMock!fr.unice.polytech.si4.isa.devops.teami.api.utils.IStudentAPI) --> Ejb(deployment-id=StudentApiMock)
Apr 30, 2019 9:42:24 PM org.apache.openejb.assembler.classic.JndiBuilder bind
INFO: Jndi(name=global/5f0fbb34-94cd-4855-bbd1-634c23371b0b/StudentApiMock) --> Ejb(deployment-id=StudentApiMock)
Apr 30, 2019 9:42:24 PM org.apache.openejb.assembler.classic.JndiBuilder bind
INFO: Jndi(name=GuestManagerBeanLocal) --> Ejb(deployment-id=GuestManagerBean)
Apr 30, 2019 9:42:24 PM org.apache.openejb.assembler.classic.JndiBuilder bind
INFO: Jndi(name=global/5f0fbb34-94cd-4855-bbd1-634c23371b0b/GuestManagerBean!fr.unice.polytech.si4.isa.devops.teami.api.GuestManager) --> Ejb(deployment-id=GuestManagerBean)
Apr 30, 2019 9:42:24 PM org.apache.openejb.assembler.classic.JndiBuilder bind
INFO: Jndi(name=global/5f0fbb34-94cd-4855-bbd1-634c23371b0b/GuestManagerBean) --> Ejb(deployment-id=GuestManagerBean)
Apr 30, 2019 9:42:24 PM org.apache.openejb.cdi.CdiBuilder initSingleton
INFO: Existing thread singleton service in SystemInstance(): org.apache.openejb.cdi.ThreadSingletonServiceImpl@57abad67
Apr 30, 2019 9:42:24 PM org.apache.openejb.cdi.OpenEJBLifecycle startApplication
INFO: OpenWebBeans Container is starting...
Apr 30, 2019 9:42:24 PM org.apache.webbeans.plugins.PluginLoader startUp
INFO: Adding OpenWebBeansPlugin : [CdiPlugin]
Apr 30, 2019 9:42:25 PM org.apache.webbeans.config.BeansDeployer validateInjectionPoints
INFO: All injection points were validated successfully.
Apr 30, 2019 9:42:25 PM org.apache.openejb.cdi.OpenEJBLifecycle startApplication
INFO: OpenWebBeans Container has started, it took 319 ms.
Apr 30, 2019 9:42:25 PM org.apache.openejb.assembler.classic.Assembler startEjbs
INFO: Created Ejb(deployment-id=PrintingService, ejb-name=PrintingService, container=Default Stateless Container)
Apr 30, 2019 9:42:25 PM org.apache.openejb.assembler.classic.Assembler startEjbs
INFO: Created Ejb(deployment-id=GuestManagerBean, ejb-name=GuestManagerBean, container=Default Stateless Container)
Apr 30, 2019 9:42:25 PM org.apache.openejb.assembler.classic.Assembler startEjbs
INFO: Created Ejb(deployment-id=StudentApiMock, ejb-name=StudentApiMock, container=Default Stateless Container)
Apr 30, 2019 9:42:25 PM org.apache.openejb.assembler.classic.Assembler startEjbs
INFO: Started Ejb(deployment-id=PrintingService, ejb-name=PrintingService, container=Default Stateless Container)
Apr 30, 2019 9:42:25 PM org.apache.openejb.assembler.classic.Assembler startEjbs
INFO: Started Ejb(deployment-id=GuestManagerBean, ejb-name=GuestManagerBean, container=Default Stateless Container)
Apr 30, 2019 9:42:25 PM org.apache.openejb.assembler.classic.Assembler startEjbs
INFO: Started Ejb(deployment-id=StudentApiMock, ejb-name=StudentApiMock, container=Default Stateless Container)
Apr 30, 2019 9:42:25 PM org.apache.openejb.assembler.classic.Assembler createApplication
INFO: Deployed Application(path=/tmp/arquillian-tomee-app-working-dir/0/5f0fbb34-94cd-4855-bbd1-634c23371b0b.jar)
Apr 30, 2019 9:42:25 PM null
INFO: Starting OpenJPA 2.4.1
Apr 30, 2019 9:42:25 PM null
INFO: Using dictionary class "org.apache.openjpa.jdbc.sql.HSQLDictionary" (HSQL Database Engine 2.3.2 ,HSQL Database Engine Driver 2.3.2).
Apr 30, 2019 9:42:25 PM null
INFO: Connected to HSQL Database Engine version 2.2 using JDBC driver HSQL Database Engine Driver version 2.3.2. 
Apr 30, 2019 9:42:26 PM null
INFO: Creating subclass and redefining methods for "[class fr.unice.polytech.si4.isa.devops.teami.entities.guests.Person, class fr.unice.polytech.si4.isa.devops.teami.entities.school.Speciality, class fr.unice.polytech.si4.isa.devops.teami.entities.guests.Vip, class fr.unice.polytech.si4.isa.devops.teami.entities.guests.Student, class fr.unice.polytech.si4.isa.devops.teami.entities.ceremony.Ceremony]". This means that your application will be less efficient than it would if you ran the OpenJPA enhancer.
Apr 30, 2019 9:42:28 PM org.apache.openejb.assembler.classic.Assembler destroyApplication
INFO: Undeploying app: /tmp/arquillian-tomee-app-working-dir/0/5f0fbb34-94cd-4855-bbd1-634c23371b0b.jar
[ThreadedStreamConsumer] INFO org.apache.maven.plugin.surefire.SurefirePlugin - Tests run: 5, Failures: 0, Errors: 0, Skipped: 0, Time elapsed: 4.822 s - in fr.unice.polytech.si4.isa.devops.teami.GuestManagerTest
[ThreadedStreamConsumer] INFO org.apache.maven.plugin.surefire.SurefirePlugin - Running fr.unice.polytech.si4.isa.devops.teami.VipTest
Apr 30, 2019 9:42:29 PM org.apache.openejb.config.ConfigurationFactory configureApplication
INFO: Configuring enterprise application: /tmp/arquillian-tomee-app-working-dir/0/2845a599-1a20-4c62-aa7b-05efb7ac0931.jar
Apr 30, 2019 9:42:29 PM org.apache.openejb.config.InitEjbDeployments deploy
INFO: Auto-deploying ejb PrintingService: EjbDeployment(deployment-id=PrintingService)
Apr 30, 2019 9:42:29 PM org.apache.openejb.config.InitEjbDeployments deploy
INFO: Auto-deploying ejb GuestManagerBean: EjbDeployment(deployment-id=GuestManagerBean)
Apr 30, 2019 9:42:29 PM org.apache.openejb.config.InitEjbDeployments deploy
INFO: Auto-deploying ejb StudentApiMock: EjbDeployment(deployment-id=StudentApiMock)
Apr 30, 2019 9:42:29 PM org.apache.openejb.config.AutoConfig deploy
INFO: Configuring PersistenceUnit(name=gest_manager_persistence_unit)
Apr 30, 2019 9:42:29 PM org.apache.openejb.config.AutoConfig setJtaDataSource
INFO: Adjusting PersistenceUnit gest_manager_persistence_unit <jta-data-source> to Resource ID 'Default JDBC Database' from 'PolydiplomaDataSource'
Apr 30, 2019 9:42:29 PM org.apache.openejb.config.AutoConfig setNonJtaDataSource
INFO: Adjusting PersistenceUnit gest_manager_persistence_unit <non-jta-data-source> to Resource ID 'Default Unmanaged JDBC Database' from 'null'
Apr 30, 2019 9:42:29 PM org.apache.openejb.config.AppInfoBuilder build
INFO: Enterprise application "/tmp/arquillian-tomee-app-working-dir/0/2845a599-1a20-4c62-aa7b-05efb7ac0931.jar" loaded.
Apr 30, 2019 9:42:29 PM org.apache.openejb.assembler.classic.Assembler createAppClassLoader
INFO: Creating dedicated application classloader for 2845a599-1a20-4c62-aa7b-05efb7ac0931
Apr 30, 2019 9:42:29 PM org.apache.openejb.assembler.classic.Assembler createApplication
INFO: Assembling app: /tmp/arquillian-tomee-app-working-dir/0/2845a599-1a20-4c62-aa7b-05efb7ac0931.jar
Apr 30, 2019 9:42:29 PM null
INFO: OpenJPA dynamically loaded a validation provider.
Apr 30, 2019 9:42:29 PM org.apache.openejb.assembler.classic.ReloadableEntityManagerFactory createDelegate
INFO: PersistenceUnit(name=gest_manager_persistence_unit, provider=org.apache.openjpa.persistence.PersistenceProviderImpl) - provider time 55ms
Apr 30, 2019 9:42:29 PM org.apache.openejb.assembler.classic.JndiBuilder bind
INFO: Jndi(name=PrintingServiceLocal) --> Ejb(deployment-id=PrintingService)
Apr 30, 2019 9:42:29 PM org.apache.openejb.assembler.classic.JndiBuilder bind
INFO: Jndi(name=global/2845a599-1a20-4c62-aa7b-05efb7ac0931/PrintingService!fr.unice.polytech.si4.isa.devops.teami.api.PrintingServiceMock.IPrintingService) --> Ejb(deployment-id=PrintingService)
Apr 30, 2019 9:42:29 PM org.apache.openejb.assembler.classic.JndiBuilder bind
INFO: Jndi(name=global/2845a599-1a20-4c62-aa7b-05efb7ac0931/PrintingService) --> Ejb(deployment-id=PrintingService)
Apr 30, 2019 9:42:29 PM org.apache.openejb.assembler.classic.JndiBuilder bind
INFO: Jndi(name=GuestManagerBeanLocal) --> Ejb(deployment-id=GuestManagerBean)
Apr 30, 2019 9:42:29 PM org.apache.openejb.assembler.classic.JndiBuilder bind
INFO: Jndi(name=global/2845a599-1a20-4c62-aa7b-05efb7ac0931/GuestManagerBean!fr.unice.polytech.si4.isa.devops.teami.api.GuestManager) --> Ejb(deployment-id=GuestManagerBean)
Apr 30, 2019 9:42:29 PM org.apache.openejb.assembler.classic.JndiBuilder bind
INFO: Jndi(name=global/2845a599-1a20-4c62-aa7b-05efb7ac0931/GuestManagerBean) --> Ejb(deployment-id=GuestManagerBean)
Apr 30, 2019 9:42:29 PM org.apache.openejb.assembler.classic.JndiBuilder bind
INFO: Jndi(name=StudentApiMockLocal) --> Ejb(deployment-id=StudentApiMock)
Apr 30, 2019 9:42:29 PM org.apache.openejb.assembler.classic.JndiBuilder bind
INFO: Jndi(name=global/2845a599-1a20-4c62-aa7b-05efb7ac0931/StudentApiMock!fr.unice.polytech.si4.isa.devops.teami.api.utils.IStudentAPI) --> Ejb(deployment-id=StudentApiMock)
Apr 30, 2019 9:42:29 PM org.apache.openejb.assembler.classic.JndiBuilder bind
INFO: Jndi(name=global/2845a599-1a20-4c62-aa7b-05efb7ac0931/StudentApiMock) --> Ejb(deployment-id=StudentApiMock)
Apr 30, 2019 9:42:29 PM org.apache.openejb.cdi.CdiBuilder initSingleton
INFO: Existing thread singleton service in SystemInstance(): org.apache.openejb.cdi.ThreadSingletonServiceImpl@57abad67
Apr 30, 2019 9:42:29 PM org.apache.openejb.cdi.OpenEJBLifecycle startApplication
INFO: OpenWebBeans Container is starting...
Apr 30, 2019 9:42:29 PM org.apache.webbeans.plugins.PluginLoader startUp
INFO: Adding OpenWebBeansPlugin : [CdiPlugin]
Apr 30, 2019 9:42:29 PM org.apache.webbeans.config.BeansDeployer validateInjectionPoints
INFO: All injection points were validated successfully.
Apr 30, 2019 9:42:29 PM org.apache.openejb.cdi.OpenEJBLifecycle startApplication
INFO: OpenWebBeans Container has started, it took 241 ms.
Apr 30, 2019 9:42:29 PM org.apache.openejb.assembler.classic.Assembler startEjbs
INFO: Created Ejb(deployment-id=PrintingService, ejb-name=PrintingService, container=Default Stateless Container)
Apr 30, 2019 9:42:29 PM org.apache.openejb.assembler.classic.Assembler startEjbs
INFO: Created Ejb(deployment-id=GuestManagerBean, ejb-name=GuestManagerBean, container=Default Stateless Container)
Apr 30, 2019 9:42:29 PM org.apache.openejb.assembler.classic.Assembler startEjbs
INFO: Created Ejb(deployment-id=StudentApiMock, ejb-name=StudentApiMock, container=Default Stateless Container)
Apr 30, 2019 9:42:29 PM org.apache.openejb.assembler.classic.Assembler startEjbs
INFO: Started Ejb(deployment-id=PrintingService, ejb-name=PrintingService, container=Default Stateless Container)
Apr 30, 2019 9:42:29 PM org.apache.openejb.assembler.classic.Assembler startEjbs
INFO: Started Ejb(deployment-id=GuestManagerBean, ejb-name=GuestManagerBean, container=Default Stateless Container)
Apr 30, 2019 9:42:29 PM org.apache.openejb.assembler.classic.Assembler startEjbs
INFO: Started Ejb(deployment-id=StudentApiMock, ejb-name=StudentApiMock, container=Default Stateless Container)
Apr 30, 2019 9:42:29 PM org.apache.openejb.assembler.classic.Assembler createApplication
INFO: Deployed Application(path=/tmp/arquillian-tomee-app-working-dir/0/2845a599-1a20-4c62-aa7b-05efb7ac0931.jar)
Apr 30, 2019 9:42:29 PM null
INFO: Starting OpenJPA 2.4.1
Apr 30, 2019 9:42:29 PM null
INFO: Using dictionary class "org.apache.openjpa.jdbc.sql.HSQLDictionary" (HSQL Database Engine 2.3.2 ,HSQL Database Engine Driver 2.3.2).
Apr 30, 2019 9:42:29 PM null
INFO: Connected to HSQL Database Engine version 2.2 using JDBC driver HSQL Database Engine Driver version 2.3.2. 
Apr 30, 2019 9:42:29 PM null
INFO: Creating subclass and redefining methods for "[class fr.unice.polytech.si4.isa.devops.teami.entities.guests.Person, class fr.unice.polytech.si4.isa.devops.teami.entities.school.Speciality, class fr.unice.polytech.si4.isa.devops.teami.entities.guests.Vip, class fr.unice.polytech.si4.isa.devops.teami.entities.guests.Student, class fr.unice.polytech.si4.isa.devops.teami.entities.ceremony.Ceremony]". This means that your application will be less efficient than it would if you ran the OpenJPA enhancer.
Apr 30, 2019 9:42:30 PM org.apache.openejb.assembler.classic.Assembler destroyApplication
INFO: Undeploying app: /tmp/arquillian-tomee-app-working-dir/0/2845a599-1a20-4c62-aa7b-05efb7ac0931.jar
[ThreadedStreamConsumer] INFO org.apache.maven.plugin.surefire.SurefirePlugin - Tests run: 4, Failures: 0, Errors: 0, Skipped: 0, Time elapsed: 1.922 s - in fr.unice.polytech.si4.isa.devops.teami.VipTest
Apr 30, 2019 9:42:30 PM org.apache.coyote.AbstractProtocol stop
INFO: Stopping ProtocolHandler ["http-nio-8080"]
Apr 30, 2019 9:42:30 PM org.apache.coyote.AbstractProtocol pause
INFO: Pausing ProtocolHandler ["http-nio-8080"]
Apr 30, 2019 9:42:30 PM org.apache.catalina.core.StandardService stopInternal
INFO: Stopping service Tomcat
Apr 30, 2019 9:42:31 PM org.apache.openejb.assembler.classic.Assembler doResourceDestruction
INFO: Closing DataSource: Default JDBC Database
Apr 30, 2019 9:42:31 PM org.apache.openejb.assembler.classic.Assembler doResourceDestruction
INFO: Closing DataSource: Default Unmanaged JDBC Database
Apr 30, 2019 9:42:31 PM org.apache.coyote.AbstractProtocol destroy
INFO: Destroying ProtocolHandler ["http-nio-8080"]
[main] INFO org.apache.maven.plugin.surefire.SurefirePlugin - 
[main] INFO org.apache.maven.plugin.surefire.SurefirePlugin - Results:
[main] INFO org.apache.maven.plugin.surefire.SurefirePlugin - 
[main] INFO org.apache.maven.plugin.surefire.SurefirePlugin - Tests run: 10, Failures: 0, Errors: 0, Skipped: 0
[main] INFO org.apache.maven.plugin.surefire.SurefirePlugin - 
[main] INFO org.apache.maven.cli.event.ExecutionEventLogger - 
[main] INFO org.apache.maven.cli.event.ExecutionEventLogger - --- maven-jar-plugin:3.0.2:jar (default-jar) @ teami-guest-manager ---
[main] INFO org.codehaus.plexus.archiver.jar.JarArchiver - Building jar: /var/jenkins_home/workspace/teami-guest-manager/target/teami-guest-manager-1.0.jar
[main] INFO org.apache.maven.cli.event.ExecutionEventLogger - 
[main] INFO org.apache.maven.cli.event.ExecutionEventLogger - --- maven-install-plugin:2.5.2:install (default-install) @ teami-guest-manager ---
[main] INFO org.codehaus.plexus.PlexusContainer - Installing /var/jenkins_home/workspace/teami-guest-manager/target/teami-guest-manager-1.0.jar to /var/jenkins_home/workspace/teami-guest-manager/?/.m2/repository/fr/unice/polytech/si4/isa/devops/teami/teami-guest-manager/1.0/teami-guest-manager-1.0.jar
[main] INFO org.codehaus.plexus.PlexusContainer - Installing /var/jenkins_home/workspace/teami-guest-manager/pom.xml to /var/jenkins_home/workspace/teami-guest-manager/?/.m2/repository/fr/unice/polytech/si4/isa/devops/teami/teami-guest-manager/1.0/teami-guest-manager-1.0.pom
[main] INFO org.apache.maven.cli.event.ExecutionEventLogger - 
[main] INFO org.apache.maven.cli.event.ExecutionEventLogger - --- maven-resources-plugin:3.0.2:resources (default-resources) @ teami-guest-manager ---
[main] INFO org.apache.maven.shared.filtering.DefaultMavenResourcesFiltering - Using 'UTF-8' encoding to copy filtered resources.
[main] INFO org.apache.maven.shared.filtering.DefaultMavenResourcesFiltering - skip non existing resourceDirectory /var/jenkins_home/workspace/teami-guest-manager/src/main/resources
[main] INFO org.apache.maven.cli.event.ExecutionEventLogger - 
[main] INFO org.apache.maven.cli.event.ExecutionEventLogger - --- maven-compiler-plugin:3.8.0:compile (default-compile) @ teami-guest-manager ---
[main] INFO org.apache.maven.plugin.compiler.CompilerMojo - Nothing to compile - all classes are up to date
[main] INFO org.apache.maven.cli.event.ExecutionEventLogger - 
[main] INFO org.apache.maven.cli.event.ExecutionEventLogger - --- maven-resources-plugin:3.0.2:testResources (default-testResources) @ teami-guest-manager ---
[main] INFO org.apache.maven.shared.filtering.DefaultMavenResourcesFiltering - Using 'UTF-8' encoding to copy filtered resources.
[main] INFO org.apache.maven.shared.filtering.DefaultMavenResourcesFiltering - Copying 2 resources
[main] INFO org.apache.maven.cli.event.ExecutionEventLogger - 
[main] INFO org.apache.maven.cli.event.ExecutionEventLogger - --- maven-compiler-plugin:3.8.0:testCompile (default-testCompile) @ teami-guest-manager ---
[main] INFO org.apache.maven.plugin.compiler.TestCompilerMojo - Nothing to compile - all classes are up to date
[main] INFO org.apache.maven.cli.event.ExecutionEventLogger - 
[main] INFO org.apache.maven.cli.event.ExecutionEventLogger - --- maven-surefire-plugin:2.22.1:test (default-test) @ teami-guest-manager ---
[main] INFO org.apache.maven.plugin.surefire.SurefirePlugin - Skipping execution of surefire because it has already been run for this configuration
[main] INFO org.apache.maven.cli.event.ExecutionEventLogger - 
[main] INFO org.apache.maven.cli.event.ExecutionEventLogger - --- maven-jar-plugin:3.0.2:jar (default-jar) @ teami-guest-manager ---
[main] INFO org.apache.maven.cli.event.ExecutionEventLogger - 
[main] INFO org.apache.maven.cli.event.ExecutionEventLogger - --- maven-install-plugin:2.5.2:install (default-install) @ teami-guest-manager ---
[main] INFO org.codehaus.plexus.PlexusContainer - Installing /var/jenkins_home/workspace/teami-guest-manager/target/teami-guest-manager-1.0.jar to /var/jenkins_home/workspace/teami-guest-manager/?/.m2/repository/fr/unice/polytech/si4/isa/devops/teami/teami-guest-manager/1.0/teami-guest-manager-1.0.jar
[main] INFO org.codehaus.plexus.PlexusContainer - Installing /var/jenkins_home/workspace/teami-guest-manager/pom.xml to /var/jenkins_home/workspace/teami-guest-manager/?/.m2/repository/fr/unice/polytech/si4/isa/devops/teami/teami-guest-manager/1.0/teami-guest-manager-1.0.pom
[main] INFO org.apache.maven.cli.event.ExecutionEventLogger - 
[main] INFO org.apache.maven.cli.event.ExecutionEventLogger - --- maven-deploy-plugin:2.8.2:deploy (default-deploy) @ teami-guest-manager ---
Uploading to teami: http://vps663090.ovh.net:8081/artifactory/libs-release/fr/unice/polytech/si4/isa/devops/teami/teami-guest-manager/1.0/teami-guest-manager-1.0.jar
Progress (1): 2.0/13 kBProgress (1): 4.1/13 kBProgress (1): 6.1/13 kBProgress (1): 8.2/13 kBProgress (1): 10/13 kB Progress (1): 12/13 kBProgress (1): 13 kB                      Uploaded to teami: http://vps663090.ovh.net:8081/artifactory/libs-release/fr/unice/polytech/si4/isa/devops/teami/teami-guest-manager/1.0/teami-guest-manager-1.0.jar (13 kB at 37 kB/s)
Uploading to teami: http://vps663090.ovh.net:8081/artifactory/libs-release/fr/unice/polytech/si4/isa/devops/teami/teami-guest-manager/1.0/teami-guest-manager-1.0.pom
Progress (1): 2.0/4.6 kBProgress (1): 4.1/4.6 kBProgress (1): 4.6 kB                        Uploaded to teami: http://vps663090.ovh.net:8081/artifactory/libs-release/fr/unice/polytech/si4/isa/devops/teami/teami-guest-manager/1.0/teami-guest-manager-1.0.pom (4.6 kB at 29 kB/s)
Downloading from teami: http://vps663090.ovh.net:8081/artifactory/libs-release/fr/unice/polytech/si4/isa/devops/teami/teami-guest-manager/maven-metadata.xml
Progress (1): 358 B                   [WARNING] Checksum validation failed, expected 88bc10c32311979ba00e9280568e5b55b5e8e46e but is 86796897fe3499308b22f12b4422ee9b5cb17c6d from teami for http://vps663090.ovh.net:8081/artifactory/libs-release/fr/unice/polytech/si4/isa/devops/teami/teami-guest-manager/maven-metadata.xml
Progress (1): 404 B                   Downloaded from teami: http://vps663090.ovh.net:8081/artifactory/libs-release/fr/unice/polytech/si4/isa/devops/teami/teami-guest-manager/maven-metadata.xml (404 B at 702 B/s)
Uploading to teami: http://vps663090.ovh.net:8081/artifactory/libs-release/fr/unice/polytech/si4/isa/devops/teami/teami-guest-manager/maven-metadata.xml
Progress (1): 358 B                   Uploaded to teami: http://vps663090.ovh.net:8081/artifactory/libs-release/fr/unice/polytech/si4/isa/devops/teami/teami-guest-manager/maven-metadata.xml (358 B at 2.9 kB/s)
[main] INFO org.jfrog.build.extractor.maven.BuildDeploymentHelper - Artifactory Build Info Recorder: Saving Build Info to '/var/jenkins_home/workspace/teami-guest-manager/target/build-info.json'
[main] INFO org.jfrog.build.extractor.maven.BuildDeploymentHelper - Artifactory Build Info Recorder: deploy artifacts set to false, artifacts will not be deployed...
[main] INFO org.jfrog.build.extractor.maven.BuildDeploymentHelper - Artifactory Build Info Recorder: Deploying build info ...
[main] INFO org.jfrog.build.extractor.maven.BuildInfoClientBuilder - Deploying build descriptor to: http://vps663090.ovh.net:8081/artifactory/api/build
[main] INFO org.jfrog.build.extractor.maven.BuildInfoClientBuilder - Build successfully deployed. Browse it in Artifactory under http://vps663090.ovh.net:8081/artifactory/webapp/builds/teami-guest-manager/30
[main] INFO org.apache.maven.cli.event.ExecutionEventLogger - ------------------------------------------------------------------------
[main] INFO org.apache.maven.cli.event.ExecutionEventLogger - BUILD SUCCESS
[main] INFO org.apache.maven.cli.event.ExecutionEventLogger - ------------------------------------------------------------------------
[main] INFO org.apache.maven.cli.event.ExecutionEventLogger - Total time:  02:30 min
[main] INFO org.apache.maven.cli.event.ExecutionEventLogger - Finished at: 2019-04-30T21:42:50Z
[main] INFO org.apache.maven.cli.event.ExecutionEventLogger - ------------------------------------------------------------------------
Finished: SUCCESS
