Started by GitHub push by KienanBachwa
Building in workspace /var/jenkins_home/workspace/teami-polydiploma-entities
using credential 97fbda0c-87a0-475d-b85b-e27c7e4a8d2a
 > git rev-parse --is-inside-work-tree # timeout=10
Fetching changes from the remote Git repository
 > git config remote.origin.url https://github.com/pns-isa-devops-1819/teami-polydiploma-entities.git # timeout=10
Fetching upstream changes from https://github.com/pns-isa-devops-1819/teami-polydiploma-entities.git
 > git --version # timeout=10
using GIT_ASKPASS to set credentials 
 > git fetch --tags --force --progress https://github.com/pns-isa-devops-1819/teami-polydiploma-entities.git +refs/heads/*:refs/remotes/origin/*
 > git rev-parse refs/remotes/origin/master^{commit} # timeout=10
 > git rev-parse refs/remotes/origin/origin/master^{commit} # timeout=10
Checking out Revision d8f5b014e3782e77770f73729664ce8548c51bcb (refs/remotes/origin/master)
 > git config core.sparsecheckout # timeout=10
 > git checkout -f d8f5b014e3782e77770f73729664ce8548c51bcb
Commit message: "removed all useless imports #35 fixed bug nullpointerexception with createoffer and getoffers (api null) moved webservices into war"
 > git rev-list --no-walk 12b70c68da764b60ced3504cc06c330b2759fe82 # timeout=10
Jenkins Artifactory Plugin version: 3.2.2
Artifactory integration is enabled
[teami-polydiploma-entities] $ /usr/lib/jvm/java-1.8-openjdk/bin/java -classpath /var/jenkins_home/tools/hudson.tasks.Maven_MavenInstallation/M3/boot/* -Dmaven.home=/var/jenkins_home/tools/hudson.tasks.Maven_MavenInstallation/M3 -Dmaven.conf=/var/jenkins_home/tools/hudson.tasks.Maven_MavenInstallation/M3/conf -DbuildInfoConfig.propertiesFile=/var/jenkins_home/workspace/teami-polydiploma-entities@tmp/artifactory/buildInfo4085131386622931951.properties -DbuildInfoConfig.artifactoryResolutionEnabled=true -Dm3plugin.lib=/var/jenkins_home/workspace/teami-polydiploma-entities/cache/artifactory-plugin/3.2.2 -Dclassworlds.conf=/var/jenkins_home/workspace/teami-polydiploma-entities/classworlds7154974843575497623conf -Dmaven.multiModuleProjectDirectory=/var/jenkins_home/workspace/teami-polydiploma-entities org.codehaus.plexus.classworlds.launcher.Launcher clean install deploy
[main] INFO org.apache.maven.cli.event.ExecutionEventLogger - Scanning for projects...
[main] INFO org.jfrog.build.extractor.maven.BuildInfoRecorder - Initializing Artifactory Build-Info Recording
[main] INFO org.apache.maven.cli.event.ExecutionEventLogger - 
[main] INFO org.apache.maven.cli.event.ExecutionEventLogger - --< fr.unice.polytech.si4.isa.devops.teami:teami-polydiploma-entities >--
[main] INFO org.apache.maven.cli.event.ExecutionEventLogger - Building teami-polydiploma-entities 1.3
[main] INFO org.apache.maven.cli.event.ExecutionEventLogger - --------------------------------[ jar ]---------------------------------
[main] INFO org.apache.maven.cli.event.ExecutionEventLogger - 
[main] INFO org.apache.maven.cli.event.ExecutionEventLogger - --- maven-clean-plugin:3.1.0:clean (default-clean) @ teami-polydiploma-entities ---
[main] INFO org.apache.maven.plugins.clean.CleanMojo - Deleting /var/jenkins_home/workspace/teami-polydiploma-entities/target
[main] INFO org.apache.maven.cli.event.ExecutionEventLogger - 
[main] INFO org.apache.maven.cli.event.ExecutionEventLogger - --- maven-resources-plugin:3.0.2:resources (default-resources) @ teami-polydiploma-entities ---
[main] INFO org.apache.maven.shared.filtering.DefaultMavenResourcesFiltering - Using 'UTF-8' encoding to copy filtered resources.
[main] INFO org.apache.maven.shared.filtering.DefaultMavenResourcesFiltering - skip non existing resourceDirectory /var/jenkins_home/workspace/teami-polydiploma-entities/src/main/resources
[main] INFO org.apache.maven.cli.event.ExecutionEventLogger - 
[main] INFO org.apache.maven.cli.event.ExecutionEventLogger - --- maven-compiler-plugin:3.8.0:compile (default-compile) @ teami-polydiploma-entities ---
[main] INFO org.apache.maven.plugin.compiler.CompilerMojo - Changes detected - recompiling the module!
[main] INFO org.codehaus.plexus.compiler.javac.JavacCompiler - Compiling 17 source files to /var/jenkins_home/workspace/teami-polydiploma-entities/target/classes
[main] INFO org.apache.maven.cli.event.ExecutionEventLogger - 
[main] INFO org.apache.maven.cli.event.ExecutionEventLogger - --- maven-resources-plugin:3.0.2:testResources (default-testResources) @ teami-polydiploma-entities ---
[main] INFO org.apache.maven.shared.filtering.DefaultMavenResourcesFiltering - Using 'UTF-8' encoding to copy filtered resources.
[main] INFO org.apache.maven.shared.filtering.DefaultMavenResourcesFiltering - Copying 2 resources
[main] INFO org.apache.maven.cli.event.ExecutionEventLogger - 
[main] INFO org.apache.maven.cli.event.ExecutionEventLogger - --- maven-compiler-plugin:3.8.0:testCompile (default-testCompile) @ teami-polydiploma-entities ---
[main] INFO org.apache.maven.plugin.compiler.TestCompilerMojo - Changes detected - recompiling the module!
[main] INFO org.codehaus.plexus.compiler.javac.JavacCompiler - Compiling 15 source files to /var/jenkins_home/workspace/teami-polydiploma-entities/target/test-classes
[main] INFO org.apache.maven.cli.event.ExecutionEventLogger - 
[main] INFO org.apache.maven.cli.event.ExecutionEventLogger - --- maven-surefire-plugin:2.22.1:test (default-test) @ teami-polydiploma-entities ---
[main] INFO org.apache.maven.plugin.surefire.SurefirePlugin - 
[main] INFO org.apache.maven.plugin.surefire.SurefirePlugin - -------------------------------------------------------
[main] INFO org.apache.maven.plugin.surefire.SurefirePlugin -  T E S T S
[main] INFO org.apache.maven.plugin.surefire.SurefirePlugin - -------------------------------------------------------
[ThreadedStreamConsumer] INFO org.apache.maven.plugin.surefire.SurefirePlugin - Running fr.unice.polytech.si4.isa.devops.teami.entities.guests.VipTest
1357  classpath-bootstrap  INFO   [main] openjpa.Runtime - OpenJPA dynamically loaded a validation provider.
Apr 28, 2019 9:02:33 PM org.apache.tomee.embedded.Container start
INFO: Starting TomEE from: /tmp/arquillian-apache-tomee
Apr 28, 2019 9:02:34 PM org.apache.coyote.AbstractProtocol init
INFO: Initializing ProtocolHandler ["http-nio-8080"]
Apr 28, 2019 9:02:34 PM org.apache.coyote.AbstractProtocol init
SEVERE: Failed to initialize end point associated with ProtocolHandler ["http-nio-8080"]
java.net.BindException: Address in use
	at sun.nio.ch.Net.bind0(Native Method)
	at sun.nio.ch.Net.bind(Net.java:433)
	at sun.nio.ch.Net.bind(Net.java:425)
	at sun.nio.ch.ServerSocketChannelImpl.bind(ServerSocketChannelImpl.java:223)
	at sun.nio.ch.ServerSocketAdaptor.bind(ServerSocketAdaptor.java:74)
	at org.apache.tomcat.util.net.NioEndpoint.bind(NioEndpoint.java:228)
	at org.apache.tomcat.util.net.AbstractEndpoint.init(AbstractEndpoint.java:866)
	at org.apache.tomcat.util.net.AbstractJsseEndpoint.init(AbstractJsseEndpoint.java:213)
	at org.apache.coyote.AbstractProtocol.init(AbstractProtocol.java:575)
	at org.apache.coyote.http11.AbstractHttp11Protocol.init(AbstractHttp11Protocol.java:65)
	at org.apache.catalina.connector.Connector.initInternal(Connector.java:944)
	at org.apache.catalina.util.LifecycleBase.init(LifecycleBase.java:107)
	at org.apache.catalina.core.StandardService.initInternal(StandardService.java:549)
	at org.apache.catalina.util.LifecycleBase.init(LifecycleBase.java:107)
	at org.apache.catalina.core.StandardServer.initInternal(StandardServer.java:873)
	at org.apache.catalina.util.LifecycleBase.init(LifecycleBase.java:107)
	at org.apache.catalina.startup.Tomcat.init(Tomcat.java:344)
	at org.apache.tomee.embedded.Container.start(Container.java:679)
	at org.apache.openejb.arquillian.embedded.EmbeddedTomEEContainer.start(EmbeddedTomEEContainer.java:135)
	at org.jboss.arquillian.container.impl.ContainerImpl.start(ContainerImpl.java:199)
	at org.jboss.arquillian.container.impl.client.container.ContainerLifecycleController$8.perform(ContainerLifecycleController.java:163)
	at org.jboss.arquillian.container.impl.client.container.ContainerLifecycleController$8.perform(ContainerLifecycleController.java:157)
	at org.jboss.arquillian.container.impl.client.container.ContainerLifecycleController.forContainer(ContainerLifecycleController.java:255)
	at org.jboss.arquillian.container.impl.client.container.ContainerLifecycleController.startContainer(ContainerLifecycleController.java:156)
	at sun.reflect.NativeMethodAccessorImpl.invoke0(Native Method)
	at sun.reflect.NativeMethodAccessorImpl.invoke(NativeMethodAccessorImpl.java:62)
	at sun.reflect.DelegatingMethodAccessorImpl.invoke(DelegatingMethodAccessorImpl.java:43)
	at java.lang.reflect.Method.invoke(Method.java:498)
	at org.jboss.arquillian.core.impl.ObserverImpl.invoke(ObserverImpl.java:96)
	at org.jboss.arquillian.core.impl.EventContextImpl.invokeObservers(EventContextImpl.java:99)
	at org.jboss.arquillian.core.impl.EventContextImpl.proceed(EventContextImpl.java:81)
	at org.jboss.arquillian.container.impl.client.ContainerDeploymentContextHandler.createContainerContext(ContainerDeploymentContextHandler.java:57)
	at sun.reflect.NativeMethodAccessorImpl.invoke0(Native Method)
	at sun.reflect.NativeMethodAccessorImpl.invoke(NativeMethodAccessorImpl.java:62)
	at sun.reflect.DelegatingMethodAccessorImpl.invoke(DelegatingMethodAccessorImpl.java:43)
	at java.lang.reflect.Method.invoke(Method.java:498)
	at org.jboss.arquillian.core.impl.ObserverImpl.invoke(ObserverImpl.java:96)
	at org.jboss.arquillian.core.impl.EventContextImpl.proceed(EventContextImpl.java:88)
	at org.jboss.arquillian.core.impl.ManagerImpl.fire(ManagerImpl.java:145)
	at org.jboss.arquillian.core.impl.ManagerImpl.fire(ManagerImpl.java:116)
	at org.jboss.arquillian.core.impl.EventImpl.fire(EventImpl.java:67)
	at org.jboss.arquillian.container.impl.client.container.ContainerLifecycleController$2.perform(ContainerLifecycleController.java:77)
	at org.jboss.arquillian.container.impl.client.container.ContainerLifecycleController$2.perform(ContainerLifecycleController.java:70)
	at org.jboss.arquillian.container.impl.client.container.ContainerLifecycleController.forEachSuiteContainer(ContainerLifecycleController.java:221)
	at org.jboss.arquillian.container.impl.client.container.ContainerLifecycleController.startSuiteContainers(ContainerLifecycleController.java:69)
	at sun.reflect.NativeMethodAccessorImpl.invoke0(Native Method)
	at sun.reflect.NativeMethodAccessorImpl.invoke(NativeMethodAccessorImpl.java:62)
	at sun.reflect.DelegatingMethodAccessorImpl.invoke(DelegatingMethodAccessorImpl.java:43)
	at java.lang.reflect.Method.invoke(Method.java:498)
	at org.jboss.arquillian.core.impl.ObserverImpl.invoke(ObserverImpl.java:96)
	at org.jboss.arquillian.core.impl.EventContextImpl.invokeObservers(EventContextImpl.java:99)
	at org.jboss.arquillian.core.impl.EventContextImpl.proceed(EventContextImpl.java:81)
	at org.jboss.arquillian.core.impl.ManagerImpl.fire(ManagerImpl.java:145)
	at org.jboss.arquillian.core.impl.ManagerImpl.fire(ManagerImpl.java:116)
	at org.jboss.arquillian.core.impl.EventImpl.fire(EventImpl.java:67)
	at org.jboss.arquillian.container.test.impl.client.ContainerEventController.execute(ContainerEventController.java:86)
	at sun.reflect.NativeMethodAccessorImpl.invoke0(Native Method)
	at sun.reflect.NativeMethodAccessorImpl.invoke(NativeMethodAccessorImpl.java:62)
	at sun.reflect.DelegatingMethodAccessorImpl.invoke(DelegatingMethodAccessorImpl.java:43)
	at java.lang.reflect.Method.invoke(Method.java:498)
	at org.jboss.arquillian.core.impl.ObserverImpl.invoke(ObserverImpl.java:96)
	at org.jboss.arquillian.core.impl.EventContextImpl.invokeObservers(EventContextImpl.java:99)
	at org.jboss.arquillian.core.impl.EventContextImpl.proceed(EventContextImpl.java:81)
	at org.jboss.arquillian.test.impl.TestContextHandler.createSuiteContext(TestContextHandler.java:73)
	at sun.reflect.NativeMethodAccessorImpl.invoke0(Native Method)
	at sun.reflect.NativeMethodAccessorImpl.invoke(NativeMethodAccessorImpl.java:62)
	at sun.reflect.DelegatingMethodAccessorImpl.invoke(DelegatingMethodAccessorImpl.java:43)
	at java.lang.reflect.Method.invoke(Method.java:498)
	at org.jboss.arquillian.core.impl.ObserverImpl.invoke(ObserverImpl.java:96)
	at org.jboss.arquillian.core.impl.EventContextImpl.proceed(EventContextImpl.java:88)
	at org.jboss.arquillian.core.impl.ManagerImpl.fire(ManagerImpl.java:145)
	at org.jboss.arquillian.core.impl.ManagerImpl.fire(ManagerImpl.java:116)
	at org.jboss.arquillian.test.impl.EventTestRunnerAdaptor.beforeSuite(EventTestRunnerAdaptor.java:75)
	at org.jboss.arquillian.junit.Arquillian.run(Arquillian.java:116)
	at org.apache.maven.surefire.junit4.JUnit4Provider.execute(JUnit4Provider.java:365)
	at org.apache.maven.surefire.junit4.JUnit4Provider.executeWithRerun(JUnit4Provider.java:273)
	at org.apache.maven.surefire.junit4.JUnit4Provider.executeTestSet(JUnit4Provider.java:238)
	at org.apache.maven.surefire.junit4.JUnit4Provider.invoke(JUnit4Provider.java:159)
	at org.apache.maven.surefire.booter.ForkedBooter.invokeProviderInSameClassLoader(ForkedBooter.java:384)
	at org.apache.maven.surefire.booter.ForkedBooter.runSuitesInProcess(ForkedBooter.java:345)
	at org.apache.maven.surefire.booter.ForkedBooter.execute(ForkedBooter.java:126)
	at org.apache.maven.surefire.booter.ForkedBooter.main(ForkedBooter.java:418)

Apr 28, 2019 9:02:34 PM org.apache.catalina.core.StandardService initInternal
SEVERE: Failed to initialize connector [Connector[HTTP/1.1-8080]]
org.apache.catalina.LifecycleException: Failed to initialize component [Connector[HTTP/1.1-8080]]
	at org.apache.catalina.util.LifecycleBase.init(LifecycleBase.java:112)
	at org.apache.catalina.core.StandardService.initInternal(StandardService.java:549)
	at org.apache.catalina.util.LifecycleBase.init(LifecycleBase.java:107)
	at org.apache.catalina.core.StandardServer.initInternal(StandardServer.java:873)
	at org.apache.catalina.util.LifecycleBase.init(LifecycleBase.java:107)
	at org.apache.catalina.startup.Tomcat.init(Tomcat.java:344)
	at org.apache.tomee.embedded.Container.start(Container.java:679)
	at org.apache.openejb.arquillian.embedded.EmbeddedTomEEContainer.start(EmbeddedTomEEContainer.java:135)
	at org.jboss.arquillian.container.impl.ContainerImpl.start(ContainerImpl.java:199)
	at org.jboss.arquillian.container.impl.client.container.ContainerLifecycleController$8.perform(ContainerLifecycleController.java:163)
	at org.jboss.arquillian.container.impl.client.container.ContainerLifecycleController$8.perform(ContainerLifecycleController.java:157)
	at org.jboss.arquillian.container.impl.client.container.ContainerLifecycleController.forContainer(ContainerLifecycleController.java:255)
	at org.jboss.arquillian.container.impl.client.container.ContainerLifecycleController.startContainer(ContainerLifecycleController.java:156)
	at sun.reflect.NativeMethodAccessorImpl.invoke0(Native Method)
	at sun.reflect.NativeMethodAccessorImpl.invoke(NativeMethodAccessorImpl.java:62)
	at sun.reflect.DelegatingMethodAccessorImpl.invoke(DelegatingMethodAccessorImpl.java:43)
	at java.lang.reflect.Method.invoke(Method.java:498)
	at org.jboss.arquillian.core.impl.ObserverImpl.invoke(ObserverImpl.java:96)
	at org.jboss.arquillian.core.impl.EventContextImpl.invokeObservers(EventContextImpl.java:99)
	at org.jboss.arquillian.core.impl.EventContextImpl.proceed(EventContextImpl.java:81)
	at org.jboss.arquillian.container.impl.client.ContainerDeploymentContextHandler.createContainerContext(ContainerDeploymentContextHandler.java:57)
	at sun.reflect.NativeMethodAccessorImpl.invoke0(Native Method)
	at sun.reflect.NativeMethodAccessorImpl.invoke(NativeMethodAccessorImpl.java:62)
	at sun.reflect.DelegatingMethodAccessorImpl.invoke(DelegatingMethodAccessorImpl.java:43)
	at java.lang.reflect.Method.invoke(Method.java:498)
	at org.jboss.arquillian.core.impl.ObserverImpl.invoke(ObserverImpl.java:96)
	at org.jboss.arquillian.core.impl.EventContextImpl.proceed(EventContextImpl.java:88)
	at org.jboss.arquillian.core.impl.ManagerImpl.fire(ManagerImpl.java:145)
	at org.jboss.arquillian.core.impl.ManagerImpl.fire(ManagerImpl.java:116)
	at org.jboss.arquillian.core.impl.EventImpl.fire(EventImpl.java:67)
	at org.jboss.arquillian.container.impl.client.container.ContainerLifecycleController$2.perform(ContainerLifecycleController.java:77)
	at org.jboss.arquillian.container.impl.client.container.ContainerLifecycleController$2.perform(ContainerLifecycleController.java:70)
	at org.jboss.arquillian.container.impl.client.container.ContainerLifecycleController.forEachSuiteContainer(ContainerLifecycleController.java:221)
	at org.jboss.arquillian.container.impl.client.container.ContainerLifecycleController.startSuiteContainers(ContainerLifecycleController.java:69)
	at sun.reflect.NativeMethodAccessorImpl.invoke0(Native Method)
	at sun.reflect.NativeMethodAccessorImpl.invoke(NativeMethodAccessorImpl.java:62)
	at sun.reflect.DelegatingMethodAccessorImpl.invoke(DelegatingMethodAccessorImpl.java:43)
	at java.lang.reflect.Method.invoke(Method.java:498)
	at org.jboss.arquillian.core.impl.ObserverImpl.invoke(ObserverImpl.java:96)
	at org.jboss.arquillian.core.impl.EventContextImpl.invokeObservers(EventContextImpl.java:99)
	at org.jboss.arquillian.core.impl.EventContextImpl.proceed(EventContextImpl.java:81)
	at org.jboss.arquillian.core.impl.ManagerImpl.fire(ManagerImpl.java:145)
	at org.jboss.arquillian.core.impl.ManagerImpl.fire(ManagerImpl.java:116)
	at org.jboss.arquillian.core.impl.EventImpl.fire(EventImpl.java:67)
	at org.jboss.arquillian.container.test.impl.client.ContainerEventController.execute(ContainerEventController.java:86)
	at sun.reflect.NativeMethodAccessorImpl.invoke0(Native Method)
	at sun.reflect.NativeMethodAccessorImpl.invoke(NativeMethodAccessorImpl.java:62)
	at sun.reflect.DelegatingMethodAccessorImpl.invoke(DelegatingMethodAccessorImpl.java:43)
	at java.lang.reflect.Method.invoke(Method.java:498)
	at org.jboss.arquillian.core.impl.ObserverImpl.invoke(ObserverImpl.java:96)
	at org.jboss.arquillian.core.impl.EventContextImpl.invokeObservers(EventContextImpl.java:99)
	at org.jboss.arquillian.core.impl.EventContextImpl.proceed(EventContextImpl.java:81)
	at org.jboss.arquillian.test.impl.TestContextHandler.createSuiteContext(TestContextHandler.java:73)
	at sun.reflect.NativeMethodAccessorImpl.invoke0(Native Method)
	at sun.reflect.NativeMethodAccessorImpl.invoke(NativeMethodAccessorImpl.java:62)
	at sun.reflect.DelegatingMethodAccessorImpl.invoke(DelegatingMethodAccessorImpl.java:43)
	at java.lang.reflect.Method.invoke(Method.java:498)
	at org.jboss.arquillian.core.impl.ObserverImpl.invoke(ObserverImpl.java:96)
	at org.jboss.arquillian.core.impl.EventContextImpl.proceed(EventContextImpl.java:88)
	at org.jboss.arquillian.core.impl.ManagerImpl.fire(ManagerImpl.java:145)
	at org.jboss.arquillian.core.impl.ManagerImpl.fire(ManagerImpl.java:116)
	at org.jboss.arquillian.test.impl.EventTestRunnerAdaptor.beforeSuite(EventTestRunnerAdaptor.java:75)
	at org.jboss.arquillian.junit.Arquillian.run(Arquillian.java:116)
	at org.apache.maven.surefire.junit4.JUnit4Provider.execute(JUnit4Provider.java:365)
	at org.apache.maven.surefire.junit4.JUnit4Provider.executeWithRerun(JUnit4Provider.java:273)
	at org.apache.maven.surefire.junit4.JUnit4Provider.executeTestSet(JUnit4Provider.java:238)
	at org.apache.maven.surefire.junit4.JUnit4Provider.invoke(JUnit4Provider.java:159)
	at org.apache.maven.surefire.booter.ForkedBooter.invokeProviderInSameClassLoader(ForkedBooter.java:384)
	at org.apache.maven.surefire.booter.ForkedBooter.runSuitesInProcess(ForkedBooter.java:345)
	at org.apache.maven.surefire.booter.ForkedBooter.execute(ForkedBooter.java:126)
	at org.apache.maven.surefire.booter.ForkedBooter.main(ForkedBooter.java:418)
Caused by: org.apache.catalina.LifecycleException: Protocol handler initialization failed
	at org.apache.catalina.connector.Connector.initInternal(Connector.java:946)
	at org.apache.catalina.util.LifecycleBase.init(LifecycleBase.java:107)
	... 70 more
Caused by: java.net.BindException: Address in use
	at sun.nio.ch.Net.bind0(Native Method)
	at sun.nio.ch.Net.bind(Net.java:433)
	at sun.nio.ch.Net.bind(Net.java:425)
	at sun.nio.ch.ServerSocketChannelImpl.bind(ServerSocketChannelImpl.java:223)
	at sun.nio.ch.ServerSocketAdaptor.bind(ServerSocketAdaptor.java:74)
	at org.apache.tomcat.util.net.NioEndpoint.bind(NioEndpoint.java:228)
	at org.apache.tomcat.util.net.AbstractEndpoint.init(AbstractEndpoint.java:866)
	at org.apache.tomcat.util.net.AbstractJsseEndpoint.init(AbstractJsseEndpoint.java:213)
	at org.apache.coyote.AbstractProtocol.init(AbstractProtocol.java:575)
	at org.apache.coyote.http11.AbstractHttp11Protocol.init(AbstractHttp11Protocol.java:65)
	at org.apache.catalina.connector.Connector.initInternal(Connector.java:944)
	... 71 more

Apr 28, 2019 9:02:34 PM org.apache.catalina.core.StandardService startInternal
INFO: Starting service Tomcat
Apr 28, 2019 9:02:34 PM org.apache.catalina.core.StandardEngine startInternal
INFO: Starting Servlet Engine: Apache Tomcat/8.5.6
Apr 28, 2019 9:02:40 PM org.apache.openejb.util.OptionsLog info
INFO: Using 'openejb.jdbc.datasource-creator=org.apache.tomee.jdbc.TomEEDataSourceCreator'
Apr 28, 2019 9:02:41 PM org.apache.openejb.OpenEJB$Instance <init>
INFO: ********************************************************************************
Apr 28, 2019 9:02:41 PM org.apache.openejb.OpenEJB$Instance <init>
INFO: OpenEJB http://tomee.apache.org/
Apr 28, 2019 9:02:41 PM org.apache.openejb.OpenEJB$Instance <init>
INFO: Startup: Sun Apr 28 21:02:41 GMT 2019
Apr 28, 2019 9:02:41 PM org.apache.openejb.OpenEJB$Instance <init>
INFO: Copyright 1999-2016 (C) Apache OpenEJB Project, All Rights Reserved.
Apr 28, 2019 9:02:41 PM org.apache.openejb.OpenEJB$Instance <init>
INFO: Version: 7.0.2
Apr 28, 2019 9:02:41 PM org.apache.openejb.OpenEJB$Instance <init>
INFO: Build date: 20161106
Apr 28, 2019 9:02:41 PM org.apache.openejb.OpenEJB$Instance <init>
INFO: Build time: 07:23
Apr 28, 2019 9:02:41 PM org.apache.openejb.OpenEJB$Instance <init>
INFO: ********************************************************************************
Apr 28, 2019 9:02:41 PM org.apache.openejb.OpenEJB$Instance <init>
INFO: openejb.home = /tmp/arquillian-apache-tomee
Apr 28, 2019 9:02:41 PM org.apache.openejb.OpenEJB$Instance <init>
INFO: openejb.base = /tmp/arquillian-apache-tomee
Apr 28, 2019 9:02:41 PM org.apache.openejb.cdi.CdiBuilder initializeOWB
INFO: Created new singletonService org.apache.openejb.cdi.ThreadSingletonServiceImpl@2320fa6f
Apr 28, 2019 9:02:41 PM org.apache.openejb.cdi.CdiBuilder initializeOWB
INFO: Succeeded in installing singleton service
Apr 28, 2019 9:02:41 PM org.apache.openejb.config.ConfigurationFactory init
INFO: TomEE configuration file is '/tmp/arquillian-apache-tomee/conf/openejb.xml'
Apr 28, 2019 9:02:41 PM org.apache.openejb.config.ConfigurationFactory configureService
INFO: Configuring Service(id=Tomcat Security Service, type=SecurityService, provider-id=Tomcat Security Service)
Apr 28, 2019 9:02:41 PM org.apache.openejb.config.ConfigurationFactory configureService
INFO: Configuring Service(id=Default Transaction Manager, type=TransactionManager, provider-id=Default Transaction Manager)
Apr 28, 2019 9:02:42 PM org.apache.openejb.util.OptionsLog info
INFO: Using 'openejb.system.apps=false'
Apr 28, 2019 9:02:42 PM org.apache.openejb.util.OptionsLog info
INFO: Using 'openejb.deployments.classpath=false'
Apr 28, 2019 9:02:42 PM org.apache.openejb.assembler.classic.Assembler createRecipe
INFO: Creating TransactionManager(id=Default Transaction Manager)
Apr 28, 2019 9:02:42 PM org.apache.openejb.assembler.classic.Assembler createRecipe
INFO: Creating SecurityService(id=Tomcat Security Service)
Apr 28, 2019 9:02:43 PM org.apache.openejb.util.OptionsLog info
INFO: Using 'openejb.servicemanager.enabled=false'
Apr 28, 2019 9:02:51 PM org.apache.openejb.util.JarExtractor extract
INFO: Extracting jar: /tmp/arquillian-tomee-app-working-dir/0/2012e865-bcce-4a36-82d3-a0c63714045a.war
Apr 28, 2019 9:02:51 PM org.apache.openejb.util.JarExtractor extract
INFO: Extracted path: /tmp/arquillian-tomee-app-working-dir/0/2012e865-bcce-4a36-82d3-a0c63714045a
Apr 28, 2019 9:02:51 PM org.apache.tomee.catalina.TomcatWebAppBuilder deployWebApps
INFO: using default host: localhost
Apr 28, 2019 9:02:51 PM org.apache.tomee.catalina.TomcatWebAppBuilder init
INFO: ------------------------- localhost -> /2012e865-bcce-4a36-82d3-a0c63714045a
Apr 28, 2019 9:02:51 PM org.apache.openejb.util.OptionsLog info
INFO: Using 'openejb.session.manager=org.apache.tomee.catalina.session.QuickSessionManager'
Apr 28, 2019 9:02:53 PM org.apache.openejb.config.ConfigurationFactory configureApplication
INFO: Configuring enterprise application: /tmp/arquillian-tomee-app-working-dir/0/2012e865-bcce-4a36-82d3-a0c63714045a
Apr 28, 2019 9:02:54 PM org.apache.openejb.config.ConfigurationFactory configureService
INFO: Configuring Service(id=Default Managed Container, type=Container, provider-id=Default Managed Container)
Apr 28, 2019 9:02:54 PM org.apache.openejb.config.AutoConfig createContainer
INFO: Auto-creating a container for bean 2012e865-bcce-4a36-82d3-a0c63714045a.Comp1882348832: Container(type=MANAGED, id=Default Managed Container)
Apr 28, 2019 9:02:54 PM org.apache.openejb.assembler.classic.Assembler createRecipe
INFO: Creating Container(id=Default Managed Container)
Apr 28, 2019 9:02:54 PM org.apache.openejb.core.managed.SimplePassivater init
INFO: Using directory /tmp for stateful session passivation
Apr 28, 2019 9:02:55 PM org.apache.openejb.config.AutoConfig deploy
INFO: Configuring PersistenceUnit(name=entities_persistence_unit)
Apr 28, 2019 9:02:55 PM org.apache.openejb.config.ConfigurationFactory configureService
INFO: Configuring Service(id=Default JDBC Database, type=Resource, provider-id=Default JDBC Database)
Apr 28, 2019 9:02:55 PM org.apache.openejb.config.AutoConfig logAutoCreateResource
INFO: Auto-creating a Resource with id 'Default JDBC Database' of type 'DataSource for 'entities_persistence_unit'.
Apr 28, 2019 9:02:55 PM org.apache.openejb.assembler.classic.Assembler createRecipe
INFO: Creating Resource(id=Default JDBC Database)
Apr 28, 2019 9:02:57 PM org.apache.openejb.config.ConfigurationFactory configureService
INFO: Configuring Service(id=Default Unmanaged JDBC Database, type=Resource, provider-id=Default Unmanaged JDBC Database)
Apr 28, 2019 9:02:57 PM org.apache.openejb.config.AutoConfig logAutoCreateResource
INFO: Auto-creating a Resource with id 'Default Unmanaged JDBC Database' of type 'DataSource for 'entities_persistence_unit'.
Apr 28, 2019 9:02:57 PM org.apache.openejb.assembler.classic.Assembler createRecipe
INFO: Creating Resource(id=Default Unmanaged JDBC Database)
Apr 28, 2019 9:02:57 PM org.apache.openejb.config.AutoConfig setJtaDataSource
INFO: Adjusting PersistenceUnit entities_persistence_unit <jta-data-source> to Resource ID 'Default JDBC Database' from 'PolydiplomaDataSource'
Apr 28, 2019 9:02:57 PM org.apache.openejb.config.AutoConfig setNonJtaDataSource
INFO: Adjusting PersistenceUnit entities_persistence_unit <non-jta-data-source> to Resource ID 'Default Unmanaged JDBC Database' from 'null'
Apr 28, 2019 9:02:58 PM org.apache.openejb.config.ReportValidationResults logResults
WARNING: WARN ... WebModule{moduleId='2012e865-bcce-4a36-82d3-a0c63714045a', contextRoot='2012e865-bcce-4a36-82d3-a0c63714045a'}:	Incorrect location of file file:/tmp/arquillian-tomee-app-working-dir/0/2012e865-bcce-4a36-82d3-a0c63714045a/META-INF/beans.xml The file should be in WEB-INF directory
Apr 28, 2019 9:02:58 PM org.apache.openejb.config.ReportValidationResults logResults
WARNING: 1 warning for WebModule(path=2012e865-bcce-4a36-82d3-a0c63714045a)
Apr 28, 2019 9:02:58 PM org.apache.openejb.config.AppInfoBuilder build
INFO: Enterprise application "/tmp/arquillian-tomee-app-working-dir/0/2012e865-bcce-4a36-82d3-a0c63714045a" loaded.
Apr 28, 2019 9:02:58 PM org.apache.openejb.assembler.classic.Assembler createApplication
INFO: Assembling app: /tmp/arquillian-tomee-app-working-dir/0/2012e865-bcce-4a36-82d3-a0c63714045a
Apr 28, 2019 9:02:58 PM org.apache.openejb.assembler.classic.Assembler$PersistenceClassLoaderHandlerImpl addTransformer
INFO: JAVA AGENT NOT INSTALLED. The JPA Persistence Provider requested installation of a ClassFileTransformer which requires a JavaAgent.  See http://tomee.apache.org/javaagent.html
Apr 28, 2019 9:02:58 PM null
INFO: OpenJPA dynamically loaded a validation provider.
Apr 28, 2019 9:02:58 PM org.apache.openejb.assembler.classic.ReloadableEntityManagerFactory createDelegate
INFO: PersistenceUnit(name=entities_persistence_unit, provider=org.apache.openjpa.persistence.PersistenceProviderImpl) - provider time 69ms
Apr 28, 2019 9:02:59 PM org.apache.openejb.assembler.classic.Assembler createApplication
INFO: Deployed Application(path=/tmp/arquillian-tomee-app-working-dir/0/2012e865-bcce-4a36-82d3-a0c63714045a)
Apr 28, 2019 9:03:01 PM org.apache.jasper.servlet.TldScanner scanJars
INFO: At least one JAR was scanned for TLDs yet contained no TLDs. Enable debug logging for this logger for a complete list of JARs that were scanned but no TLDs were found in them. Skipping unneeded JARs during scanning can improve startup time and JSP compilation time.
Apr 28, 2019 9:03:03 PM null
INFO: Starting OpenJPA 2.4.1
Apr 28, 2019 9:03:05 PM null
INFO: Using dictionary class "org.apache.openjpa.jdbc.sql.HSQLDictionary" (HSQL Database Engine 2.3.2 ,HSQL Database Engine Driver 2.3.2).
Apr 28, 2019 9:03:05 PM null
INFO: Connected to HSQL Database Engine version 2.2 using JDBC driver HSQL Database Engine Driver version 2.3.2. 
Apr 28, 2019 9:03:09 PM null
INFO: The temporary file "/tmp/org.apache.openjpa.enhance.InstrumentationFactory2938151169255399739.jar" was created and it may not get cleaned up properly.
Apr 28, 2019 9:03:10 PM null
INFO: Creating subclass and redefining methods for "[class fr.unice.polytech.si4.isa.devops.teami.entities.guests.Person, class fr.unice.polytech.si4.isa.devops.teami.entities.invitations.StudentInvitation, class fr.unice.polytech.si4.isa.devops.teami.entities.school.Speciality, class fr.unice.polytech.si4.isa.devops.teami.entities.events.StudentEvent, class fr.unice.polytech.si4.isa.devops.teami.entities.ceremony.Planning, class fr.unice.polytech.si4.isa.devops.teami.entities.guests.Student, class fr.unice.polytech.si4.isa.devops.teami.entities.events.ClubEvent, class fr.unice.polytech.si4.isa.devops.teami.entities.events.VipEvent, class fr.unice.polytech.si4.isa.devops.teami.entities.guests.Attendant, class fr.unice.polytech.si4.isa.devops.teami.entities.school.Bill, class fr.unice.polytech.si4.isa.devops.teami.entities.events.EventOffer, class fr.unice.polytech.si4.isa.devops.teami.entities.guests.Vip, class fr.unice.polytech.si4.isa.devops.teami.entities.events.Event, class fr.unice.polytech.si4.isa.devops.teami.entities.ceremony.Ceremony, class fr.unice.polytech.si4.isa.devops.teami.entities.invitations.VIPInvitation, class fr.unice.polytech.si4.isa.devops.teami.entities.school.Club]". This means that your application will be less efficient than it would if you ran the OpenJPA enhancer.
Apr 28, 2019 9:03:12 PM null
WARNING: The identity field defined in the fr.unice.polytech.si4.isa.devops.teami.entities.events.Event Embeddable is not supported. 
Apr 28, 2019 9:03:13 PM org.apache.openejb.assembler.classic.Assembler destroyApplication
INFO: Undeploying app: /tmp/arquillian-tomee-app-working-dir/0/2012e865-bcce-4a36-82d3-a0c63714045a
[ThreadedStreamConsumer] INFO org.apache.maven.plugin.surefire.SurefirePlugin - Tests run: 1, Failures: 0, Errors: 0, Skipped: 0, Time elapsed: 53.814 s - in fr.unice.polytech.si4.isa.devops.teami.entities.guests.VipTest
[ThreadedStreamConsumer] INFO org.apache.maven.plugin.surefire.SurefirePlugin - Running fr.unice.polytech.si4.isa.devops.teami.entities.guests.StudentTest
Apr 28, 2019 9:03:14 PM org.apache.openejb.util.JarExtractor extract
INFO: Extracting jar: /tmp/arquillian-tomee-app-working-dir/0/bffdccab-82d2-4e1d-87a1-500b40097731.war
Apr 28, 2019 9:03:14 PM org.apache.openejb.util.JarExtractor extract
INFO: Extracted path: /tmp/arquillian-tomee-app-working-dir/0/bffdccab-82d2-4e1d-87a1-500b40097731
Apr 28, 2019 9:03:14 PM org.apache.tomee.catalina.TomcatWebAppBuilder deployWebApps
INFO: using default host: localhost
Apr 28, 2019 9:03:14 PM org.apache.tomee.catalina.TomcatWebAppBuilder init
INFO: ------------------------- localhost -> /bffdccab-82d2-4e1d-87a1-500b40097731
Apr 28, 2019 9:03:14 PM org.apache.openejb.util.OptionsLog info
INFO: Using 'openejb.session.manager=org.apache.tomee.catalina.session.QuickSessionManager'
Apr 28, 2019 9:03:15 PM org.apache.openejb.config.ConfigurationFactory configureApplication
INFO: Configuring enterprise application: /tmp/arquillian-tomee-app-working-dir/0/bffdccab-82d2-4e1d-87a1-500b40097731
Apr 28, 2019 9:03:15 PM org.apache.openejb.config.AutoConfig deploy
INFO: Configuring PersistenceUnit(name=entities_persistence_unit)
Apr 28, 2019 9:03:15 PM org.apache.openejb.config.AutoConfig setJtaDataSource
INFO: Adjusting PersistenceUnit entities_persistence_unit <jta-data-source> to Resource ID 'Default JDBC Database' from 'PolydiplomaDataSource'
Apr 28, 2019 9:03:15 PM org.apache.openejb.config.AutoConfig setNonJtaDataSource
INFO: Adjusting PersistenceUnit entities_persistence_unit <non-jta-data-source> to Resource ID 'Default Unmanaged JDBC Database' from 'null'
Apr 28, 2019 9:03:15 PM org.apache.openejb.config.ReportValidationResults logResults
WARNING: WARN ... WebModule{moduleId='bffdccab-82d2-4e1d-87a1-500b40097731', contextRoot='bffdccab-82d2-4e1d-87a1-500b40097731'}:	Incorrect location of file file:/tmp/arquillian-tomee-app-working-dir/0/bffdccab-82d2-4e1d-87a1-500b40097731/META-INF/beans.xml The file should be in WEB-INF directory
Apr 28, 2019 9:03:15 PM org.apache.openejb.config.ReportValidationResults logResults
WARNING: 1 warning for WebModule(path=bffdccab-82d2-4e1d-87a1-500b40097731)
Apr 28, 2019 9:03:15 PM org.apache.openejb.config.AppInfoBuilder build
INFO: Enterprise application "/tmp/arquillian-tomee-app-working-dir/0/bffdccab-82d2-4e1d-87a1-500b40097731" loaded.
Apr 28, 2019 9:03:15 PM org.apache.openejb.assembler.classic.Assembler createApplication
INFO: Assembling app: /tmp/arquillian-tomee-app-working-dir/0/bffdccab-82d2-4e1d-87a1-500b40097731
Apr 28, 2019 9:03:15 PM null
INFO: OpenJPA dynamically loaded a validation provider.
Apr 28, 2019 9:03:15 PM org.apache.openejb.assembler.classic.ReloadableEntityManagerFactory createDelegate
INFO: PersistenceUnit(name=entities_persistence_unit, provider=org.apache.openjpa.persistence.PersistenceProviderImpl) - provider time 64ms
Apr 28, 2019 9:03:15 PM org.apache.openejb.assembler.classic.Assembler createApplication
INFO: Deployed Application(path=/tmp/arquillian-tomee-app-working-dir/0/bffdccab-82d2-4e1d-87a1-500b40097731)
Apr 28, 2019 9:03:15 PM org.apache.jasper.servlet.TldScanner scanJars
INFO: At least one JAR was scanned for TLDs yet contained no TLDs. Enable debug logging for this logger for a complete list of JARs that were scanned but no TLDs were found in them. Skipping unneeded JARs during scanning can improve startup time and JSP compilation time.
Apr 28, 2019 9:03:15 PM null
INFO: Starting OpenJPA 2.4.1
Apr 28, 2019 9:03:16 PM null
INFO: Using dictionary class "org.apache.openjpa.jdbc.sql.HSQLDictionary" (HSQL Database Engine 2.3.2 ,HSQL Database Engine Driver 2.3.2).
Apr 28, 2019 9:03:16 PM null
INFO: Connected to HSQL Database Engine version 2.2 using JDBC driver HSQL Database Engine Driver version 2.3.2. 
Apr 28, 2019 9:03:16 PM null
INFO: Creating subclass and redefining methods for "[class fr.unice.polytech.si4.isa.devops.teami.entities.guests.Person, class fr.unice.polytech.si4.isa.devops.teami.entities.invitations.StudentInvitation, class fr.unice.polytech.si4.isa.devops.teami.entities.school.Speciality, class fr.unice.polytech.si4.isa.devops.teami.entities.events.StudentEvent, class fr.unice.polytech.si4.isa.devops.teami.entities.ceremony.Planning, class fr.unice.polytech.si4.isa.devops.teami.entities.guests.Student, class fr.unice.polytech.si4.isa.devops.teami.entities.events.ClubEvent, class fr.unice.polytech.si4.isa.devops.teami.entities.events.VipEvent, class fr.unice.polytech.si4.isa.devops.teami.entities.guests.Attendant, class fr.unice.polytech.si4.isa.devops.teami.entities.school.Bill, class fr.unice.polytech.si4.isa.devops.teami.entities.events.EventOffer, class fr.unice.polytech.si4.isa.devops.teami.entities.guests.Vip, class fr.unice.polytech.si4.isa.devops.teami.entities.events.Event, class fr.unice.polytech.si4.isa.devops.teami.entities.ceremony.Ceremony, class fr.unice.polytech.si4.isa.devops.teami.entities.invitations.VIPInvitation, class fr.unice.polytech.si4.isa.devops.teami.entities.school.Club]". This means that your application will be less efficient than it would if you ran the OpenJPA enhancer.
Apr 28, 2019 9:03:17 PM null
WARNING: The identity field defined in the fr.unice.polytech.si4.isa.devops.teami.entities.events.Event Embeddable is not supported. 
Apr 28, 2019 9:03:17 PM org.apache.openejb.assembler.classic.Assembler destroyApplication
INFO: Undeploying app: /tmp/arquillian-tomee-app-working-dir/0/bffdccab-82d2-4e1d-87a1-500b40097731
[ThreadedStreamConsumer] INFO org.apache.maven.plugin.surefire.SurefirePlugin - Tests run: 1, Failures: 0, Errors: 0, Skipped: 0, Time elapsed: 3.132 s - in fr.unice.polytech.si4.isa.devops.teami.entities.guests.StudentTest
[ThreadedStreamConsumer] INFO org.apache.maven.plugin.surefire.SurefirePlugin - Running fr.unice.polytech.si4.isa.devops.teami.entities.guests.AttendantTest
Apr 28, 2019 9:03:18 PM org.apache.openejb.util.JarExtractor extract
INFO: Extracting jar: /tmp/arquillian-tomee-app-working-dir/0/1570fa88-2ef5-41ff-be66-fd867892c530.war
Apr 28, 2019 9:03:18 PM org.apache.openejb.util.JarExtractor extract
INFO: Extracted path: /tmp/arquillian-tomee-app-working-dir/0/1570fa88-2ef5-41ff-be66-fd867892c530
Apr 28, 2019 9:03:18 PM org.apache.tomee.catalina.TomcatWebAppBuilder deployWebApps
INFO: using default host: localhost
Apr 28, 2019 9:03:18 PM org.apache.tomee.catalina.TomcatWebAppBuilder init
INFO: ------------------------- localhost -> /1570fa88-2ef5-41ff-be66-fd867892c530
Apr 28, 2019 9:03:18 PM org.apache.openejb.util.OptionsLog info
INFO: Using 'openejb.session.manager=org.apache.tomee.catalina.session.QuickSessionManager'
Apr 28, 2019 9:03:18 PM org.apache.openejb.config.ConfigurationFactory configureApplication
INFO: Configuring enterprise application: /tmp/arquillian-tomee-app-working-dir/0/1570fa88-2ef5-41ff-be66-fd867892c530
Apr 28, 2019 9:03:18 PM org.apache.openejb.config.AutoConfig deploy
INFO: Configuring PersistenceUnit(name=entities_persistence_unit)
Apr 28, 2019 9:03:18 PM org.apache.openejb.config.AutoConfig setJtaDataSource
INFO: Adjusting PersistenceUnit entities_persistence_unit <jta-data-source> to Resource ID 'Default JDBC Database' from 'PolydiplomaDataSource'
Apr 28, 2019 9:03:18 PM org.apache.openejb.config.AutoConfig setNonJtaDataSource
INFO: Adjusting PersistenceUnit entities_persistence_unit <non-jta-data-source> to Resource ID 'Default Unmanaged JDBC Database' from 'null'
Apr 28, 2019 9:03:18 PM org.apache.openejb.config.ReportValidationResults logResults
WARNING: WARN ... WebModule{moduleId='1570fa88-2ef5-41ff-be66-fd867892c530', contextRoot='1570fa88-2ef5-41ff-be66-fd867892c530'}:	Incorrect location of file file:/tmp/arquillian-tomee-app-working-dir/0/1570fa88-2ef5-41ff-be66-fd867892c530/META-INF/beans.xml The file should be in WEB-INF directory
Apr 28, 2019 9:03:18 PM org.apache.openejb.config.ReportValidationResults logResults
WARNING: 1 warning for WebModule(path=1570fa88-2ef5-41ff-be66-fd867892c530)
Apr 28, 2019 9:03:18 PM org.apache.openejb.config.AppInfoBuilder build
INFO: Enterprise application "/tmp/arquillian-tomee-app-working-dir/0/1570fa88-2ef5-41ff-be66-fd867892c530" loaded.
Apr 28, 2019 9:03:18 PM org.apache.openejb.assembler.classic.Assembler createApplication
INFO: Assembling app: /tmp/arquillian-tomee-app-working-dir/0/1570fa88-2ef5-41ff-be66-fd867892c530
Apr 28, 2019 9:03:18 PM null
INFO: OpenJPA dynamically loaded a validation provider.
Apr 28, 2019 9:03:18 PM org.apache.openejb.assembler.classic.ReloadableEntityManagerFactory createDelegate
INFO: PersistenceUnit(name=entities_persistence_unit, provider=org.apache.openjpa.persistence.PersistenceProviderImpl) - provider time 50ms
Apr 28, 2019 9:03:18 PM org.apache.openejb.assembler.classic.Assembler createApplication
INFO: Deployed Application(path=/tmp/arquillian-tomee-app-working-dir/0/1570fa88-2ef5-41ff-be66-fd867892c530)
Apr 28, 2019 9:03:18 PM org.apache.jasper.servlet.TldScanner scanJars
INFO: At least one JAR was scanned for TLDs yet contained no TLDs. Enable debug logging for this logger for a complete list of JARs that were scanned but no TLDs were found in them. Skipping unneeded JARs during scanning can improve startup time and JSP compilation time.
Apr 28, 2019 9:03:19 PM null
INFO: Starting OpenJPA 2.4.1
Apr 28, 2019 9:03:19 PM null
INFO: Using dictionary class "org.apache.openjpa.jdbc.sql.HSQLDictionary" (HSQL Database Engine 2.3.2 ,HSQL Database Engine Driver 2.3.2).
Apr 28, 2019 9:03:19 PM null
INFO: Connected to HSQL Database Engine version 2.2 using JDBC driver HSQL Database Engine Driver version 2.3.2. 
Apr 28, 2019 9:03:19 PM null
INFO: Creating subclass and redefining methods for "[class fr.unice.polytech.si4.isa.devops.teami.entities.guests.Person, class fr.unice.polytech.si4.isa.devops.teami.entities.invitations.StudentInvitation, class fr.unice.polytech.si4.isa.devops.teami.entities.school.Speciality, class fr.unice.polytech.si4.isa.devops.teami.entities.events.StudentEvent, class fr.unice.polytech.si4.isa.devops.teami.entities.ceremony.Planning, class fr.unice.polytech.si4.isa.devops.teami.entities.guests.Student, class fr.unice.polytech.si4.isa.devops.teami.entities.events.ClubEvent, class fr.unice.polytech.si4.isa.devops.teami.entities.events.VipEvent, class fr.unice.polytech.si4.isa.devops.teami.entities.guests.Attendant, class fr.unice.polytech.si4.isa.devops.teami.entities.school.Bill, class fr.unice.polytech.si4.isa.devops.teami.entities.events.EventOffer, class fr.unice.polytech.si4.isa.devops.teami.entities.guests.Vip, class fr.unice.polytech.si4.isa.devops.teami.entities.events.Event, class fr.unice.polytech.si4.isa.devops.teami.entities.ceremony.Ceremony, class fr.unice.polytech.si4.isa.devops.teami.entities.invitations.VIPInvitation, class fr.unice.polytech.si4.isa.devops.teami.entities.school.Club]". This means that your application will be less efficient than it would if you ran the OpenJPA enhancer.
Apr 28, 2019 9:03:19 PM null
WARNING: The identity field defined in the fr.unice.polytech.si4.isa.devops.teami.entities.events.Event Embeddable is not supported. 
Apr 28, 2019 9:03:20 PM org.apache.openejb.assembler.classic.Assembler destroyApplication
INFO: Undeploying app: /tmp/arquillian-tomee-app-working-dir/0/1570fa88-2ef5-41ff-be66-fd867892c530
[ThreadedStreamConsumer] INFO org.apache.maven.plugin.surefire.SurefirePlugin - Tests run: 1, Failures: 0, Errors: 0, Skipped: 0, Time elapsed: 2.568 s - in fr.unice.polytech.si4.isa.devops.teami.entities.guests.AttendantTest
[ThreadedStreamConsumer] INFO org.apache.maven.plugin.surefire.SurefirePlugin - Running fr.unice.polytech.si4.isa.devops.teami.entities.school.SpecialityTest
Apr 28, 2019 9:03:20 PM org.apache.openejb.util.JarExtractor extract
INFO: Extracting jar: /tmp/arquillian-tomee-app-working-dir/0/c476921c-d5dc-43ab-9e85-87dd06fe1682.war
Apr 28, 2019 9:03:20 PM org.apache.openejb.util.JarExtractor extract
INFO: Extracted path: /tmp/arquillian-tomee-app-working-dir/0/c476921c-d5dc-43ab-9e85-87dd06fe1682
Apr 28, 2019 9:03:20 PM org.apache.tomee.catalina.TomcatWebAppBuilder deployWebApps
INFO: using default host: localhost
Apr 28, 2019 9:03:20 PM org.apache.tomee.catalina.TomcatWebAppBuilder init
INFO: ------------------------- localhost -> /c476921c-d5dc-43ab-9e85-87dd06fe1682
Apr 28, 2019 9:03:20 PM org.apache.openejb.util.OptionsLog info
INFO: Using 'openejb.session.manager=org.apache.tomee.catalina.session.QuickSessionManager'
Apr 28, 2019 9:03:21 PM org.apache.openejb.config.ConfigurationFactory configureApplication
INFO: Configuring enterprise application: /tmp/arquillian-tomee-app-working-dir/0/c476921c-d5dc-43ab-9e85-87dd06fe1682
Apr 28, 2019 9:03:21 PM org.apache.openejb.config.AutoConfig deploy
INFO: Configuring PersistenceUnit(name=entities_persistence_unit)
Apr 28, 2019 9:03:21 PM org.apache.openejb.config.AutoConfig setJtaDataSource
INFO: Adjusting PersistenceUnit entities_persistence_unit <jta-data-source> to Resource ID 'Default JDBC Database' from 'PolydiplomaDataSource'
Apr 28, 2019 9:03:21 PM org.apache.openejb.config.AutoConfig setNonJtaDataSource
INFO: Adjusting PersistenceUnit entities_persistence_unit <non-jta-data-source> to Resource ID 'Default Unmanaged JDBC Database' from 'null'
Apr 28, 2019 9:03:21 PM org.apache.openejb.config.ReportValidationResults logResults
WARNING: WARN ... WebModule{moduleId='c476921c-d5dc-43ab-9e85-87dd06fe1682', contextRoot='c476921c-d5dc-43ab-9e85-87dd06fe1682'}:	Incorrect location of file file:/tmp/arquillian-tomee-app-working-dir/0/c476921c-d5dc-43ab-9e85-87dd06fe1682/META-INF/beans.xml The file should be in WEB-INF directory
Apr 28, 2019 9:03:21 PM org.apache.openejb.config.ReportValidationResults logResults
WARNING: 1 warning for WebModule(path=c476921c-d5dc-43ab-9e85-87dd06fe1682)
Apr 28, 2019 9:03:21 PM org.apache.openejb.config.AppInfoBuilder build
INFO: Enterprise application "/tmp/arquillian-tomee-app-working-dir/0/c476921c-d5dc-43ab-9e85-87dd06fe1682" loaded.
Apr 28, 2019 9:03:21 PM org.apache.openejb.assembler.classic.Assembler createApplication
INFO: Assembling app: /tmp/arquillian-tomee-app-working-dir/0/c476921c-d5dc-43ab-9e85-87dd06fe1682
Apr 28, 2019 9:03:21 PM null
INFO: OpenJPA dynamically loaded a validation provider.
Apr 28, 2019 9:03:21 PM org.apache.openejb.assembler.classic.ReloadableEntityManagerFactory createDelegate
INFO: PersistenceUnit(name=entities_persistence_unit, provider=org.apache.openjpa.persistence.PersistenceProviderImpl) - provider time 38ms
Apr 28, 2019 9:03:21 PM org.apache.openejb.assembler.classic.Assembler createApplication
INFO: Deployed Application(path=/tmp/arquillian-tomee-app-working-dir/0/c476921c-d5dc-43ab-9e85-87dd06fe1682)
Apr 28, 2019 9:03:21 PM org.apache.jasper.servlet.TldScanner scanJars
INFO: At least one JAR was scanned for TLDs yet contained no TLDs. Enable debug logging for this logger for a complete list of JARs that were scanned but no TLDs were found in them. Skipping unneeded JARs during scanning can improve startup time and JSP compilation time.
Apr 28, 2019 9:03:21 PM null
INFO: Starting OpenJPA 2.4.1
Apr 28, 2019 9:03:21 PM null
INFO: Using dictionary class "org.apache.openjpa.jdbc.sql.HSQLDictionary" (HSQL Database Engine 2.3.2 ,HSQL Database Engine Driver 2.3.2).
Apr 28, 2019 9:03:21 PM null
INFO: Connected to HSQL Database Engine version 2.2 using JDBC driver HSQL Database Engine Driver version 2.3.2. 
Apr 28, 2019 9:03:21 PM null
INFO: Creating subclass and redefining methods for "[class fr.unice.polytech.si4.isa.devops.teami.entities.guests.Person, class fr.unice.polytech.si4.isa.devops.teami.entities.invitations.StudentInvitation, class fr.unice.polytech.si4.isa.devops.teami.entities.school.Speciality, class fr.unice.polytech.si4.isa.devops.teami.entities.events.StudentEvent, class fr.unice.polytech.si4.isa.devops.teami.entities.ceremony.Planning, class fr.unice.polytech.si4.isa.devops.teami.entities.guests.Student, class fr.unice.polytech.si4.isa.devops.teami.entities.events.ClubEvent, class fr.unice.polytech.si4.isa.devops.teami.entities.events.VipEvent, class fr.unice.polytech.si4.isa.devops.teami.entities.guests.Attendant, class fr.unice.polytech.si4.isa.devops.teami.entities.school.Bill, class fr.unice.polytech.si4.isa.devops.teami.entities.events.EventOffer, class fr.unice.polytech.si4.isa.devops.teami.entities.guests.Vip, class fr.unice.polytech.si4.isa.devops.teami.entities.events.Event, class fr.unice.polytech.si4.isa.devops.teami.entities.ceremony.Ceremony, class fr.unice.polytech.si4.isa.devops.teami.entities.invitations.VIPInvitation, class fr.unice.polytech.si4.isa.devops.teami.entities.school.Club]". This means that your application will be less efficient than it would if you ran the OpenJPA enhancer.
Apr 28, 2019 9:03:22 PM null
WARNING: The identity field defined in the fr.unice.polytech.si4.isa.devops.teami.entities.events.Event Embeddable is not supported. 
Apr 28, 2019 9:03:22 PM org.apache.openejb.assembler.classic.Assembler destroyApplication
INFO: Undeploying app: /tmp/arquillian-tomee-app-working-dir/0/c476921c-d5dc-43ab-9e85-87dd06fe1682
[ThreadedStreamConsumer] INFO org.apache.maven.plugin.surefire.SurefirePlugin - Tests run: 1, Failures: 0, Errors: 0, Skipped: 0, Time elapsed: 2.305 s - in fr.unice.polytech.si4.isa.devops.teami.entities.school.SpecialityTest
[ThreadedStreamConsumer] INFO org.apache.maven.plugin.surefire.SurefirePlugin - Running fr.unice.polytech.si4.isa.devops.teami.entities.school.ClubTest
Apr 28, 2019 9:03:23 PM org.apache.openejb.util.JarExtractor extract
INFO: Extracting jar: /tmp/arquillian-tomee-app-working-dir/0/2288f5c6-7575-4019-a3d6-a5a12d4b0a03.war
Apr 28, 2019 9:03:23 PM org.apache.openejb.util.JarExtractor extract
INFO: Extracted path: /tmp/arquillian-tomee-app-working-dir/0/2288f5c6-7575-4019-a3d6-a5a12d4b0a03
Apr 28, 2019 9:03:23 PM org.apache.tomee.catalina.TomcatWebAppBuilder deployWebApps
INFO: using default host: localhost
Apr 28, 2019 9:03:23 PM org.apache.tomee.catalina.TomcatWebAppBuilder init
INFO: ------------------------- localhost -> /2288f5c6-7575-4019-a3d6-a5a12d4b0a03
Apr 28, 2019 9:03:23 PM org.apache.openejb.util.OptionsLog info
INFO: Using 'openejb.session.manager=org.apache.tomee.catalina.session.QuickSessionManager'
Apr 28, 2019 9:03:23 PM org.apache.openejb.config.ConfigurationFactory configureApplication
INFO: Configuring enterprise application: /tmp/arquillian-tomee-app-working-dir/0/2288f5c6-7575-4019-a3d6-a5a12d4b0a03
Apr 28, 2019 9:03:23 PM org.apache.openejb.config.AutoConfig deploy
INFO: Configuring PersistenceUnit(name=entities_persistence_unit)
Apr 28, 2019 9:03:23 PM org.apache.openejb.config.AutoConfig setJtaDataSource
INFO: Adjusting PersistenceUnit entities_persistence_unit <jta-data-source> to Resource ID 'Default JDBC Database' from 'PolydiplomaDataSource'
Apr 28, 2019 9:03:23 PM org.apache.openejb.config.AutoConfig setNonJtaDataSource
INFO: Adjusting PersistenceUnit entities_persistence_unit <non-jta-data-source> to Resource ID 'Default Unmanaged JDBC Database' from 'null'
Apr 28, 2019 9:03:23 PM org.apache.openejb.config.ReportValidationResults logResults
WARNING: WARN ... WebModule{moduleId='2288f5c6-7575-4019-a3d6-a5a12d4b0a03', contextRoot='2288f5c6-7575-4019-a3d6-a5a12d4b0a03'}:	Incorrect location of file file:/tmp/arquillian-tomee-app-working-dir/0/2288f5c6-7575-4019-a3d6-a5a12d4b0a03/META-INF/beans.xml The file should be in WEB-INF directory
Apr 28, 2019 9:03:23 PM org.apache.openejb.config.ReportValidationResults logResults
WARNING: 1 warning for WebModule(path=2288f5c6-7575-4019-a3d6-a5a12d4b0a03)
Apr 28, 2019 9:03:23 PM org.apache.openejb.config.AppInfoBuilder build
INFO: Enterprise application "/tmp/arquillian-tomee-app-working-dir/0/2288f5c6-7575-4019-a3d6-a5a12d4b0a03" loaded.
Apr 28, 2019 9:03:23 PM org.apache.openejb.assembler.classic.Assembler createApplication
INFO: Assembling app: /tmp/arquillian-tomee-app-working-dir/0/2288f5c6-7575-4019-a3d6-a5a12d4b0a03
Apr 28, 2019 9:03:23 PM null
INFO: OpenJPA dynamically loaded a validation provider.
Apr 28, 2019 9:03:23 PM org.apache.openejb.assembler.classic.ReloadableEntityManagerFactory createDelegate
INFO: PersistenceUnit(name=entities_persistence_unit, provider=org.apache.openjpa.persistence.PersistenceProviderImpl) - provider time 35ms
Apr 28, 2019 9:03:23 PM org.apache.openejb.assembler.classic.Assembler createApplication
INFO: Deployed Application(path=/tmp/arquillian-tomee-app-working-dir/0/2288f5c6-7575-4019-a3d6-a5a12d4b0a03)
Apr 28, 2019 9:03:23 PM org.apache.jasper.servlet.TldScanner scanJars
INFO: At least one JAR was scanned for TLDs yet contained no TLDs. Enable debug logging for this logger for a complete list of JARs that were scanned but no TLDs were found in them. Skipping unneeded JARs during scanning can improve startup time and JSP compilation time.
Apr 28, 2019 9:03:23 PM null
INFO: Starting OpenJPA 2.4.1
Apr 28, 2019 9:03:23 PM null
INFO: Using dictionary class "org.apache.openjpa.jdbc.sql.HSQLDictionary" (HSQL Database Engine 2.3.2 ,HSQL Database Engine Driver 2.3.2).
Apr 28, 2019 9:03:23 PM null
INFO: Connected to HSQL Database Engine version 2.2 using JDBC driver HSQL Database Engine Driver version 2.3.2. 
Apr 28, 2019 9:03:24 PM null
INFO: Creating subclass and redefining methods for "[class fr.unice.polytech.si4.isa.devops.teami.entities.guests.Person, class fr.unice.polytech.si4.isa.devops.teami.entities.invitations.StudentInvitation, class fr.unice.polytech.si4.isa.devops.teami.entities.school.Speciality, class fr.unice.polytech.si4.isa.devops.teami.entities.events.StudentEvent, class fr.unice.polytech.si4.isa.devops.teami.entities.ceremony.Planning, class fr.unice.polytech.si4.isa.devops.teami.entities.guests.Student, class fr.unice.polytech.si4.isa.devops.teami.entities.events.ClubEvent, class fr.unice.polytech.si4.isa.devops.teami.entities.events.VipEvent, class fr.unice.polytech.si4.isa.devops.teami.entities.guests.Attendant, class fr.unice.polytech.si4.isa.devops.teami.entities.school.Bill, class fr.unice.polytech.si4.isa.devops.teami.entities.events.EventOffer, class fr.unice.polytech.si4.isa.devops.teami.entities.guests.Vip, class fr.unice.polytech.si4.isa.devops.teami.entities.events.Event, class fr.unice.polytech.si4.isa.devops.teami.entities.ceremony.Ceremony, class fr.unice.polytech.si4.isa.devops.teami.entities.invitations.VIPInvitation, class fr.unice.polytech.si4.isa.devops.teami.entities.school.Club]". This means that your application will be less efficient than it would if you ran the OpenJPA enhancer.
Apr 28, 2019 9:03:24 PM null
WARNING: The identity field defined in the fr.unice.polytech.si4.isa.devops.teami.entities.events.Event Embeddable is not supported. 
Apr 28, 2019 9:03:25 PM org.apache.openejb.assembler.classic.Assembler destroyApplication
INFO: Undeploying app: /tmp/arquillian-tomee-app-working-dir/0/2288f5c6-7575-4019-a3d6-a5a12d4b0a03
[ThreadedStreamConsumer] INFO org.apache.maven.plugin.surefire.SurefirePlugin - Tests run: 1, Failures: 0, Errors: 0, Skipped: 0, Time elapsed: 2.279 s - in fr.unice.polytech.si4.isa.devops.teami.entities.school.ClubTest
[ThreadedStreamConsumer] INFO org.apache.maven.plugin.surefire.SurefirePlugin - Running fr.unice.polytech.si4.isa.devops.teami.entities.school.BillTest
Apr 28, 2019 9:03:25 PM org.apache.openejb.util.JarExtractor extract
INFO: Extracting jar: /tmp/arquillian-tomee-app-working-dir/0/f34feef6-ec79-4c93-b568-b1377d646601.war
Apr 28, 2019 9:03:25 PM org.apache.openejb.util.JarExtractor extract
INFO: Extracted path: /tmp/arquillian-tomee-app-working-dir/0/f34feef6-ec79-4c93-b568-b1377d646601
Apr 28, 2019 9:03:25 PM org.apache.tomee.catalina.TomcatWebAppBuilder deployWebApps
INFO: using default host: localhost
Apr 28, 2019 9:03:25 PM org.apache.tomee.catalina.TomcatWebAppBuilder init
INFO: ------------------------- localhost -> /f34feef6-ec79-4c93-b568-b1377d646601
Apr 28, 2019 9:03:25 PM org.apache.openejb.util.OptionsLog info
INFO: Using 'openejb.session.manager=org.apache.tomee.catalina.session.QuickSessionManager'
Apr 28, 2019 9:03:25 PM org.apache.openejb.config.ConfigurationFactory configureApplication
INFO: Configuring enterprise application: /tmp/arquillian-tomee-app-working-dir/0/f34feef6-ec79-4c93-b568-b1377d646601
Apr 28, 2019 9:03:25 PM org.apache.openejb.config.AutoConfig deploy
INFO: Configuring PersistenceUnit(name=entities_persistence_unit)
Apr 28, 2019 9:03:25 PM org.apache.openejb.config.AutoConfig setJtaDataSource
INFO: Adjusting PersistenceUnit entities_persistence_unit <jta-data-source> to Resource ID 'Default JDBC Database' from 'PolydiplomaDataSource'
Apr 28, 2019 9:03:25 PM org.apache.openejb.config.AutoConfig setNonJtaDataSource
INFO: Adjusting PersistenceUnit entities_persistence_unit <non-jta-data-source> to Resource ID 'Default Unmanaged JDBC Database' from 'null'
Apr 28, 2019 9:03:25 PM org.apache.openejb.config.ReportValidationResults logResults
WARNING: WARN ... WebModule{moduleId='f34feef6-ec79-4c93-b568-b1377d646601', contextRoot='f34feef6-ec79-4c93-b568-b1377d646601'}:	Incorrect location of file file:/tmp/arquillian-tomee-app-working-dir/0/f34feef6-ec79-4c93-b568-b1377d646601/META-INF/beans.xml The file should be in WEB-INF directory
Apr 28, 2019 9:03:25 PM org.apache.openejb.config.ReportValidationResults logResults
WARNING: 1 warning for WebModule(path=f34feef6-ec79-4c93-b568-b1377d646601)
Apr 28, 2019 9:03:25 PM org.apache.openejb.config.AppInfoBuilder build
INFO: Enterprise application "/tmp/arquillian-tomee-app-working-dir/0/f34feef6-ec79-4c93-b568-b1377d646601" loaded.
Apr 28, 2019 9:03:25 PM org.apache.openejb.assembler.classic.Assembler createApplication
INFO: Assembling app: /tmp/arquillian-tomee-app-working-dir/0/f34feef6-ec79-4c93-b568-b1377d646601
Apr 28, 2019 9:03:25 PM null
INFO: OpenJPA dynamically loaded a validation provider.
Apr 28, 2019 9:03:25 PM org.apache.openejb.assembler.classic.ReloadableEntityManagerFactory createDelegate
INFO: PersistenceUnit(name=entities_persistence_unit, provider=org.apache.openjpa.persistence.PersistenceProviderImpl) - provider time 43ms
Apr 28, 2019 9:03:25 PM org.apache.openejb.assembler.classic.Assembler createApplication
INFO: Deployed Application(path=/tmp/arquillian-tomee-app-working-dir/0/f34feef6-ec79-4c93-b568-b1377d646601)
Apr 28, 2019 9:03:26 PM org.apache.jasper.servlet.TldScanner scanJars
INFO: At least one JAR was scanned for TLDs yet contained no TLDs. Enable debug logging for this logger for a complete list of JARs that were scanned but no TLDs were found in them. Skipping unneeded JARs during scanning can improve startup time and JSP compilation time.
Apr 28, 2019 9:03:26 PM null
INFO: Starting OpenJPA 2.4.1
Apr 28, 2019 9:03:26 PM null
INFO: Using dictionary class "org.apache.openjpa.jdbc.sql.HSQLDictionary" (HSQL Database Engine 2.3.2 ,HSQL Database Engine Driver 2.3.2).
Apr 28, 2019 9:03:26 PM null
INFO: Connected to HSQL Database Engine version 2.2 using JDBC driver HSQL Database Engine Driver version 2.3.2. 
Apr 28, 2019 9:03:26 PM null
INFO: Creating subclass and redefining methods for "[class fr.unice.polytech.si4.isa.devops.teami.entities.guests.Person, class fr.unice.polytech.si4.isa.devops.teami.entities.invitations.StudentInvitation, class fr.unice.polytech.si4.isa.devops.teami.entities.school.Speciality, class fr.unice.polytech.si4.isa.devops.teami.entities.events.StudentEvent, class fr.unice.polytech.si4.isa.devops.teami.entities.ceremony.Planning, class fr.unice.polytech.si4.isa.devops.teami.entities.guests.Student, class fr.unice.polytech.si4.isa.devops.teami.entities.events.ClubEvent, class fr.unice.polytech.si4.isa.devops.teami.entities.events.VipEvent, class fr.unice.polytech.si4.isa.devops.teami.entities.guests.Attendant, class fr.unice.polytech.si4.isa.devops.teami.entities.school.Bill, class fr.unice.polytech.si4.isa.devops.teami.entities.events.EventOffer, class fr.unice.polytech.si4.isa.devops.teami.entities.guests.Vip, class fr.unice.polytech.si4.isa.devops.teami.entities.events.Event, class fr.unice.polytech.si4.isa.devops.teami.entities.ceremony.Ceremony, class fr.unice.polytech.si4.isa.devops.teami.entities.invitations.VIPInvitation, class fr.unice.polytech.si4.isa.devops.teami.entities.school.Club]". This means that your application will be less efficient than it would if you ran the OpenJPA enhancer.
Apr 28, 2019 9:03:26 PM null
WARNING: The identity field defined in the fr.unice.polytech.si4.isa.devops.teami.entities.events.Event Embeddable is not supported. 
Apr 28, 2019 9:03:27 PM org.apache.openejb.assembler.classic.Assembler destroyApplication
INFO: Undeploying app: /tmp/arquillian-tomee-app-working-dir/0/f34feef6-ec79-4c93-b568-b1377d646601
[ThreadedStreamConsumer] INFO org.apache.maven.plugin.surefire.SurefirePlugin - Tests run: 1, Failures: 0, Errors: 0, Skipped: 0, Time elapsed: 2.179 s - in fr.unice.polytech.si4.isa.devops.teami.entities.school.BillTest
[ThreadedStreamConsumer] INFO org.apache.maven.plugin.surefire.SurefirePlugin - Running fr.unice.polytech.si4.isa.devops.teami.entities.invitations.StudentInvitationTest
Apr 28, 2019 9:03:27 PM org.apache.openejb.util.JarExtractor extract
INFO: Extracting jar: /tmp/arquillian-tomee-app-working-dir/0/4012b169-466c-4208-a14a-4ce2e3285b3c.war
Apr 28, 2019 9:03:27 PM org.apache.openejb.util.JarExtractor extract
INFO: Extracted path: /tmp/arquillian-tomee-app-working-dir/0/4012b169-466c-4208-a14a-4ce2e3285b3c
Apr 28, 2019 9:03:27 PM org.apache.tomee.catalina.TomcatWebAppBuilder deployWebApps
INFO: using default host: localhost
Apr 28, 2019 9:03:27 PM org.apache.tomee.catalina.TomcatWebAppBuilder init
INFO: ------------------------- localhost -> /4012b169-466c-4208-a14a-4ce2e3285b3c
Apr 28, 2019 9:03:27 PM org.apache.openejb.util.OptionsLog info
INFO: Using 'openejb.session.manager=org.apache.tomee.catalina.session.QuickSessionManager'
Apr 28, 2019 9:03:27 PM org.apache.openejb.config.ConfigurationFactory configureApplication
INFO: Configuring enterprise application: /tmp/arquillian-tomee-app-working-dir/0/4012b169-466c-4208-a14a-4ce2e3285b3c
Apr 28, 2019 9:03:27 PM org.apache.openejb.config.AutoConfig deploy
INFO: Configuring PersistenceUnit(name=entities_persistence_unit)
Apr 28, 2019 9:03:27 PM org.apache.openejb.config.AutoConfig setJtaDataSource
INFO: Adjusting PersistenceUnit entities_persistence_unit <jta-data-source> to Resource ID 'Default JDBC Database' from 'PolydiplomaDataSource'
Apr 28, 2019 9:03:27 PM org.apache.openejb.config.AutoConfig setNonJtaDataSource
INFO: Adjusting PersistenceUnit entities_persistence_unit <non-jta-data-source> to Resource ID 'Default Unmanaged JDBC Database' from 'null'
Apr 28, 2019 9:03:27 PM org.apache.openejb.config.ReportValidationResults logResults
WARNING: WARN ... WebModule{moduleId='4012b169-466c-4208-a14a-4ce2e3285b3c', contextRoot='4012b169-466c-4208-a14a-4ce2e3285b3c'}:	Incorrect location of file file:/tmp/arquillian-tomee-app-working-dir/0/4012b169-466c-4208-a14a-4ce2e3285b3c/META-INF/beans.xml The file should be in WEB-INF directory
Apr 28, 2019 9:03:28 PM org.apache.openejb.config.ReportValidationResults logResults
WARNING: 1 warning for WebModule(path=4012b169-466c-4208-a14a-4ce2e3285b3c)
Apr 28, 2019 9:03:28 PM org.apache.openejb.config.AppInfoBuilder build
INFO: Enterprise application "/tmp/arquillian-tomee-app-working-dir/0/4012b169-466c-4208-a14a-4ce2e3285b3c" loaded.
Apr 28, 2019 9:03:28 PM org.apache.openejb.assembler.classic.Assembler createApplication
INFO: Assembling app: /tmp/arquillian-tomee-app-working-dir/0/4012b169-466c-4208-a14a-4ce2e3285b3c
Apr 28, 2019 9:03:28 PM null
INFO: OpenJPA dynamically loaded a validation provider.
Apr 28, 2019 9:03:28 PM org.apache.openejb.assembler.classic.ReloadableEntityManagerFactory createDelegate
INFO: PersistenceUnit(name=entities_persistence_unit, provider=org.apache.openjpa.persistence.PersistenceProviderImpl) - provider time 36ms
Apr 28, 2019 9:03:28 PM org.apache.openejb.assembler.classic.Assembler createApplication
INFO: Deployed Application(path=/tmp/arquillian-tomee-app-working-dir/0/4012b169-466c-4208-a14a-4ce2e3285b3c)
Apr 28, 2019 9:03:28 PM org.apache.jasper.servlet.TldScanner scanJars
INFO: At least one JAR was scanned for TLDs yet contained no TLDs. Enable debug logging for this logger for a complete list of JARs that were scanned but no TLDs were found in them. Skipping unneeded JARs during scanning can improve startup time and JSP compilation time.
Apr 28, 2019 9:03:28 PM null
INFO: Starting OpenJPA 2.4.1
Apr 28, 2019 9:03:28 PM null
INFO: Using dictionary class "org.apache.openjpa.jdbc.sql.HSQLDictionary" (HSQL Database Engine 2.3.2 ,HSQL Database Engine Driver 2.3.2).
Apr 28, 2019 9:03:28 PM null
INFO: Connected to HSQL Database Engine version 2.2 using JDBC driver HSQL Database Engine Driver version 2.3.2. 
Apr 28, 2019 9:03:28 PM null
INFO: Creating subclass and redefining methods for "[class fr.unice.polytech.si4.isa.devops.teami.entities.guests.Person, class fr.unice.polytech.si4.isa.devops.teami.entities.invitations.StudentInvitation, class fr.unice.polytech.si4.isa.devops.teami.entities.school.Speciality, class fr.unice.polytech.si4.isa.devops.teami.entities.events.StudentEvent, class fr.unice.polytech.si4.isa.devops.teami.entities.ceremony.Planning, class fr.unice.polytech.si4.isa.devops.teami.entities.guests.Student, class fr.unice.polytech.si4.isa.devops.teami.entities.events.ClubEvent, class fr.unice.polytech.si4.isa.devops.teami.entities.events.VipEvent, class fr.unice.polytech.si4.isa.devops.teami.entities.guests.Attendant, class fr.unice.polytech.si4.isa.devops.teami.entities.school.Bill, class fr.unice.polytech.si4.isa.devops.teami.entities.events.EventOffer, class fr.unice.polytech.si4.isa.devops.teami.entities.guests.Vip, class fr.unice.polytech.si4.isa.devops.teami.entities.events.Event, class fr.unice.polytech.si4.isa.devops.teami.entities.ceremony.Ceremony, class fr.unice.polytech.si4.isa.devops.teami.entities.invitations.VIPInvitation, class fr.unice.polytech.si4.isa.devops.teami.entities.school.Club]". This means that your application will be less efficient than it would if you ran the OpenJPA enhancer.
Apr 28, 2019 9:03:28 PM null
WARNING: The identity field defined in the fr.unice.polytech.si4.isa.devops.teami.entities.events.Event Embeddable is not supported. 
Apr 28, 2019 9:03:29 PM org.apache.openejb.assembler.classic.Assembler destroyApplication
INFO: Undeploying app: /tmp/arquillian-tomee-app-working-dir/0/4012b169-466c-4208-a14a-4ce2e3285b3c
[ThreadedStreamConsumer] INFO org.apache.maven.plugin.surefire.SurefirePlugin - Tests run: 1, Failures: 0, Errors: 0, Skipped: 0, Time elapsed: 2.142 s - in fr.unice.polytech.si4.isa.devops.teami.entities.invitations.StudentInvitationTest
[ThreadedStreamConsumer] INFO org.apache.maven.plugin.surefire.SurefirePlugin - Running fr.unice.polytech.si4.isa.devops.teami.entities.invitations.VIPInvitationTest
Apr 28, 2019 9:03:29 PM org.apache.openejb.util.JarExtractor extract
INFO: Extracting jar: /tmp/arquillian-tomee-app-working-dir/0/68d243cf-b944-48dc-be71-75e2af670b44.war
Apr 28, 2019 9:03:29 PM org.apache.openejb.util.JarExtractor extract
INFO: Extracted path: /tmp/arquillian-tomee-app-working-dir/0/68d243cf-b944-48dc-be71-75e2af670b44
Apr 28, 2019 9:03:29 PM org.apache.tomee.catalina.TomcatWebAppBuilder deployWebApps
INFO: using default host: localhost
Apr 28, 2019 9:03:29 PM org.apache.tomee.catalina.TomcatWebAppBuilder init
INFO: ------------------------- localhost -> /68d243cf-b944-48dc-be71-75e2af670b44
Apr 28, 2019 9:03:29 PM org.apache.openejb.util.OptionsLog info
INFO: Using 'openejb.session.manager=org.apache.tomee.catalina.session.QuickSessionManager'
Apr 28, 2019 9:03:30 PM org.apache.openejb.config.ConfigurationFactory configureApplication
INFO: Configuring enterprise application: /tmp/arquillian-tomee-app-working-dir/0/68d243cf-b944-48dc-be71-75e2af670b44
Apr 28, 2019 9:03:30 PM org.apache.openejb.config.AutoConfig deploy
INFO: Configuring PersistenceUnit(name=entities_persistence_unit)
Apr 28, 2019 9:03:30 PM org.apache.openejb.config.AutoConfig setJtaDataSource
INFO: Adjusting PersistenceUnit entities_persistence_unit <jta-data-source> to Resource ID 'Default JDBC Database' from 'PolydiplomaDataSource'
Apr 28, 2019 9:03:30 PM org.apache.openejb.config.AutoConfig setNonJtaDataSource
INFO: Adjusting PersistenceUnit entities_persistence_unit <non-jta-data-source> to Resource ID 'Default Unmanaged JDBC Database' from 'null'
Apr 28, 2019 9:03:30 PM org.apache.openejb.config.ReportValidationResults logResults
WARNING: WARN ... WebModule{moduleId='68d243cf-b944-48dc-be71-75e2af670b44', contextRoot='68d243cf-b944-48dc-be71-75e2af670b44'}:	Incorrect location of file file:/tmp/arquillian-tomee-app-working-dir/0/68d243cf-b944-48dc-be71-75e2af670b44/META-INF/beans.xml The file should be in WEB-INF directory
Apr 28, 2019 9:03:30 PM org.apache.openejb.config.ReportValidationResults logResults
WARNING: 1 warning for WebModule(path=68d243cf-b944-48dc-be71-75e2af670b44)
Apr 28, 2019 9:03:30 PM org.apache.openejb.config.AppInfoBuilder build
INFO: Enterprise application "/tmp/arquillian-tomee-app-working-dir/0/68d243cf-b944-48dc-be71-75e2af670b44" loaded.
Apr 28, 2019 9:03:30 PM org.apache.openejb.assembler.classic.Assembler createApplication
INFO: Assembling app: /tmp/arquillian-tomee-app-working-dir/0/68d243cf-b944-48dc-be71-75e2af670b44
Apr 28, 2019 9:03:30 PM null
INFO: OpenJPA dynamically loaded a validation provider.
Apr 28, 2019 9:03:30 PM org.apache.openejb.assembler.classic.ReloadableEntityManagerFactory createDelegate
INFO: PersistenceUnit(name=entities_persistence_unit, provider=org.apache.openjpa.persistence.PersistenceProviderImpl) - provider time 68ms
Apr 28, 2019 9:03:30 PM org.apache.openejb.assembler.classic.Assembler createApplication
INFO: Deployed Application(path=/tmp/arquillian-tomee-app-working-dir/0/68d243cf-b944-48dc-be71-75e2af670b44)
Apr 28, 2019 9:03:30 PM org.apache.jasper.servlet.TldScanner scanJars
INFO: At least one JAR was scanned for TLDs yet contained no TLDs. Enable debug logging for this logger for a complete list of JARs that were scanned but no TLDs were found in them. Skipping unneeded JARs during scanning can improve startup time and JSP compilation time.
Apr 28, 2019 9:03:30 PM null
INFO: Starting OpenJPA 2.4.1
Apr 28, 2019 9:03:30 PM null
INFO: Using dictionary class "org.apache.openjpa.jdbc.sql.HSQLDictionary" (HSQL Database Engine 2.3.2 ,HSQL Database Engine Driver 2.3.2).
Apr 28, 2019 9:03:30 PM null
INFO: Connected to HSQL Database Engine version 2.2 using JDBC driver HSQL Database Engine Driver version 2.3.2. 
Apr 28, 2019 9:03:30 PM null
INFO: Creating subclass and redefining methods for "[class fr.unice.polytech.si4.isa.devops.teami.entities.guests.Person, class fr.unice.polytech.si4.isa.devops.teami.entities.invitations.StudentInvitation, class fr.unice.polytech.si4.isa.devops.teami.entities.school.Speciality, class fr.unice.polytech.si4.isa.devops.teami.entities.events.StudentEvent, class fr.unice.polytech.si4.isa.devops.teami.entities.ceremony.Planning, class fr.unice.polytech.si4.isa.devops.teami.entities.guests.Student, class fr.unice.polytech.si4.isa.devops.teami.entities.events.ClubEvent, class fr.unice.polytech.si4.isa.devops.teami.entities.events.VipEvent, class fr.unice.polytech.si4.isa.devops.teami.entities.guests.Attendant, class fr.unice.polytech.si4.isa.devops.teami.entities.school.Bill, class fr.unice.polytech.si4.isa.devops.teami.entities.events.EventOffer, class fr.unice.polytech.si4.isa.devops.teami.entities.guests.Vip, class fr.unice.polytech.si4.isa.devops.teami.entities.events.Event, class fr.unice.polytech.si4.isa.devops.teami.entities.ceremony.Ceremony, class fr.unice.polytech.si4.isa.devops.teami.entities.invitations.VIPInvitation, class fr.unice.polytech.si4.isa.devops.teami.entities.school.Club]". This means that your application will be less efficient than it would if you ran the OpenJPA enhancer.
Apr 28, 2019 9:03:31 PM null
WARNING: The identity field defined in the fr.unice.polytech.si4.isa.devops.teami.entities.events.Event Embeddable is not supported. 
Apr 28, 2019 9:03:32 PM org.apache.openejb.assembler.classic.Assembler destroyApplication
INFO: Undeploying app: /tmp/arquillian-tomee-app-working-dir/0/68d243cf-b944-48dc-be71-75e2af670b44
[ThreadedStreamConsumer] INFO org.apache.maven.plugin.surefire.SurefirePlugin - Tests run: 1, Failures: 0, Errors: 0, Skipped: 0, Time elapsed: 2.278 s - in fr.unice.polytech.si4.isa.devops.teami.entities.invitations.VIPInvitationTest
[ThreadedStreamConsumer] INFO org.apache.maven.plugin.surefire.SurefirePlugin - Running fr.unice.polytech.si4.isa.devops.teami.entities.events.EventOfferTest
Apr 28, 2019 9:03:32 PM org.apache.openejb.util.JarExtractor extract
INFO: Extracting jar: /tmp/arquillian-tomee-app-working-dir/0/af747000-f88a-4f02-ae59-148abb9ad31e.war
Apr 28, 2019 9:03:32 PM org.apache.openejb.util.JarExtractor extract
INFO: Extracted path: /tmp/arquillian-tomee-app-working-dir/0/af747000-f88a-4f02-ae59-148abb9ad31e
Apr 28, 2019 9:03:32 PM org.apache.tomee.catalina.TomcatWebAppBuilder deployWebApps
INFO: using default host: localhost
Apr 28, 2019 9:03:32 PM org.apache.tomee.catalina.TomcatWebAppBuilder init
INFO: ------------------------- localhost -> /af747000-f88a-4f02-ae59-148abb9ad31e
Apr 28, 2019 9:03:32 PM org.apache.openejb.util.OptionsLog info
INFO: Using 'openejb.session.manager=org.apache.tomee.catalina.session.QuickSessionManager'
Apr 28, 2019 9:03:32 PM org.apache.openejb.config.ConfigurationFactory configureApplication
INFO: Configuring enterprise application: /tmp/arquillian-tomee-app-working-dir/0/af747000-f88a-4f02-ae59-148abb9ad31e
Apr 28, 2019 9:03:32 PM org.apache.openejb.config.AutoConfig deploy
INFO: Configuring PersistenceUnit(name=entities_persistence_unit)
Apr 28, 2019 9:03:32 PM org.apache.openejb.config.AutoConfig setJtaDataSource
INFO: Adjusting PersistenceUnit entities_persistence_unit <jta-data-source> to Resource ID 'Default JDBC Database' from 'PolydiplomaDataSource'
Apr 28, 2019 9:03:32 PM org.apache.openejb.config.AutoConfig setNonJtaDataSource
INFO: Adjusting PersistenceUnit entities_persistence_unit <non-jta-data-source> to Resource ID 'Default Unmanaged JDBC Database' from 'null'
Apr 28, 2019 9:03:32 PM org.apache.openejb.config.ReportValidationResults logResults
WARNING: WARN ... WebModule{moduleId='af747000-f88a-4f02-ae59-148abb9ad31e', contextRoot='af747000-f88a-4f02-ae59-148abb9ad31e'}:	Incorrect location of file file:/tmp/arquillian-tomee-app-working-dir/0/af747000-f88a-4f02-ae59-148abb9ad31e/META-INF/beans.xml The file should be in WEB-INF directory
Apr 28, 2019 9:03:32 PM org.apache.openejb.config.ReportValidationResults logResults
WARNING: 1 warning for WebModule(path=af747000-f88a-4f02-ae59-148abb9ad31e)
Apr 28, 2019 9:03:32 PM org.apache.openejb.config.AppInfoBuilder build
INFO: Enterprise application "/tmp/arquillian-tomee-app-working-dir/0/af747000-f88a-4f02-ae59-148abb9ad31e" loaded.
Apr 28, 2019 9:03:32 PM org.apache.openejb.assembler.classic.Assembler createApplication
INFO: Assembling app: /tmp/arquillian-tomee-app-working-dir/0/af747000-f88a-4f02-ae59-148abb9ad31e
Apr 28, 2019 9:03:32 PM null
INFO: OpenJPA dynamically loaded a validation provider.
Apr 28, 2019 9:03:32 PM org.apache.openejb.assembler.classic.ReloadableEntityManagerFactory createDelegate
INFO: PersistenceUnit(name=entities_persistence_unit, provider=org.apache.openjpa.persistence.PersistenceProviderImpl) - provider time 34ms
Apr 28, 2019 9:03:32 PM org.apache.openejb.assembler.classic.Assembler createApplication
INFO: Deployed Application(path=/tmp/arquillian-tomee-app-working-dir/0/af747000-f88a-4f02-ae59-148abb9ad31e)
Apr 28, 2019 9:03:32 PM org.apache.jasper.servlet.TldScanner scanJars
INFO: At least one JAR was scanned for TLDs yet contained no TLDs. Enable debug logging for this logger for a complete list of JARs that were scanned but no TLDs were found in them. Skipping unneeded JARs during scanning can improve startup time and JSP compilation time.
Apr 28, 2019 9:03:32 PM null
INFO: Starting OpenJPA 2.4.1
Apr 28, 2019 9:03:32 PM null
INFO: Using dictionary class "org.apache.openjpa.jdbc.sql.HSQLDictionary" (HSQL Database Engine 2.3.2 ,HSQL Database Engine Driver 2.3.2).
Apr 28, 2019 9:03:32 PM null
INFO: Connected to HSQL Database Engine version 2.2 using JDBC driver HSQL Database Engine Driver version 2.3.2. 
Apr 28, 2019 9:03:33 PM null
INFO: Creating subclass and redefining methods for "[class fr.unice.polytech.si4.isa.devops.teami.entities.guests.Person, class fr.unice.polytech.si4.isa.devops.teami.entities.invitations.StudentInvitation, class fr.unice.polytech.si4.isa.devops.teami.entities.school.Speciality, class fr.unice.polytech.si4.isa.devops.teami.entities.events.StudentEvent, class fr.unice.polytech.si4.isa.devops.teami.entities.ceremony.Planning, class fr.unice.polytech.si4.isa.devops.teami.entities.guests.Student, class fr.unice.polytech.si4.isa.devops.teami.entities.events.ClubEvent, class fr.unice.polytech.si4.isa.devops.teami.entities.events.VipEvent, class fr.unice.polytech.si4.isa.devops.teami.entities.guests.Attendant, class fr.unice.polytech.si4.isa.devops.teami.entities.school.Bill, class fr.unice.polytech.si4.isa.devops.teami.entities.events.EventOffer, class fr.unice.polytech.si4.isa.devops.teami.entities.guests.Vip, class fr.unice.polytech.si4.isa.devops.teami.entities.events.Event, class fr.unice.polytech.si4.isa.devops.teami.entities.ceremony.Ceremony, class fr.unice.polytech.si4.isa.devops.teami.entities.invitations.VIPInvitation, class fr.unice.polytech.si4.isa.devops.teami.entities.school.Club]". This means that your application will be less efficient than it would if you ran the OpenJPA enhancer.
Apr 28, 2019 9:03:33 PM null
WARNING: The identity field defined in the fr.unice.polytech.si4.isa.devops.teami.entities.events.Event Embeddable is not supported. 
Apr 28, 2019 9:03:34 PM org.apache.openejb.assembler.classic.Assembler destroyApplication
INFO: Undeploying app: /tmp/arquillian-tomee-app-working-dir/0/af747000-f88a-4f02-ae59-148abb9ad31e
[ThreadedStreamConsumer] INFO org.apache.maven.plugin.surefire.SurefirePlugin - Tests run: 1, Failures: 0, Errors: 0, Skipped: 0, Time elapsed: 2.75 s - in fr.unice.polytech.si4.isa.devops.teami.entities.events.EventOfferTest
[ThreadedStreamConsumer] INFO org.apache.maven.plugin.surefire.SurefirePlugin - Running fr.unice.polytech.si4.isa.devops.teami.entities.events.StudentEventTest
Apr 28, 2019 9:03:35 PM org.apache.openejb.util.JarExtractor extract
INFO: Extracting jar: /tmp/arquillian-tomee-app-working-dir/0/17691818-257f-48d0-9c36-17ee7d8276d9.war
Apr 28, 2019 9:03:35 PM org.apache.openejb.util.JarExtractor extract
INFO: Extracted path: /tmp/arquillian-tomee-app-working-dir/0/17691818-257f-48d0-9c36-17ee7d8276d9
Apr 28, 2019 9:03:35 PM org.apache.tomee.catalina.TomcatWebAppBuilder deployWebApps
INFO: using default host: localhost
Apr 28, 2019 9:03:35 PM org.apache.tomee.catalina.TomcatWebAppBuilder init
INFO: ------------------------- localhost -> /17691818-257f-48d0-9c36-17ee7d8276d9
Apr 28, 2019 9:03:35 PM org.apache.openejb.util.OptionsLog info
INFO: Using 'openejb.session.manager=org.apache.tomee.catalina.session.QuickSessionManager'
Apr 28, 2019 9:03:35 PM org.apache.openejb.config.ConfigurationFactory configureApplication
INFO: Configuring enterprise application: /tmp/arquillian-tomee-app-working-dir/0/17691818-257f-48d0-9c36-17ee7d8276d9
Apr 28, 2019 9:03:35 PM org.apache.openejb.config.AutoConfig deploy
INFO: Configuring PersistenceUnit(name=entities_persistence_unit)
Apr 28, 2019 9:03:35 PM org.apache.openejb.config.AutoConfig setJtaDataSource
INFO: Adjusting PersistenceUnit entities_persistence_unit <jta-data-source> to Resource ID 'Default JDBC Database' from 'PolydiplomaDataSource'
Apr 28, 2019 9:03:35 PM org.apache.openejb.config.AutoConfig setNonJtaDataSource
INFO: Adjusting PersistenceUnit entities_persistence_unit <non-jta-data-source> to Resource ID 'Default Unmanaged JDBC Database' from 'null'
Apr 28, 2019 9:03:35 PM org.apache.openejb.config.ReportValidationResults logResults
WARNING: WARN ... WebModule{moduleId='17691818-257f-48d0-9c36-17ee7d8276d9', contextRoot='17691818-257f-48d0-9c36-17ee7d8276d9'}:	Incorrect location of file file:/tmp/arquillian-tomee-app-working-dir/0/17691818-257f-48d0-9c36-17ee7d8276d9/META-INF/beans.xml The file should be in WEB-INF directory
Apr 28, 2019 9:03:35 PM org.apache.openejb.config.ReportValidationResults logResults
WARNING: 1 warning for WebModule(path=17691818-257f-48d0-9c36-17ee7d8276d9)
Apr 28, 2019 9:03:35 PM org.apache.openejb.config.AppInfoBuilder build
INFO: Enterprise application "/tmp/arquillian-tomee-app-working-dir/0/17691818-257f-48d0-9c36-17ee7d8276d9" loaded.
Apr 28, 2019 9:03:35 PM org.apache.openejb.assembler.classic.Assembler createApplication
INFO: Assembling app: /tmp/arquillian-tomee-app-working-dir/0/17691818-257f-48d0-9c36-17ee7d8276d9
Apr 28, 2019 9:03:35 PM null
INFO: OpenJPA dynamically loaded a validation provider.
Apr 28, 2019 9:03:35 PM org.apache.openejb.assembler.classic.ReloadableEntityManagerFactory createDelegate
INFO: PersistenceUnit(name=entities_persistence_unit, provider=org.apache.openjpa.persistence.PersistenceProviderImpl) - provider time 64ms
Apr 28, 2019 9:03:35 PM org.apache.openejb.assembler.classic.Assembler createApplication
INFO: Deployed Application(path=/tmp/arquillian-tomee-app-working-dir/0/17691818-257f-48d0-9c36-17ee7d8276d9)
Apr 28, 2019 9:03:35 PM org.apache.jasper.servlet.TldScanner scanJars
INFO: At least one JAR was scanned for TLDs yet contained no TLDs. Enable debug logging for this logger for a complete list of JARs that were scanned but no TLDs were found in them. Skipping unneeded JARs during scanning can improve startup time and JSP compilation time.
Apr 28, 2019 9:03:35 PM null
INFO: Starting OpenJPA 2.4.1
Apr 28, 2019 9:03:35 PM null
INFO: Using dictionary class "org.apache.openjpa.jdbc.sql.HSQLDictionary" (HSQL Database Engine 2.3.2 ,HSQL Database Engine Driver 2.3.2).
Apr 28, 2019 9:03:35 PM null
INFO: Connected to HSQL Database Engine version 2.2 using JDBC driver HSQL Database Engine Driver version 2.3.2. 
Apr 28, 2019 9:03:35 PM null
INFO: Creating subclass and redefining methods for "[class fr.unice.polytech.si4.isa.devops.teami.entities.guests.Person, class fr.unice.polytech.si4.isa.devops.teami.entities.invitations.StudentInvitation, class fr.unice.polytech.si4.isa.devops.teami.entities.school.Speciality, class fr.unice.polytech.si4.isa.devops.teami.entities.events.StudentEvent, class fr.unice.polytech.si4.isa.devops.teami.entities.ceremony.Planning, class fr.unice.polytech.si4.isa.devops.teami.entities.guests.Student, class fr.unice.polytech.si4.isa.devops.teami.entities.events.ClubEvent, class fr.unice.polytech.si4.isa.devops.teami.entities.events.VipEvent, class fr.unice.polytech.si4.isa.devops.teami.entities.guests.Attendant, class fr.unice.polytech.si4.isa.devops.teami.entities.school.Bill, class fr.unice.polytech.si4.isa.devops.teami.entities.events.EventOffer, class fr.unice.polytech.si4.isa.devops.teami.entities.guests.Vip, class fr.unice.polytech.si4.isa.devops.teami.entities.events.Event, class fr.unice.polytech.si4.isa.devops.teami.entities.ceremony.Ceremony, class fr.unice.polytech.si4.isa.devops.teami.entities.invitations.VIPInvitation, class fr.unice.polytech.si4.isa.devops.teami.entities.school.Club]". This means that your application will be less efficient than it would if you ran the OpenJPA enhancer.
Apr 28, 2019 9:03:36 PM null
WARNING: The identity field defined in the fr.unice.polytech.si4.isa.devops.teami.entities.events.Event Embeddable is not supported. 
Apr 28, 2019 9:03:37 PM org.apache.openejb.assembler.classic.Assembler destroyApplication
INFO: Undeploying app: /tmp/arquillian-tomee-app-working-dir/0/17691818-257f-48d0-9c36-17ee7d8276d9
[ThreadedStreamConsumer] INFO org.apache.maven.plugin.surefire.SurefirePlugin - Tests run: 1, Failures: 0, Errors: 0, Skipped: 0, Time elapsed: 2.271 s - in fr.unice.polytech.si4.isa.devops.teami.entities.events.StudentEventTest
[ThreadedStreamConsumer] INFO org.apache.maven.plugin.surefire.SurefirePlugin - Running fr.unice.polytech.si4.isa.devops.teami.entities.events.ClubEventTest
Apr 28, 2019 9:03:37 PM org.apache.openejb.util.JarExtractor extract
INFO: Extracting jar: /tmp/arquillian-tomee-app-working-dir/0/ef7b97b7-f721-4168-b1ec-1bb1f2ee0d96.war
Apr 28, 2019 9:03:37 PM org.apache.openejb.util.JarExtractor extract
INFO: Extracted path: /tmp/arquillian-tomee-app-working-dir/0/ef7b97b7-f721-4168-b1ec-1bb1f2ee0d96
Apr 28, 2019 9:03:37 PM org.apache.tomee.catalina.TomcatWebAppBuilder deployWebApps
INFO: using default host: localhost
Apr 28, 2019 9:03:37 PM org.apache.tomee.catalina.TomcatWebAppBuilder init
INFO: ------------------------- localhost -> /ef7b97b7-f721-4168-b1ec-1bb1f2ee0d96
Apr 28, 2019 9:03:37 PM org.apache.openejb.util.OptionsLog info
INFO: Using 'openejb.session.manager=org.apache.tomee.catalina.session.QuickSessionManager'
Apr 28, 2019 9:03:37 PM org.apache.openejb.config.ConfigurationFactory configureApplication
INFO: Configuring enterprise application: /tmp/arquillian-tomee-app-working-dir/0/ef7b97b7-f721-4168-b1ec-1bb1f2ee0d96
Apr 28, 2019 9:03:37 PM org.apache.openejb.config.AutoConfig deploy
INFO: Configuring PersistenceUnit(name=entities_persistence_unit)
Apr 28, 2019 9:03:37 PM org.apache.openejb.config.AutoConfig setJtaDataSource
INFO: Adjusting PersistenceUnit entities_persistence_unit <jta-data-source> to Resource ID 'Default JDBC Database' from 'PolydiplomaDataSource'
Apr 28, 2019 9:03:37 PM org.apache.openejb.config.AutoConfig setNonJtaDataSource
INFO: Adjusting PersistenceUnit entities_persistence_unit <non-jta-data-source> to Resource ID 'Default Unmanaged JDBC Database' from 'null'
Apr 28, 2019 9:03:37 PM org.apache.openejb.config.ReportValidationResults logResults
WARNING: WARN ... WebModule{moduleId='ef7b97b7-f721-4168-b1ec-1bb1f2ee0d96', contextRoot='ef7b97b7-f721-4168-b1ec-1bb1f2ee0d96'}:	Incorrect location of file file:/tmp/arquillian-tomee-app-working-dir/0/ef7b97b7-f721-4168-b1ec-1bb1f2ee0d96/META-INF/beans.xml The file should be in WEB-INF directory
Apr 28, 2019 9:03:37 PM org.apache.openejb.config.ReportValidationResults logResults
WARNING: 1 warning for WebModule(path=ef7b97b7-f721-4168-b1ec-1bb1f2ee0d96)
Apr 28, 2019 9:03:37 PM org.apache.openejb.config.AppInfoBuilder build
INFO: Enterprise application "/tmp/arquillian-tomee-app-working-dir/0/ef7b97b7-f721-4168-b1ec-1bb1f2ee0d96" loaded.
Apr 28, 2019 9:03:37 PM org.apache.openejb.assembler.classic.Assembler createApplication
INFO: Assembling app: /tmp/arquillian-tomee-app-working-dir/0/ef7b97b7-f721-4168-b1ec-1bb1f2ee0d96
Apr 28, 2019 9:03:37 PM null
INFO: OpenJPA dynamically loaded a validation provider.
Apr 28, 2019 9:03:37 PM org.apache.openejb.assembler.classic.ReloadableEntityManagerFactory createDelegate
INFO: PersistenceUnit(name=entities_persistence_unit, provider=org.apache.openjpa.persistence.PersistenceProviderImpl) - provider time 31ms
Apr 28, 2019 9:03:37 PM org.apache.openejb.assembler.classic.Assembler createApplication
INFO: Deployed Application(path=/tmp/arquillian-tomee-app-working-dir/0/ef7b97b7-f721-4168-b1ec-1bb1f2ee0d96)
Apr 28, 2019 9:03:37 PM org.apache.jasper.servlet.TldScanner scanJars
INFO: At least one JAR was scanned for TLDs yet contained no TLDs. Enable debug logging for this logger for a complete list of JARs that were scanned but no TLDs were found in them. Skipping unneeded JARs during scanning can improve startup time and JSP compilation time.
Apr 28, 2019 9:03:37 PM null
INFO: Starting OpenJPA 2.4.1
Apr 28, 2019 9:03:37 PM null
INFO: Using dictionary class "org.apache.openjpa.jdbc.sql.HSQLDictionary" (HSQL Database Engine 2.3.2 ,HSQL Database Engine Driver 2.3.2).
Apr 28, 2019 9:03:37 PM null
INFO: Connected to HSQL Database Engine version 2.2 using JDBC driver HSQL Database Engine Driver version 2.3.2. 
Apr 28, 2019 9:03:38 PM null
INFO: Creating subclass and redefining methods for "[class fr.unice.polytech.si4.isa.devops.teami.entities.guests.Person, class fr.unice.polytech.si4.isa.devops.teami.entities.invitations.StudentInvitation, class fr.unice.polytech.si4.isa.devops.teami.entities.school.Speciality, class fr.unice.polytech.si4.isa.devops.teami.entities.events.StudentEvent, class fr.unice.polytech.si4.isa.devops.teami.entities.ceremony.Planning, class fr.unice.polytech.si4.isa.devops.teami.entities.guests.Student, class fr.unice.polytech.si4.isa.devops.teami.entities.events.ClubEvent, class fr.unice.polytech.si4.isa.devops.teami.entities.events.VipEvent, class fr.unice.polytech.si4.isa.devops.teami.entities.guests.Attendant, class fr.unice.polytech.si4.isa.devops.teami.entities.school.Bill, class fr.unice.polytech.si4.isa.devops.teami.entities.events.EventOffer, class fr.unice.polytech.si4.isa.devops.teami.entities.guests.Vip, class fr.unice.polytech.si4.isa.devops.teami.entities.events.Event, class fr.unice.polytech.si4.isa.devops.teami.entities.ceremony.Ceremony, class fr.unice.polytech.si4.isa.devops.teami.entities.invitations.VIPInvitation, class fr.unice.polytech.si4.isa.devops.teami.entities.school.Club]". This means that your application will be less efficient than it would if you ran the OpenJPA enhancer.
Apr 28, 2019 9:03:38 PM null
WARNING: The identity field defined in the fr.unice.polytech.si4.isa.devops.teami.entities.events.Event Embeddable is not supported. 
Apr 28, 2019 9:03:39 PM org.apache.openejb.assembler.classic.Assembler destroyApplication
INFO: Undeploying app: /tmp/arquillian-tomee-app-working-dir/0/ef7b97b7-f721-4168-b1ec-1bb1f2ee0d96
[ThreadedStreamConsumer] INFO org.apache.maven.plugin.surefire.SurefirePlugin - Tests run: 1, Failures: 0, Errors: 0, Skipped: 0, Time elapsed: 2.113 s - in fr.unice.polytech.si4.isa.devops.teami.entities.events.ClubEventTest
[ThreadedStreamConsumer] INFO org.apache.maven.plugin.surefire.SurefirePlugin - Running fr.unice.polytech.si4.isa.devops.teami.entities.events.VIPEventTest
Apr 28, 2019 9:03:39 PM org.apache.openejb.util.JarExtractor extract
INFO: Extracting jar: /tmp/arquillian-tomee-app-working-dir/0/f1fe8b93-efbe-4dbd-bdef-a61fa8fdfce7.war
Apr 28, 2019 9:03:39 PM org.apache.openejb.util.JarExtractor extract
INFO: Extracted path: /tmp/arquillian-tomee-app-working-dir/0/f1fe8b93-efbe-4dbd-bdef-a61fa8fdfce7
Apr 28, 2019 9:03:39 PM org.apache.tomee.catalina.TomcatWebAppBuilder deployWebApps
INFO: using default host: localhost
Apr 28, 2019 9:03:39 PM org.apache.tomee.catalina.TomcatWebAppBuilder init
INFO: ------------------------- localhost -> /f1fe8b93-efbe-4dbd-bdef-a61fa8fdfce7
Apr 28, 2019 9:03:39 PM org.apache.openejb.util.OptionsLog info
INFO: Using 'openejb.session.manager=org.apache.tomee.catalina.session.QuickSessionManager'
Apr 28, 2019 9:03:39 PM org.apache.openejb.config.ConfigurationFactory configureApplication
INFO: Configuring enterprise application: /tmp/arquillian-tomee-app-working-dir/0/f1fe8b93-efbe-4dbd-bdef-a61fa8fdfce7
Apr 28, 2019 9:03:39 PM org.apache.openejb.config.AutoConfig deploy
INFO: Configuring PersistenceUnit(name=entities_persistence_unit)
Apr 28, 2019 9:03:39 PM org.apache.openejb.config.AutoConfig setJtaDataSource
INFO: Adjusting PersistenceUnit entities_persistence_unit <jta-data-source> to Resource ID 'Default JDBC Database' from 'PolydiplomaDataSource'
Apr 28, 2019 9:03:39 PM org.apache.openejb.config.AutoConfig setNonJtaDataSource
INFO: Adjusting PersistenceUnit entities_persistence_unit <non-jta-data-source> to Resource ID 'Default Unmanaged JDBC Database' from 'null'
Apr 28, 2019 9:03:39 PM org.apache.openejb.config.ReportValidationResults logResults
WARNING: WARN ... WebModule{moduleId='f1fe8b93-efbe-4dbd-bdef-a61fa8fdfce7', contextRoot='f1fe8b93-efbe-4dbd-bdef-a61fa8fdfce7'}:	Incorrect location of file file:/tmp/arquillian-tomee-app-working-dir/0/f1fe8b93-efbe-4dbd-bdef-a61fa8fdfce7/META-INF/beans.xml The file should be in WEB-INF directory
Apr 28, 2019 9:03:39 PM org.apache.openejb.config.ReportValidationResults logResults
WARNING: 1 warning for WebModule(path=f1fe8b93-efbe-4dbd-bdef-a61fa8fdfce7)
Apr 28, 2019 9:03:39 PM org.apache.openejb.config.AppInfoBuilder build
INFO: Enterprise application "/tmp/arquillian-tomee-app-working-dir/0/f1fe8b93-efbe-4dbd-bdef-a61fa8fdfce7" loaded.
Apr 28, 2019 9:03:39 PM org.apache.openejb.assembler.classic.Assembler createApplication
INFO: Assembling app: /tmp/arquillian-tomee-app-working-dir/0/f1fe8b93-efbe-4dbd-bdef-a61fa8fdfce7
Apr 28, 2019 9:03:39 PM null
INFO: OpenJPA dynamically loaded a validation provider.
Apr 28, 2019 9:03:39 PM org.apache.openejb.assembler.classic.ReloadableEntityManagerFactory createDelegate
INFO: PersistenceUnit(name=entities_persistence_unit, provider=org.apache.openjpa.persistence.PersistenceProviderImpl) - provider time 36ms
Apr 28, 2019 9:03:39 PM org.apache.openejb.assembler.classic.Assembler createApplication
INFO: Deployed Application(path=/tmp/arquillian-tomee-app-working-dir/0/f1fe8b93-efbe-4dbd-bdef-a61fa8fdfce7)
Apr 28, 2019 9:03:39 PM org.apache.jasper.servlet.TldScanner scanJars
INFO: At least one JAR was scanned for TLDs yet contained no TLDs. Enable debug logging for this logger for a complete list of JARs that were scanned but no TLDs were found in them. Skipping unneeded JARs during scanning can improve startup time and JSP compilation time.
Apr 28, 2019 9:03:40 PM null
INFO: Starting OpenJPA 2.4.1
Apr 28, 2019 9:03:40 PM null
INFO: Using dictionary class "org.apache.openjpa.jdbc.sql.HSQLDictionary" (HSQL Database Engine 2.3.2 ,HSQL Database Engine Driver 2.3.2).
Apr 28, 2019 9:03:40 PM null
INFO: Connected to HSQL Database Engine version 2.2 using JDBC driver HSQL Database Engine Driver version 2.3.2. 
Apr 28, 2019 9:03:40 PM null
INFO: Creating subclass and redefining methods for "[class fr.unice.polytech.si4.isa.devops.teami.entities.guests.Person, class fr.unice.polytech.si4.isa.devops.teami.entities.invitations.StudentInvitation, class fr.unice.polytech.si4.isa.devops.teami.entities.school.Speciality, class fr.unice.polytech.si4.isa.devops.teami.entities.events.StudentEvent, class fr.unice.polytech.si4.isa.devops.teami.entities.ceremony.Planning, class fr.unice.polytech.si4.isa.devops.teami.entities.guests.Student, class fr.unice.polytech.si4.isa.devops.teami.entities.events.ClubEvent, class fr.unice.polytech.si4.isa.devops.teami.entities.events.VipEvent, class fr.unice.polytech.si4.isa.devops.teami.entities.guests.Attendant, class fr.unice.polytech.si4.isa.devops.teami.entities.school.Bill, class fr.unice.polytech.si4.isa.devops.teami.entities.events.EventOffer, class fr.unice.polytech.si4.isa.devops.teami.entities.guests.Vip, class fr.unice.polytech.si4.isa.devops.teami.entities.events.Event, class fr.unice.polytech.si4.isa.devops.teami.entities.ceremony.Ceremony, class fr.unice.polytech.si4.isa.devops.teami.entities.invitations.VIPInvitation, class fr.unice.polytech.si4.isa.devops.teami.entities.school.Club]". This means that your application will be less efficient than it would if you ran the OpenJPA enhancer.
Apr 28, 2019 9:03:40 PM null
WARNING: The identity field defined in the fr.unice.polytech.si4.isa.devops.teami.entities.events.Event Embeddable is not supported. 
Apr 28, 2019 9:03:41 PM org.apache.openejb.assembler.classic.Assembler destroyApplication
INFO: Undeploying app: /tmp/arquillian-tomee-app-working-dir/0/f1fe8b93-efbe-4dbd-bdef-a61fa8fdfce7
[ThreadedStreamConsumer] INFO org.apache.maven.plugin.surefire.SurefirePlugin - Tests run: 1, Failures: 0, Errors: 0, Skipped: 0, Time elapsed: 2.261 s - in fr.unice.polytech.si4.isa.devops.teami.entities.events.VIPEventTest
[ThreadedStreamConsumer] INFO org.apache.maven.plugin.surefire.SurefirePlugin - Running fr.unice.polytech.si4.isa.devops.teami.entities.ceremony.CeremonyTest
Apr 28, 2019 9:03:41 PM org.apache.openejb.util.JarExtractor extract
INFO: Extracting jar: /tmp/arquillian-tomee-app-working-dir/0/eb3d4b2e-9b41-4a14-995b-8b2c60cc80dc.war
Apr 28, 2019 9:03:41 PM org.apache.openejb.util.JarExtractor extract
INFO: Extracted path: /tmp/arquillian-tomee-app-working-dir/0/eb3d4b2e-9b41-4a14-995b-8b2c60cc80dc
Apr 28, 2019 9:03:41 PM org.apache.tomee.catalina.TomcatWebAppBuilder deployWebApps
INFO: using default host: localhost
Apr 28, 2019 9:03:41 PM org.apache.tomee.catalina.TomcatWebAppBuilder init
INFO: ------------------------- localhost -> /eb3d4b2e-9b41-4a14-995b-8b2c60cc80dc
Apr 28, 2019 9:03:41 PM org.apache.openejb.util.OptionsLog info
INFO: Using 'openejb.session.manager=org.apache.tomee.catalina.session.QuickSessionManager'
Apr 28, 2019 9:03:41 PM org.apache.openejb.config.ConfigurationFactory configureApplication
INFO: Configuring enterprise application: /tmp/arquillian-tomee-app-working-dir/0/eb3d4b2e-9b41-4a14-995b-8b2c60cc80dc
Apr 28, 2019 9:03:41 PM org.apache.openejb.config.AutoConfig deploy
INFO: Configuring PersistenceUnit(name=entities_persistence_unit)
Apr 28, 2019 9:03:41 PM org.apache.openejb.config.AutoConfig setJtaDataSource
INFO: Adjusting PersistenceUnit entities_persistence_unit <jta-data-source> to Resource ID 'Default JDBC Database' from 'PolydiplomaDataSource'
Apr 28, 2019 9:03:41 PM org.apache.openejb.config.AutoConfig setNonJtaDataSource
INFO: Adjusting PersistenceUnit entities_persistence_unit <non-jta-data-source> to Resource ID 'Default Unmanaged JDBC Database' from 'null'
Apr 28, 2019 9:03:41 PM org.apache.openejb.config.ReportValidationResults logResults
WARNING: WARN ... WebModule{moduleId='eb3d4b2e-9b41-4a14-995b-8b2c60cc80dc', contextRoot='eb3d4b2e-9b41-4a14-995b-8b2c60cc80dc'}:	Incorrect location of file file:/tmp/arquillian-tomee-app-working-dir/0/eb3d4b2e-9b41-4a14-995b-8b2c60cc80dc/META-INF/beans.xml The file should be in WEB-INF directory
Apr 28, 2019 9:03:41 PM org.apache.openejb.config.ReportValidationResults logResults
WARNING: 1 warning for WebModule(path=eb3d4b2e-9b41-4a14-995b-8b2c60cc80dc)
Apr 28, 2019 9:03:41 PM org.apache.openejb.config.AppInfoBuilder build
INFO: Enterprise application "/tmp/arquillian-tomee-app-working-dir/0/eb3d4b2e-9b41-4a14-995b-8b2c60cc80dc" loaded.
Apr 28, 2019 9:03:41 PM org.apache.openejb.assembler.classic.Assembler createApplication
INFO: Assembling app: /tmp/arquillian-tomee-app-working-dir/0/eb3d4b2e-9b41-4a14-995b-8b2c60cc80dc
Apr 28, 2019 9:03:42 PM null
INFO: OpenJPA dynamically loaded a validation provider.
Apr 28, 2019 9:03:42 PM org.apache.openejb.assembler.classic.ReloadableEntityManagerFactory createDelegate
INFO: PersistenceUnit(name=entities_persistence_unit, provider=org.apache.openjpa.persistence.PersistenceProviderImpl) - provider time 41ms
Apr 28, 2019 9:03:42 PM org.apache.openejb.assembler.classic.Assembler createApplication
INFO: Deployed Application(path=/tmp/arquillian-tomee-app-working-dir/0/eb3d4b2e-9b41-4a14-995b-8b2c60cc80dc)
Apr 28, 2019 9:03:42 PM org.apache.jasper.servlet.TldScanner scanJars
INFO: At least one JAR was scanned for TLDs yet contained no TLDs. Enable debug logging for this logger for a complete list of JARs that were scanned but no TLDs were found in them. Skipping unneeded JARs during scanning can improve startup time and JSP compilation time.
Apr 28, 2019 9:03:42 PM null
INFO: Starting OpenJPA 2.4.1
Apr 28, 2019 9:03:42 PM null
INFO: Using dictionary class "org.apache.openjpa.jdbc.sql.HSQLDictionary" (HSQL Database Engine 2.3.2 ,HSQL Database Engine Driver 2.3.2).
Apr 28, 2019 9:03:42 PM null
INFO: Connected to HSQL Database Engine version 2.2 using JDBC driver HSQL Database Engine Driver version 2.3.2. 
Apr 28, 2019 9:03:42 PM null
INFO: Creating subclass and redefining methods for "[class fr.unice.polytech.si4.isa.devops.teami.entities.guests.Person, class fr.unice.polytech.si4.isa.devops.teami.entities.invitations.StudentInvitation, class fr.unice.polytech.si4.isa.devops.teami.entities.school.Speciality, class fr.unice.polytech.si4.isa.devops.teami.entities.events.StudentEvent, class fr.unice.polytech.si4.isa.devops.teami.entities.ceremony.Planning, class fr.unice.polytech.si4.isa.devops.teami.entities.guests.Student, class fr.unice.polytech.si4.isa.devops.teami.entities.events.ClubEvent, class fr.unice.polytech.si4.isa.devops.teami.entities.events.VipEvent, class fr.unice.polytech.si4.isa.devops.teami.entities.guests.Attendant, class fr.unice.polytech.si4.isa.devops.teami.entities.school.Bill, class fr.unice.polytech.si4.isa.devops.teami.entities.events.EventOffer, class fr.unice.polytech.si4.isa.devops.teami.entities.guests.Vip, class fr.unice.polytech.si4.isa.devops.teami.entities.events.Event, class fr.unice.polytech.si4.isa.devops.teami.entities.ceremony.Ceremony, class fr.unice.polytech.si4.isa.devops.teami.entities.invitations.VIPInvitation, class fr.unice.polytech.si4.isa.devops.teami.entities.school.Club]". This means that your application will be less efficient than it would if you ran the OpenJPA enhancer.
Apr 28, 2019 9:03:42 PM null
WARNING: The identity field defined in the fr.unice.polytech.si4.isa.devops.teami.entities.events.Event Embeddable is not supported. 
Apr 28, 2019 9:03:43 PM org.apache.openejb.assembler.classic.Assembler destroyApplication
INFO: Undeploying app: /tmp/arquillian-tomee-app-working-dir/0/eb3d4b2e-9b41-4a14-995b-8b2c60cc80dc
[ThreadedStreamConsumer] INFO org.apache.maven.plugin.surefire.SurefirePlugin - Tests run: 1, Failures: 0, Errors: 0, Skipped: 0, Time elapsed: 2.303 s - in fr.unice.polytech.si4.isa.devops.teami.entities.ceremony.CeremonyTest
[ThreadedStreamConsumer] INFO org.apache.maven.plugin.surefire.SurefirePlugin - Running fr.unice.polytech.si4.isa.devops.teami.entities.ceremony.PlanningTest
Apr 28, 2019 9:03:44 PM org.apache.openejb.util.JarExtractor extract
INFO: Extracting jar: /tmp/arquillian-tomee-app-working-dir/0/7d1af6c7-c8cc-43ef-9ff5-57bb75ff2a7d.war
Apr 28, 2019 9:03:44 PM org.apache.openejb.util.JarExtractor extract
INFO: Extracted path: /tmp/arquillian-tomee-app-working-dir/0/7d1af6c7-c8cc-43ef-9ff5-57bb75ff2a7d
Apr 28, 2019 9:03:44 PM org.apache.tomee.catalina.TomcatWebAppBuilder deployWebApps
INFO: using default host: localhost
Apr 28, 2019 9:03:44 PM org.apache.tomee.catalina.TomcatWebAppBuilder init
INFO: ------------------------- localhost -> /7d1af6c7-c8cc-43ef-9ff5-57bb75ff2a7d
Apr 28, 2019 9:03:44 PM org.apache.openejb.util.OptionsLog info
INFO: Using 'openejb.session.manager=org.apache.tomee.catalina.session.QuickSessionManager'
Apr 28, 2019 9:03:44 PM org.apache.openejb.config.ConfigurationFactory configureApplication
INFO: Configuring enterprise application: /tmp/arquillian-tomee-app-working-dir/0/7d1af6c7-c8cc-43ef-9ff5-57bb75ff2a7d
Apr 28, 2019 9:03:44 PM org.apache.openejb.config.AutoConfig deploy
INFO: Configuring PersistenceUnit(name=entities_persistence_unit)
Apr 28, 2019 9:03:44 PM org.apache.openejb.config.AutoConfig setJtaDataSource
INFO: Adjusting PersistenceUnit entities_persistence_unit <jta-data-source> to Resource ID 'Default JDBC Database' from 'PolydiplomaDataSource'
Apr 28, 2019 9:03:44 PM org.apache.openejb.config.AutoConfig setNonJtaDataSource
INFO: Adjusting PersistenceUnit entities_persistence_unit <non-jta-data-source> to Resource ID 'Default Unmanaged JDBC Database' from 'null'
Apr 28, 2019 9:03:44 PM org.apache.openejb.config.ReportValidationResults logResults
WARNING: WARN ... WebModule{moduleId='7d1af6c7-c8cc-43ef-9ff5-57bb75ff2a7d', contextRoot='7d1af6c7-c8cc-43ef-9ff5-57bb75ff2a7d'}:	Incorrect location of file file:/tmp/arquillian-tomee-app-working-dir/0/7d1af6c7-c8cc-43ef-9ff5-57bb75ff2a7d/META-INF/beans.xml The file should be in WEB-INF directory
Apr 28, 2019 9:03:44 PM org.apache.openejb.config.ReportValidationResults logResults
WARNING: 1 warning for WebModule(path=7d1af6c7-c8cc-43ef-9ff5-57bb75ff2a7d)
Apr 28, 2019 9:03:44 PM org.apache.openejb.config.AppInfoBuilder build
INFO: Enterprise application "/tmp/arquillian-tomee-app-working-dir/0/7d1af6c7-c8cc-43ef-9ff5-57bb75ff2a7d" loaded.
Apr 28, 2019 9:03:44 PM org.apache.openejb.assembler.classic.Assembler createApplication
INFO: Assembling app: /tmp/arquillian-tomee-app-working-dir/0/7d1af6c7-c8cc-43ef-9ff5-57bb75ff2a7d
Apr 28, 2019 9:03:44 PM null
INFO: OpenJPA dynamically loaded a validation provider.
Apr 28, 2019 9:03:44 PM org.apache.openejb.assembler.classic.ReloadableEntityManagerFactory createDelegate
INFO: PersistenceUnit(name=entities_persistence_unit, provider=org.apache.openjpa.persistence.PersistenceProviderImpl) - provider time 33ms
Apr 28, 2019 9:03:44 PM org.apache.openejb.assembler.classic.Assembler createApplication
INFO: Deployed Application(path=/tmp/arquillian-tomee-app-working-dir/0/7d1af6c7-c8cc-43ef-9ff5-57bb75ff2a7d)
Apr 28, 2019 9:03:44 PM org.apache.jasper.servlet.TldScanner scanJars
INFO: At least one JAR was scanned for TLDs yet contained no TLDs. Enable debug logging for this logger for a complete list of JARs that were scanned but no TLDs were found in them. Skipping unneeded JARs during scanning can improve startup time and JSP compilation time.
Apr 28, 2019 9:03:44 PM null
INFO: Starting OpenJPA 2.4.1
Apr 28, 2019 9:03:44 PM null
INFO: Using dictionary class "org.apache.openjpa.jdbc.sql.HSQLDictionary" (HSQL Database Engine 2.3.2 ,HSQL Database Engine Driver 2.3.2).
Apr 28, 2019 9:03:44 PM null
INFO: Connected to HSQL Database Engine version 2.2 using JDBC driver HSQL Database Engine Driver version 2.3.2. 
Apr 28, 2019 9:03:44 PM null
INFO: Creating subclass and redefining methods for "[class fr.unice.polytech.si4.isa.devops.teami.entities.guests.Person, class fr.unice.polytech.si4.isa.devops.teami.entities.invitations.StudentInvitation, class fr.unice.polytech.si4.isa.devops.teami.entities.school.Speciality, class fr.unice.polytech.si4.isa.devops.teami.entities.events.StudentEvent, class fr.unice.polytech.si4.isa.devops.teami.entities.ceremony.Planning, class fr.unice.polytech.si4.isa.devops.teami.entities.guests.Student, class fr.unice.polytech.si4.isa.devops.teami.entities.events.ClubEvent, class fr.unice.polytech.si4.isa.devops.teami.entities.events.VipEvent, class fr.unice.polytech.si4.isa.devops.teami.entities.guests.Attendant, class fr.unice.polytech.si4.isa.devops.teami.entities.school.Bill, class fr.unice.polytech.si4.isa.devops.teami.entities.events.EventOffer, class fr.unice.polytech.si4.isa.devops.teami.entities.guests.Vip, class fr.unice.polytech.si4.isa.devops.teami.entities.events.Event, class fr.unice.polytech.si4.isa.devops.teami.entities.ceremony.Ceremony, class fr.unice.polytech.si4.isa.devops.teami.entities.invitations.VIPInvitation, class fr.unice.polytech.si4.isa.devops.teami.entities.school.Club]". This means that your application will be less efficient than it would if you ran the OpenJPA enhancer.
Apr 28, 2019 9:03:45 PM null
WARNING: The identity field defined in the fr.unice.polytech.si4.isa.devops.teami.entities.events.Event Embeddable is not supported. 
Apr 28, 2019 9:03:46 PM org.apache.openejb.assembler.classic.Assembler destroyApplication
INFO: Undeploying app: /tmp/arquillian-tomee-app-working-dir/0/7d1af6c7-c8cc-43ef-9ff5-57bb75ff2a7d
[ThreadedStreamConsumer] INFO org.apache.maven.plugin.surefire.SurefirePlugin - Tests run: 1, Failures: 0, Errors: 0, Skipped: 0, Time elapsed: 2.328 s - in fr.unice.polytech.si4.isa.devops.teami.entities.ceremony.PlanningTest
Apr 28, 2019 9:03:46 PM org.apache.coyote.AbstractProtocol stop
INFO: Stopping ProtocolHandler ["http-nio-8080"]
Apr 28, 2019 9:03:46 PM org.apache.coyote.AbstractProtocol pause
INFO: Pausing ProtocolHandler ["http-nio-8080"]
Apr 28, 2019 9:03:46 PM org.apache.catalina.core.StandardService stopInternal
INFO: Stopping service Tomcat
Apr 28, 2019 9:03:46 PM org.apache.openejb.assembler.classic.Assembler doResourceDestruction
INFO: Closing DataSource: Default JDBC Database
Apr 28, 2019 9:03:46 PM org.apache.openejb.assembler.classic.Assembler doResourceDestruction
INFO: Closing DataSource: Default Unmanaged JDBC Database
Apr 28, 2019 9:03:46 PM org.apache.coyote.AbstractProtocol destroy
INFO: Destroying ProtocolHandler ["http-nio-8080"]
[main] INFO org.apache.maven.plugin.surefire.SurefirePlugin - 
[main] INFO org.apache.maven.plugin.surefire.SurefirePlugin - Results:
[main] INFO org.apache.maven.plugin.surefire.SurefirePlugin - 
[main] INFO org.apache.maven.plugin.surefire.SurefirePlugin - Tests run: 14, Failures: 0, Errors: 0, Skipped: 0
[main] INFO org.apache.maven.plugin.surefire.SurefirePlugin - 
[main] INFO org.apache.maven.cli.event.ExecutionEventLogger - 
[main] INFO org.apache.maven.cli.event.ExecutionEventLogger - --- maven-jar-plugin:3.0.2:jar (default-jar) @ teami-polydiploma-entities ---
[main] INFO org.codehaus.plexus.archiver.jar.JarArchiver - Building jar: /var/jenkins_home/workspace/teami-polydiploma-entities/target/teami-polydiploma-entities-1.3.jar
[main] INFO org.apache.maven.cli.event.ExecutionEventLogger - 
[main] INFO org.apache.maven.cli.event.ExecutionEventLogger - --- maven-install-plugin:2.5.2:install (default-install) @ teami-polydiploma-entities ---
[main] INFO org.codehaus.plexus.PlexusContainer - Installing /var/jenkins_home/workspace/teami-polydiploma-entities/target/teami-polydiploma-entities-1.3.jar to /var/jenkins_home/workspace/teami-polydiploma-entities/?/.m2/repository/fr/unice/polytech/si4/isa/devops/teami/teami-polydiploma-entities/1.3/teami-polydiploma-entities-1.3.jar
[main] INFO org.codehaus.plexus.PlexusContainer - Installing /var/jenkins_home/workspace/teami-polydiploma-entities/pom.xml to /var/jenkins_home/workspace/teami-polydiploma-entities/?/.m2/repository/fr/unice/polytech/si4/isa/devops/teami/teami-polydiploma-entities/1.3/teami-polydiploma-entities-1.3.pom
[main] INFO org.apache.maven.cli.event.ExecutionEventLogger - 
[main] INFO org.apache.maven.cli.event.ExecutionEventLogger - --- maven-resources-plugin:3.0.2:resources (default-resources) @ teami-polydiploma-entities ---
[main] INFO org.apache.maven.shared.filtering.DefaultMavenResourcesFiltering - Using 'UTF-8' encoding to copy filtered resources.
[main] INFO org.apache.maven.shared.filtering.DefaultMavenResourcesFiltering - skip non existing resourceDirectory /var/jenkins_home/workspace/teami-polydiploma-entities/src/main/resources
[main] INFO org.apache.maven.cli.event.ExecutionEventLogger - 
[main] INFO org.apache.maven.cli.event.ExecutionEventLogger - --- maven-compiler-plugin:3.8.0:compile (default-compile) @ teami-polydiploma-entities ---
[main] INFO org.apache.maven.plugin.compiler.CompilerMojo - Nothing to compile - all classes are up to date
[main] INFO org.apache.maven.cli.event.ExecutionEventLogger - 
[main] INFO org.apache.maven.cli.event.ExecutionEventLogger - --- maven-resources-plugin:3.0.2:testResources (default-testResources) @ teami-polydiploma-entities ---
[main] INFO org.apache.maven.shared.filtering.DefaultMavenResourcesFiltering - Using 'UTF-8' encoding to copy filtered resources.
[main] INFO org.apache.maven.shared.filtering.DefaultMavenResourcesFiltering - Copying 2 resources
[main] INFO org.apache.maven.cli.event.ExecutionEventLogger - 
[main] INFO org.apache.maven.cli.event.ExecutionEventLogger - --- maven-compiler-plugin:3.8.0:testCompile (default-testCompile) @ teami-polydiploma-entities ---
[main] INFO org.apache.maven.plugin.compiler.TestCompilerMojo - Nothing to compile - all classes are up to date
[main] INFO org.apache.maven.cli.event.ExecutionEventLogger - 
[main] INFO org.apache.maven.cli.event.ExecutionEventLogger - --- maven-surefire-plugin:2.22.1:test (default-test) @ teami-polydiploma-entities ---
[main] INFO org.apache.maven.plugin.surefire.SurefirePlugin - Skipping execution of surefire because it has already been run for this configuration
[main] INFO org.apache.maven.cli.event.ExecutionEventLogger - 
[main] INFO org.apache.maven.cli.event.ExecutionEventLogger - --- maven-jar-plugin:3.0.2:jar (default-jar) @ teami-polydiploma-entities ---
[main] INFO org.apache.maven.cli.event.ExecutionEventLogger - 
[main] INFO org.apache.maven.cli.event.ExecutionEventLogger - --- maven-install-plugin:2.5.2:install (default-install) @ teami-polydiploma-entities ---
[main] INFO org.codehaus.plexus.PlexusContainer - Installing /var/jenkins_home/workspace/teami-polydiploma-entities/target/teami-polydiploma-entities-1.3.jar to /var/jenkins_home/workspace/teami-polydiploma-entities/?/.m2/repository/fr/unice/polytech/si4/isa/devops/teami/teami-polydiploma-entities/1.3/teami-polydiploma-entities-1.3.jar
[main] INFO org.codehaus.plexus.PlexusContainer - Installing /var/jenkins_home/workspace/teami-polydiploma-entities/pom.xml to /var/jenkins_home/workspace/teami-polydiploma-entities/?/.m2/repository/fr/unice/polytech/si4/isa/devops/teami/teami-polydiploma-entities/1.3/teami-polydiploma-entities-1.3.pom
[main] INFO org.apache.maven.cli.event.ExecutionEventLogger - 
[main] INFO org.apache.maven.cli.event.ExecutionEventLogger - --- maven-deploy-plugin:2.8.2:deploy (default-deploy) @ teami-polydiploma-entities ---
Uploading to teami: http://vps663090.ovh.net:8081/artifactory/libs-release/fr/unice/polytech/si4/isa/devops/teami/teami-polydiploma-entities/1.3/teami-polydiploma-entities-1.3.jar
Progress (1): 2.0/28 kBProgress (1): 4.1/28 kBProgress (1): 6.1/28 kBProgress (1): 8.2/28 kBProgress (1): 10/28 kB Progress (1): 12/28 kBProgress (1): 14/28 kBProgress (1): 16/28 kBProgress (1): 18/28 kBProgress (1): 20/28 kBProgress (1): 23/28 kBProgress (1): 25/28 kBProgress (1): 27/28 kBProgress (1): 28 kB                      Uploaded to teami: http://vps663090.ovh.net:8081/artifactory/libs-release/fr/unice/polytech/si4/isa/devops/teami/teami-polydiploma-entities/1.3/teami-polydiploma-entities-1.3.jar (28 kB at 48 kB/s)
Uploading to teami: http://vps663090.ovh.net:8081/artifactory/libs-release/fr/unice/polytech/si4/isa/devops/teami/teami-polydiploma-entities/1.3/teami-polydiploma-entities-1.3.pom
Progress (1): 2.0/7.5 kBProgress (1): 4.1/7.5 kBProgress (1): 6.1/7.5 kBProgress (1): 7.5 kB                        Uploaded to teami: http://vps663090.ovh.net:8081/artifactory/libs-release/fr/unice/polytech/si4/isa/devops/teami/teami-polydiploma-entities/1.3/teami-polydiploma-entities-1.3.pom (7.5 kB at 43 kB/s)
Downloading from teami: http://vps663090.ovh.net:8081/artifactory/libs-release/fr/unice/polytech/si4/isa/devops/teami/teami-polydiploma-entities/maven-metadata.xml
Progress (1): 440 B                   Downloaded from teami: http://vps663090.ovh.net:8081/artifactory/libs-release/fr/unice/polytech/si4/isa/devops/teami/teami-polydiploma-entities/maven-metadata.xml (440 B at 1.0 kB/s)
Uploading to teami: http://vps663090.ovh.net:8081/artifactory/libs-release/fr/unice/polytech/si4/isa/devops/teami/teami-polydiploma-entities/maven-metadata.xml
Progress (1): 394 B                   Uploaded to teami: http://vps663090.ovh.net:8081/artifactory/libs-release/fr/unice/polytech/si4/isa/devops/teami/teami-polydiploma-entities/maven-metadata.xml (394 B at 8.2 kB/s)
[main] INFO org.jfrog.build.extractor.maven.BuildDeploymentHelper - Artifactory Build Info Recorder: Saving Build Info to '/var/jenkins_home/workspace/teami-polydiploma-entities/target/build-info.json'
[main] INFO org.jfrog.build.extractor.maven.BuildDeploymentHelper - Artifactory Build Info Recorder: deploy artifacts set to false, artifacts will not be deployed...
[main] INFO org.jfrog.build.extractor.maven.BuildDeploymentHelper - Artifactory Build Info Recorder: Deploying build info ...
[main] INFO org.jfrog.build.extractor.maven.BuildInfoClientBuilder - Deploying build descriptor to: http://vps663090.ovh.net:8081/artifactory/api/build
[main] INFO org.jfrog.build.extractor.maven.BuildInfoClientBuilder - Build successfully deployed. Browse it in Artifactory under http://vps663090.ovh.net:8081/artifactory/webapp/builds/teami-polydiploma-entities/30
[main] INFO org.apache.maven.cli.event.ExecutionEventLogger - ------------------------------------------------------------------------
[main] INFO org.apache.maven.cli.event.ExecutionEventLogger - BUILD SUCCESS
[main] INFO org.apache.maven.cli.event.ExecutionEventLogger - ------------------------------------------------------------------------
[main] INFO org.apache.maven.cli.event.ExecutionEventLogger - Total time:  02:39 min
[main] INFO org.apache.maven.cli.event.ExecutionEventLogger - Finished at: 2019-04-28T21:03:55Z
[main] INFO org.apache.maven.cli.event.ExecutionEventLogger - ------------------------------------------------------------------------
Finished: SUCCESS
