Started by GitHub push by AlexisDefranoux
Building in workspace /var/jenkins_home/workspace/teami-polydiploma-entities
using credential 97fbda0c-87a0-475d-b85b-e27c7e4a8d2a
 > git rev-parse --is-inside-work-tree # timeout=10
Fetching changes from the remote Git repository
 > git config remote.origin.url https://github.com/pns-isa-devops-1819/teami-polydiploma-entities.git # timeout=10
Fetching upstream changes from https://github.com/pns-isa-devops-1819/teami-polydiploma-entities.git
 > git --version # timeout=10
using GIT_ASKPASS to set credentials 
 > git fetch --tags --force --progress https://github.com/pns-isa-devops-1819/teami-polydiploma-entities.git +refs/heads/*:refs/remotes/origin/*
 > git rev-parse refs/remotes/origin/master^{commit} # timeout=10
 > git rev-parse refs/remotes/origin/origin/master^{commit} # timeout=10
Checking out Revision 7c0baeef7cfe4136bffe9fafa77e8644723f1647 (refs/remotes/origin/master)
 > git config core.sparsecheckout # timeout=10
 > git checkout -f 7c0baeef7cfe4136bffe9fafa77e8644723f1647
Commit message: "clean up code"
 > git rev-list --no-walk 57a6ecf69ad37348fb42496b212df2dc1851d633 # timeout=10
Jenkins Artifactory Plugin version: 3.2.2
Artifactory integration is enabled
[teami-polydiploma-entities] $ /usr/lib/jvm/java-1.8-openjdk/bin/java -classpath /var/jenkins_home/tools/hudson.tasks.Maven_MavenInstallation/M3/boot/* -Dmaven.home=/var/jenkins_home/tools/hudson.tasks.Maven_MavenInstallation/M3 -Dmaven.conf=/var/jenkins_home/tools/hudson.tasks.Maven_MavenInstallation/M3/conf -DbuildInfoConfig.propertiesFile=/var/jenkins_home/workspace/teami-polydiploma-entities@tmp/artifactory/buildInfo3594358199361068933.properties -DbuildInfoConfig.artifactoryResolutionEnabled=true -Dm3plugin.lib=/var/jenkins_home/workspace/teami-polydiploma-entities/cache/artifactory-plugin/3.2.2 -Dclassworlds.conf=/var/jenkins_home/workspace/teami-polydiploma-entities/classworlds8230522370464840423conf -Dmaven.multiModuleProjectDirectory=/var/jenkins_home/workspace/teami-polydiploma-entities org.codehaus.plexus.classworlds.launcher.Launcher clean install deploy
[main] INFO org.apache.maven.cli.event.ExecutionEventLogger - Scanning for projects...
[main] INFO org.jfrog.build.extractor.maven.BuildInfoRecorder - Initializing Artifactory Build-Info Recording
[main] INFO org.apache.maven.cli.event.ExecutionEventLogger - 
[main] INFO org.apache.maven.cli.event.ExecutionEventLogger - --< fr.unice.polytech.si4.isa.devops.teami:teami-polydiploma-entities >--
[main] INFO org.apache.maven.cli.event.ExecutionEventLogger - Building teami-polydiploma-entities 1.3
[main] INFO org.apache.maven.cli.event.ExecutionEventLogger - --------------------------------[ jar ]---------------------------------
[main] INFO org.apache.maven.cli.event.ExecutionEventLogger - 
[main] INFO org.apache.maven.cli.event.ExecutionEventLogger - --- maven-clean-plugin:3.1.0:clean (default-clean) @ teami-polydiploma-entities ---
[main] INFO org.apache.maven.plugins.clean.CleanMojo - Deleting /var/jenkins_home/workspace/teami-polydiploma-entities/target
[main] INFO org.apache.maven.cli.event.ExecutionEventLogger - 
[main] INFO org.apache.maven.cli.event.ExecutionEventLogger - --- maven-resources-plugin:3.0.2:resources (default-resources) @ teami-polydiploma-entities ---
[main] INFO org.apache.maven.shared.filtering.DefaultMavenResourcesFiltering - Using 'UTF-8' encoding to copy filtered resources.
[main] INFO org.apache.maven.shared.filtering.DefaultMavenResourcesFiltering - skip non existing resourceDirectory /var/jenkins_home/workspace/teami-polydiploma-entities/src/main/resources
[main] INFO org.apache.maven.cli.event.ExecutionEventLogger - 
[main] INFO org.apache.maven.cli.event.ExecutionEventLogger - --- maven-compiler-plugin:3.8.0:compile (default-compile) @ teami-polydiploma-entities ---
[main] INFO org.apache.maven.plugin.compiler.CompilerMojo - Changes detected - recompiling the module!
[main] INFO org.codehaus.plexus.compiler.javac.JavacCompiler - Compiling 17 source files to /var/jenkins_home/workspace/teami-polydiploma-entities/target/classes
[main] INFO org.apache.maven.cli.event.ExecutionEventLogger - 
[main] INFO org.apache.maven.cli.event.ExecutionEventLogger - --- maven-resources-plugin:3.0.2:testResources (default-testResources) @ teami-polydiploma-entities ---
[main] INFO org.apache.maven.shared.filtering.DefaultMavenResourcesFiltering - Using 'UTF-8' encoding to copy filtered resources.
[main] INFO org.apache.maven.shared.filtering.DefaultMavenResourcesFiltering - Copying 2 resources
[main] INFO org.apache.maven.cli.event.ExecutionEventLogger - 
[main] INFO org.apache.maven.cli.event.ExecutionEventLogger - --- maven-compiler-plugin:3.8.0:testCompile (default-testCompile) @ teami-polydiploma-entities ---
[main] INFO org.apache.maven.plugin.compiler.TestCompilerMojo - Changes detected - recompiling the module!
[main] INFO org.codehaus.plexus.compiler.javac.JavacCompiler - Compiling 15 source files to /var/jenkins_home/workspace/teami-polydiploma-entities/target/test-classes
[main] INFO org.apache.maven.cli.event.ExecutionEventLogger - 
[main] INFO org.apache.maven.cli.event.ExecutionEventLogger - --- maven-surefire-plugin:2.22.1:test (default-test) @ teami-polydiploma-entities ---
[main] INFO org.apache.maven.plugin.surefire.SurefirePlugin - 
[main] INFO org.apache.maven.plugin.surefire.SurefirePlugin - -------------------------------------------------------
[main] INFO org.apache.maven.plugin.surefire.SurefirePlugin -  T E S T S
[main] INFO org.apache.maven.plugin.surefire.SurefirePlugin - -------------------------------------------------------
[ThreadedStreamConsumer] INFO org.apache.maven.plugin.surefire.SurefirePlugin - Running fr.unice.polytech.si4.isa.devops.teami.entities.guests.VipTest
995  classpath-bootstrap  INFO   [main] openjpa.Runtime - OpenJPA dynamically loaded a validation provider.
Apr 23, 2019 8:52:29 AM org.apache.tomee.embedded.Container start
INFO: Starting TomEE from: /tmp/arquillian-apache-tomee
Apr 23, 2019 8:52:31 AM org.apache.coyote.AbstractProtocol init
INFO: Initializing ProtocolHandler ["http-nio-8080"]
Apr 23, 2019 8:52:31 AM org.apache.coyote.AbstractProtocol init
SEVERE: Failed to initialize end point associated with ProtocolHandler ["http-nio-8080"]
java.net.BindException: Address in use
	at sun.nio.ch.Net.bind0(Native Method)
	at sun.nio.ch.Net.bind(Net.java:433)
	at sun.nio.ch.Net.bind(Net.java:425)
	at sun.nio.ch.ServerSocketChannelImpl.bind(ServerSocketChannelImpl.java:223)
	at sun.nio.ch.ServerSocketAdaptor.bind(ServerSocketAdaptor.java:74)
	at org.apache.tomcat.util.net.NioEndpoint.bind(NioEndpoint.java:228)
	at org.apache.tomcat.util.net.AbstractEndpoint.init(AbstractEndpoint.java:866)
	at org.apache.tomcat.util.net.AbstractJsseEndpoint.init(AbstractJsseEndpoint.java:213)
	at org.apache.coyote.AbstractProtocol.init(AbstractProtocol.java:575)
	at org.apache.coyote.http11.AbstractHttp11Protocol.init(AbstractHttp11Protocol.java:65)
	at org.apache.catalina.connector.Connector.initInternal(Connector.java:944)
	at org.apache.catalina.util.LifecycleBase.init(LifecycleBase.java:107)
	at org.apache.catalina.core.StandardService.initInternal(StandardService.java:549)
	at org.apache.catalina.util.LifecycleBase.init(LifecycleBase.java:107)
	at org.apache.catalina.core.StandardServer.initInternal(StandardServer.java:873)
	at org.apache.catalina.util.LifecycleBase.init(LifecycleBase.java:107)
	at org.apache.catalina.startup.Tomcat.init(Tomcat.java:344)
	at org.apache.tomee.embedded.Container.start(Container.java:679)
	at org.apache.openejb.arquillian.embedded.EmbeddedTomEEContainer.start(EmbeddedTomEEContainer.java:135)
	at org.jboss.arquillian.container.impl.ContainerImpl.start(ContainerImpl.java:199)
	at org.jboss.arquillian.container.impl.client.container.ContainerLifecycleController$8.perform(ContainerLifecycleController.java:163)
	at org.jboss.arquillian.container.impl.client.container.ContainerLifecycleController$8.perform(ContainerLifecycleController.java:157)
	at org.jboss.arquillian.container.impl.client.container.ContainerLifecycleController.forContainer(ContainerLifecycleController.java:255)
	at org.jboss.arquillian.container.impl.client.container.ContainerLifecycleController.startContainer(ContainerLifecycleController.java:156)
	at sun.reflect.NativeMethodAccessorImpl.invoke0(Native Method)
	at sun.reflect.NativeMethodAccessorImpl.invoke(NativeMethodAccessorImpl.java:62)
	at sun.reflect.DelegatingMethodAccessorImpl.invoke(DelegatingMethodAccessorImpl.java:43)
	at java.lang.reflect.Method.invoke(Method.java:498)
	at org.jboss.arquillian.core.impl.ObserverImpl.invoke(ObserverImpl.java:96)
	at org.jboss.arquillian.core.impl.EventContextImpl.invokeObservers(EventContextImpl.java:99)
	at org.jboss.arquillian.core.impl.EventContextImpl.proceed(EventContextImpl.java:81)
	at org.jboss.arquillian.container.impl.client.ContainerDeploymentContextHandler.createContainerContext(ContainerDeploymentContextHandler.java:57)
	at sun.reflect.NativeMethodAccessorImpl.invoke0(Native Method)
	at sun.reflect.NativeMethodAccessorImpl.invoke(NativeMethodAccessorImpl.java:62)
	at sun.reflect.DelegatingMethodAccessorImpl.invoke(DelegatingMethodAccessorImpl.java:43)
	at java.lang.reflect.Method.invoke(Method.java:498)
	at org.jboss.arquillian.core.impl.ObserverImpl.invoke(ObserverImpl.java:96)
	at org.jboss.arquillian.core.impl.EventContextImpl.proceed(EventContextImpl.java:88)
	at org.jboss.arquillian.core.impl.ManagerImpl.fire(ManagerImpl.java:145)
	at org.jboss.arquillian.core.impl.ManagerImpl.fire(ManagerImpl.java:116)
	at org.jboss.arquillian.core.impl.EventImpl.fire(EventImpl.java:67)
	at org.jboss.arquillian.container.impl.client.container.ContainerLifecycleController$2.perform(ContainerLifecycleController.java:77)
	at org.jboss.arquillian.container.impl.client.container.ContainerLifecycleController$2.perform(ContainerLifecycleController.java:70)
	at org.jboss.arquillian.container.impl.client.container.ContainerLifecycleController.forEachSuiteContainer(ContainerLifecycleController.java:221)
	at org.jboss.arquillian.container.impl.client.container.ContainerLifecycleController.startSuiteContainers(ContainerLifecycleController.java:69)
	at sun.reflect.NativeMethodAccessorImpl.invoke0(Native Method)
	at sun.reflect.NativeMethodAccessorImpl.invoke(NativeMethodAccessorImpl.java:62)
	at sun.reflect.DelegatingMethodAccessorImpl.invoke(DelegatingMethodAccessorImpl.java:43)
	at java.lang.reflect.Method.invoke(Method.java:498)
	at org.jboss.arquillian.core.impl.ObserverImpl.invoke(ObserverImpl.java:96)
	at org.jboss.arquillian.core.impl.EventContextImpl.invokeObservers(EventContextImpl.java:99)
	at org.jboss.arquillian.core.impl.EventContextImpl.proceed(EventContextImpl.java:81)
	at org.jboss.arquillian.core.impl.ManagerImpl.fire(ManagerImpl.java:145)
	at org.jboss.arquillian.core.impl.ManagerImpl.fire(ManagerImpl.java:116)
	at org.jboss.arquillian.core.impl.EventImpl.fire(EventImpl.java:67)
	at org.jboss.arquillian.container.test.impl.client.ContainerEventController.execute(ContainerEventController.java:86)
	at sun.reflect.NativeMethodAccessorImpl.invoke0(Native Method)
	at sun.reflect.NativeMethodAccessorImpl.invoke(NativeMethodAccessorImpl.java:62)
	at sun.reflect.DelegatingMethodAccessorImpl.invoke(DelegatingMethodAccessorImpl.java:43)
	at java.lang.reflect.Method.invoke(Method.java:498)
	at org.jboss.arquillian.core.impl.ObserverImpl.invoke(ObserverImpl.java:96)
	at org.jboss.arquillian.core.impl.EventContextImpl.invokeObservers(EventContextImpl.java:99)
	at org.jboss.arquillian.core.impl.EventContextImpl.proceed(EventContextImpl.java:81)
	at org.jboss.arquillian.test.impl.TestContextHandler.createSuiteContext(TestContextHandler.java:73)
	at sun.reflect.NativeMethodAccessorImpl.invoke0(Native Method)
	at sun.reflect.NativeMethodAccessorImpl.invoke(NativeMethodAccessorImpl.java:62)
	at sun.reflect.DelegatingMethodAccessorImpl.invoke(DelegatingMethodAccessorImpl.java:43)
	at java.lang.reflect.Method.invoke(Method.java:498)
	at org.jboss.arquillian.core.impl.ObserverImpl.invoke(ObserverImpl.java:96)
	at org.jboss.arquillian.core.impl.EventContextImpl.proceed(EventContextImpl.java:88)
	at org.jboss.arquillian.core.impl.ManagerImpl.fire(ManagerImpl.java:145)
	at org.jboss.arquillian.core.impl.ManagerImpl.fire(ManagerImpl.java:116)
	at org.jboss.arquillian.test.impl.EventTestRunnerAdaptor.beforeSuite(EventTestRunnerAdaptor.java:75)
	at org.jboss.arquillian.junit.Arquillian.run(Arquillian.java:116)
	at org.apache.maven.surefire.junit4.JUnit4Provider.execute(JUnit4Provider.java:365)
	at org.apache.maven.surefire.junit4.JUnit4Provider.executeWithRerun(JUnit4Provider.java:273)
	at org.apache.maven.surefire.junit4.JUnit4Provider.executeTestSet(JUnit4Provider.java:238)
	at org.apache.maven.surefire.junit4.JUnit4Provider.invoke(JUnit4Provider.java:159)
	at org.apache.maven.surefire.booter.ForkedBooter.invokeProviderInSameClassLoader(ForkedBooter.java:384)
	at org.apache.maven.surefire.booter.ForkedBooter.runSuitesInProcess(ForkedBooter.java:345)
	at org.apache.maven.surefire.booter.ForkedBooter.execute(ForkedBooter.java:126)
	at org.apache.maven.surefire.booter.ForkedBooter.main(ForkedBooter.java:418)

Apr 23, 2019 8:52:31 AM org.apache.catalina.core.StandardService initInternal
SEVERE: Failed to initialize connector [Connector[HTTP/1.1-8080]]
org.apache.catalina.LifecycleException: Failed to initialize component [Connector[HTTP/1.1-8080]]
	at org.apache.catalina.util.LifecycleBase.init(LifecycleBase.java:112)
	at org.apache.catalina.core.StandardService.initInternal(StandardService.java:549)
	at org.apache.catalina.util.LifecycleBase.init(LifecycleBase.java:107)
	at org.apache.catalina.core.StandardServer.initInternal(StandardServer.java:873)
	at org.apache.catalina.util.LifecycleBase.init(LifecycleBase.java:107)
	at org.apache.catalina.startup.Tomcat.init(Tomcat.java:344)
	at org.apache.tomee.embedded.Container.start(Container.java:679)
	at org.apache.openejb.arquillian.embedded.EmbeddedTomEEContainer.start(EmbeddedTomEEContainer.java:135)
	at org.jboss.arquillian.container.impl.ContainerImpl.start(ContainerImpl.java:199)
	at org.jboss.arquillian.container.impl.client.container.ContainerLifecycleController$8.perform(ContainerLifecycleController.java:163)
	at org.jboss.arquillian.container.impl.client.container.ContainerLifecycleController$8.perform(ContainerLifecycleController.java:157)
	at org.jboss.arquillian.container.impl.client.container.ContainerLifecycleController.forContainer(ContainerLifecycleController.java:255)
	at org.jboss.arquillian.container.impl.client.container.ContainerLifecycleController.startContainer(ContainerLifecycleController.java:156)
	at sun.reflect.NativeMethodAccessorImpl.invoke0(Native Method)
	at sun.reflect.NativeMethodAccessorImpl.invoke(NativeMethodAccessorImpl.java:62)
	at sun.reflect.DelegatingMethodAccessorImpl.invoke(DelegatingMethodAccessorImpl.java:43)
	at java.lang.reflect.Method.invoke(Method.java:498)
	at org.jboss.arquillian.core.impl.ObserverImpl.invoke(ObserverImpl.java:96)
	at org.jboss.arquillian.core.impl.EventContextImpl.invokeObservers(EventContextImpl.java:99)
	at org.jboss.arquillian.core.impl.EventContextImpl.proceed(EventContextImpl.java:81)
	at org.jboss.arquillian.container.impl.client.ContainerDeploymentContextHandler.createContainerContext(ContainerDeploymentContextHandler.java:57)
	at sun.reflect.NativeMethodAccessorImpl.invoke0(Native Method)
	at sun.reflect.NativeMethodAccessorImpl.invoke(NativeMethodAccessorImpl.java:62)
	at sun.reflect.DelegatingMethodAccessorImpl.invoke(DelegatingMethodAccessorImpl.java:43)
	at java.lang.reflect.Method.invoke(Method.java:498)
	at org.jboss.arquillian.core.impl.ObserverImpl.invoke(ObserverImpl.java:96)
	at org.jboss.arquillian.core.impl.EventContextImpl.proceed(EventContextImpl.java:88)
	at org.jboss.arquillian.core.impl.ManagerImpl.fire(ManagerImpl.java:145)
	at org.jboss.arquillian.core.impl.ManagerImpl.fire(ManagerImpl.java:116)
	at org.jboss.arquillian.core.impl.EventImpl.fire(EventImpl.java:67)
	at org.jboss.arquillian.container.impl.client.container.ContainerLifecycleController$2.perform(ContainerLifecycleController.java:77)
	at org.jboss.arquillian.container.impl.client.container.ContainerLifecycleController$2.perform(ContainerLifecycleController.java:70)
	at org.jboss.arquillian.container.impl.client.container.ContainerLifecycleController.forEachSuiteContainer(ContainerLifecycleController.java:221)
	at org.jboss.arquillian.container.impl.client.container.ContainerLifecycleController.startSuiteContainers(ContainerLifecycleController.java:69)
	at sun.reflect.NativeMethodAccessorImpl.invoke0(Native Method)
	at sun.reflect.NativeMethodAccessorImpl.invoke(NativeMethodAccessorImpl.java:62)
	at sun.reflect.DelegatingMethodAccessorImpl.invoke(DelegatingMethodAccessorImpl.java:43)
	at java.lang.reflect.Method.invoke(Method.java:498)
	at org.jboss.arquillian.core.impl.ObserverImpl.invoke(ObserverImpl.java:96)
	at org.jboss.arquillian.core.impl.EventContextImpl.invokeObservers(EventContextImpl.java:99)
	at org.jboss.arquillian.core.impl.EventContextImpl.proceed(EventContextImpl.java:81)
	at org.jboss.arquillian.core.impl.ManagerImpl.fire(ManagerImpl.java:145)
	at org.jboss.arquillian.core.impl.ManagerImpl.fire(ManagerImpl.java:116)
	at org.jboss.arquillian.core.impl.EventImpl.fire(EventImpl.java:67)
	at org.jboss.arquillian.container.test.impl.client.ContainerEventController.execute(ContainerEventController.java:86)
	at sun.reflect.NativeMethodAccessorImpl.invoke0(Native Method)
	at sun.reflect.NativeMethodAccessorImpl.invoke(NativeMethodAccessorImpl.java:62)
	at sun.reflect.DelegatingMethodAccessorImpl.invoke(DelegatingMethodAccessorImpl.java:43)
	at java.lang.reflect.Method.invoke(Method.java:498)
	at org.jboss.arquillian.core.impl.ObserverImpl.invoke(ObserverImpl.java:96)
	at org.jboss.arquillian.core.impl.EventContextImpl.invokeObservers(EventContextImpl.java:99)
	at org.jboss.arquillian.core.impl.EventContextImpl.proceed(EventContextImpl.java:81)
	at org.jboss.arquillian.test.impl.TestContextHandler.createSuiteContext(TestContextHandler.java:73)
	at sun.reflect.NativeMethodAccessorImpl.invoke0(Native Method)
	at sun.reflect.NativeMethodAccessorImpl.invoke(NativeMethodAccessorImpl.java:62)
	at sun.reflect.DelegatingMethodAccessorImpl.invoke(DelegatingMethodAccessorImpl.java:43)
	at java.lang.reflect.Method.invoke(Method.java:498)
	at org.jboss.arquillian.core.impl.ObserverImpl.invoke(ObserverImpl.java:96)
	at org.jboss.arquillian.core.impl.EventContextImpl.proceed(EventContextImpl.java:88)
	at org.jboss.arquillian.core.impl.ManagerImpl.fire(ManagerImpl.java:145)
	at org.jboss.arquillian.core.impl.ManagerImpl.fire(ManagerImpl.java:116)
	at org.jboss.arquillian.test.impl.EventTestRunnerAdaptor.beforeSuite(EventTestRunnerAdaptor.java:75)
	at org.jboss.arquillian.junit.Arquillian.run(Arquillian.java:116)
	at org.apache.maven.surefire.junit4.JUnit4Provider.execute(JUnit4Provider.java:365)
	at org.apache.maven.surefire.junit4.JUnit4Provider.executeWithRerun(JUnit4Provider.java:273)
	at org.apache.maven.surefire.junit4.JUnit4Provider.executeTestSet(JUnit4Provider.java:238)
	at org.apache.maven.surefire.junit4.JUnit4Provider.invoke(JUnit4Provider.java:159)
	at org.apache.maven.surefire.booter.ForkedBooter.invokeProviderInSameClassLoader(ForkedBooter.java:384)
	at org.apache.maven.surefire.booter.ForkedBooter.runSuitesInProcess(ForkedBooter.java:345)
	at org.apache.maven.surefire.booter.ForkedBooter.execute(ForkedBooter.java:126)
	at org.apache.maven.surefire.booter.ForkedBooter.main(ForkedBooter.java:418)
Caused by: org.apache.catalina.LifecycleException: Protocol handler initialization failed
	at org.apache.catalina.connector.Connector.initInternal(Connector.java:946)
	at org.apache.catalina.util.LifecycleBase.init(LifecycleBase.java:107)
	... 70 more
Caused by: java.net.BindException: Address in use
	at sun.nio.ch.Net.bind0(Native Method)
	at sun.nio.ch.Net.bind(Net.java:433)
	at sun.nio.ch.Net.bind(Net.java:425)
	at sun.nio.ch.ServerSocketChannelImpl.bind(ServerSocketChannelImpl.java:223)
	at sun.nio.ch.ServerSocketAdaptor.bind(ServerSocketAdaptor.java:74)
	at org.apache.tomcat.util.net.NioEndpoint.bind(NioEndpoint.java:228)
	at org.apache.tomcat.util.net.AbstractEndpoint.init(AbstractEndpoint.java:866)
	at org.apache.tomcat.util.net.AbstractJsseEndpoint.init(AbstractJsseEndpoint.java:213)
	at org.apache.coyote.AbstractProtocol.init(AbstractProtocol.java:575)
	at org.apache.coyote.http11.AbstractHttp11Protocol.init(AbstractHttp11Protocol.java:65)
	at org.apache.catalina.connector.Connector.initInternal(Connector.java:944)
	... 71 more

Apr 23, 2019 8:52:31 AM org.apache.catalina.core.StandardService startInternal
INFO: Starting service Tomcat
Apr 23, 2019 8:52:31 AM org.apache.catalina.core.StandardEngine startInternal
INFO: Starting Servlet Engine: Apache Tomcat/8.5.6
Apr 23, 2019 8:52:40 AM org.apache.openejb.util.OptionsLog info
INFO: Using 'openejb.jdbc.datasource-creator=org.apache.tomee.jdbc.TomEEDataSourceCreator'
Apr 23, 2019 8:52:42 AM org.apache.openejb.OpenEJB$Instance <init>
INFO: ********************************************************************************
Apr 23, 2019 8:52:42 AM org.apache.openejb.OpenEJB$Instance <init>
INFO: OpenEJB http://tomee.apache.org/
Apr 23, 2019 8:52:42 AM org.apache.openejb.OpenEJB$Instance <init>
INFO: Startup: Tue Apr 23 08:52:42 GMT 2019
Apr 23, 2019 8:52:42 AM org.apache.openejb.OpenEJB$Instance <init>
INFO: Copyright 1999-2016 (C) Apache OpenEJB Project, All Rights Reserved.
Apr 23, 2019 8:52:42 AM org.apache.openejb.OpenEJB$Instance <init>
INFO: Version: 7.0.2
Apr 23, 2019 8:52:42 AM org.apache.openejb.OpenEJB$Instance <init>
INFO: Build date: 20161106
Apr 23, 2019 8:52:42 AM org.apache.openejb.OpenEJB$Instance <init>
INFO: Build time: 07:23
Apr 23, 2019 8:52:42 AM org.apache.openejb.OpenEJB$Instance <init>
INFO: ********************************************************************************
Apr 23, 2019 8:52:42 AM org.apache.openejb.OpenEJB$Instance <init>
INFO: openejb.home = /tmp/arquillian-apache-tomee
Apr 23, 2019 8:52:42 AM org.apache.openejb.OpenEJB$Instance <init>
INFO: openejb.base = /tmp/arquillian-apache-tomee
Apr 23, 2019 8:52:42 AM org.apache.openejb.cdi.CdiBuilder initializeOWB
INFO: Created new singletonService org.apache.openejb.cdi.ThreadSingletonServiceImpl@2320fa6f
Apr 23, 2019 8:52:42 AM org.apache.openejb.cdi.CdiBuilder initializeOWB
INFO: Succeeded in installing singleton service
Apr 23, 2019 8:52:43 AM org.apache.openejb.config.ConfigurationFactory init
INFO: TomEE configuration file is '/tmp/arquillian-apache-tomee/conf/openejb.xml'
Apr 23, 2019 8:52:43 AM org.apache.openejb.config.ConfigurationFactory configureService
INFO: Configuring Service(id=Tomcat Security Service, type=SecurityService, provider-id=Tomcat Security Service)
Apr 23, 2019 8:52:43 AM org.apache.openejb.config.ConfigurationFactory configureService
INFO: Configuring Service(id=Default Transaction Manager, type=TransactionManager, provider-id=Default Transaction Manager)
Apr 23, 2019 8:52:43 AM org.apache.openejb.util.OptionsLog info
INFO: Using 'openejb.system.apps=false'
Apr 23, 2019 8:52:43 AM org.apache.openejb.util.OptionsLog info
INFO: Using 'openejb.deployments.classpath=false'
Apr 23, 2019 8:52:43 AM org.apache.openejb.assembler.classic.Assembler createRecipe
INFO: Creating TransactionManager(id=Default Transaction Manager)
Apr 23, 2019 8:52:44 AM org.apache.openejb.assembler.classic.Assembler createRecipe
INFO: Creating SecurityService(id=Tomcat Security Service)
Apr 23, 2019 8:52:45 AM org.apache.openejb.util.OptionsLog info
INFO: Using 'openejb.servicemanager.enabled=false'
Apr 23, 2019 8:52:51 AM org.apache.openejb.util.JarExtractor extract
INFO: Extracting jar: /tmp/arquillian-tomee-app-working-dir/0/bb8fd8f7-8792-4a37-85e8-d30fdc284112.war
Apr 23, 2019 8:52:51 AM org.apache.openejb.util.JarExtractor extract
INFO: Extracted path: /tmp/arquillian-tomee-app-working-dir/0/bb8fd8f7-8792-4a37-85e8-d30fdc284112
Apr 23, 2019 8:52:51 AM org.apache.tomee.catalina.TomcatWebAppBuilder deployWebApps
INFO: using default host: localhost
Apr 23, 2019 8:52:51 AM org.apache.tomee.catalina.TomcatWebAppBuilder init
INFO: ------------------------- localhost -> /bb8fd8f7-8792-4a37-85e8-d30fdc284112
Apr 23, 2019 8:52:51 AM org.apache.openejb.util.OptionsLog info
INFO: Using 'openejb.session.manager=org.apache.tomee.catalina.session.QuickSessionManager'
Apr 23, 2019 8:52:52 AM org.apache.openejb.config.ConfigurationFactory configureApplication
INFO: Configuring enterprise application: /tmp/arquillian-tomee-app-working-dir/0/bb8fd8f7-8792-4a37-85e8-d30fdc284112
Apr 23, 2019 8:52:55 AM org.apache.openejb.config.ConfigurationFactory configureService
INFO: Configuring Service(id=Default Managed Container, type=Container, provider-id=Default Managed Container)
Apr 23, 2019 8:52:55 AM org.apache.openejb.config.AutoConfig createContainer
INFO: Auto-creating a container for bean bb8fd8f7-8792-4a37-85e8-d30fdc284112.Comp1300528434: Container(type=MANAGED, id=Default Managed Container)
Apr 23, 2019 8:52:55 AM org.apache.openejb.assembler.classic.Assembler createRecipe
INFO: Creating Container(id=Default Managed Container)
Apr 23, 2019 8:52:55 AM org.apache.openejb.core.managed.SimplePassivater init
INFO: Using directory /tmp for stateful session passivation
Apr 23, 2019 8:52:56 AM org.apache.openejb.config.AutoConfig deploy
INFO: Configuring PersistenceUnit(name=entities_persistence_unit)
Apr 23, 2019 8:52:56 AM org.apache.openejb.config.ConfigurationFactory configureService
INFO: Configuring Service(id=Default JDBC Database, type=Resource, provider-id=Default JDBC Database)
Apr 23, 2019 8:52:56 AM org.apache.openejb.config.AutoConfig logAutoCreateResource
INFO: Auto-creating a Resource with id 'Default JDBC Database' of type 'DataSource for 'entities_persistence_unit'.
Apr 23, 2019 8:52:56 AM org.apache.openejb.assembler.classic.Assembler createRecipe
INFO: Creating Resource(id=Default JDBC Database)
Apr 23, 2019 8:52:58 AM org.apache.openejb.config.ConfigurationFactory configureService
INFO: Configuring Service(id=Default Unmanaged JDBC Database, type=Resource, provider-id=Default Unmanaged JDBC Database)
Apr 23, 2019 8:52:58 AM org.apache.openejb.config.AutoConfig logAutoCreateResource
INFO: Auto-creating a Resource with id 'Default Unmanaged JDBC Database' of type 'DataSource for 'entities_persistence_unit'.
Apr 23, 2019 8:52:58 AM org.apache.openejb.assembler.classic.Assembler createRecipe
INFO: Creating Resource(id=Default Unmanaged JDBC Database)
Apr 23, 2019 8:52:58 AM org.apache.openejb.config.AutoConfig setJtaDataSource
INFO: Adjusting PersistenceUnit entities_persistence_unit <jta-data-source> to Resource ID 'Default JDBC Database' from 'PolydiplomaDataSource'
Apr 23, 2019 8:52:58 AM org.apache.openejb.config.AutoConfig setNonJtaDataSource
INFO: Adjusting PersistenceUnit entities_persistence_unit <non-jta-data-source> to Resource ID 'Default Unmanaged JDBC Database' from 'null'
Apr 23, 2019 8:52:59 AM org.apache.openejb.config.ReportValidationResults logResults
WARNING: WARN ... WebModule{moduleId='bb8fd8f7-8792-4a37-85e8-d30fdc284112', contextRoot='bb8fd8f7-8792-4a37-85e8-d30fdc284112'}:	Incorrect location of file file:/tmp/arquillian-tomee-app-working-dir/0/bb8fd8f7-8792-4a37-85e8-d30fdc284112/META-INF/beans.xml The file should be in WEB-INF directory
Apr 23, 2019 8:52:59 AM org.apache.openejb.config.ReportValidationResults logResults
WARNING: 1 warning for WebModule(path=bb8fd8f7-8792-4a37-85e8-d30fdc284112)
Apr 23, 2019 8:52:59 AM org.apache.openejb.config.AppInfoBuilder build
INFO: Enterprise application "/tmp/arquillian-tomee-app-working-dir/0/bb8fd8f7-8792-4a37-85e8-d30fdc284112" loaded.
Apr 23, 2019 8:52:59 AM org.apache.openejb.assembler.classic.Assembler createApplication
INFO: Assembling app: /tmp/arquillian-tomee-app-working-dir/0/bb8fd8f7-8792-4a37-85e8-d30fdc284112
Apr 23, 2019 8:52:59 AM org.apache.openejb.assembler.classic.Assembler$PersistenceClassLoaderHandlerImpl addTransformer
INFO: JAVA AGENT NOT INSTALLED. The JPA Persistence Provider requested installation of a ClassFileTransformer which requires a JavaAgent.  See http://tomee.apache.org/javaagent.html
Apr 23, 2019 8:52:59 AM null
INFO: OpenJPA dynamically loaded a validation provider.
Apr 23, 2019 8:52:59 AM org.apache.openejb.assembler.classic.ReloadableEntityManagerFactory createDelegate
INFO: PersistenceUnit(name=entities_persistence_unit, provider=org.apache.openjpa.persistence.PersistenceProviderImpl) - provider time 46ms
Apr 23, 2019 8:52:59 AM org.apache.openejb.assembler.classic.Assembler createApplication
INFO: Deployed Application(path=/tmp/arquillian-tomee-app-working-dir/0/bb8fd8f7-8792-4a37-85e8-d30fdc284112)
Apr 23, 2019 8:53:01 AM org.apache.jasper.servlet.TldScanner scanJars
INFO: At least one JAR was scanned for TLDs yet contained no TLDs. Enable debug logging for this logger for a complete list of JARs that were scanned but no TLDs were found in them. Skipping unneeded JARs during scanning can improve startup time and JSP compilation time.
Apr 23, 2019 8:53:04 AM null
INFO: Starting OpenJPA 2.4.1
Apr 23, 2019 8:53:05 AM null
INFO: Using dictionary class "org.apache.openjpa.jdbc.sql.HSQLDictionary" (HSQL Database Engine 2.3.2 ,HSQL Database Engine Driver 2.3.2).
Apr 23, 2019 8:53:05 AM null
INFO: Connected to HSQL Database Engine version 2.2 using JDBC driver HSQL Database Engine Driver version 2.3.2. 
Apr 23, 2019 8:53:09 AM null
INFO: The temporary file "/tmp/org.apache.openjpa.enhance.InstrumentationFactory6657326669420119526.jar" was created and it may not get cleaned up properly.
Apr 23, 2019 8:53:10 AM null
INFO: Creating subclass and redefining methods for "[class fr.unice.polytech.si4.isa.devops.teami.entities.guests.Person, class fr.unice.polytech.si4.isa.devops.teami.entities.invitations.StudentInvitation, class fr.unice.polytech.si4.isa.devops.teami.entities.school.Speciality, class fr.unice.polytech.si4.isa.devops.teami.entities.events.StudentEvent, class fr.unice.polytech.si4.isa.devops.teami.entities.ceremony.Planning, class fr.unice.polytech.si4.isa.devops.teami.entities.guests.Student, class fr.unice.polytech.si4.isa.devops.teami.entities.events.ClubEvent, class fr.unice.polytech.si4.isa.devops.teami.entities.events.VipEvent, class fr.unice.polytech.si4.isa.devops.teami.entities.guests.Attendant, class fr.unice.polytech.si4.isa.devops.teami.entities.school.Bill, class fr.unice.polytech.si4.isa.devops.teami.entities.events.EventOffer, class fr.unice.polytech.si4.isa.devops.teami.entities.guests.Vip, class fr.unice.polytech.si4.isa.devops.teami.entities.events.Event, class fr.unice.polytech.si4.isa.devops.teami.entities.ceremony.Ceremony, class fr.unice.polytech.si4.isa.devops.teami.entities.invitations.VIPInvitation, class fr.unice.polytech.si4.isa.devops.teami.entities.school.Club]". This means that your application will be less efficient than it would if you ran the OpenJPA enhancer.
Apr 23, 2019 8:53:13 AM org.apache.openejb.assembler.classic.Assembler destroyApplication
INFO: Undeploying app: /tmp/arquillian-tomee-app-working-dir/0/bb8fd8f7-8792-4a37-85e8-d30fdc284112
[ThreadedStreamConsumer] INFO org.apache.maven.plugin.surefire.SurefirePlugin - Tests run: 1, Failures: 0, Errors: 0, Skipped: 0, Time elapsed: 60.384 s - in fr.unice.polytech.si4.isa.devops.teami.entities.guests.VipTest
[ThreadedStreamConsumer] INFO org.apache.maven.plugin.surefire.SurefirePlugin - Running fr.unice.polytech.si4.isa.devops.teami.entities.guests.StudentTest
Apr 23, 2019 8:53:14 AM org.apache.openejb.util.JarExtractor extract
INFO: Extracting jar: /tmp/arquillian-tomee-app-working-dir/0/89a91d9f-4dca-414b-88f4-352a8b52a536.war
Apr 23, 2019 8:53:14 AM org.apache.openejb.util.JarExtractor extract
INFO: Extracted path: /tmp/arquillian-tomee-app-working-dir/0/89a91d9f-4dca-414b-88f4-352a8b52a536
Apr 23, 2019 8:53:14 AM org.apache.tomee.catalina.TomcatWebAppBuilder deployWebApps
INFO: using default host: localhost
Apr 23, 2019 8:53:14 AM org.apache.tomee.catalina.TomcatWebAppBuilder init
INFO: ------------------------- localhost -> /89a91d9f-4dca-414b-88f4-352a8b52a536
Apr 23, 2019 8:53:14 AM org.apache.openejb.util.OptionsLog info
INFO: Using 'openejb.session.manager=org.apache.tomee.catalina.session.QuickSessionManager'
Apr 23, 2019 8:53:14 AM org.apache.openejb.config.ConfigurationFactory configureApplication
INFO: Configuring enterprise application: /tmp/arquillian-tomee-app-working-dir/0/89a91d9f-4dca-414b-88f4-352a8b52a536
Apr 23, 2019 8:53:14 AM org.apache.openejb.config.AutoConfig deploy
INFO: Configuring PersistenceUnit(name=entities_persistence_unit)
Apr 23, 2019 8:53:14 AM org.apache.openejb.config.AutoConfig setJtaDataSource
INFO: Adjusting PersistenceUnit entities_persistence_unit <jta-data-source> to Resource ID 'Default JDBC Database' from 'PolydiplomaDataSource'
Apr 23, 2019 8:53:14 AM org.apache.openejb.config.AutoConfig setNonJtaDataSource
INFO: Adjusting PersistenceUnit entities_persistence_unit <non-jta-data-source> to Resource ID 'Default Unmanaged JDBC Database' from 'null'
Apr 23, 2019 8:53:14 AM org.apache.openejb.config.ReportValidationResults logResults
WARNING: WARN ... WebModule{moduleId='89a91d9f-4dca-414b-88f4-352a8b52a536', contextRoot='89a91d9f-4dca-414b-88f4-352a8b52a536'}:	Incorrect location of file file:/tmp/arquillian-tomee-app-working-dir/0/89a91d9f-4dca-414b-88f4-352a8b52a536/META-INF/beans.xml The file should be in WEB-INF directory
Apr 23, 2019 8:53:14 AM org.apache.openejb.config.ReportValidationResults logResults
WARNING: 1 warning for WebModule(path=89a91d9f-4dca-414b-88f4-352a8b52a536)
Apr 23, 2019 8:53:14 AM org.apache.openejb.config.AppInfoBuilder build
INFO: Enterprise application "/tmp/arquillian-tomee-app-working-dir/0/89a91d9f-4dca-414b-88f4-352a8b52a536" loaded.
Apr 23, 2019 8:53:14 AM org.apache.openejb.assembler.classic.Assembler createApplication
INFO: Assembling app: /tmp/arquillian-tomee-app-working-dir/0/89a91d9f-4dca-414b-88f4-352a8b52a536
Apr 23, 2019 8:53:14 AM null
INFO: OpenJPA dynamically loaded a validation provider.
Apr 23, 2019 8:53:14 AM org.apache.openejb.assembler.classic.ReloadableEntityManagerFactory createDelegate
INFO: PersistenceUnit(name=entities_persistence_unit, provider=org.apache.openjpa.persistence.PersistenceProviderImpl) - provider time 64ms
Apr 23, 2019 8:53:15 AM org.apache.openejb.assembler.classic.Assembler createApplication
INFO: Deployed Application(path=/tmp/arquillian-tomee-app-working-dir/0/89a91d9f-4dca-414b-88f4-352a8b52a536)
Apr 23, 2019 8:53:15 AM org.apache.jasper.servlet.TldScanner scanJars
INFO: At least one JAR was scanned for TLDs yet contained no TLDs. Enable debug logging for this logger for a complete list of JARs that were scanned but no TLDs were found in them. Skipping unneeded JARs during scanning can improve startup time and JSP compilation time.
Apr 23, 2019 8:53:15 AM null
INFO: Starting OpenJPA 2.4.1
Apr 23, 2019 8:53:15 AM null
INFO: Using dictionary class "org.apache.openjpa.jdbc.sql.HSQLDictionary" (HSQL Database Engine 2.3.2 ,HSQL Database Engine Driver 2.3.2).
Apr 23, 2019 8:53:15 AM null
INFO: Connected to HSQL Database Engine version 2.2 using JDBC driver HSQL Database Engine Driver version 2.3.2. 
Apr 23, 2019 8:53:15 AM null
INFO: Creating subclass and redefining methods for "[class fr.unice.polytech.si4.isa.devops.teami.entities.guests.Person, class fr.unice.polytech.si4.isa.devops.teami.entities.invitations.StudentInvitation, class fr.unice.polytech.si4.isa.devops.teami.entities.school.Speciality, class fr.unice.polytech.si4.isa.devops.teami.entities.events.StudentEvent, class fr.unice.polytech.si4.isa.devops.teami.entities.ceremony.Planning, class fr.unice.polytech.si4.isa.devops.teami.entities.guests.Student, class fr.unice.polytech.si4.isa.devops.teami.entities.events.ClubEvent, class fr.unice.polytech.si4.isa.devops.teami.entities.events.VipEvent, class fr.unice.polytech.si4.isa.devops.teami.entities.guests.Attendant, class fr.unice.polytech.si4.isa.devops.teami.entities.school.Bill, class fr.unice.polytech.si4.isa.devops.teami.entities.events.EventOffer, class fr.unice.polytech.si4.isa.devops.teami.entities.guests.Vip, class fr.unice.polytech.si4.isa.devops.teami.entities.events.Event, class fr.unice.polytech.si4.isa.devops.teami.entities.ceremony.Ceremony, class fr.unice.polytech.si4.isa.devops.teami.entities.invitations.VIPInvitation, class fr.unice.polytech.si4.isa.devops.teami.entities.school.Club]". This means that your application will be less efficient than it would if you ran the OpenJPA enhancer.
Apr 23, 2019 8:53:17 AM org.apache.openejb.assembler.classic.Assembler destroyApplication
INFO: Undeploying app: /tmp/arquillian-tomee-app-working-dir/0/89a91d9f-4dca-414b-88f4-352a8b52a536
[ThreadedStreamConsumer] INFO org.apache.maven.plugin.surefire.SurefirePlugin - Tests run: 1, Failures: 0, Errors: 0, Skipped: 0, Time elapsed: 2.8 s - in fr.unice.polytech.si4.isa.devops.teami.entities.guests.StudentTest
[ThreadedStreamConsumer] INFO org.apache.maven.plugin.surefire.SurefirePlugin - Running fr.unice.polytech.si4.isa.devops.teami.entities.guests.AttendantTest
Apr 23, 2019 8:53:17 AM org.apache.openejb.util.JarExtractor extract
INFO: Extracting jar: /tmp/arquillian-tomee-app-working-dir/0/9c587645-e1e2-4a59-ad9a-76a9e26ce8c4.war
Apr 23, 2019 8:53:17 AM org.apache.openejb.util.JarExtractor extract
INFO: Extracted path: /tmp/arquillian-tomee-app-working-dir/0/9c587645-e1e2-4a59-ad9a-76a9e26ce8c4
Apr 23, 2019 8:53:17 AM org.apache.tomee.catalina.TomcatWebAppBuilder deployWebApps
INFO: using default host: localhost
Apr 23, 2019 8:53:17 AM org.apache.tomee.catalina.TomcatWebAppBuilder init
INFO: ------------------------- localhost -> /9c587645-e1e2-4a59-ad9a-76a9e26ce8c4
Apr 23, 2019 8:53:17 AM org.apache.openejb.util.OptionsLog info
INFO: Using 'openejb.session.manager=org.apache.tomee.catalina.session.QuickSessionManager'
Apr 23, 2019 8:53:17 AM org.apache.openejb.config.ConfigurationFactory configureApplication
INFO: Configuring enterprise application: /tmp/arquillian-tomee-app-working-dir/0/9c587645-e1e2-4a59-ad9a-76a9e26ce8c4
Apr 23, 2019 8:53:17 AM org.apache.openejb.config.AutoConfig deploy
INFO: Configuring PersistenceUnit(name=entities_persistence_unit)
Apr 23, 2019 8:53:17 AM org.apache.openejb.config.AutoConfig setJtaDataSource
INFO: Adjusting PersistenceUnit entities_persistence_unit <jta-data-source> to Resource ID 'Default JDBC Database' from 'PolydiplomaDataSource'
Apr 23, 2019 8:53:17 AM org.apache.openejb.config.AutoConfig setNonJtaDataSource
INFO: Adjusting PersistenceUnit entities_persistence_unit <non-jta-data-source> to Resource ID 'Default Unmanaged JDBC Database' from 'null'
Apr 23, 2019 8:53:17 AM org.apache.openejb.config.ReportValidationResults logResults
WARNING: WARN ... WebModule{moduleId='9c587645-e1e2-4a59-ad9a-76a9e26ce8c4', contextRoot='9c587645-e1e2-4a59-ad9a-76a9e26ce8c4'}:	Incorrect location of file file:/tmp/arquillian-tomee-app-working-dir/0/9c587645-e1e2-4a59-ad9a-76a9e26ce8c4/META-INF/beans.xml The file should be in WEB-INF directory
Apr 23, 2019 8:53:17 AM org.apache.openejb.config.ReportValidationResults logResults
WARNING: 1 warning for WebModule(path=9c587645-e1e2-4a59-ad9a-76a9e26ce8c4)
Apr 23, 2019 8:53:17 AM org.apache.openejb.config.AppInfoBuilder build
INFO: Enterprise application "/tmp/arquillian-tomee-app-working-dir/0/9c587645-e1e2-4a59-ad9a-76a9e26ce8c4" loaded.
Apr 23, 2019 8:53:17 AM org.apache.openejb.assembler.classic.Assembler createApplication
INFO: Assembling app: /tmp/arquillian-tomee-app-working-dir/0/9c587645-e1e2-4a59-ad9a-76a9e26ce8c4
Apr 23, 2019 8:53:18 AM null
INFO: OpenJPA dynamically loaded a validation provider.
Apr 23, 2019 8:53:18 AM org.apache.openejb.assembler.classic.ReloadableEntityManagerFactory createDelegate
INFO: PersistenceUnit(name=entities_persistence_unit, provider=org.apache.openjpa.persistence.PersistenceProviderImpl) - provider time 47ms
Apr 23, 2019 8:53:18 AM org.apache.openejb.assembler.classic.Assembler createApplication
INFO: Deployed Application(path=/tmp/arquillian-tomee-app-working-dir/0/9c587645-e1e2-4a59-ad9a-76a9e26ce8c4)
Apr 23, 2019 8:53:18 AM org.apache.jasper.servlet.TldScanner scanJars
INFO: At least one JAR was scanned for TLDs yet contained no TLDs. Enable debug logging for this logger for a complete list of JARs that were scanned but no TLDs were found in them. Skipping unneeded JARs during scanning can improve startup time and JSP compilation time.
Apr 23, 2019 8:53:18 AM null
INFO: Starting OpenJPA 2.4.1
Apr 23, 2019 8:53:18 AM null
INFO: Using dictionary class "org.apache.openjpa.jdbc.sql.HSQLDictionary" (HSQL Database Engine 2.3.2 ,HSQL Database Engine Driver 2.3.2).
Apr 23, 2019 8:53:18 AM null
INFO: Connected to HSQL Database Engine version 2.2 using JDBC driver HSQL Database Engine Driver version 2.3.2. 
Apr 23, 2019 8:53:18 AM null
INFO: Creating subclass and redefining methods for "[class fr.unice.polytech.si4.isa.devops.teami.entities.guests.Person, class fr.unice.polytech.si4.isa.devops.teami.entities.invitations.StudentInvitation, class fr.unice.polytech.si4.isa.devops.teami.entities.school.Speciality, class fr.unice.polytech.si4.isa.devops.teami.entities.events.StudentEvent, class fr.unice.polytech.si4.isa.devops.teami.entities.ceremony.Planning, class fr.unice.polytech.si4.isa.devops.teami.entities.guests.Student, class fr.unice.polytech.si4.isa.devops.teami.entities.events.ClubEvent, class fr.unice.polytech.si4.isa.devops.teami.entities.events.VipEvent, class fr.unice.polytech.si4.isa.devops.teami.entities.guests.Attendant, class fr.unice.polytech.si4.isa.devops.teami.entities.school.Bill, class fr.unice.polytech.si4.isa.devops.teami.entities.events.EventOffer, class fr.unice.polytech.si4.isa.devops.teami.entities.guests.Vip, class fr.unice.polytech.si4.isa.devops.teami.entities.events.Event, class fr.unice.polytech.si4.isa.devops.teami.entities.ceremony.Ceremony, class fr.unice.polytech.si4.isa.devops.teami.entities.invitations.VIPInvitation, class fr.unice.polytech.si4.isa.devops.teami.entities.school.Club]". This means that your application will be less efficient than it would if you ran the OpenJPA enhancer.
Apr 23, 2019 8:53:20 AM org.apache.openejb.assembler.classic.Assembler destroyApplication
INFO: Undeploying app: /tmp/arquillian-tomee-app-working-dir/0/9c587645-e1e2-4a59-ad9a-76a9e26ce8c4
[ThreadedStreamConsumer] INFO org.apache.maven.plugin.surefire.SurefirePlugin - Tests run: 1, Failures: 0, Errors: 0, Skipped: 0, Time elapsed: 2.675 s - in fr.unice.polytech.si4.isa.devops.teami.entities.guests.AttendantTest
[ThreadedStreamConsumer] INFO org.apache.maven.plugin.surefire.SurefirePlugin - Running fr.unice.polytech.si4.isa.devops.teami.entities.school.SpecialityTest
Apr 23, 2019 8:53:20 AM org.apache.openejb.util.JarExtractor extract
INFO: Extracting jar: /tmp/arquillian-tomee-app-working-dir/0/d0affe46-90d3-40de-99e8-27d8bc871b37.war
Apr 23, 2019 8:53:20 AM org.apache.openejb.util.JarExtractor extract
INFO: Extracted path: /tmp/arquillian-tomee-app-working-dir/0/d0affe46-90d3-40de-99e8-27d8bc871b37
Apr 23, 2019 8:53:20 AM org.apache.tomee.catalina.TomcatWebAppBuilder deployWebApps
INFO: using default host: localhost
Apr 23, 2019 8:53:20 AM org.apache.tomee.catalina.TomcatWebAppBuilder init
INFO: ------------------------- localhost -> /d0affe46-90d3-40de-99e8-27d8bc871b37
Apr 23, 2019 8:53:20 AM org.apache.openejb.util.OptionsLog info
INFO: Using 'openejb.session.manager=org.apache.tomee.catalina.session.QuickSessionManager'
Apr 23, 2019 8:53:20 AM org.apache.openejb.config.ConfigurationFactory configureApplication
INFO: Configuring enterprise application: /tmp/arquillian-tomee-app-working-dir/0/d0affe46-90d3-40de-99e8-27d8bc871b37
Apr 23, 2019 8:53:20 AM org.apache.openejb.config.AutoConfig deploy
INFO: Configuring PersistenceUnit(name=entities_persistence_unit)
Apr 23, 2019 8:53:20 AM org.apache.openejb.config.AutoConfig setJtaDataSource
INFO: Adjusting PersistenceUnit entities_persistence_unit <jta-data-source> to Resource ID 'Default JDBC Database' from 'PolydiplomaDataSource'
Apr 23, 2019 8:53:20 AM org.apache.openejb.config.AutoConfig setNonJtaDataSource
INFO: Adjusting PersistenceUnit entities_persistence_unit <non-jta-data-source> to Resource ID 'Default Unmanaged JDBC Database' from 'null'
Apr 23, 2019 8:53:20 AM org.apache.openejb.config.ReportValidationResults logResults
WARNING: WARN ... WebModule{moduleId='d0affe46-90d3-40de-99e8-27d8bc871b37', contextRoot='d0affe46-90d3-40de-99e8-27d8bc871b37'}:	Incorrect location of file file:/tmp/arquillian-tomee-app-working-dir/0/d0affe46-90d3-40de-99e8-27d8bc871b37/META-INF/beans.xml The file should be in WEB-INF directory
Apr 23, 2019 8:53:20 AM org.apache.openejb.config.ReportValidationResults logResults
WARNING: 1 warning for WebModule(path=d0affe46-90d3-40de-99e8-27d8bc871b37)
Apr 23, 2019 8:53:20 AM org.apache.openejb.config.AppInfoBuilder build
INFO: Enterprise application "/tmp/arquillian-tomee-app-working-dir/0/d0affe46-90d3-40de-99e8-27d8bc871b37" loaded.
Apr 23, 2019 8:53:20 AM org.apache.openejb.assembler.classic.Assembler createApplication
INFO: Assembling app: /tmp/arquillian-tomee-app-working-dir/0/d0affe46-90d3-40de-99e8-27d8bc871b37
Apr 23, 2019 8:53:20 AM null
INFO: OpenJPA dynamically loaded a validation provider.
Apr 23, 2019 8:53:20 AM org.apache.openejb.assembler.classic.ReloadableEntityManagerFactory createDelegate
INFO: PersistenceUnit(name=entities_persistence_unit, provider=org.apache.openjpa.persistence.PersistenceProviderImpl) - provider time 36ms
Apr 23, 2019 8:53:20 AM org.apache.openejb.assembler.classic.Assembler createApplication
INFO: Deployed Application(path=/tmp/arquillian-tomee-app-working-dir/0/d0affe46-90d3-40de-99e8-27d8bc871b37)
Apr 23, 2019 8:53:20 AM org.apache.jasper.servlet.TldScanner scanJars
INFO: At least one JAR was scanned for TLDs yet contained no TLDs. Enable debug logging for this logger for a complete list of JARs that were scanned but no TLDs were found in them. Skipping unneeded JARs during scanning can improve startup time and JSP compilation time.
Apr 23, 2019 8:53:21 AM null
INFO: Starting OpenJPA 2.4.1
Apr 23, 2019 8:53:21 AM null
INFO: Using dictionary class "org.apache.openjpa.jdbc.sql.HSQLDictionary" (HSQL Database Engine 2.3.2 ,HSQL Database Engine Driver 2.3.2).
Apr 23, 2019 8:53:21 AM null
INFO: Connected to HSQL Database Engine version 2.2 using JDBC driver HSQL Database Engine Driver version 2.3.2. 
Apr 23, 2019 8:53:21 AM null
INFO: Creating subclass and redefining methods for "[class fr.unice.polytech.si4.isa.devops.teami.entities.guests.Person, class fr.unice.polytech.si4.isa.devops.teami.entities.invitations.StudentInvitation, class fr.unice.polytech.si4.isa.devops.teami.entities.school.Speciality, class fr.unice.polytech.si4.isa.devops.teami.entities.events.StudentEvent, class fr.unice.polytech.si4.isa.devops.teami.entities.ceremony.Planning, class fr.unice.polytech.si4.isa.devops.teami.entities.guests.Student, class fr.unice.polytech.si4.isa.devops.teami.entities.events.ClubEvent, class fr.unice.polytech.si4.isa.devops.teami.entities.events.VipEvent, class fr.unice.polytech.si4.isa.devops.teami.entities.guests.Attendant, class fr.unice.polytech.si4.isa.devops.teami.entities.school.Bill, class fr.unice.polytech.si4.isa.devops.teami.entities.events.EventOffer, class fr.unice.polytech.si4.isa.devops.teami.entities.guests.Vip, class fr.unice.polytech.si4.isa.devops.teami.entities.events.Event, class fr.unice.polytech.si4.isa.devops.teami.entities.ceremony.Ceremony, class fr.unice.polytech.si4.isa.devops.teami.entities.invitations.VIPInvitation, class fr.unice.polytech.si4.isa.devops.teami.entities.school.Club]". This means that your application will be less efficient than it would if you ran the OpenJPA enhancer.
Apr 23, 2019 8:53:22 AM org.apache.openejb.assembler.classic.Assembler destroyApplication
INFO: Undeploying app: /tmp/arquillian-tomee-app-working-dir/0/d0affe46-90d3-40de-99e8-27d8bc871b37
[ThreadedStreamConsumer] INFO org.apache.maven.plugin.surefire.SurefirePlugin - Tests run: 1, Failures: 0, Errors: 0, Skipped: 0, Time elapsed: 2.295 s - in fr.unice.polytech.si4.isa.devops.teami.entities.school.SpecialityTest
[ThreadedStreamConsumer] INFO org.apache.maven.plugin.surefire.SurefirePlugin - Running fr.unice.polytech.si4.isa.devops.teami.entities.school.ClubTest
Apr 23, 2019 8:53:22 AM org.apache.openejb.util.JarExtractor extract
INFO: Extracting jar: /tmp/arquillian-tomee-app-working-dir/0/f13d3393-a46d-4e92-91f7-e84ca9088230.war
Apr 23, 2019 8:53:22 AM org.apache.openejb.util.JarExtractor extract
INFO: Extracted path: /tmp/arquillian-tomee-app-working-dir/0/f13d3393-a46d-4e92-91f7-e84ca9088230
Apr 23, 2019 8:53:22 AM org.apache.tomee.catalina.TomcatWebAppBuilder deployWebApps
INFO: using default host: localhost
Apr 23, 2019 8:53:22 AM org.apache.tomee.catalina.TomcatWebAppBuilder init
INFO: ------------------------- localhost -> /f13d3393-a46d-4e92-91f7-e84ca9088230
Apr 23, 2019 8:53:22 AM org.apache.openejb.util.OptionsLog info
INFO: Using 'openejb.session.manager=org.apache.tomee.catalina.session.QuickSessionManager'
Apr 23, 2019 8:53:22 AM org.apache.openejb.config.ConfigurationFactory configureApplication
INFO: Configuring enterprise application: /tmp/arquillian-tomee-app-working-dir/0/f13d3393-a46d-4e92-91f7-e84ca9088230
Apr 23, 2019 8:53:22 AM org.apache.openejb.config.AutoConfig deploy
INFO: Configuring PersistenceUnit(name=entities_persistence_unit)
Apr 23, 2019 8:53:22 AM org.apache.openejb.config.AutoConfig setJtaDataSource
INFO: Adjusting PersistenceUnit entities_persistence_unit <jta-data-source> to Resource ID 'Default JDBC Database' from 'PolydiplomaDataSource'
Apr 23, 2019 8:53:22 AM org.apache.openejb.config.AutoConfig setNonJtaDataSource
INFO: Adjusting PersistenceUnit entities_persistence_unit <non-jta-data-source> to Resource ID 'Default Unmanaged JDBC Database' from 'null'
Apr 23, 2019 8:53:22 AM org.apache.openejb.config.ReportValidationResults logResults
WARNING: WARN ... WebModule{moduleId='f13d3393-a46d-4e92-91f7-e84ca9088230', contextRoot='f13d3393-a46d-4e92-91f7-e84ca9088230'}:	Incorrect location of file file:/tmp/arquillian-tomee-app-working-dir/0/f13d3393-a46d-4e92-91f7-e84ca9088230/META-INF/beans.xml The file should be in WEB-INF directory
Apr 23, 2019 8:53:22 AM org.apache.openejb.config.ReportValidationResults logResults
WARNING: 1 warning for WebModule(path=f13d3393-a46d-4e92-91f7-e84ca9088230)
Apr 23, 2019 8:53:22 AM org.apache.openejb.config.AppInfoBuilder build
INFO: Enterprise application "/tmp/arquillian-tomee-app-working-dir/0/f13d3393-a46d-4e92-91f7-e84ca9088230" loaded.
Apr 23, 2019 8:53:22 AM org.apache.openejb.assembler.classic.Assembler createApplication
INFO: Assembling app: /tmp/arquillian-tomee-app-working-dir/0/f13d3393-a46d-4e92-91f7-e84ca9088230
Apr 23, 2019 8:53:23 AM null
INFO: OpenJPA dynamically loaded a validation provider.
Apr 23, 2019 8:53:23 AM org.apache.openejb.assembler.classic.ReloadableEntityManagerFactory createDelegate
INFO: PersistenceUnit(name=entities_persistence_unit, provider=org.apache.openjpa.persistence.PersistenceProviderImpl) - provider time 37ms
Apr 23, 2019 8:53:23 AM org.apache.openejb.assembler.classic.Assembler createApplication
INFO: Deployed Application(path=/tmp/arquillian-tomee-app-working-dir/0/f13d3393-a46d-4e92-91f7-e84ca9088230)
Apr 23, 2019 8:53:23 AM org.apache.jasper.servlet.TldScanner scanJars
INFO: At least one JAR was scanned for TLDs yet contained no TLDs. Enable debug logging for this logger for a complete list of JARs that were scanned but no TLDs were found in them. Skipping unneeded JARs during scanning can improve startup time and JSP compilation time.
Apr 23, 2019 8:53:23 AM null
INFO: Starting OpenJPA 2.4.1
Apr 23, 2019 8:53:23 AM null
INFO: Using dictionary class "org.apache.openjpa.jdbc.sql.HSQLDictionary" (HSQL Database Engine 2.3.2 ,HSQL Database Engine Driver 2.3.2).
Apr 23, 2019 8:53:23 AM null
INFO: Connected to HSQL Database Engine version 2.2 using JDBC driver HSQL Database Engine Driver version 2.3.2. 
Apr 23, 2019 8:53:23 AM null
INFO: Creating subclass and redefining methods for "[class fr.unice.polytech.si4.isa.devops.teami.entities.guests.Person, class fr.unice.polytech.si4.isa.devops.teami.entities.invitations.StudentInvitation, class fr.unice.polytech.si4.isa.devops.teami.entities.school.Speciality, class fr.unice.polytech.si4.isa.devops.teami.entities.events.StudentEvent, class fr.unice.polytech.si4.isa.devops.teami.entities.ceremony.Planning, class fr.unice.polytech.si4.isa.devops.teami.entities.guests.Student, class fr.unice.polytech.si4.isa.devops.teami.entities.events.ClubEvent, class fr.unice.polytech.si4.isa.devops.teami.entities.events.VipEvent, class fr.unice.polytech.si4.isa.devops.teami.entities.guests.Attendant, class fr.unice.polytech.si4.isa.devops.teami.entities.school.Bill, class fr.unice.polytech.si4.isa.devops.teami.entities.events.EventOffer, class fr.unice.polytech.si4.isa.devops.teami.entities.guests.Vip, class fr.unice.polytech.si4.isa.devops.teami.entities.events.Event, class fr.unice.polytech.si4.isa.devops.teami.entities.ceremony.Ceremony, class fr.unice.polytech.si4.isa.devops.teami.entities.invitations.VIPInvitation, class fr.unice.polytech.si4.isa.devops.teami.entities.school.Club]". This means that your application will be less efficient than it would if you ran the OpenJPA enhancer.
Apr 23, 2019 8:53:24 AM org.apache.openejb.assembler.classic.Assembler destroyApplication
INFO: Undeploying app: /tmp/arquillian-tomee-app-working-dir/0/f13d3393-a46d-4e92-91f7-e84ca9088230
[ThreadedStreamConsumer] INFO org.apache.maven.plugin.surefire.SurefirePlugin - Tests run: 1, Failures: 0, Errors: 0, Skipped: 0, Time elapsed: 2.42 s - in fr.unice.polytech.si4.isa.devops.teami.entities.school.ClubTest
[ThreadedStreamConsumer] INFO org.apache.maven.plugin.surefire.SurefirePlugin - Running fr.unice.polytech.si4.isa.devops.teami.entities.school.BillTest
Apr 23, 2019 8:53:25 AM org.apache.openejb.util.JarExtractor extract
INFO: Extracting jar: /tmp/arquillian-tomee-app-working-dir/0/f29658bf-5fbb-4e30-ae57-b658a5a48870.war
Apr 23, 2019 8:53:25 AM org.apache.openejb.util.JarExtractor extract
INFO: Extracted path: /tmp/arquillian-tomee-app-working-dir/0/f29658bf-5fbb-4e30-ae57-b658a5a48870
Apr 23, 2019 8:53:25 AM org.apache.tomee.catalina.TomcatWebAppBuilder deployWebApps
INFO: using default host: localhost
Apr 23, 2019 8:53:25 AM org.apache.tomee.catalina.TomcatWebAppBuilder init
INFO: ------------------------- localhost -> /f29658bf-5fbb-4e30-ae57-b658a5a48870
Apr 23, 2019 8:53:25 AM org.apache.openejb.util.OptionsLog info
INFO: Using 'openejb.session.manager=org.apache.tomee.catalina.session.QuickSessionManager'
Apr 23, 2019 8:53:25 AM org.apache.openejb.config.ConfigurationFactory configureApplication
INFO: Configuring enterprise application: /tmp/arquillian-tomee-app-working-dir/0/f29658bf-5fbb-4e30-ae57-b658a5a48870
Apr 23, 2019 8:53:25 AM org.apache.openejb.config.AutoConfig deploy
INFO: Configuring PersistenceUnit(name=entities_persistence_unit)
Apr 23, 2019 8:53:25 AM org.apache.openejb.config.AutoConfig setJtaDataSource
INFO: Adjusting PersistenceUnit entities_persistence_unit <jta-data-source> to Resource ID 'Default JDBC Database' from 'PolydiplomaDataSource'
Apr 23, 2019 8:53:25 AM org.apache.openejb.config.AutoConfig setNonJtaDataSource
INFO: Adjusting PersistenceUnit entities_persistence_unit <non-jta-data-source> to Resource ID 'Default Unmanaged JDBC Database' from 'null'
Apr 23, 2019 8:53:25 AM org.apache.openejb.config.ReportValidationResults logResults
WARNING: WARN ... WebModule{moduleId='f29658bf-5fbb-4e30-ae57-b658a5a48870', contextRoot='f29658bf-5fbb-4e30-ae57-b658a5a48870'}:	Incorrect location of file file:/tmp/arquillian-tomee-app-working-dir/0/f29658bf-5fbb-4e30-ae57-b658a5a48870/META-INF/beans.xml The file should be in WEB-INF directory
Apr 23, 2019 8:53:25 AM org.apache.openejb.config.ReportValidationResults logResults
WARNING: 1 warning for WebModule(path=f29658bf-5fbb-4e30-ae57-b658a5a48870)
Apr 23, 2019 8:53:25 AM org.apache.openejb.config.AppInfoBuilder build
INFO: Enterprise application "/tmp/arquillian-tomee-app-working-dir/0/f29658bf-5fbb-4e30-ae57-b658a5a48870" loaded.
Apr 23, 2019 8:53:25 AM org.apache.openejb.assembler.classic.Assembler createApplication
INFO: Assembling app: /tmp/arquillian-tomee-app-working-dir/0/f29658bf-5fbb-4e30-ae57-b658a5a48870
Apr 23, 2019 8:53:25 AM null
INFO: OpenJPA dynamically loaded a validation provider.
Apr 23, 2019 8:53:25 AM org.apache.openejb.assembler.classic.ReloadableEntityManagerFactory createDelegate
INFO: PersistenceUnit(name=entities_persistence_unit, provider=org.apache.openjpa.persistence.PersistenceProviderImpl) - provider time 38ms
Apr 23, 2019 8:53:25 AM org.apache.openejb.assembler.classic.Assembler createApplication
INFO: Deployed Application(path=/tmp/arquillian-tomee-app-working-dir/0/f29658bf-5fbb-4e30-ae57-b658a5a48870)
Apr 23, 2019 8:53:25 AM org.apache.jasper.servlet.TldScanner scanJars
INFO: At least one JAR was scanned for TLDs yet contained no TLDs. Enable debug logging for this logger for a complete list of JARs that were scanned but no TLDs were found in them. Skipping unneeded JARs during scanning can improve startup time and JSP compilation time.
Apr 23, 2019 8:53:25 AM null
INFO: Starting OpenJPA 2.4.1
Apr 23, 2019 8:53:25 AM null
INFO: Using dictionary class "org.apache.openjpa.jdbc.sql.HSQLDictionary" (HSQL Database Engine 2.3.2 ,HSQL Database Engine Driver 2.3.2).
Apr 23, 2019 8:53:25 AM null
INFO: Connected to HSQL Database Engine version 2.2 using JDBC driver HSQL Database Engine Driver version 2.3.2. 
Apr 23, 2019 8:53:26 AM null
INFO: Creating subclass and redefining methods for "[class fr.unice.polytech.si4.isa.devops.teami.entities.guests.Person, class fr.unice.polytech.si4.isa.devops.teami.entities.invitations.StudentInvitation, class fr.unice.polytech.si4.isa.devops.teami.entities.school.Speciality, class fr.unice.polytech.si4.isa.devops.teami.entities.events.StudentEvent, class fr.unice.polytech.si4.isa.devops.teami.entities.ceremony.Planning, class fr.unice.polytech.si4.isa.devops.teami.entities.guests.Student, class fr.unice.polytech.si4.isa.devops.teami.entities.events.ClubEvent, class fr.unice.polytech.si4.isa.devops.teami.entities.events.VipEvent, class fr.unice.polytech.si4.isa.devops.teami.entities.guests.Attendant, class fr.unice.polytech.si4.isa.devops.teami.entities.school.Bill, class fr.unice.polytech.si4.isa.devops.teami.entities.events.EventOffer, class fr.unice.polytech.si4.isa.devops.teami.entities.guests.Vip, class fr.unice.polytech.si4.isa.devops.teami.entities.events.Event, class fr.unice.polytech.si4.isa.devops.teami.entities.ceremony.Ceremony, class fr.unice.polytech.si4.isa.devops.teami.entities.invitations.VIPInvitation, class fr.unice.polytech.si4.isa.devops.teami.entities.school.Club]". This means that your application will be less efficient than it would if you ran the OpenJPA enhancer.
Apr 23, 2019 8:53:27 AM org.apache.openejb.assembler.classic.Assembler destroyApplication
INFO: Undeploying app: /tmp/arquillian-tomee-app-working-dir/0/f29658bf-5fbb-4e30-ae57-b658a5a48870
[ThreadedStreamConsumer] INFO org.apache.maven.plugin.surefire.SurefirePlugin - Tests run: 1, Failures: 0, Errors: 0, Skipped: 0, Time elapsed: 2.207 s - in fr.unice.polytech.si4.isa.devops.teami.entities.school.BillTest
[ThreadedStreamConsumer] INFO org.apache.maven.plugin.surefire.SurefirePlugin - Running fr.unice.polytech.si4.isa.devops.teami.entities.invitations.StudentInvitationTest
Apr 23, 2019 8:53:27 AM org.apache.openejb.util.JarExtractor extract
INFO: Extracting jar: /tmp/arquillian-tomee-app-working-dir/0/14406f0a-cb2d-4a04-b4fe-be2ae5f0ba06.war
Apr 23, 2019 8:53:27 AM org.apache.openejb.util.JarExtractor extract
INFO: Extracted path: /tmp/arquillian-tomee-app-working-dir/0/14406f0a-cb2d-4a04-b4fe-be2ae5f0ba06
Apr 23, 2019 8:53:27 AM org.apache.tomee.catalina.TomcatWebAppBuilder deployWebApps
INFO: using default host: localhost
Apr 23, 2019 8:53:27 AM org.apache.tomee.catalina.TomcatWebAppBuilder init
INFO: ------------------------- localhost -> /14406f0a-cb2d-4a04-b4fe-be2ae5f0ba06
Apr 23, 2019 8:53:27 AM org.apache.openejb.util.OptionsLog info
INFO: Using 'openejb.session.manager=org.apache.tomee.catalina.session.QuickSessionManager'
Apr 23, 2019 8:53:27 AM org.apache.openejb.config.ConfigurationFactory configureApplication
INFO: Configuring enterprise application: /tmp/arquillian-tomee-app-working-dir/0/14406f0a-cb2d-4a04-b4fe-be2ae5f0ba06
Apr 23, 2019 8:53:27 AM org.apache.openejb.config.AutoConfig deploy
INFO: Configuring PersistenceUnit(name=entities_persistence_unit)
Apr 23, 2019 8:53:27 AM org.apache.openejb.config.AutoConfig setJtaDataSource
INFO: Adjusting PersistenceUnit entities_persistence_unit <jta-data-source> to Resource ID 'Default JDBC Database' from 'PolydiplomaDataSource'
Apr 23, 2019 8:53:27 AM org.apache.openejb.config.AutoConfig setNonJtaDataSource
INFO: Adjusting PersistenceUnit entities_persistence_unit <non-jta-data-source> to Resource ID 'Default Unmanaged JDBC Database' from 'null'
Apr 23, 2019 8:53:27 AM org.apache.openejb.config.ReportValidationResults logResults
WARNING: WARN ... WebModule{moduleId='14406f0a-cb2d-4a04-b4fe-be2ae5f0ba06', contextRoot='14406f0a-cb2d-4a04-b4fe-be2ae5f0ba06'}:	Incorrect location of file file:/tmp/arquillian-tomee-app-working-dir/0/14406f0a-cb2d-4a04-b4fe-be2ae5f0ba06/META-INF/beans.xml The file should be in WEB-INF directory
Apr 23, 2019 8:53:27 AM org.apache.openejb.config.ReportValidationResults logResults
WARNING: 1 warning for WebModule(path=14406f0a-cb2d-4a04-b4fe-be2ae5f0ba06)
Apr 23, 2019 8:53:27 AM org.apache.openejb.config.AppInfoBuilder build
INFO: Enterprise application "/tmp/arquillian-tomee-app-working-dir/0/14406f0a-cb2d-4a04-b4fe-be2ae5f0ba06" loaded.
Apr 23, 2019 8:53:27 AM org.apache.openejb.assembler.classic.Assembler createApplication
INFO: Assembling app: /tmp/arquillian-tomee-app-working-dir/0/14406f0a-cb2d-4a04-b4fe-be2ae5f0ba06
Apr 23, 2019 8:53:27 AM null
INFO: OpenJPA dynamically loaded a validation provider.
Apr 23, 2019 8:53:27 AM org.apache.openejb.assembler.classic.ReloadableEntityManagerFactory createDelegate
INFO: PersistenceUnit(name=entities_persistence_unit, provider=org.apache.openjpa.persistence.PersistenceProviderImpl) - provider time 41ms
Apr 23, 2019 8:53:27 AM org.apache.openejb.assembler.classic.Assembler createApplication
INFO: Deployed Application(path=/tmp/arquillian-tomee-app-working-dir/0/14406f0a-cb2d-4a04-b4fe-be2ae5f0ba06)
Apr 23, 2019 8:53:27 AM org.apache.jasper.servlet.TldScanner scanJars
INFO: At least one JAR was scanned for TLDs yet contained no TLDs. Enable debug logging for this logger for a complete list of JARs that were scanned but no TLDs were found in them. Skipping unneeded JARs during scanning can improve startup time and JSP compilation time.
Apr 23, 2019 8:53:28 AM null
INFO: Starting OpenJPA 2.4.1
Apr 23, 2019 8:53:28 AM null
INFO: Using dictionary class "org.apache.openjpa.jdbc.sql.HSQLDictionary" (HSQL Database Engine 2.3.2 ,HSQL Database Engine Driver 2.3.2).
Apr 23, 2019 8:53:28 AM null
INFO: Connected to HSQL Database Engine version 2.2 using JDBC driver HSQL Database Engine Driver version 2.3.2. 
Apr 23, 2019 8:53:28 AM null
INFO: Creating subclass and redefining methods for "[class fr.unice.polytech.si4.isa.devops.teami.entities.guests.Person, class fr.unice.polytech.si4.isa.devops.teami.entities.invitations.StudentInvitation, class fr.unice.polytech.si4.isa.devops.teami.entities.school.Speciality, class fr.unice.polytech.si4.isa.devops.teami.entities.events.StudentEvent, class fr.unice.polytech.si4.isa.devops.teami.entities.ceremony.Planning, class fr.unice.polytech.si4.isa.devops.teami.entities.guests.Student, class fr.unice.polytech.si4.isa.devops.teami.entities.events.ClubEvent, class fr.unice.polytech.si4.isa.devops.teami.entities.events.VipEvent, class fr.unice.polytech.si4.isa.devops.teami.entities.guests.Attendant, class fr.unice.polytech.si4.isa.devops.teami.entities.school.Bill, class fr.unice.polytech.si4.isa.devops.teami.entities.events.EventOffer, class fr.unice.polytech.si4.isa.devops.teami.entities.guests.Vip, class fr.unice.polytech.si4.isa.devops.teami.entities.events.Event, class fr.unice.polytech.si4.isa.devops.teami.entities.ceremony.Ceremony, class fr.unice.polytech.si4.isa.devops.teami.entities.invitations.VIPInvitation, class fr.unice.polytech.si4.isa.devops.teami.entities.school.Club]". This means that your application will be less efficient than it would if you ran the OpenJPA enhancer.
Apr 23, 2019 8:53:29 AM org.apache.openejb.assembler.classic.Assembler destroyApplication
INFO: Undeploying app: /tmp/arquillian-tomee-app-working-dir/0/14406f0a-cb2d-4a04-b4fe-be2ae5f0ba06
[ThreadedStreamConsumer] INFO org.apache.maven.plugin.surefire.SurefirePlugin - Tests run: 1, Failures: 0, Errors: 0, Skipped: 0, Time elapsed: 2.077 s - in fr.unice.polytech.si4.isa.devops.teami.entities.invitations.StudentInvitationTest
[ThreadedStreamConsumer] INFO org.apache.maven.plugin.surefire.SurefirePlugin - Running fr.unice.polytech.si4.isa.devops.teami.entities.invitations.VIPInvitationTest
Apr 23, 2019 8:53:29 AM org.apache.openejb.util.JarExtractor extract
INFO: Extracting jar: /tmp/arquillian-tomee-app-working-dir/0/22eb2dad-904d-4a6b-9545-e3bafac1d650.war
Apr 23, 2019 8:53:29 AM org.apache.openejb.util.JarExtractor extract
INFO: Extracted path: /tmp/arquillian-tomee-app-working-dir/0/22eb2dad-904d-4a6b-9545-e3bafac1d650
Apr 23, 2019 8:53:29 AM org.apache.tomee.catalina.TomcatWebAppBuilder deployWebApps
INFO: using default host: localhost
Apr 23, 2019 8:53:29 AM org.apache.tomee.catalina.TomcatWebAppBuilder init
INFO: ------------------------- localhost -> /22eb2dad-904d-4a6b-9545-e3bafac1d650
Apr 23, 2019 8:53:29 AM org.apache.openejb.util.OptionsLog info
INFO: Using 'openejb.session.manager=org.apache.tomee.catalina.session.QuickSessionManager'
Apr 23, 2019 8:53:29 AM org.apache.openejb.config.ConfigurationFactory configureApplication
INFO: Configuring enterprise application: /tmp/arquillian-tomee-app-working-dir/0/22eb2dad-904d-4a6b-9545-e3bafac1d650
Apr 23, 2019 8:53:29 AM org.apache.openejb.config.AutoConfig deploy
INFO: Configuring PersistenceUnit(name=entities_persistence_unit)
Apr 23, 2019 8:53:29 AM org.apache.openejb.config.AutoConfig setJtaDataSource
INFO: Adjusting PersistenceUnit entities_persistence_unit <jta-data-source> to Resource ID 'Default JDBC Database' from 'PolydiplomaDataSource'
Apr 23, 2019 8:53:29 AM org.apache.openejb.config.AutoConfig setNonJtaDataSource
INFO: Adjusting PersistenceUnit entities_persistence_unit <non-jta-data-source> to Resource ID 'Default Unmanaged JDBC Database' from 'null'
Apr 23, 2019 8:53:29 AM org.apache.openejb.config.ReportValidationResults logResults
WARNING: WARN ... WebModule{moduleId='22eb2dad-904d-4a6b-9545-e3bafac1d650', contextRoot='22eb2dad-904d-4a6b-9545-e3bafac1d650'}:	Incorrect location of file file:/tmp/arquillian-tomee-app-working-dir/0/22eb2dad-904d-4a6b-9545-e3bafac1d650/META-INF/beans.xml The file should be in WEB-INF directory
Apr 23, 2019 8:53:29 AM org.apache.openejb.config.ReportValidationResults logResults
WARNING: 1 warning for WebModule(path=22eb2dad-904d-4a6b-9545-e3bafac1d650)
Apr 23, 2019 8:53:29 AM org.apache.openejb.config.AppInfoBuilder build
INFO: Enterprise application "/tmp/arquillian-tomee-app-working-dir/0/22eb2dad-904d-4a6b-9545-e3bafac1d650" loaded.
Apr 23, 2019 8:53:29 AM org.apache.openejb.assembler.classic.Assembler createApplication
INFO: Assembling app: /tmp/arquillian-tomee-app-working-dir/0/22eb2dad-904d-4a6b-9545-e3bafac1d650
Apr 23, 2019 8:53:29 AM null
INFO: OpenJPA dynamically loaded a validation provider.
Apr 23, 2019 8:53:29 AM org.apache.openejb.assembler.classic.ReloadableEntityManagerFactory createDelegate
INFO: PersistenceUnit(name=entities_persistence_unit, provider=org.apache.openjpa.persistence.PersistenceProviderImpl) - provider time 71ms
Apr 23, 2019 8:53:29 AM org.apache.openejb.assembler.classic.Assembler createApplication
INFO: Deployed Application(path=/tmp/arquillian-tomee-app-working-dir/0/22eb2dad-904d-4a6b-9545-e3bafac1d650)
Apr 23, 2019 8:53:30 AM org.apache.jasper.servlet.TldScanner scanJars
INFO: At least one JAR was scanned for TLDs yet contained no TLDs. Enable debug logging for this logger for a complete list of JARs that were scanned but no TLDs were found in them. Skipping unneeded JARs during scanning can improve startup time and JSP compilation time.
Apr 23, 2019 8:53:30 AM null
INFO: Starting OpenJPA 2.4.1
Apr 23, 2019 8:53:30 AM null
INFO: Using dictionary class "org.apache.openjpa.jdbc.sql.HSQLDictionary" (HSQL Database Engine 2.3.2 ,HSQL Database Engine Driver 2.3.2).
Apr 23, 2019 8:53:30 AM null
INFO: Connected to HSQL Database Engine version 2.2 using JDBC driver HSQL Database Engine Driver version 2.3.2. 
Apr 23, 2019 8:53:30 AM null
INFO: Creating subclass and redefining methods for "[class fr.unice.polytech.si4.isa.devops.teami.entities.guests.Person, class fr.unice.polytech.si4.isa.devops.teami.entities.invitations.StudentInvitation, class fr.unice.polytech.si4.isa.devops.teami.entities.school.Speciality, class fr.unice.polytech.si4.isa.devops.teami.entities.events.StudentEvent, class fr.unice.polytech.si4.isa.devops.teami.entities.ceremony.Planning, class fr.unice.polytech.si4.isa.devops.teami.entities.guests.Student, class fr.unice.polytech.si4.isa.devops.teami.entities.events.ClubEvent, class fr.unice.polytech.si4.isa.devops.teami.entities.events.VipEvent, class fr.unice.polytech.si4.isa.devops.teami.entities.guests.Attendant, class fr.unice.polytech.si4.isa.devops.teami.entities.school.Bill, class fr.unice.polytech.si4.isa.devops.teami.entities.events.EventOffer, class fr.unice.polytech.si4.isa.devops.teami.entities.guests.Vip, class fr.unice.polytech.si4.isa.devops.teami.entities.events.Event, class fr.unice.polytech.si4.isa.devops.teami.entities.ceremony.Ceremony, class fr.unice.polytech.si4.isa.devops.teami.entities.invitations.VIPInvitation, class fr.unice.polytech.si4.isa.devops.teami.entities.school.Club]". This means that your application will be less efficient than it would if you ran the OpenJPA enhancer.
Apr 23, 2019 8:53:31 AM org.apache.openejb.assembler.classic.Assembler destroyApplication
INFO: Undeploying app: /tmp/arquillian-tomee-app-working-dir/0/22eb2dad-904d-4a6b-9545-e3bafac1d650
[ThreadedStreamConsumer] INFO org.apache.maven.plugin.surefire.SurefirePlugin - Tests run: 1, Failures: 0, Errors: 0, Skipped: 0, Time elapsed: 2.303 s - in fr.unice.polytech.si4.isa.devops.teami.entities.invitations.VIPInvitationTest
[ThreadedStreamConsumer] INFO org.apache.maven.plugin.surefire.SurefirePlugin - Running fr.unice.polytech.si4.isa.devops.teami.entities.events.EventOfferTest
Apr 23, 2019 8:53:31 AM org.apache.openejb.util.JarExtractor extract
INFO: Extracting jar: /tmp/arquillian-tomee-app-working-dir/0/c7360ca3-57d7-423e-b913-ebaf68bc0124.war
Apr 23, 2019 8:53:31 AM org.apache.openejb.util.JarExtractor extract
INFO: Extracted path: /tmp/arquillian-tomee-app-working-dir/0/c7360ca3-57d7-423e-b913-ebaf68bc0124
Apr 23, 2019 8:53:31 AM org.apache.tomee.catalina.TomcatWebAppBuilder deployWebApps
INFO: using default host: localhost
Apr 23, 2019 8:53:31 AM org.apache.tomee.catalina.TomcatWebAppBuilder init
INFO: ------------------------- localhost -> /c7360ca3-57d7-423e-b913-ebaf68bc0124
Apr 23, 2019 8:53:31 AM org.apache.openejb.util.OptionsLog info
INFO: Using 'openejb.session.manager=org.apache.tomee.catalina.session.QuickSessionManager'
Apr 23, 2019 8:53:31 AM org.apache.openejb.config.ConfigurationFactory configureApplication
INFO: Configuring enterprise application: /tmp/arquillian-tomee-app-working-dir/0/c7360ca3-57d7-423e-b913-ebaf68bc0124
Apr 23, 2019 8:53:32 AM org.apache.openejb.config.AutoConfig deploy
INFO: Configuring PersistenceUnit(name=entities_persistence_unit)
Apr 23, 2019 8:53:32 AM org.apache.openejb.config.AutoConfig setJtaDataSource
INFO: Adjusting PersistenceUnit entities_persistence_unit <jta-data-source> to Resource ID 'Default JDBC Database' from 'PolydiplomaDataSource'
Apr 23, 2019 8:53:32 AM org.apache.openejb.config.AutoConfig setNonJtaDataSource
INFO: Adjusting PersistenceUnit entities_persistence_unit <non-jta-data-source> to Resource ID 'Default Unmanaged JDBC Database' from 'null'
Apr 23, 2019 8:53:32 AM org.apache.openejb.config.ReportValidationResults logResults
WARNING: WARN ... WebModule{moduleId='c7360ca3-57d7-423e-b913-ebaf68bc0124', contextRoot='c7360ca3-57d7-423e-b913-ebaf68bc0124'}:	Incorrect location of file file:/tmp/arquillian-tomee-app-working-dir/0/c7360ca3-57d7-423e-b913-ebaf68bc0124/META-INF/beans.xml The file should be in WEB-INF directory
Apr 23, 2019 8:53:32 AM org.apache.openejb.config.ReportValidationResults logResults
WARNING: 1 warning for WebModule(path=c7360ca3-57d7-423e-b913-ebaf68bc0124)
Apr 23, 2019 8:53:32 AM org.apache.openejb.config.AppInfoBuilder build
INFO: Enterprise application "/tmp/arquillian-tomee-app-working-dir/0/c7360ca3-57d7-423e-b913-ebaf68bc0124" loaded.
Apr 23, 2019 8:53:32 AM org.apache.openejb.assembler.classic.Assembler createApplication
INFO: Assembling app: /tmp/arquillian-tomee-app-working-dir/0/c7360ca3-57d7-423e-b913-ebaf68bc0124
Apr 23, 2019 8:53:32 AM null
INFO: OpenJPA dynamically loaded a validation provider.
Apr 23, 2019 8:53:32 AM org.apache.openejb.assembler.classic.ReloadableEntityManagerFactory createDelegate
INFO: PersistenceUnit(name=entities_persistence_unit, provider=org.apache.openjpa.persistence.PersistenceProviderImpl) - provider time 33ms
Apr 23, 2019 8:53:32 AM org.apache.openejb.assembler.classic.Assembler createApplication
INFO: Deployed Application(path=/tmp/arquillian-tomee-app-working-dir/0/c7360ca3-57d7-423e-b913-ebaf68bc0124)
Apr 23, 2019 8:53:32 AM org.apache.jasper.servlet.TldScanner scanJars
INFO: At least one JAR was scanned for TLDs yet contained no TLDs. Enable debug logging for this logger for a complete list of JARs that were scanned but no TLDs were found in them. Skipping unneeded JARs during scanning can improve startup time and JSP compilation time.
Apr 23, 2019 8:53:32 AM null
INFO: Starting OpenJPA 2.4.1
Apr 23, 2019 8:53:32 AM null
INFO: Using dictionary class "org.apache.openjpa.jdbc.sql.HSQLDictionary" (HSQL Database Engine 2.3.2 ,HSQL Database Engine Driver 2.3.2).
Apr 23, 2019 8:53:32 AM null
INFO: Connected to HSQL Database Engine version 2.2 using JDBC driver HSQL Database Engine Driver version 2.3.2. 
Apr 23, 2019 8:53:32 AM null
INFO: Creating subclass and redefining methods for "[class fr.unice.polytech.si4.isa.devops.teami.entities.guests.Person, class fr.unice.polytech.si4.isa.devops.teami.entities.invitations.StudentInvitation, class fr.unice.polytech.si4.isa.devops.teami.entities.school.Speciality, class fr.unice.polytech.si4.isa.devops.teami.entities.events.StudentEvent, class fr.unice.polytech.si4.isa.devops.teami.entities.ceremony.Planning, class fr.unice.polytech.si4.isa.devops.teami.entities.guests.Student, class fr.unice.polytech.si4.isa.devops.teami.entities.events.ClubEvent, class fr.unice.polytech.si4.isa.devops.teami.entities.events.VipEvent, class fr.unice.polytech.si4.isa.devops.teami.entities.guests.Attendant, class fr.unice.polytech.si4.isa.devops.teami.entities.school.Bill, class fr.unice.polytech.si4.isa.devops.teami.entities.events.EventOffer, class fr.unice.polytech.si4.isa.devops.teami.entities.guests.Vip, class fr.unice.polytech.si4.isa.devops.teami.entities.events.Event, class fr.unice.polytech.si4.isa.devops.teami.entities.ceremony.Ceremony, class fr.unice.polytech.si4.isa.devops.teami.entities.invitations.VIPInvitation, class fr.unice.polytech.si4.isa.devops.teami.entities.school.Club]". This means that your application will be less efficient than it would if you ran the OpenJPA enhancer.
Apr 23, 2019 8:53:34 AM org.apache.openejb.assembler.classic.Assembler destroyApplication
INFO: Undeploying app: /tmp/arquillian-tomee-app-working-dir/0/c7360ca3-57d7-423e-b913-ebaf68bc0124
[ThreadedStreamConsumer] INFO org.apache.maven.plugin.surefire.SurefirePlugin - Tests run: 1, Failures: 0, Errors: 0, Skipped: 0, Time elapsed: 2.689 s - in fr.unice.polytech.si4.isa.devops.teami.entities.events.EventOfferTest
[ThreadedStreamConsumer] INFO org.apache.maven.plugin.surefire.SurefirePlugin - Running fr.unice.polytech.si4.isa.devops.teami.entities.events.StudentEventTest
Apr 23, 2019 8:53:34 AM org.apache.openejb.util.JarExtractor extract
INFO: Extracting jar: /tmp/arquillian-tomee-app-working-dir/0/e2b77032-9dc2-4900-bb9a-d6a04d48b1a3.war
Apr 23, 2019 8:53:34 AM org.apache.openejb.util.JarExtractor extract
INFO: Extracted path: /tmp/arquillian-tomee-app-working-dir/0/e2b77032-9dc2-4900-bb9a-d6a04d48b1a3
Apr 23, 2019 8:53:34 AM org.apache.tomee.catalina.TomcatWebAppBuilder deployWebApps
INFO: using default host: localhost
Apr 23, 2019 8:53:34 AM org.apache.tomee.catalina.TomcatWebAppBuilder init
INFO: ------------------------- localhost -> /e2b77032-9dc2-4900-bb9a-d6a04d48b1a3
Apr 23, 2019 8:53:34 AM org.apache.openejb.util.OptionsLog info
INFO: Using 'openejb.session.manager=org.apache.tomee.catalina.session.QuickSessionManager'
Apr 23, 2019 8:53:34 AM org.apache.openejb.config.ConfigurationFactory configureApplication
INFO: Configuring enterprise application: /tmp/arquillian-tomee-app-working-dir/0/e2b77032-9dc2-4900-bb9a-d6a04d48b1a3
Apr 23, 2019 8:53:34 AM org.apache.openejb.config.AutoConfig deploy
INFO: Configuring PersistenceUnit(name=entities_persistence_unit)
Apr 23, 2019 8:53:34 AM org.apache.openejb.config.AutoConfig setJtaDataSource
INFO: Adjusting PersistenceUnit entities_persistence_unit <jta-data-source> to Resource ID 'Default JDBC Database' from 'PolydiplomaDataSource'
Apr 23, 2019 8:53:34 AM org.apache.openejb.config.AutoConfig setNonJtaDataSource
INFO: Adjusting PersistenceUnit entities_persistence_unit <non-jta-data-source> to Resource ID 'Default Unmanaged JDBC Database' from 'null'
Apr 23, 2019 8:53:34 AM org.apache.openejb.config.ReportValidationResults logResults
WARNING: WARN ... WebModule{moduleId='e2b77032-9dc2-4900-bb9a-d6a04d48b1a3', contextRoot='e2b77032-9dc2-4900-bb9a-d6a04d48b1a3'}:	Incorrect location of file file:/tmp/arquillian-tomee-app-working-dir/0/e2b77032-9dc2-4900-bb9a-d6a04d48b1a3/META-INF/beans.xml The file should be in WEB-INF directory
Apr 23, 2019 8:53:34 AM org.apache.openejb.config.ReportValidationResults logResults
WARNING: 1 warning for WebModule(path=e2b77032-9dc2-4900-bb9a-d6a04d48b1a3)
Apr 23, 2019 8:53:34 AM org.apache.openejb.config.AppInfoBuilder build
INFO: Enterprise application "/tmp/arquillian-tomee-app-working-dir/0/e2b77032-9dc2-4900-bb9a-d6a04d48b1a3" loaded.
Apr 23, 2019 8:53:34 AM org.apache.openejb.assembler.classic.Assembler createApplication
INFO: Assembling app: /tmp/arquillian-tomee-app-working-dir/0/e2b77032-9dc2-4900-bb9a-d6a04d48b1a3
Apr 23, 2019 8:53:34 AM null
INFO: OpenJPA dynamically loaded a validation provider.
Apr 23, 2019 8:53:34 AM org.apache.openejb.assembler.classic.ReloadableEntityManagerFactory createDelegate
INFO: PersistenceUnit(name=entities_persistence_unit, provider=org.apache.openjpa.persistence.PersistenceProviderImpl) - provider time 48ms
Apr 23, 2019 8:53:34 AM org.apache.openejb.assembler.classic.Assembler createApplication
INFO: Deployed Application(path=/tmp/arquillian-tomee-app-working-dir/0/e2b77032-9dc2-4900-bb9a-d6a04d48b1a3)
Apr 23, 2019 8:53:35 AM org.apache.jasper.servlet.TldScanner scanJars
INFO: At least one JAR was scanned for TLDs yet contained no TLDs. Enable debug logging for this logger for a complete list of JARs that were scanned but no TLDs were found in them. Skipping unneeded JARs during scanning can improve startup time and JSP compilation time.
Apr 23, 2019 8:53:35 AM null
INFO: Starting OpenJPA 2.4.1
Apr 23, 2019 8:53:35 AM null
INFO: Using dictionary class "org.apache.openjpa.jdbc.sql.HSQLDictionary" (HSQL Database Engine 2.3.2 ,HSQL Database Engine Driver 2.3.2).
Apr 23, 2019 8:53:35 AM null
INFO: Connected to HSQL Database Engine version 2.2 using JDBC driver HSQL Database Engine Driver version 2.3.2. 
Apr 23, 2019 8:53:35 AM null
INFO: Creating subclass and redefining methods for "[class fr.unice.polytech.si4.isa.devops.teami.entities.guests.Person, class fr.unice.polytech.si4.isa.devops.teami.entities.invitations.StudentInvitation, class fr.unice.polytech.si4.isa.devops.teami.entities.school.Speciality, class fr.unice.polytech.si4.isa.devops.teami.entities.events.StudentEvent, class fr.unice.polytech.si4.isa.devops.teami.entities.ceremony.Planning, class fr.unice.polytech.si4.isa.devops.teami.entities.guests.Student, class fr.unice.polytech.si4.isa.devops.teami.entities.events.ClubEvent, class fr.unice.polytech.si4.isa.devops.teami.entities.events.VipEvent, class fr.unice.polytech.si4.isa.devops.teami.entities.guests.Attendant, class fr.unice.polytech.si4.isa.devops.teami.entities.school.Bill, class fr.unice.polytech.si4.isa.devops.teami.entities.events.EventOffer, class fr.unice.polytech.si4.isa.devops.teami.entities.guests.Vip, class fr.unice.polytech.si4.isa.devops.teami.entities.events.Event, class fr.unice.polytech.si4.isa.devops.teami.entities.ceremony.Ceremony, class fr.unice.polytech.si4.isa.devops.teami.entities.invitations.VIPInvitation, class fr.unice.polytech.si4.isa.devops.teami.entities.school.Club]". This means that your application will be less efficient than it would if you ran the OpenJPA enhancer.
Apr 23, 2019 8:53:36 AM org.apache.openejb.assembler.classic.Assembler destroyApplication
INFO: Undeploying app: /tmp/arquillian-tomee-app-working-dir/0/e2b77032-9dc2-4900-bb9a-d6a04d48b1a3
[ThreadedStreamConsumer] INFO org.apache.maven.plugin.surefire.SurefirePlugin - Tests run: 1, Failures: 0, Errors: 0, Skipped: 0, Time elapsed: 2.442 s - in fr.unice.polytech.si4.isa.devops.teami.entities.events.StudentEventTest
[ThreadedStreamConsumer] INFO org.apache.maven.plugin.surefire.SurefirePlugin - Running fr.unice.polytech.si4.isa.devops.teami.entities.events.ClubEventTest
Apr 23, 2019 8:53:37 AM org.apache.openejb.util.JarExtractor extract
INFO: Extracting jar: /tmp/arquillian-tomee-app-working-dir/0/962cfb4e-070d-42cd-a031-ccd3edd5040f.war
Apr 23, 2019 8:53:37 AM org.apache.openejb.util.JarExtractor extract
INFO: Extracted path: /tmp/arquillian-tomee-app-working-dir/0/962cfb4e-070d-42cd-a031-ccd3edd5040f
Apr 23, 2019 8:53:37 AM org.apache.tomee.catalina.TomcatWebAppBuilder deployWebApps
INFO: using default host: localhost
Apr 23, 2019 8:53:37 AM org.apache.tomee.catalina.TomcatWebAppBuilder init
INFO: ------------------------- localhost -> /962cfb4e-070d-42cd-a031-ccd3edd5040f
Apr 23, 2019 8:53:37 AM org.apache.openejb.util.OptionsLog info
INFO: Using 'openejb.session.manager=org.apache.tomee.catalina.session.QuickSessionManager'
Apr 23, 2019 8:53:37 AM org.apache.openejb.config.ConfigurationFactory configureApplication
INFO: Configuring enterprise application: /tmp/arquillian-tomee-app-working-dir/0/962cfb4e-070d-42cd-a031-ccd3edd5040f
Apr 23, 2019 8:53:37 AM org.apache.openejb.config.AutoConfig deploy
INFO: Configuring PersistenceUnit(name=entities_persistence_unit)
Apr 23, 2019 8:53:37 AM org.apache.openejb.config.AutoConfig setJtaDataSource
INFO: Adjusting PersistenceUnit entities_persistence_unit <jta-data-source> to Resource ID 'Default JDBC Database' from 'PolydiplomaDataSource'
Apr 23, 2019 8:53:37 AM org.apache.openejb.config.AutoConfig setNonJtaDataSource
INFO: Adjusting PersistenceUnit entities_persistence_unit <non-jta-data-source> to Resource ID 'Default Unmanaged JDBC Database' from 'null'
Apr 23, 2019 8:53:37 AM org.apache.openejb.config.ReportValidationResults logResults
WARNING: WARN ... WebModule{moduleId='962cfb4e-070d-42cd-a031-ccd3edd5040f', contextRoot='962cfb4e-070d-42cd-a031-ccd3edd5040f'}:	Incorrect location of file file:/tmp/arquillian-tomee-app-working-dir/0/962cfb4e-070d-42cd-a031-ccd3edd5040f/META-INF/beans.xml The file should be in WEB-INF directory
Apr 23, 2019 8:53:37 AM org.apache.openejb.config.ReportValidationResults logResults
WARNING: 1 warning for WebModule(path=962cfb4e-070d-42cd-a031-ccd3edd5040f)
Apr 23, 2019 8:53:37 AM org.apache.openejb.config.AppInfoBuilder build
INFO: Enterprise application "/tmp/arquillian-tomee-app-working-dir/0/962cfb4e-070d-42cd-a031-ccd3edd5040f" loaded.
Apr 23, 2019 8:53:37 AM org.apache.openejb.assembler.classic.Assembler createApplication
INFO: Assembling app: /tmp/arquillian-tomee-app-working-dir/0/962cfb4e-070d-42cd-a031-ccd3edd5040f
Apr 23, 2019 8:53:37 AM null
INFO: OpenJPA dynamically loaded a validation provider.
Apr 23, 2019 8:53:37 AM org.apache.openejb.assembler.classic.ReloadableEntityManagerFactory createDelegate
INFO: PersistenceUnit(name=entities_persistence_unit, provider=org.apache.openjpa.persistence.PersistenceProviderImpl) - provider time 51ms
Apr 23, 2019 8:53:37 AM org.apache.openejb.assembler.classic.Assembler createApplication
INFO: Deployed Application(path=/tmp/arquillian-tomee-app-working-dir/0/962cfb4e-070d-42cd-a031-ccd3edd5040f)
Apr 23, 2019 8:53:37 AM org.apache.jasper.servlet.TldScanner scanJars
INFO: At least one JAR was scanned for TLDs yet contained no TLDs. Enable debug logging for this logger for a complete list of JARs that were scanned but no TLDs were found in them. Skipping unneeded JARs during scanning can improve startup time and JSP compilation time.
Apr 23, 2019 8:53:37 AM null
INFO: Starting OpenJPA 2.4.1
Apr 23, 2019 8:53:37 AM null
INFO: Using dictionary class "org.apache.openjpa.jdbc.sql.HSQLDictionary" (HSQL Database Engine 2.3.2 ,HSQL Database Engine Driver 2.3.2).
Apr 23, 2019 8:53:37 AM null
INFO: Connected to HSQL Database Engine version 2.2 using JDBC driver HSQL Database Engine Driver version 2.3.2. 
Apr 23, 2019 8:53:37 AM null
INFO: Creating subclass and redefining methods for "[class fr.unice.polytech.si4.isa.devops.teami.entities.guests.Person, class fr.unice.polytech.si4.isa.devops.teami.entities.invitations.StudentInvitation, class fr.unice.polytech.si4.isa.devops.teami.entities.school.Speciality, class fr.unice.polytech.si4.isa.devops.teami.entities.events.StudentEvent, class fr.unice.polytech.si4.isa.devops.teami.entities.ceremony.Planning, class fr.unice.polytech.si4.isa.devops.teami.entities.guests.Student, class fr.unice.polytech.si4.isa.devops.teami.entities.events.ClubEvent, class fr.unice.polytech.si4.isa.devops.teami.entities.events.VipEvent, class fr.unice.polytech.si4.isa.devops.teami.entities.guests.Attendant, class fr.unice.polytech.si4.isa.devops.teami.entities.school.Bill, class fr.unice.polytech.si4.isa.devops.teami.entities.events.EventOffer, class fr.unice.polytech.si4.isa.devops.teami.entities.guests.Vip, class fr.unice.polytech.si4.isa.devops.teami.entities.events.Event, class fr.unice.polytech.si4.isa.devops.teami.entities.ceremony.Ceremony, class fr.unice.polytech.si4.isa.devops.teami.entities.invitations.VIPInvitation, class fr.unice.polytech.si4.isa.devops.teami.entities.school.Club]". This means that your application will be less efficient than it would if you ran the OpenJPA enhancer.
Apr 23, 2019 8:53:39 AM org.apache.openejb.assembler.classic.Assembler destroyApplication
INFO: Undeploying app: /tmp/arquillian-tomee-app-working-dir/0/962cfb4e-070d-42cd-a031-ccd3edd5040f
[ThreadedStreamConsumer] INFO org.apache.maven.plugin.surefire.SurefirePlugin - Tests run: 1, Failures: 0, Errors: 0, Skipped: 0, Time elapsed: 2.304 s - in fr.unice.polytech.si4.isa.devops.teami.entities.events.ClubEventTest
[ThreadedStreamConsumer] INFO org.apache.maven.plugin.surefire.SurefirePlugin - Running fr.unice.polytech.si4.isa.devops.teami.entities.events.VIPEventTest
Apr 23, 2019 8:53:39 AM org.apache.openejb.util.JarExtractor extract
INFO: Extracting jar: /tmp/arquillian-tomee-app-working-dir/0/c2c28912-8c13-4bf1-87ad-d3063ec47b1f.war
Apr 23, 2019 8:53:39 AM org.apache.openejb.util.JarExtractor extract
INFO: Extracted path: /tmp/arquillian-tomee-app-working-dir/0/c2c28912-8c13-4bf1-87ad-d3063ec47b1f
Apr 23, 2019 8:53:39 AM org.apache.tomee.catalina.TomcatWebAppBuilder deployWebApps
INFO: using default host: localhost
Apr 23, 2019 8:53:39 AM org.apache.tomee.catalina.TomcatWebAppBuilder init
INFO: ------------------------- localhost -> /c2c28912-8c13-4bf1-87ad-d3063ec47b1f
Apr 23, 2019 8:53:39 AM org.apache.openejb.util.OptionsLog info
INFO: Using 'openejb.session.manager=org.apache.tomee.catalina.session.QuickSessionManager'
Apr 23, 2019 8:53:39 AM org.apache.openejb.config.ConfigurationFactory configureApplication
INFO: Configuring enterprise application: /tmp/arquillian-tomee-app-working-dir/0/c2c28912-8c13-4bf1-87ad-d3063ec47b1f
Apr 23, 2019 8:53:39 AM org.apache.openejb.config.AutoConfig deploy
INFO: Configuring PersistenceUnit(name=entities_persistence_unit)
Apr 23, 2019 8:53:39 AM org.apache.openejb.config.AutoConfig setJtaDataSource
INFO: Adjusting PersistenceUnit entities_persistence_unit <jta-data-source> to Resource ID 'Default JDBC Database' from 'PolydiplomaDataSource'
Apr 23, 2019 8:53:39 AM org.apache.openejb.config.AutoConfig setNonJtaDataSource
INFO: Adjusting PersistenceUnit entities_persistence_unit <non-jta-data-source> to Resource ID 'Default Unmanaged JDBC Database' from 'null'
Apr 23, 2019 8:53:39 AM org.apache.openejb.config.ReportValidationResults logResults
WARNING: WARN ... WebModule{moduleId='c2c28912-8c13-4bf1-87ad-d3063ec47b1f', contextRoot='c2c28912-8c13-4bf1-87ad-d3063ec47b1f'}:	Incorrect location of file file:/tmp/arquillian-tomee-app-working-dir/0/c2c28912-8c13-4bf1-87ad-d3063ec47b1f/META-INF/beans.xml The file should be in WEB-INF directory
Apr 23, 2019 8:53:39 AM org.apache.openejb.config.ReportValidationResults logResults
WARNING: 1 warning for WebModule(path=c2c28912-8c13-4bf1-87ad-d3063ec47b1f)
Apr 23, 2019 8:53:39 AM org.apache.openejb.config.AppInfoBuilder build
INFO: Enterprise application "/tmp/arquillian-tomee-app-working-dir/0/c2c28912-8c13-4bf1-87ad-d3063ec47b1f" loaded.
Apr 23, 2019 8:53:39 AM org.apache.openejb.assembler.classic.Assembler createApplication
INFO: Assembling app: /tmp/arquillian-tomee-app-working-dir/0/c2c28912-8c13-4bf1-87ad-d3063ec47b1f
Apr 23, 2019 8:53:39 AM null
INFO: OpenJPA dynamically loaded a validation provider.
Apr 23, 2019 8:53:39 AM org.apache.openejb.assembler.classic.ReloadableEntityManagerFactory createDelegate
INFO: PersistenceUnit(name=entities_persistence_unit, provider=org.apache.openjpa.persistence.PersistenceProviderImpl) - provider time 30ms
Apr 23, 2019 8:53:39 AM org.apache.openejb.assembler.classic.Assembler createApplication
INFO: Deployed Application(path=/tmp/arquillian-tomee-app-working-dir/0/c2c28912-8c13-4bf1-87ad-d3063ec47b1f)
Apr 23, 2019 8:53:39 AM org.apache.jasper.servlet.TldScanner scanJars
INFO: At least one JAR was scanned for TLDs yet contained no TLDs. Enable debug logging for this logger for a complete list of JARs that were scanned but no TLDs were found in them. Skipping unneeded JARs during scanning can improve startup time and JSP compilation time.
Apr 23, 2019 8:53:39 AM null
INFO: Starting OpenJPA 2.4.1
Apr 23, 2019 8:53:40 AM null
INFO: Using dictionary class "org.apache.openjpa.jdbc.sql.HSQLDictionary" (HSQL Database Engine 2.3.2 ,HSQL Database Engine Driver 2.3.2).
Apr 23, 2019 8:53:40 AM null
INFO: Connected to HSQL Database Engine version 2.2 using JDBC driver HSQL Database Engine Driver version 2.3.2. 
Apr 23, 2019 8:53:40 AM null
INFO: Creating subclass and redefining methods for "[class fr.unice.polytech.si4.isa.devops.teami.entities.guests.Person, class fr.unice.polytech.si4.isa.devops.teami.entities.invitations.StudentInvitation, class fr.unice.polytech.si4.isa.devops.teami.entities.school.Speciality, class fr.unice.polytech.si4.isa.devops.teami.entities.events.StudentEvent, class fr.unice.polytech.si4.isa.devops.teami.entities.ceremony.Planning, class fr.unice.polytech.si4.isa.devops.teami.entities.guests.Student, class fr.unice.polytech.si4.isa.devops.teami.entities.events.ClubEvent, class fr.unice.polytech.si4.isa.devops.teami.entities.events.VipEvent, class fr.unice.polytech.si4.isa.devops.teami.entities.guests.Attendant, class fr.unice.polytech.si4.isa.devops.teami.entities.school.Bill, class fr.unice.polytech.si4.isa.devops.teami.entities.events.EventOffer, class fr.unice.polytech.si4.isa.devops.teami.entities.guests.Vip, class fr.unice.polytech.si4.isa.devops.teami.entities.events.Event, class fr.unice.polytech.si4.isa.devops.teami.entities.ceremony.Ceremony, class fr.unice.polytech.si4.isa.devops.teami.entities.invitations.VIPInvitation, class fr.unice.polytech.si4.isa.devops.teami.entities.school.Club]". This means that your application will be less efficient than it would if you ran the OpenJPA enhancer.
Apr 23, 2019 8:53:41 AM org.apache.openejb.assembler.classic.Assembler destroyApplication
INFO: Undeploying app: /tmp/arquillian-tomee-app-working-dir/0/c2c28912-8c13-4bf1-87ad-d3063ec47b1f
[ThreadedStreamConsumer] INFO org.apache.maven.plugin.surefire.SurefirePlugin - Tests run: 1, Failures: 0, Errors: 0, Skipped: 0, Time elapsed: 2.206 s - in fr.unice.polytech.si4.isa.devops.teami.entities.events.VIPEventTest
[ThreadedStreamConsumer] INFO org.apache.maven.plugin.surefire.SurefirePlugin - Running fr.unice.polytech.si4.isa.devops.teami.entities.ceremony.CeremonyTest
Apr 23, 2019 8:53:41 AM org.apache.openejb.util.JarExtractor extract
INFO: Extracting jar: /tmp/arquillian-tomee-app-working-dir/0/ebc223ea-b8ce-4dc0-b250-388a9d24e908.war
Apr 23, 2019 8:53:41 AM org.apache.openejb.util.JarExtractor extract
INFO: Extracted path: /tmp/arquillian-tomee-app-working-dir/0/ebc223ea-b8ce-4dc0-b250-388a9d24e908
Apr 23, 2019 8:53:41 AM org.apache.tomee.catalina.TomcatWebAppBuilder deployWebApps
INFO: using default host: localhost
Apr 23, 2019 8:53:41 AM org.apache.tomee.catalina.TomcatWebAppBuilder init
INFO: ------------------------- localhost -> /ebc223ea-b8ce-4dc0-b250-388a9d24e908
Apr 23, 2019 8:53:41 AM org.apache.openejb.util.OptionsLog info
INFO: Using 'openejb.session.manager=org.apache.tomee.catalina.session.QuickSessionManager'
Apr 23, 2019 8:53:41 AM org.apache.openejb.config.ConfigurationFactory configureApplication
INFO: Configuring enterprise application: /tmp/arquillian-tomee-app-working-dir/0/ebc223ea-b8ce-4dc0-b250-388a9d24e908
Apr 23, 2019 8:53:41 AM org.apache.openejb.config.AutoConfig deploy
INFO: Configuring PersistenceUnit(name=entities_persistence_unit)
Apr 23, 2019 8:53:41 AM org.apache.openejb.config.AutoConfig setJtaDataSource
INFO: Adjusting PersistenceUnit entities_persistence_unit <jta-data-source> to Resource ID 'Default JDBC Database' from 'PolydiplomaDataSource'
Apr 23, 2019 8:53:41 AM org.apache.openejb.config.AutoConfig setNonJtaDataSource
INFO: Adjusting PersistenceUnit entities_persistence_unit <non-jta-data-source> to Resource ID 'Default Unmanaged JDBC Database' from 'null'
Apr 23, 2019 8:53:41 AM org.apache.openejb.config.ReportValidationResults logResults
WARNING: WARN ... WebModule{moduleId='ebc223ea-b8ce-4dc0-b250-388a9d24e908', contextRoot='ebc223ea-b8ce-4dc0-b250-388a9d24e908'}:	Incorrect location of file file:/tmp/arquillian-tomee-app-working-dir/0/ebc223ea-b8ce-4dc0-b250-388a9d24e908/META-INF/beans.xml The file should be in WEB-INF directory
Apr 23, 2019 8:53:41 AM org.apache.openejb.config.ReportValidationResults logResults
WARNING: 1 warning for WebModule(path=ebc223ea-b8ce-4dc0-b250-388a9d24e908)
Apr 23, 2019 8:53:41 AM org.apache.openejb.config.AppInfoBuilder build
INFO: Enterprise application "/tmp/arquillian-tomee-app-working-dir/0/ebc223ea-b8ce-4dc0-b250-388a9d24e908" loaded.
Apr 23, 2019 8:53:41 AM org.apache.openejb.assembler.classic.Assembler createApplication
INFO: Assembling app: /tmp/arquillian-tomee-app-working-dir/0/ebc223ea-b8ce-4dc0-b250-388a9d24e908
Apr 23, 2019 8:53:41 AM null
INFO: OpenJPA dynamically loaded a validation provider.
Apr 23, 2019 8:53:41 AM org.apache.openejb.assembler.classic.ReloadableEntityManagerFactory createDelegate
INFO: PersistenceUnit(name=entities_persistence_unit, provider=org.apache.openjpa.persistence.PersistenceProviderImpl) - provider time 40ms
Apr 23, 2019 8:53:41 AM org.apache.openejb.assembler.classic.Assembler createApplication
INFO: Deployed Application(path=/tmp/arquillian-tomee-app-working-dir/0/ebc223ea-b8ce-4dc0-b250-388a9d24e908)
Apr 23, 2019 8:53:42 AM org.apache.jasper.servlet.TldScanner scanJars
INFO: At least one JAR was scanned for TLDs yet contained no TLDs. Enable debug logging for this logger for a complete list of JARs that were scanned but no TLDs were found in them. Skipping unneeded JARs during scanning can improve startup time and JSP compilation time.
Apr 23, 2019 8:53:42 AM null
INFO: Starting OpenJPA 2.4.1
Apr 23, 2019 8:53:42 AM null
INFO: Using dictionary class "org.apache.openjpa.jdbc.sql.HSQLDictionary" (HSQL Database Engine 2.3.2 ,HSQL Database Engine Driver 2.3.2).
Apr 23, 2019 8:53:42 AM null
INFO: Connected to HSQL Database Engine version 2.2 using JDBC driver HSQL Database Engine Driver version 2.3.2. 
Apr 23, 2019 8:53:42 AM null
INFO: Creating subclass and redefining methods for "[class fr.unice.polytech.si4.isa.devops.teami.entities.guests.Person, class fr.unice.polytech.si4.isa.devops.teami.entities.invitations.StudentInvitation, class fr.unice.polytech.si4.isa.devops.teami.entities.school.Speciality, class fr.unice.polytech.si4.isa.devops.teami.entities.events.StudentEvent, class fr.unice.polytech.si4.isa.devops.teami.entities.ceremony.Planning, class fr.unice.polytech.si4.isa.devops.teami.entities.guests.Student, class fr.unice.polytech.si4.isa.devops.teami.entities.events.ClubEvent, class fr.unice.polytech.si4.isa.devops.teami.entities.events.VipEvent, class fr.unice.polytech.si4.isa.devops.teami.entities.guests.Attendant, class fr.unice.polytech.si4.isa.devops.teami.entities.school.Bill, class fr.unice.polytech.si4.isa.devops.teami.entities.events.EventOffer, class fr.unice.polytech.si4.isa.devops.teami.entities.guests.Vip, class fr.unice.polytech.si4.isa.devops.teami.entities.events.Event, class fr.unice.polytech.si4.isa.devops.teami.entities.ceremony.Ceremony, class fr.unice.polytech.si4.isa.devops.teami.entities.invitations.VIPInvitation, class fr.unice.polytech.si4.isa.devops.teami.entities.school.Club]". This means that your application will be less efficient than it would if you ran the OpenJPA enhancer.
Apr 23, 2019 8:53:44 AM org.apache.openejb.assembler.classic.Assembler destroyApplication
INFO: Undeploying app: /tmp/arquillian-tomee-app-working-dir/0/ebc223ea-b8ce-4dc0-b250-388a9d24e908
[ThreadedStreamConsumer] INFO org.apache.maven.plugin.surefire.SurefirePlugin - Tests run: 1, Failures: 0, Errors: 0, Skipped: 0, Time elapsed: 2.597 s - in fr.unice.polytech.si4.isa.devops.teami.entities.ceremony.CeremonyTest
[ThreadedStreamConsumer] INFO org.apache.maven.plugin.surefire.SurefirePlugin - Running fr.unice.polytech.si4.isa.devops.teami.entities.ceremony.PlanningTest
Apr 23, 2019 8:53:44 AM org.apache.openejb.util.JarExtractor extract
INFO: Extracting jar: /tmp/arquillian-tomee-app-working-dir/0/9a8f8303-b01f-40e4-91f7-6d11cccd972f.war
Apr 23, 2019 8:53:44 AM org.apache.openejb.util.JarExtractor extract
INFO: Extracted path: /tmp/arquillian-tomee-app-working-dir/0/9a8f8303-b01f-40e4-91f7-6d11cccd972f
Apr 23, 2019 8:53:44 AM org.apache.tomee.catalina.TomcatWebAppBuilder deployWebApps
INFO: using default host: localhost
Apr 23, 2019 8:53:44 AM org.apache.tomee.catalina.TomcatWebAppBuilder init
INFO: ------------------------- localhost -> /9a8f8303-b01f-40e4-91f7-6d11cccd972f
Apr 23, 2019 8:53:44 AM org.apache.openejb.util.OptionsLog info
INFO: Using 'openejb.session.manager=org.apache.tomee.catalina.session.QuickSessionManager'
Apr 23, 2019 8:53:44 AM org.apache.openejb.config.ConfigurationFactory configureApplication
INFO: Configuring enterprise application: /tmp/arquillian-tomee-app-working-dir/0/9a8f8303-b01f-40e4-91f7-6d11cccd972f
Apr 23, 2019 8:53:44 AM org.apache.openejb.config.AutoConfig deploy
INFO: Configuring PersistenceUnit(name=entities_persistence_unit)
Apr 23, 2019 8:53:44 AM org.apache.openejb.config.AutoConfig setJtaDataSource
INFO: Adjusting PersistenceUnit entities_persistence_unit <jta-data-source> to Resource ID 'Default JDBC Database' from 'PolydiplomaDataSource'
Apr 23, 2019 8:53:44 AM org.apache.openejb.config.AutoConfig setNonJtaDataSource
INFO: Adjusting PersistenceUnit entities_persistence_unit <non-jta-data-source> to Resource ID 'Default Unmanaged JDBC Database' from 'null'
Apr 23, 2019 8:53:44 AM org.apache.openejb.config.ReportValidationResults logResults
WARNING: WARN ... WebModule{moduleId='9a8f8303-b01f-40e4-91f7-6d11cccd972f', contextRoot='9a8f8303-b01f-40e4-91f7-6d11cccd972f'}:	Incorrect location of file file:/tmp/arquillian-tomee-app-working-dir/0/9a8f8303-b01f-40e4-91f7-6d11cccd972f/META-INF/beans.xml The file should be in WEB-INF directory
Apr 23, 2019 8:53:44 AM org.apache.openejb.config.ReportValidationResults logResults
WARNING: 1 warning for WebModule(path=9a8f8303-b01f-40e4-91f7-6d11cccd972f)
Apr 23, 2019 8:53:44 AM org.apache.openejb.config.AppInfoBuilder build
INFO: Enterprise application "/tmp/arquillian-tomee-app-working-dir/0/9a8f8303-b01f-40e4-91f7-6d11cccd972f" loaded.
Apr 23, 2019 8:53:44 AM org.apache.openejb.assembler.classic.Assembler createApplication
INFO: Assembling app: /tmp/arquillian-tomee-app-working-dir/0/9a8f8303-b01f-40e4-91f7-6d11cccd972f
Apr 23, 2019 8:53:44 AM null
INFO: OpenJPA dynamically loaded a validation provider.
Apr 23, 2019 8:53:44 AM org.apache.openejb.assembler.classic.ReloadableEntityManagerFactory createDelegate
INFO: PersistenceUnit(name=entities_persistence_unit, provider=org.apache.openjpa.persistence.PersistenceProviderImpl) - provider time 27ms
Apr 23, 2019 8:53:44 AM org.apache.openejb.assembler.classic.Assembler createApplication
INFO: Deployed Application(path=/tmp/arquillian-tomee-app-working-dir/0/9a8f8303-b01f-40e4-91f7-6d11cccd972f)
Apr 23, 2019 8:53:44 AM org.apache.jasper.servlet.TldScanner scanJars
INFO: At least one JAR was scanned for TLDs yet contained no TLDs. Enable debug logging for this logger for a complete list of JARs that were scanned but no TLDs were found in them. Skipping unneeded JARs during scanning can improve startup time and JSP compilation time.
Apr 23, 2019 8:53:44 AM null
INFO: Starting OpenJPA 2.4.1
Apr 23, 2019 8:53:44 AM null
INFO: Using dictionary class "org.apache.openjpa.jdbc.sql.HSQLDictionary" (HSQL Database Engine 2.3.2 ,HSQL Database Engine Driver 2.3.2).
Apr 23, 2019 8:53:44 AM null
INFO: Connected to HSQL Database Engine version 2.2 using JDBC driver HSQL Database Engine Driver version 2.3.2. 
Apr 23, 2019 8:53:45 AM null
INFO: Creating subclass and redefining methods for "[class fr.unice.polytech.si4.isa.devops.teami.entities.guests.Person, class fr.unice.polytech.si4.isa.devops.teami.entities.invitations.StudentInvitation, class fr.unice.polytech.si4.isa.devops.teami.entities.school.Speciality, class fr.unice.polytech.si4.isa.devops.teami.entities.events.StudentEvent, class fr.unice.polytech.si4.isa.devops.teami.entities.ceremony.Planning, class fr.unice.polytech.si4.isa.devops.teami.entities.guests.Student, class fr.unice.polytech.si4.isa.devops.teami.entities.events.ClubEvent, class fr.unice.polytech.si4.isa.devops.teami.entities.events.VipEvent, class fr.unice.polytech.si4.isa.devops.teami.entities.guests.Attendant, class fr.unice.polytech.si4.isa.devops.teami.entities.school.Bill, class fr.unice.polytech.si4.isa.devops.teami.entities.events.EventOffer, class fr.unice.polytech.si4.isa.devops.teami.entities.guests.Vip, class fr.unice.polytech.si4.isa.devops.teami.entities.events.Event, class fr.unice.polytech.si4.isa.devops.teami.entities.ceremony.Ceremony, class fr.unice.polytech.si4.isa.devops.teami.entities.invitations.VIPInvitation, class fr.unice.polytech.si4.isa.devops.teami.entities.school.Club]". This means that your application will be less efficient than it would if you ran the OpenJPA enhancer.
Apr 23, 2019 8:53:46 AM org.apache.openejb.assembler.classic.Assembler destroyApplication
INFO: Undeploying app: /tmp/arquillian-tomee-app-working-dir/0/9a8f8303-b01f-40e4-91f7-6d11cccd972f
[ThreadedStreamConsumer] INFO org.apache.maven.plugin.surefire.SurefirePlugin - Tests run: 1, Failures: 0, Errors: 0, Skipped: 0, Time elapsed: 2.45 s - in fr.unice.polytech.si4.isa.devops.teami.entities.ceremony.PlanningTest
Apr 23, 2019 8:53:46 AM org.apache.coyote.AbstractProtocol stop
INFO: Stopping ProtocolHandler ["http-nio-8080"]
Apr 23, 2019 8:53:46 AM org.apache.coyote.AbstractProtocol pause
INFO: Pausing ProtocolHandler ["http-nio-8080"]
Apr 23, 2019 8:53:46 AM org.apache.catalina.core.StandardService stopInternal
INFO: Stopping service Tomcat
Apr 23, 2019 8:53:46 AM org.apache.openejb.assembler.classic.Assembler doResourceDestruction
INFO: Closing DataSource: Default JDBC Database
Apr 23, 2019 8:53:46 AM org.apache.openejb.assembler.classic.Assembler doResourceDestruction
INFO: Closing DataSource: Default Unmanaged JDBC Database
Apr 23, 2019 8:53:46 AM org.apache.coyote.AbstractProtocol destroy
INFO: Destroying ProtocolHandler ["http-nio-8080"]
[main] INFO org.apache.maven.plugin.surefire.SurefirePlugin - 
[main] INFO org.apache.maven.plugin.surefire.SurefirePlugin - Results:
[main] INFO org.apache.maven.plugin.surefire.SurefirePlugin - 
[main] INFO org.apache.maven.plugin.surefire.SurefirePlugin - Tests run: 14, Failures: 0, Errors: 0, Skipped: 0
[main] INFO org.apache.maven.plugin.surefire.SurefirePlugin - 
[main] INFO org.apache.maven.cli.event.ExecutionEventLogger - 
[main] INFO org.apache.maven.cli.event.ExecutionEventLogger - --- maven-jar-plugin:3.0.2:jar (default-jar) @ teami-polydiploma-entities ---
[main] INFO org.codehaus.plexus.archiver.jar.JarArchiver - Building jar: /var/jenkins_home/workspace/teami-polydiploma-entities/target/teami-polydiploma-entities-1.3.jar
[main] INFO org.apache.maven.cli.event.ExecutionEventLogger - 
[main] INFO org.apache.maven.cli.event.ExecutionEventLogger - --- maven-install-plugin:2.5.2:install (default-install) @ teami-polydiploma-entities ---
[main] INFO org.codehaus.plexus.PlexusContainer - Installing /var/jenkins_home/workspace/teami-polydiploma-entities/target/teami-polydiploma-entities-1.3.jar to /var/jenkins_home/workspace/teami-polydiploma-entities/?/.m2/repository/fr/unice/polytech/si4/isa/devops/teami/teami-polydiploma-entities/1.3/teami-polydiploma-entities-1.3.jar
[main] INFO org.codehaus.plexus.PlexusContainer - Installing /var/jenkins_home/workspace/teami-polydiploma-entities/pom.xml to /var/jenkins_home/workspace/teami-polydiploma-entities/?/.m2/repository/fr/unice/polytech/si4/isa/devops/teami/teami-polydiploma-entities/1.3/teami-polydiploma-entities-1.3.pom
[main] INFO org.apache.maven.cli.event.ExecutionEventLogger - 
[main] INFO org.apache.maven.cli.event.ExecutionEventLogger - --- maven-resources-plugin:3.0.2:resources (default-resources) @ teami-polydiploma-entities ---
[main] INFO org.apache.maven.shared.filtering.DefaultMavenResourcesFiltering - Using 'UTF-8' encoding to copy filtered resources.
[main] INFO org.apache.maven.shared.filtering.DefaultMavenResourcesFiltering - skip non existing resourceDirectory /var/jenkins_home/workspace/teami-polydiploma-entities/src/main/resources
[main] INFO org.apache.maven.cli.event.ExecutionEventLogger - 
[main] INFO org.apache.maven.cli.event.ExecutionEventLogger - --- maven-compiler-plugin:3.8.0:compile (default-compile) @ teami-polydiploma-entities ---
[main] INFO org.apache.maven.plugin.compiler.CompilerMojo - Nothing to compile - all classes are up to date
[main] INFO org.apache.maven.cli.event.ExecutionEventLogger - 
[main] INFO org.apache.maven.cli.event.ExecutionEventLogger - --- maven-resources-plugin:3.0.2:testResources (default-testResources) @ teami-polydiploma-entities ---
[main] INFO org.apache.maven.shared.filtering.DefaultMavenResourcesFiltering - Using 'UTF-8' encoding to copy filtered resources.
[main] INFO org.apache.maven.shared.filtering.DefaultMavenResourcesFiltering - Copying 2 resources
[main] INFO org.apache.maven.cli.event.ExecutionEventLogger - 
[main] INFO org.apache.maven.cli.event.ExecutionEventLogger - --- maven-compiler-plugin:3.8.0:testCompile (default-testCompile) @ teami-polydiploma-entities ---
[main] INFO org.apache.maven.plugin.compiler.TestCompilerMojo - Nothing to compile - all classes are up to date
[main] INFO org.apache.maven.cli.event.ExecutionEventLogger - 
[main] INFO org.apache.maven.cli.event.ExecutionEventLogger - --- maven-surefire-plugin:2.22.1:test (default-test) @ teami-polydiploma-entities ---
[main] INFO org.apache.maven.plugin.surefire.SurefirePlugin - Skipping execution of surefire because it has already been run for this configuration
[main] INFO org.apache.maven.cli.event.ExecutionEventLogger - 
[main] INFO org.apache.maven.cli.event.ExecutionEventLogger - --- maven-jar-plugin:3.0.2:jar (default-jar) @ teami-polydiploma-entities ---
[main] INFO org.apache.maven.cli.event.ExecutionEventLogger - 
[main] INFO org.apache.maven.cli.event.ExecutionEventLogger - --- maven-install-plugin:2.5.2:install (default-install) @ teami-polydiploma-entities ---
[main] INFO org.codehaus.plexus.PlexusContainer - Installing /var/jenkins_home/workspace/teami-polydiploma-entities/target/teami-polydiploma-entities-1.3.jar to /var/jenkins_home/workspace/teami-polydiploma-entities/?/.m2/repository/fr/unice/polytech/si4/isa/devops/teami/teami-polydiploma-entities/1.3/teami-polydiploma-entities-1.3.jar
[main] INFO org.codehaus.plexus.PlexusContainer - Installing /var/jenkins_home/workspace/teami-polydiploma-entities/pom.xml to /var/jenkins_home/workspace/teami-polydiploma-entities/?/.m2/repository/fr/unice/polytech/si4/isa/devops/teami/teami-polydiploma-entities/1.3/teami-polydiploma-entities-1.3.pom
[main] INFO org.apache.maven.cli.event.ExecutionEventLogger - 
[main] INFO org.apache.maven.cli.event.ExecutionEventLogger - --- maven-deploy-plugin:2.8.2:deploy (default-deploy) @ teami-polydiploma-entities ---
Uploading to teami: http://vps663090.ovh.net:8081/artifactory/libs-release/fr/unice/polytech/si4/isa/devops/teami/teami-polydiploma-entities/1.3/teami-polydiploma-entities-1.3.jar
Progress (1): 2.0/28 kBProgress (1): 4.1/28 kBProgress (1): 6.1/28 kBProgress (1): 8.2/28 kBProgress (1): 10/28 kB Progress (1): 12/28 kBProgress (1): 14/28 kBProgress (1): 16/28 kBProgress (1): 18/28 kBProgress (1): 20/28 kBProgress (1): 23/28 kBProgress (1): 25/28 kBProgress (1): 27/28 kBProgress (1): 28 kB                      Uploaded to teami: http://vps663090.ovh.net:8081/artifactory/libs-release/fr/unice/polytech/si4/isa/devops/teami/teami-polydiploma-entities/1.3/teami-polydiploma-entities-1.3.jar (28 kB at 41 kB/s)
Uploading to teami: http://vps663090.ovh.net:8081/artifactory/libs-release/fr/unice/polytech/si4/isa/devops/teami/teami-polydiploma-entities/1.3/teami-polydiploma-entities-1.3.pom
Progress (1): 2.0/7.5 kBProgress (1): 4.1/7.5 kBProgress (1): 6.1/7.5 kBProgress (1): 7.5 kB                        Uploaded to teami: http://vps663090.ovh.net:8081/artifactory/libs-release/fr/unice/polytech/si4/isa/devops/teami/teami-polydiploma-entities/1.3/teami-polydiploma-entities-1.3.pom (7.5 kB at 59 kB/s)
Downloading from teami: http://vps663090.ovh.net:8081/artifactory/libs-release/fr/unice/polytech/si4/isa/devops/teami/teami-polydiploma-entities/maven-metadata.xml
Progress (1): 394 B                   [WARNING] Checksum validation failed, expected c99cc8ce688e386c12eb6dbc4520cf042f01824e but is 9d4cfd7e2a69b7fdd6673e0a3e9a111eddb18831 from teami for http://vps663090.ovh.net:8081/artifactory/libs-release/fr/unice/polytech/si4/isa/devops/teami/teami-polydiploma-entities/maven-metadata.xml
Progress (1): 440 B                   Downloaded from teami: http://vps663090.ovh.net:8081/artifactory/libs-release/fr/unice/polytech/si4/isa/devops/teami/teami-polydiploma-entities/maven-metadata.xml (440 B at 922 B/s)
Uploading to teami: http://vps663090.ovh.net:8081/artifactory/libs-release/fr/unice/polytech/si4/isa/devops/teami/teami-polydiploma-entities/maven-metadata.xml
Progress (1): 394 B                   Uploaded to teami: http://vps663090.ovh.net:8081/artifactory/libs-release/fr/unice/polytech/si4/isa/devops/teami/teami-polydiploma-entities/maven-metadata.xml (394 B at 5.8 kB/s)
[main] INFO org.jfrog.build.extractor.maven.BuildDeploymentHelper - Artifactory Build Info Recorder: Saving Build Info to '/var/jenkins_home/workspace/teami-polydiploma-entities/target/build-info.json'
[main] INFO org.jfrog.build.extractor.maven.BuildDeploymentHelper - Artifactory Build Info Recorder: deploy artifacts set to false, artifacts will not be deployed...
[main] INFO org.jfrog.build.extractor.maven.BuildDeploymentHelper - Artifactory Build Info Recorder: Deploying build info ...
[main] INFO org.jfrog.build.extractor.maven.BuildInfoClientBuilder - Deploying build descriptor to: http://vps663090.ovh.net:8081/artifactory/api/build
[main] INFO org.jfrog.build.extractor.maven.BuildInfoClientBuilder - Build successfully deployed. Browse it in Artifactory under http://vps663090.ovh.net:8081/artifactory/webapp/builds/teami-polydiploma-entities/23
[main] INFO org.apache.maven.cli.event.ExecutionEventLogger - ------------------------------------------------------------------------
[main] INFO org.apache.maven.cli.event.ExecutionEventLogger - BUILD SUCCESS
[main] INFO org.apache.maven.cli.event.ExecutionEventLogger - ------------------------------------------------------------------------
[main] INFO org.apache.maven.cli.event.ExecutionEventLogger - Total time:  02:57 min
[main] INFO org.apache.maven.cli.event.ExecutionEventLogger - Finished at: 2019-04-23T08:53:57Z
[main] INFO org.apache.maven.cli.event.ExecutionEventLogger - ------------------------------------------------------------------------
Finished: SUCCESS
