Started by GitHub push by AlexisDefranoux
Building in workspace /var/jenkins_home/workspace/teami-polydiploma-entities
using credential 97fbda0c-87a0-475d-b85b-e27c7e4a8d2a
 > git rev-parse --is-inside-work-tree # timeout=10
Fetching changes from the remote Git repository
 > git config remote.origin.url https://github.com/pns-isa-devops-1819/teami-polydiploma-entities.git # timeout=10
Fetching upstream changes from https://github.com/pns-isa-devops-1819/teami-polydiploma-entities.git
 > git --version # timeout=10
using GIT_ASKPASS to set credentials 
 > git fetch --tags --force --progress https://github.com/pns-isa-devops-1819/teami-polydiploma-entities.git +refs/heads/*:refs/remotes/origin/*
 > git rev-parse refs/remotes/origin/master^{commit} # timeout=10
 > git rev-parse refs/remotes/origin/origin/master^{commit} # timeout=10
Checking out Revision b31b1d01af9bca67c8885aaee4fd84db7b04117e (refs/remotes/origin/master)
 > git config core.sparsecheckout # timeout=10
 > git checkout -f b31b1d01af9bca67c8885aaee4fd84db7b04117e
Commit message: "#14 update all pom.xml + add some persistence on entities"
 > git rev-list --no-walk 0af922218b845bdef7506af7b0f99df3222ad6ba # timeout=10
Jenkins Artifactory Plugin version: 3.2.2
Artifactory integration is enabled
[teami-polydiploma-entities] $ /usr/lib/jvm/java-1.8-openjdk/bin/java -classpath /var/jenkins_home/tools/hudson.tasks.Maven_MavenInstallation/M3/boot/* -Dmaven.home=/var/jenkins_home/tools/hudson.tasks.Maven_MavenInstallation/M3 -Dmaven.conf=/var/jenkins_home/tools/hudson.tasks.Maven_MavenInstallation/M3/conf -DbuildInfoConfig.propertiesFile=/var/jenkins_home/workspace/teami-polydiploma-entities@tmp/artifactory/buildInfo6593109281942071516.properties -DbuildInfoConfig.artifactoryResolutionEnabled=true -Dm3plugin.lib=/var/jenkins_home/workspace/teami-polydiploma-entities/cache/artifactory-plugin/3.2.2 -Dclassworlds.conf=/var/jenkins_home/workspace/teami-polydiploma-entities/classworlds5280964344314626992conf -Dmaven.multiModuleProjectDirectory=/var/jenkins_home/workspace/teami-polydiploma-entities org.codehaus.plexus.classworlds.launcher.Launcher clean install deploy
[main] INFO org.apache.maven.cli.event.ExecutionEventLogger - Scanning for projects...
[main] INFO org.jfrog.build.extractor.maven.BuildInfoRecorder - Initializing Artifactory Build-Info Recording
[main] INFO org.apache.maven.cli.event.ExecutionEventLogger - 
[main] INFO org.apache.maven.cli.event.ExecutionEventLogger - --< fr.unice.polytech.si4.isa.devops.teami:teami-polydiploma-entities >--
[main] INFO org.apache.maven.cli.event.ExecutionEventLogger - Building teami-polydiploma-entities 1.3
[main] INFO org.apache.maven.cli.event.ExecutionEventLogger - --------------------------------[ jar ]---------------------------------
[main] INFO org.apache.maven.cli.event.ExecutionEventLogger - 
[main] INFO org.apache.maven.cli.event.ExecutionEventLogger - --- maven-clean-plugin:3.1.0:clean (default-clean) @ teami-polydiploma-entities ---
[main] INFO org.apache.maven.plugins.clean.CleanMojo - Deleting /var/jenkins_home/workspace/teami-polydiploma-entities/target
[main] INFO org.apache.maven.cli.event.ExecutionEventLogger - 
[main] INFO org.apache.maven.cli.event.ExecutionEventLogger - --- maven-resources-plugin:3.0.2:resources (default-resources) @ teami-polydiploma-entities ---
[main] INFO org.apache.maven.shared.filtering.DefaultMavenResourcesFiltering - Using 'UTF-8' encoding to copy filtered resources.
[main] INFO org.apache.maven.shared.filtering.DefaultMavenResourcesFiltering - skip non existing resourceDirectory /var/jenkins_home/workspace/teami-polydiploma-entities/src/main/resources
[main] INFO org.apache.maven.cli.event.ExecutionEventLogger - 
[main] INFO org.apache.maven.cli.event.ExecutionEventLogger - --- maven-compiler-plugin:3.8.0:compile (default-compile) @ teami-polydiploma-entities ---
[main] INFO org.apache.maven.plugin.compiler.CompilerMojo - Changes detected - recompiling the module!
[main] INFO org.codehaus.plexus.compiler.javac.JavacCompiler - Compiling 16 source files to /var/jenkins_home/workspace/teami-polydiploma-entities/target/classes
[main] INFO org.apache.maven.cli.event.ExecutionEventLogger - 
[main] INFO org.apache.maven.cli.event.ExecutionEventLogger - --- maven-resources-plugin:3.0.2:testResources (default-testResources) @ teami-polydiploma-entities ---
[main] INFO org.apache.maven.shared.filtering.DefaultMavenResourcesFiltering - Using 'UTF-8' encoding to copy filtered resources.
[main] INFO org.apache.maven.shared.filtering.DefaultMavenResourcesFiltering - Copying 2 resources
[main] INFO org.apache.maven.cli.event.ExecutionEventLogger - 
[main] INFO org.apache.maven.cli.event.ExecutionEventLogger - --- maven-compiler-plugin:3.8.0:testCompile (default-testCompile) @ teami-polydiploma-entities ---
[main] INFO org.apache.maven.plugin.compiler.TestCompilerMojo - Changes detected - recompiling the module!
[main] INFO org.codehaus.plexus.compiler.javac.JavacCompiler - Compiling 12 source files to /var/jenkins_home/workspace/teami-polydiploma-entities/target/test-classes
[main] INFO org.apache.maven.cli.event.ExecutionEventLogger - 
[main] INFO org.apache.maven.cli.event.ExecutionEventLogger - --- maven-surefire-plugin:2.22.1:test (default-test) @ teami-polydiploma-entities ---
[main] INFO org.apache.maven.plugin.surefire.SurefirePlugin - 
[main] INFO org.apache.maven.plugin.surefire.SurefirePlugin - -------------------------------------------------------
[main] INFO org.apache.maven.plugin.surefire.SurefirePlugin -  T E S T S
[main] INFO org.apache.maven.plugin.surefire.SurefirePlugin - -------------------------------------------------------
[ThreadedStreamConsumer] INFO org.apache.maven.plugin.surefire.SurefirePlugin - Running fr.unice.polytech.si4.isa.devops.teami.entities.guests.VipTest
246  classpath-bootstrap  INFO   [main] openjpa.Runtime - OpenJPA dynamically loaded a validation provider.
Apr 09, 2019 1:39:47 PM org.apache.tomee.embedded.Container start
INFO: Starting TomEE from: /tmp/arquillian-apache-tomee
Apr 09, 2019 1:39:48 PM org.apache.coyote.AbstractProtocol init
INFO: Initializing ProtocolHandler ["http-nio-8080"]
Apr 09, 2019 1:39:48 PM org.apache.coyote.AbstractProtocol init
SEVERE: Failed to initialize end point associated with ProtocolHandler ["http-nio-8080"]
java.net.BindException: Address in use
	at sun.nio.ch.Net.bind0(Native Method)
	at sun.nio.ch.Net.bind(Net.java:433)
	at sun.nio.ch.Net.bind(Net.java:425)
	at sun.nio.ch.ServerSocketChannelImpl.bind(ServerSocketChannelImpl.java:223)
	at sun.nio.ch.ServerSocketAdaptor.bind(ServerSocketAdaptor.java:74)
	at org.apache.tomcat.util.net.NioEndpoint.bind(NioEndpoint.java:228)
	at org.apache.tomcat.util.net.AbstractEndpoint.init(AbstractEndpoint.java:866)
	at org.apache.tomcat.util.net.AbstractJsseEndpoint.init(AbstractJsseEndpoint.java:213)
	at org.apache.coyote.AbstractProtocol.init(AbstractProtocol.java:575)
	at org.apache.coyote.http11.AbstractHttp11Protocol.init(AbstractHttp11Protocol.java:65)
	at org.apache.catalina.connector.Connector.initInternal(Connector.java:944)
	at org.apache.catalina.util.LifecycleBase.init(LifecycleBase.java:107)
	at org.apache.catalina.core.StandardService.initInternal(StandardService.java:549)
	at org.apache.catalina.util.LifecycleBase.init(LifecycleBase.java:107)
	at org.apache.catalina.core.StandardServer.initInternal(StandardServer.java:873)
	at org.apache.catalina.util.LifecycleBase.init(LifecycleBase.java:107)
	at org.apache.catalina.startup.Tomcat.init(Tomcat.java:344)
	at org.apache.tomee.embedded.Container.start(Container.java:679)
	at org.apache.openejb.arquillian.embedded.EmbeddedTomEEContainer.start(EmbeddedTomEEContainer.java:135)
	at org.jboss.arquillian.container.impl.ContainerImpl.start(ContainerImpl.java:199)
	at org.jboss.arquillian.container.impl.client.container.ContainerLifecycleController$8.perform(ContainerLifecycleController.java:163)
	at org.jboss.arquillian.container.impl.client.container.ContainerLifecycleController$8.perform(ContainerLifecycleController.java:157)
	at org.jboss.arquillian.container.impl.client.container.ContainerLifecycleController.forContainer(ContainerLifecycleController.java:255)
	at org.jboss.arquillian.container.impl.client.container.ContainerLifecycleController.startContainer(ContainerLifecycleController.java:156)
	at sun.reflect.NativeMethodAccessorImpl.invoke0(Native Method)
	at sun.reflect.NativeMethodAccessorImpl.invoke(NativeMethodAccessorImpl.java:62)
	at sun.reflect.DelegatingMethodAccessorImpl.invoke(DelegatingMethodAccessorImpl.java:43)
	at java.lang.reflect.Method.invoke(Method.java:498)
	at org.jboss.arquillian.core.impl.ObserverImpl.invoke(ObserverImpl.java:96)
	at org.jboss.arquillian.core.impl.EventContextImpl.invokeObservers(EventContextImpl.java:99)
	at org.jboss.arquillian.core.impl.EventContextImpl.proceed(EventContextImpl.java:81)
	at org.jboss.arquillian.container.impl.client.ContainerDeploymentContextHandler.createContainerContext(ContainerDeploymentContextHandler.java:57)
	at sun.reflect.NativeMethodAccessorImpl.invoke0(Native Method)
	at sun.reflect.NativeMethodAccessorImpl.invoke(NativeMethodAccessorImpl.java:62)
	at sun.reflect.DelegatingMethodAccessorImpl.invoke(DelegatingMethodAccessorImpl.java:43)
	at java.lang.reflect.Method.invoke(Method.java:498)
	at org.jboss.arquillian.core.impl.ObserverImpl.invoke(ObserverImpl.java:96)
	at org.jboss.arquillian.core.impl.EventContextImpl.proceed(EventContextImpl.java:88)
	at org.jboss.arquillian.core.impl.ManagerImpl.fire(ManagerImpl.java:145)
	at org.jboss.arquillian.core.impl.ManagerImpl.fire(ManagerImpl.java:116)
	at org.jboss.arquillian.core.impl.EventImpl.fire(EventImpl.java:67)
	at org.jboss.arquillian.container.impl.client.container.ContainerLifecycleController$2.perform(ContainerLifecycleController.java:77)
	at org.jboss.arquillian.container.impl.client.container.ContainerLifecycleController$2.perform(ContainerLifecycleController.java:70)
	at org.jboss.arquillian.container.impl.client.container.ContainerLifecycleController.forEachSuiteContainer(ContainerLifecycleController.java:221)
	at org.jboss.arquillian.container.impl.client.container.ContainerLifecycleController.startSuiteContainers(ContainerLifecycleController.java:69)
	at sun.reflect.NativeMethodAccessorImpl.invoke0(Native Method)
	at sun.reflect.NativeMethodAccessorImpl.invoke(NativeMethodAccessorImpl.java:62)
	at sun.reflect.DelegatingMethodAccessorImpl.invoke(DelegatingMethodAccessorImpl.java:43)
	at java.lang.reflect.Method.invoke(Method.java:498)
	at org.jboss.arquillian.core.impl.ObserverImpl.invoke(ObserverImpl.java:96)
	at org.jboss.arquillian.core.impl.EventContextImpl.invokeObservers(EventContextImpl.java:99)
	at org.jboss.arquillian.core.impl.EventContextImpl.proceed(EventContextImpl.java:81)
	at org.jboss.arquillian.core.impl.ManagerImpl.fire(ManagerImpl.java:145)
	at org.jboss.arquillian.core.impl.ManagerImpl.fire(ManagerImpl.java:116)
	at org.jboss.arquillian.core.impl.EventImpl.fire(EventImpl.java:67)
	at org.jboss.arquillian.container.test.impl.client.ContainerEventController.execute(ContainerEventController.java:86)
	at sun.reflect.NativeMethodAccessorImpl.invoke0(Native Method)
	at sun.reflect.NativeMethodAccessorImpl.invoke(NativeMethodAccessorImpl.java:62)
	at sun.reflect.DelegatingMethodAccessorImpl.invoke(DelegatingMethodAccessorImpl.java:43)
	at java.lang.reflect.Method.invoke(Method.java:498)
	at org.jboss.arquillian.core.impl.ObserverImpl.invoke(ObserverImpl.java:96)
	at org.jboss.arquillian.core.impl.EventContextImpl.invokeObservers(EventContextImpl.java:99)
	at org.jboss.arquillian.core.impl.EventContextImpl.proceed(EventContextImpl.java:81)
	at org.jboss.arquillian.test.impl.TestContextHandler.createSuiteContext(TestContextHandler.java:73)
	at sun.reflect.NativeMethodAccessorImpl.invoke0(Native Method)
	at sun.reflect.NativeMethodAccessorImpl.invoke(NativeMethodAccessorImpl.java:62)
	at sun.reflect.DelegatingMethodAccessorImpl.invoke(DelegatingMethodAccessorImpl.java:43)
	at java.lang.reflect.Method.invoke(Method.java:498)
	at org.jboss.arquillian.core.impl.ObserverImpl.invoke(ObserverImpl.java:96)
	at org.jboss.arquillian.core.impl.EventContextImpl.proceed(EventContextImpl.java:88)
	at org.jboss.arquillian.core.impl.ManagerImpl.fire(ManagerImpl.java:145)
	at org.jboss.arquillian.core.impl.ManagerImpl.fire(ManagerImpl.java:116)
	at org.jboss.arquillian.test.impl.EventTestRunnerAdaptor.beforeSuite(EventTestRunnerAdaptor.java:75)
	at org.jboss.arquillian.junit.Arquillian.run(Arquillian.java:116)
	at org.apache.maven.surefire.junit4.JUnit4Provider.execute(JUnit4Provider.java:365)
	at org.apache.maven.surefire.junit4.JUnit4Provider.executeWithRerun(JUnit4Provider.java:273)
	at org.apache.maven.surefire.junit4.JUnit4Provider.executeTestSet(JUnit4Provider.java:238)
	at org.apache.maven.surefire.junit4.JUnit4Provider.invoke(JUnit4Provider.java:159)
	at org.apache.maven.surefire.booter.ForkedBooter.invokeProviderInSameClassLoader(ForkedBooter.java:384)
	at org.apache.maven.surefire.booter.ForkedBooter.runSuitesInProcess(ForkedBooter.java:345)
	at org.apache.maven.surefire.booter.ForkedBooter.execute(ForkedBooter.java:126)
	at org.apache.maven.surefire.booter.ForkedBooter.main(ForkedBooter.java:418)

Apr 09, 2019 1:39:48 PM org.apache.catalina.core.StandardService initInternal
SEVERE: Failed to initialize connector [Connector[HTTP/1.1-8080]]
org.apache.catalina.LifecycleException: Failed to initialize component [Connector[HTTP/1.1-8080]]
	at org.apache.catalina.util.LifecycleBase.init(LifecycleBase.java:112)
	at org.apache.catalina.core.StandardService.initInternal(StandardService.java:549)
	at org.apache.catalina.util.LifecycleBase.init(LifecycleBase.java:107)
	at org.apache.catalina.core.StandardServer.initInternal(StandardServer.java:873)
	at org.apache.catalina.util.LifecycleBase.init(LifecycleBase.java:107)
	at org.apache.catalina.startup.Tomcat.init(Tomcat.java:344)
	at org.apache.tomee.embedded.Container.start(Container.java:679)
	at org.apache.openejb.arquillian.embedded.EmbeddedTomEEContainer.start(EmbeddedTomEEContainer.java:135)
	at org.jboss.arquillian.container.impl.ContainerImpl.start(ContainerImpl.java:199)
	at org.jboss.arquillian.container.impl.client.container.ContainerLifecycleController$8.perform(ContainerLifecycleController.java:163)
	at org.jboss.arquillian.container.impl.client.container.ContainerLifecycleController$8.perform(ContainerLifecycleController.java:157)
	at org.jboss.arquillian.container.impl.client.container.ContainerLifecycleController.forContainer(ContainerLifecycleController.java:255)
	at org.jboss.arquillian.container.impl.client.container.ContainerLifecycleController.startContainer(ContainerLifecycleController.java:156)
	at sun.reflect.NativeMethodAccessorImpl.invoke0(Native Method)
	at sun.reflect.NativeMethodAccessorImpl.invoke(NativeMethodAccessorImpl.java:62)
	at sun.reflect.DelegatingMethodAccessorImpl.invoke(DelegatingMethodAccessorImpl.java:43)
	at java.lang.reflect.Method.invoke(Method.java:498)
	at org.jboss.arquillian.core.impl.ObserverImpl.invoke(ObserverImpl.java:96)
	at org.jboss.arquillian.core.impl.EventContextImpl.invokeObservers(EventContextImpl.java:99)
	at org.jboss.arquillian.core.impl.EventContextImpl.proceed(EventContextImpl.java:81)
	at org.jboss.arquillian.container.impl.client.ContainerDeploymentContextHandler.createContainerContext(ContainerDeploymentContextHandler.java:57)
	at sun.reflect.NativeMethodAccessorImpl.invoke0(Native Method)
	at sun.reflect.NativeMethodAccessorImpl.invoke(NativeMethodAccessorImpl.java:62)
	at sun.reflect.DelegatingMethodAccessorImpl.invoke(DelegatingMethodAccessorImpl.java:43)
	at java.lang.reflect.Method.invoke(Method.java:498)
	at org.jboss.arquillian.core.impl.ObserverImpl.invoke(ObserverImpl.java:96)
	at org.jboss.arquillian.core.impl.EventContextImpl.proceed(EventContextImpl.java:88)
	at org.jboss.arquillian.core.impl.ManagerImpl.fire(ManagerImpl.java:145)
	at org.jboss.arquillian.core.impl.ManagerImpl.fire(ManagerImpl.java:116)
	at org.jboss.arquillian.core.impl.EventImpl.fire(EventImpl.java:67)
	at org.jboss.arquillian.container.impl.client.container.ContainerLifecycleController$2.perform(ContainerLifecycleController.java:77)
	at org.jboss.arquillian.container.impl.client.container.ContainerLifecycleController$2.perform(ContainerLifecycleController.java:70)
	at org.jboss.arquillian.container.impl.client.container.ContainerLifecycleController.forEachSuiteContainer(ContainerLifecycleController.java:221)
	at org.jboss.arquillian.container.impl.client.container.ContainerLifecycleController.startSuiteContainers(ContainerLifecycleController.java:69)
	at sun.reflect.NativeMethodAccessorImpl.invoke0(Native Method)
	at sun.reflect.NativeMethodAccessorImpl.invoke(NativeMethodAccessorImpl.java:62)
	at sun.reflect.DelegatingMethodAccessorImpl.invoke(DelegatingMethodAccessorImpl.java:43)
	at java.lang.reflect.Method.invoke(Method.java:498)
	at org.jboss.arquillian.core.impl.ObserverImpl.invoke(ObserverImpl.java:96)
	at org.jboss.arquillian.core.impl.EventContextImpl.invokeObservers(EventContextImpl.java:99)
	at org.jboss.arquillian.core.impl.EventContextImpl.proceed(EventContextImpl.java:81)
	at org.jboss.arquillian.core.impl.ManagerImpl.fire(ManagerImpl.java:145)
	at org.jboss.arquillian.core.impl.ManagerImpl.fire(ManagerImpl.java:116)
	at org.jboss.arquillian.core.impl.EventImpl.fire(EventImpl.java:67)
	at org.jboss.arquillian.container.test.impl.client.ContainerEventController.execute(ContainerEventController.java:86)
	at sun.reflect.NativeMethodAccessorImpl.invoke0(Native Method)
	at sun.reflect.NativeMethodAccessorImpl.invoke(NativeMethodAccessorImpl.java:62)
	at sun.reflect.DelegatingMethodAccessorImpl.invoke(DelegatingMethodAccessorImpl.java:43)
	at java.lang.reflect.Method.invoke(Method.java:498)
	at org.jboss.arquillian.core.impl.ObserverImpl.invoke(ObserverImpl.java:96)
	at org.jboss.arquillian.core.impl.EventContextImpl.invokeObservers(EventContextImpl.java:99)
	at org.jboss.arquillian.core.impl.EventContextImpl.proceed(EventContextImpl.java:81)
	at org.jboss.arquillian.test.impl.TestContextHandler.createSuiteContext(TestContextHandler.java:73)
	at sun.reflect.NativeMethodAccessorImpl.invoke0(Native Method)
	at sun.reflect.NativeMethodAccessorImpl.invoke(NativeMethodAccessorImpl.java:62)
	at sun.reflect.DelegatingMethodAccessorImpl.invoke(DelegatingMethodAccessorImpl.java:43)
	at java.lang.reflect.Method.invoke(Method.java:498)
	at org.jboss.arquillian.core.impl.ObserverImpl.invoke(ObserverImpl.java:96)
	at org.jboss.arquillian.core.impl.EventContextImpl.proceed(EventContextImpl.java:88)
	at org.jboss.arquillian.core.impl.ManagerImpl.fire(ManagerImpl.java:145)
	at org.jboss.arquillian.core.impl.ManagerImpl.fire(ManagerImpl.java:116)
	at org.jboss.arquillian.test.impl.EventTestRunnerAdaptor.beforeSuite(EventTestRunnerAdaptor.java:75)
	at org.jboss.arquillian.junit.Arquillian.run(Arquillian.java:116)
	at org.apache.maven.surefire.junit4.JUnit4Provider.execute(JUnit4Provider.java:365)
	at org.apache.maven.surefire.junit4.JUnit4Provider.executeWithRerun(JUnit4Provider.java:273)
	at org.apache.maven.surefire.junit4.JUnit4Provider.executeTestSet(JUnit4Provider.java:238)
	at org.apache.maven.surefire.junit4.JUnit4Provider.invoke(JUnit4Provider.java:159)
	at org.apache.maven.surefire.booter.ForkedBooter.invokeProviderInSameClassLoader(ForkedBooter.java:384)
	at org.apache.maven.surefire.booter.ForkedBooter.runSuitesInProcess(ForkedBooter.java:345)
	at org.apache.maven.surefire.booter.ForkedBooter.execute(ForkedBooter.java:126)
	at org.apache.maven.surefire.booter.ForkedBooter.main(ForkedBooter.java:418)
Caused by: org.apache.catalina.LifecycleException: Protocol handler initialization failed
	at org.apache.catalina.connector.Connector.initInternal(Connector.java:946)
	at org.apache.catalina.util.LifecycleBase.init(LifecycleBase.java:107)
	... 70 more
Caused by: java.net.BindException: Address in use
	at sun.nio.ch.Net.bind0(Native Method)
	at sun.nio.ch.Net.bind(Net.java:433)
	at sun.nio.ch.Net.bind(Net.java:425)
	at sun.nio.ch.ServerSocketChannelImpl.bind(ServerSocketChannelImpl.java:223)
	at sun.nio.ch.ServerSocketAdaptor.bind(ServerSocketAdaptor.java:74)
	at org.apache.tomcat.util.net.NioEndpoint.bind(NioEndpoint.java:228)
	at org.apache.tomcat.util.net.AbstractEndpoint.init(AbstractEndpoint.java:866)
	at org.apache.tomcat.util.net.AbstractJsseEndpoint.init(AbstractJsseEndpoint.java:213)
	at org.apache.coyote.AbstractProtocol.init(AbstractProtocol.java:575)
	at org.apache.coyote.http11.AbstractHttp11Protocol.init(AbstractHttp11Protocol.java:65)
	at org.apache.catalina.connector.Connector.initInternal(Connector.java:944)
	... 71 more

Apr 09, 2019 1:39:48 PM org.apache.catalina.core.StandardService startInternal
INFO: Starting service Tomcat
Apr 09, 2019 1:39:48 PM org.apache.catalina.core.StandardEngine startInternal
INFO: Starting Servlet Engine: Apache Tomcat/8.5.6
Apr 09, 2019 1:39:50 PM org.apache.openejb.util.OptionsLog info
INFO: Using 'openejb.jdbc.datasource-creator=org.apache.tomee.jdbc.TomEEDataSourceCreator'
Apr 09, 2019 1:39:50 PM org.apache.openejb.OpenEJB$Instance <init>
INFO: ********************************************************************************
Apr 09, 2019 1:39:50 PM org.apache.openejb.OpenEJB$Instance <init>
INFO: OpenEJB http://tomee.apache.org/
Apr 09, 2019 1:39:50 PM org.apache.openejb.OpenEJB$Instance <init>
INFO: Startup: Tue Apr 09 13:39:50 GMT 2019
Apr 09, 2019 1:39:50 PM org.apache.openejb.OpenEJB$Instance <init>
INFO: Copyright 1999-2016 (C) Apache OpenEJB Project, All Rights Reserved.
Apr 09, 2019 1:39:50 PM org.apache.openejb.OpenEJB$Instance <init>
INFO: Version: 7.0.2
Apr 09, 2019 1:39:50 PM org.apache.openejb.OpenEJB$Instance <init>
INFO: Build date: 20161106
Apr 09, 2019 1:39:50 PM org.apache.openejb.OpenEJB$Instance <init>
INFO: Build time: 07:23
Apr 09, 2019 1:39:50 PM org.apache.openejb.OpenEJB$Instance <init>
INFO: ********************************************************************************
Apr 09, 2019 1:39:50 PM org.apache.openejb.OpenEJB$Instance <init>
INFO: openejb.home = /tmp/arquillian-apache-tomee
Apr 09, 2019 1:39:50 PM org.apache.openejb.OpenEJB$Instance <init>
INFO: openejb.base = /tmp/arquillian-apache-tomee
Apr 09, 2019 1:39:50 PM org.apache.openejb.cdi.CdiBuilder initializeOWB
INFO: Created new singletonService org.apache.openejb.cdi.ThreadSingletonServiceImpl@4c550889
Apr 09, 2019 1:39:50 PM org.apache.openejb.cdi.CdiBuilder initializeOWB
INFO: Succeeded in installing singleton service
Apr 09, 2019 1:39:50 PM org.apache.openejb.config.ConfigurationFactory init
INFO: TomEE configuration file is '/tmp/arquillian-apache-tomee/conf/openejb.xml'
Apr 09, 2019 1:39:51 PM org.apache.openejb.config.ConfigurationFactory configureService
INFO: Configuring Service(id=Tomcat Security Service, type=SecurityService, provider-id=Tomcat Security Service)
Apr 09, 2019 1:39:51 PM org.apache.openejb.config.ConfigurationFactory configureService
INFO: Configuring Service(id=Default Transaction Manager, type=TransactionManager, provider-id=Default Transaction Manager)
Apr 09, 2019 1:39:51 PM org.apache.openejb.util.OptionsLog info
INFO: Using 'openejb.system.apps=false'
Apr 09, 2019 1:39:51 PM org.apache.openejb.util.OptionsLog info
INFO: Using 'openejb.deployments.classpath=false'
Apr 09, 2019 1:39:51 PM org.apache.openejb.assembler.classic.Assembler createRecipe
INFO: Creating TransactionManager(id=Default Transaction Manager)
Apr 09, 2019 1:39:51 PM org.apache.openejb.assembler.classic.Assembler createRecipe
INFO: Creating SecurityService(id=Tomcat Security Service)
Apr 09, 2019 1:39:51 PM org.apache.openejb.util.OptionsLog info
INFO: Using 'openejb.servicemanager.enabled=false'
Apr 09, 2019 1:39:54 PM org.apache.openejb.util.JarExtractor extract
INFO: Extracting jar: /tmp/arquillian-tomee-app-working-dir/0/9c9fb0fd-137b-4177-9e78-158414db4a3f.war
Apr 09, 2019 1:39:54 PM org.apache.openejb.util.JarExtractor extract
INFO: Extracted path: /tmp/arquillian-tomee-app-working-dir/0/9c9fb0fd-137b-4177-9e78-158414db4a3f
Apr 09, 2019 1:39:54 PM org.apache.tomee.catalina.TomcatWebAppBuilder deployWebApps
INFO: using default host: localhost
Apr 09, 2019 1:39:54 PM org.apache.tomee.catalina.TomcatWebAppBuilder init
INFO: ------------------------- localhost -> /9c9fb0fd-137b-4177-9e78-158414db4a3f
Apr 09, 2019 1:39:54 PM org.apache.openejb.util.OptionsLog info
INFO: Using 'openejb.session.manager=org.apache.tomee.catalina.session.QuickSessionManager'
Apr 09, 2019 1:39:55 PM org.apache.openejb.config.ConfigurationFactory configureApplication
INFO: Configuring enterprise application: /tmp/arquillian-tomee-app-working-dir/0/9c9fb0fd-137b-4177-9e78-158414db4a3f
Apr 09, 2019 1:39:56 PM org.apache.openejb.config.ConfigurationFactory configureService
INFO: Configuring Service(id=Default Managed Container, type=Container, provider-id=Default Managed Container)
Apr 09, 2019 1:39:56 PM org.apache.openejb.config.AutoConfig createContainer
INFO: Auto-creating a container for bean 9c9fb0fd-137b-4177-9e78-158414db4a3f.Comp991242536: Container(type=MANAGED, id=Default Managed Container)
Apr 09, 2019 1:39:56 PM org.apache.openejb.assembler.classic.Assembler createRecipe
INFO: Creating Container(id=Default Managed Container)
Apr 09, 2019 1:39:56 PM org.apache.openejb.core.managed.SimplePassivater init
INFO: Using directory /tmp for stateful session passivation
Apr 09, 2019 1:39:56 PM org.apache.openejb.config.AutoConfig deploy
INFO: Configuring PersistenceUnit(name=entities_persistence_unit)
Apr 09, 2019 1:39:56 PM org.apache.openejb.config.ConfigurationFactory configureService
INFO: Configuring Service(id=Default JDBC Database, type=Resource, provider-id=Default JDBC Database)
Apr 09, 2019 1:39:56 PM org.apache.openejb.config.AutoConfig logAutoCreateResource
INFO: Auto-creating a Resource with id 'Default JDBC Database' of type 'DataSource for 'entities_persistence_unit'.
Apr 09, 2019 1:39:56 PM org.apache.openejb.assembler.classic.Assembler createRecipe
INFO: Creating Resource(id=Default JDBC Database)
Apr 09, 2019 1:39:58 PM org.apache.openejb.config.ConfigurationFactory configureService
INFO: Configuring Service(id=Default Unmanaged JDBC Database, type=Resource, provider-id=Default Unmanaged JDBC Database)
Apr 09, 2019 1:39:58 PM org.apache.openejb.config.AutoConfig logAutoCreateResource
INFO: Auto-creating a Resource with id 'Default Unmanaged JDBC Database' of type 'DataSource for 'entities_persistence_unit'.
Apr 09, 2019 1:39:58 PM org.apache.openejb.assembler.classic.Assembler createRecipe
INFO: Creating Resource(id=Default Unmanaged JDBC Database)
Apr 09, 2019 1:39:58 PM org.apache.openejb.config.AutoConfig setJtaDataSource
INFO: Adjusting PersistenceUnit entities_persistence_unit <jta-data-source> to Resource ID 'Default JDBC Database' from 'PolydiplomaDataSource'
Apr 09, 2019 1:39:58 PM org.apache.openejb.config.AutoConfig setNonJtaDataSource
INFO: Adjusting PersistenceUnit entities_persistence_unit <non-jta-data-source> to Resource ID 'Default Unmanaged JDBC Database' from 'null'
Apr 09, 2019 1:39:58 PM org.apache.openejb.config.ReportValidationResults logResults
WARNING: WARN ... WebModule{moduleId='9c9fb0fd-137b-4177-9e78-158414db4a3f', contextRoot='9c9fb0fd-137b-4177-9e78-158414db4a3f'}:	Incorrect location of file file:/tmp/arquillian-tomee-app-working-dir/0/9c9fb0fd-137b-4177-9e78-158414db4a3f/META-INF/beans.xml The file should be in WEB-INF directory
Apr 09, 2019 1:39:58 PM org.apache.openejb.config.ReportValidationResults logResults
WARNING: 1 warning for WebModule(path=9c9fb0fd-137b-4177-9e78-158414db4a3f)
Apr 09, 2019 1:39:58 PM org.apache.openejb.config.AppInfoBuilder build
INFO: Enterprise application "/tmp/arquillian-tomee-app-working-dir/0/9c9fb0fd-137b-4177-9e78-158414db4a3f" loaded.
Apr 09, 2019 1:39:58 PM org.apache.openejb.assembler.classic.Assembler createApplication
INFO: Assembling app: /tmp/arquillian-tomee-app-working-dir/0/9c9fb0fd-137b-4177-9e78-158414db4a3f
Apr 09, 2019 1:39:58 PM org.apache.openejb.assembler.classic.Assembler$PersistenceClassLoaderHandlerImpl addTransformer
INFO: JAVA AGENT NOT INSTALLED. The JPA Persistence Provider requested installation of a ClassFileTransformer which requires a JavaAgent.  See http://tomee.apache.org/javaagent.html
Apr 09, 2019 1:39:58 PM null
INFO: OpenJPA dynamically loaded a validation provider.
Apr 09, 2019 1:39:58 PM org.apache.openejb.assembler.classic.ReloadableEntityManagerFactory createDelegate
INFO: PersistenceUnit(name=entities_persistence_unit, provider=org.apache.openjpa.persistence.PersistenceProviderImpl) - provider time 139ms
Apr 09, 2019 1:39:59 PM org.apache.openejb.assembler.classic.Assembler createApplication
INFO: Deployed Application(path=/tmp/arquillian-tomee-app-working-dir/0/9c9fb0fd-137b-4177-9e78-158414db4a3f)
Apr 09, 2019 1:40:00 PM org.apache.jasper.servlet.TldScanner scanJars
INFO: At least one JAR was scanned for TLDs yet contained no TLDs. Enable debug logging for this logger for a complete list of JARs that were scanned but no TLDs were found in them. Skipping unneeded JARs during scanning can improve startup time and JSP compilation time.
Apr 09, 2019 1:40:01 PM null
INFO: Starting OpenJPA 2.4.1
Apr 09, 2019 1:40:01 PM null
INFO: Using dictionary class "org.apache.openjpa.jdbc.sql.HSQLDictionary" (HSQL Database Engine 2.3.2 ,HSQL Database Engine Driver 2.3.2).
Apr 09, 2019 1:40:01 PM null
INFO: Connected to HSQL Database Engine version 2.2 using JDBC driver HSQL Database Engine Driver version 2.3.2. 
Apr 09, 2019 1:40:02 PM null
INFO: The temporary file "/tmp/org.apache.openjpa.enhance.InstrumentationFactory5917335217399625375.jar" was created and it may not get cleaned up properly.
Apr 09, 2019 1:40:03 PM null
INFO: Creating subclass and redefining methods for "[class fr.unice.polytech.si4.isa.devops.teami.entities.guests.Person, class fr.unice.polytech.si4.isa.devops.teami.entities.guests.Vip, class fr.unice.polytech.si4.isa.devops.teami.entities.school.Speciality, class fr.unice.polytech.si4.isa.devops.teami.entities.guests.Student, class fr.unice.polytech.si4.isa.devops.teami.entities.ceremony.Ceremony, class fr.unice.polytech.si4.isa.devops.teami.entities.guests.Attendant, class fr.unice.polytech.si4.isa.devops.teami.entities.invitations.VIPInvitation, class fr.unice.polytech.si4.isa.devops.teami.entities.school.Bill, class fr.unice.polytech.si4.isa.devops.teami.entities.school.Club]". This means that your application will be less efficient than it would if you ran the OpenJPA enhancer.
Apr 09, 2019 1:40:05 PM org.apache.openejb.assembler.classic.Assembler destroyApplication
INFO: Undeploying app: /tmp/arquillian-tomee-app-working-dir/0/9c9fb0fd-137b-4177-9e78-158414db4a3f
[ThreadedStreamConsumer] INFO org.apache.maven.plugin.surefire.SurefirePlugin - Tests run: 1, Failures: 0, Errors: 0, Skipped: 0, Time elapsed: 21.847 s - in fr.unice.polytech.si4.isa.devops.teami.entities.guests.VipTest
[ThreadedStreamConsumer] INFO org.apache.maven.plugin.surefire.SurefirePlugin - Running fr.unice.polytech.si4.isa.devops.teami.entities.guests.StudentTest
Apr 09, 2019 1:40:06 PM org.apache.openejb.util.JarExtractor extract
INFO: Extracting jar: /tmp/arquillian-tomee-app-working-dir/0/a8b99729-d139-4ba6-83f9-e722c17bf261.war
Apr 09, 2019 1:40:06 PM org.apache.openejb.util.JarExtractor extract
INFO: Extracted path: /tmp/arquillian-tomee-app-working-dir/0/a8b99729-d139-4ba6-83f9-e722c17bf261
Apr 09, 2019 1:40:06 PM org.apache.tomee.catalina.TomcatWebAppBuilder deployWebApps
INFO: using default host: localhost
Apr 09, 2019 1:40:06 PM org.apache.tomee.catalina.TomcatWebAppBuilder init
INFO: ------------------------- localhost -> /a8b99729-d139-4ba6-83f9-e722c17bf261
Apr 09, 2019 1:40:06 PM org.apache.openejb.util.OptionsLog info
INFO: Using 'openejb.session.manager=org.apache.tomee.catalina.session.QuickSessionManager'
Apr 09, 2019 1:40:06 PM org.apache.openejb.config.ConfigurationFactory configureApplication
INFO: Configuring enterprise application: /tmp/arquillian-tomee-app-working-dir/0/a8b99729-d139-4ba6-83f9-e722c17bf261
Apr 09, 2019 1:40:06 PM org.apache.openejb.config.AutoConfig deploy
INFO: Configuring PersistenceUnit(name=entities_persistence_unit)
Apr 09, 2019 1:40:06 PM org.apache.openejb.config.AutoConfig setJtaDataSource
INFO: Adjusting PersistenceUnit entities_persistence_unit <jta-data-source> to Resource ID 'Default JDBC Database' from 'PolydiplomaDataSource'
Apr 09, 2019 1:40:06 PM org.apache.openejb.config.AutoConfig setNonJtaDataSource
INFO: Adjusting PersistenceUnit entities_persistence_unit <non-jta-data-source> to Resource ID 'Default Unmanaged JDBC Database' from 'null'
Apr 09, 2019 1:40:06 PM org.apache.openejb.config.ReportValidationResults logResults
WARNING: WARN ... WebModule{moduleId='a8b99729-d139-4ba6-83f9-e722c17bf261', contextRoot='a8b99729-d139-4ba6-83f9-e722c17bf261'}:	Incorrect location of file file:/tmp/arquillian-tomee-app-working-dir/0/a8b99729-d139-4ba6-83f9-e722c17bf261/META-INF/beans.xml The file should be in WEB-INF directory
Apr 09, 2019 1:40:06 PM org.apache.openejb.config.ReportValidationResults logResults
WARNING: 1 warning for WebModule(path=a8b99729-d139-4ba6-83f9-e722c17bf261)
Apr 09, 2019 1:40:06 PM org.apache.openejb.config.AppInfoBuilder build
INFO: Enterprise application "/tmp/arquillian-tomee-app-working-dir/0/a8b99729-d139-4ba6-83f9-e722c17bf261" loaded.
Apr 09, 2019 1:40:06 PM org.apache.openejb.assembler.classic.Assembler createApplication
INFO: Assembling app: /tmp/arquillian-tomee-app-working-dir/0/a8b99729-d139-4ba6-83f9-e722c17bf261
Apr 09, 2019 1:40:07 PM null
INFO: OpenJPA dynamically loaded a validation provider.
Apr 09, 2019 1:40:07 PM org.apache.openejb.assembler.classic.ReloadableEntityManagerFactory createDelegate
INFO: PersistenceUnit(name=entities_persistence_unit, provider=org.apache.openjpa.persistence.PersistenceProviderImpl) - provider time 121ms
Apr 09, 2019 1:40:07 PM org.apache.openejb.assembler.classic.Assembler createApplication
INFO: Deployed Application(path=/tmp/arquillian-tomee-app-working-dir/0/a8b99729-d139-4ba6-83f9-e722c17bf261)
Apr 09, 2019 1:40:07 PM org.apache.jasper.servlet.TldScanner scanJars
INFO: At least one JAR was scanned for TLDs yet contained no TLDs. Enable debug logging for this logger for a complete list of JARs that were scanned but no TLDs were found in them. Skipping unneeded JARs during scanning can improve startup time and JSP compilation time.
Apr 09, 2019 1:40:07 PM null
INFO: Starting OpenJPA 2.4.1
Apr 09, 2019 1:40:07 PM null
INFO: Using dictionary class "org.apache.openjpa.jdbc.sql.HSQLDictionary" (HSQL Database Engine 2.3.2 ,HSQL Database Engine Driver 2.3.2).
Apr 09, 2019 1:40:08 PM null
INFO: Connected to HSQL Database Engine version 2.2 using JDBC driver HSQL Database Engine Driver version 2.3.2. 
Apr 09, 2019 1:40:08 PM null
INFO: Creating subclass and redefining methods for "[class fr.unice.polytech.si4.isa.devops.teami.entities.guests.Person, class fr.unice.polytech.si4.isa.devops.teami.entities.guests.Vip, class fr.unice.polytech.si4.isa.devops.teami.entities.school.Speciality, class fr.unice.polytech.si4.isa.devops.teami.entities.guests.Student, class fr.unice.polytech.si4.isa.devops.teami.entities.ceremony.Ceremony, class fr.unice.polytech.si4.isa.devops.teami.entities.guests.Attendant, class fr.unice.polytech.si4.isa.devops.teami.entities.invitations.VIPInvitation, class fr.unice.polytech.si4.isa.devops.teami.entities.school.Bill, class fr.unice.polytech.si4.isa.devops.teami.entities.school.Club]". This means that your application will be less efficient than it would if you ran the OpenJPA enhancer.
Apr 09, 2019 1:40:09 PM org.apache.openejb.assembler.classic.Assembler destroyApplication
INFO: Undeploying app: /tmp/arquillian-tomee-app-working-dir/0/a8b99729-d139-4ba6-83f9-e722c17bf261
[ThreadedStreamConsumer] INFO org.apache.maven.plugin.surefire.SurefirePlugin - Tests run: 1, Failures: 0, Errors: 0, Skipped: 0, Time elapsed: 4.063 s - in fr.unice.polytech.si4.isa.devops.teami.entities.guests.StudentTest
[ThreadedStreamConsumer] INFO org.apache.maven.plugin.surefire.SurefirePlugin - Running fr.unice.polytech.si4.isa.devops.teami.entities.guests.AttendantTest
Apr 09, 2019 1:40:10 PM org.apache.openejb.util.JarExtractor extract
INFO: Extracting jar: /tmp/arquillian-tomee-app-working-dir/0/ea295654-7a3f-4b0f-933d-6c0cd64edcd2.war
Apr 09, 2019 1:40:10 PM org.apache.openejb.util.JarExtractor extract
INFO: Extracted path: /tmp/arquillian-tomee-app-working-dir/0/ea295654-7a3f-4b0f-933d-6c0cd64edcd2
Apr 09, 2019 1:40:10 PM org.apache.tomee.catalina.TomcatWebAppBuilder deployWebApps
INFO: using default host: localhost
Apr 09, 2019 1:40:10 PM org.apache.tomee.catalina.TomcatWebAppBuilder init
INFO: ------------------------- localhost -> /ea295654-7a3f-4b0f-933d-6c0cd64edcd2
Apr 09, 2019 1:40:10 PM org.apache.openejb.util.OptionsLog info
INFO: Using 'openejb.session.manager=org.apache.tomee.catalina.session.QuickSessionManager'
Apr 09, 2019 1:40:10 PM org.apache.openejb.config.ConfigurationFactory configureApplication
INFO: Configuring enterprise application: /tmp/arquillian-tomee-app-working-dir/0/ea295654-7a3f-4b0f-933d-6c0cd64edcd2
Apr 09, 2019 1:40:10 PM org.apache.openejb.config.AutoConfig deploy
INFO: Configuring PersistenceUnit(name=entities_persistence_unit)
Apr 09, 2019 1:40:10 PM org.apache.openejb.config.AutoConfig setJtaDataSource
INFO: Adjusting PersistenceUnit entities_persistence_unit <jta-data-source> to Resource ID 'Default JDBC Database' from 'PolydiplomaDataSource'
Apr 09, 2019 1:40:10 PM org.apache.openejb.config.AutoConfig setNonJtaDataSource
INFO: Adjusting PersistenceUnit entities_persistence_unit <non-jta-data-source> to Resource ID 'Default Unmanaged JDBC Database' from 'null'
Apr 09, 2019 1:40:10 PM org.apache.openejb.config.ReportValidationResults logResults
WARNING: WARN ... WebModule{moduleId='ea295654-7a3f-4b0f-933d-6c0cd64edcd2', contextRoot='ea295654-7a3f-4b0f-933d-6c0cd64edcd2'}:	Incorrect location of file file:/tmp/arquillian-tomee-app-working-dir/0/ea295654-7a3f-4b0f-933d-6c0cd64edcd2/META-INF/beans.xml The file should be in WEB-INF directory
Apr 09, 2019 1:40:10 PM org.apache.openejb.config.ReportValidationResults logResults
WARNING: 1 warning for WebModule(path=ea295654-7a3f-4b0f-933d-6c0cd64edcd2)
Apr 09, 2019 1:40:10 PM org.apache.openejb.config.AppInfoBuilder build
INFO: Enterprise application "/tmp/arquillian-tomee-app-working-dir/0/ea295654-7a3f-4b0f-933d-6c0cd64edcd2" loaded.
Apr 09, 2019 1:40:10 PM org.apache.openejb.assembler.classic.Assembler createApplication
INFO: Assembling app: /tmp/arquillian-tomee-app-working-dir/0/ea295654-7a3f-4b0f-933d-6c0cd64edcd2
Apr 09, 2019 1:40:11 PM null
INFO: OpenJPA dynamically loaded a validation provider.
Apr 09, 2019 1:40:11 PM org.apache.openejb.assembler.classic.ReloadableEntityManagerFactory createDelegate
INFO: PersistenceUnit(name=entities_persistence_unit, provider=org.apache.openjpa.persistence.PersistenceProviderImpl) - provider time 87ms
Apr 09, 2019 1:40:11 PM org.apache.openejb.assembler.classic.Assembler createApplication
INFO: Deployed Application(path=/tmp/arquillian-tomee-app-working-dir/0/ea295654-7a3f-4b0f-933d-6c0cd64edcd2)
Apr 09, 2019 1:40:11 PM org.apache.jasper.servlet.TldScanner scanJars
INFO: At least one JAR was scanned for TLDs yet contained no TLDs. Enable debug logging for this logger for a complete list of JARs that were scanned but no TLDs were found in them. Skipping unneeded JARs during scanning can improve startup time and JSP compilation time.
Apr 09, 2019 1:40:11 PM null
INFO: Starting OpenJPA 2.4.1
Apr 09, 2019 1:40:11 PM null
INFO: Using dictionary class "org.apache.openjpa.jdbc.sql.HSQLDictionary" (HSQL Database Engine 2.3.2 ,HSQL Database Engine Driver 2.3.2).
Apr 09, 2019 1:40:11 PM null
INFO: Connected to HSQL Database Engine version 2.2 using JDBC driver HSQL Database Engine Driver version 2.3.2. 
Apr 09, 2019 1:40:11 PM null
INFO: Creating subclass and redefining methods for "[class fr.unice.polytech.si4.isa.devops.teami.entities.guests.Person, class fr.unice.polytech.si4.isa.devops.teami.entities.guests.Vip, class fr.unice.polytech.si4.isa.devops.teami.entities.school.Speciality, class fr.unice.polytech.si4.isa.devops.teami.entities.guests.Student, class fr.unice.polytech.si4.isa.devops.teami.entities.ceremony.Ceremony, class fr.unice.polytech.si4.isa.devops.teami.entities.guests.Attendant, class fr.unice.polytech.si4.isa.devops.teami.entities.invitations.VIPInvitation, class fr.unice.polytech.si4.isa.devops.teami.entities.school.Bill, class fr.unice.polytech.si4.isa.devops.teami.entities.school.Club]". This means that your application will be less efficient than it would if you ran the OpenJPA enhancer.
Apr 09, 2019 1:40:13 PM org.apache.openejb.assembler.classic.Assembler destroyApplication
INFO: Undeploying app: /tmp/arquillian-tomee-app-working-dir/0/ea295654-7a3f-4b0f-933d-6c0cd64edcd2
[ThreadedStreamConsumer] INFO org.apache.maven.plugin.surefire.SurefirePlugin - Tests run: 1, Failures: 0, Errors: 0, Skipped: 0, Time elapsed: 3.391 s - in fr.unice.polytech.si4.isa.devops.teami.entities.guests.AttendantTest
[ThreadedStreamConsumer] INFO org.apache.maven.plugin.surefire.SurefirePlugin - Running fr.unice.polytech.si4.isa.devops.teami.entities.school.SpecialityTest
Apr 09, 2019 1:40:14 PM org.apache.openejb.util.JarExtractor extract
INFO: Extracting jar: /tmp/arquillian-tomee-app-working-dir/0/28d1abe2-2338-457c-9332-ff3ffa142057.war
Apr 09, 2019 1:40:14 PM org.apache.openejb.util.JarExtractor extract
INFO: Extracted path: /tmp/arquillian-tomee-app-working-dir/0/28d1abe2-2338-457c-9332-ff3ffa142057
Apr 09, 2019 1:40:14 PM org.apache.tomee.catalina.TomcatWebAppBuilder deployWebApps
INFO: using default host: localhost
Apr 09, 2019 1:40:14 PM org.apache.tomee.catalina.TomcatWebAppBuilder init
INFO: ------------------------- localhost -> /28d1abe2-2338-457c-9332-ff3ffa142057
Apr 09, 2019 1:40:14 PM org.apache.openejb.util.OptionsLog info
INFO: Using 'openejb.session.manager=org.apache.tomee.catalina.session.QuickSessionManager'
Apr 09, 2019 1:40:14 PM org.apache.openejb.config.ConfigurationFactory configureApplication
INFO: Configuring enterprise application: /tmp/arquillian-tomee-app-working-dir/0/28d1abe2-2338-457c-9332-ff3ffa142057
Apr 09, 2019 1:40:14 PM org.apache.openejb.config.AutoConfig deploy
INFO: Configuring PersistenceUnit(name=entities_persistence_unit)
Apr 09, 2019 1:40:14 PM org.apache.openejb.config.AutoConfig setJtaDataSource
INFO: Adjusting PersistenceUnit entities_persistence_unit <jta-data-source> to Resource ID 'Default JDBC Database' from 'PolydiplomaDataSource'
Apr 09, 2019 1:40:14 PM org.apache.openejb.config.AutoConfig setNonJtaDataSource
INFO: Adjusting PersistenceUnit entities_persistence_unit <non-jta-data-source> to Resource ID 'Default Unmanaged JDBC Database' from 'null'
Apr 09, 2019 1:40:14 PM org.apache.openejb.config.ReportValidationResults logResults
WARNING: WARN ... WebModule{moduleId='28d1abe2-2338-457c-9332-ff3ffa142057', contextRoot='28d1abe2-2338-457c-9332-ff3ffa142057'}:	Incorrect location of file file:/tmp/arquillian-tomee-app-working-dir/0/28d1abe2-2338-457c-9332-ff3ffa142057/META-INF/beans.xml The file should be in WEB-INF directory
Apr 09, 2019 1:40:14 PM org.apache.openejb.config.ReportValidationResults logResults
WARNING: 1 warning for WebModule(path=28d1abe2-2338-457c-9332-ff3ffa142057)
Apr 09, 2019 1:40:14 PM org.apache.openejb.config.AppInfoBuilder build
INFO: Enterprise application "/tmp/arquillian-tomee-app-working-dir/0/28d1abe2-2338-457c-9332-ff3ffa142057" loaded.
Apr 09, 2019 1:40:14 PM org.apache.openejb.assembler.classic.Assembler createApplication
INFO: Assembling app: /tmp/arquillian-tomee-app-working-dir/0/28d1abe2-2338-457c-9332-ff3ffa142057
Apr 09, 2019 1:40:14 PM null
INFO: OpenJPA dynamically loaded a validation provider.
Apr 09, 2019 1:40:14 PM org.apache.openejb.assembler.classic.ReloadableEntityManagerFactory createDelegate
INFO: PersistenceUnit(name=entities_persistence_unit, provider=org.apache.openjpa.persistence.PersistenceProviderImpl) - provider time 74ms
Apr 09, 2019 1:40:14 PM org.apache.openejb.assembler.classic.Assembler createApplication
INFO: Deployed Application(path=/tmp/arquillian-tomee-app-working-dir/0/28d1abe2-2338-457c-9332-ff3ffa142057)
Apr 09, 2019 1:40:15 PM org.apache.jasper.servlet.TldScanner scanJars
INFO: At least one JAR was scanned for TLDs yet contained no TLDs. Enable debug logging for this logger for a complete list of JARs that were scanned but no TLDs were found in them. Skipping unneeded JARs during scanning can improve startup time and JSP compilation time.
Apr 09, 2019 1:40:15 PM null
INFO: Starting OpenJPA 2.4.1
Apr 09, 2019 1:40:15 PM null
INFO: Using dictionary class "org.apache.openjpa.jdbc.sql.HSQLDictionary" (HSQL Database Engine 2.3.2 ,HSQL Database Engine Driver 2.3.2).
Apr 09, 2019 1:40:15 PM null
INFO: Connected to HSQL Database Engine version 2.2 using JDBC driver HSQL Database Engine Driver version 2.3.2. 
Apr 09, 2019 1:40:15 PM null
INFO: Creating subclass and redefining methods for "[class fr.unice.polytech.si4.isa.devops.teami.entities.guests.Person, class fr.unice.polytech.si4.isa.devops.teami.entities.guests.Vip, class fr.unice.polytech.si4.isa.devops.teami.entities.school.Speciality, class fr.unice.polytech.si4.isa.devops.teami.entities.guests.Student, class fr.unice.polytech.si4.isa.devops.teami.entities.ceremony.Ceremony, class fr.unice.polytech.si4.isa.devops.teami.entities.guests.Attendant, class fr.unice.polytech.si4.isa.devops.teami.entities.invitations.VIPInvitation, class fr.unice.polytech.si4.isa.devops.teami.entities.school.Bill, class fr.unice.polytech.si4.isa.devops.teami.entities.school.Club]". This means that your application will be less efficient than it would if you ran the OpenJPA enhancer.
Apr 09, 2019 1:40:16 PM org.apache.openejb.assembler.classic.Assembler destroyApplication
INFO: Undeploying app: /tmp/arquillian-tomee-app-working-dir/0/28d1abe2-2338-457c-9332-ff3ffa142057
[ThreadedStreamConsumer] INFO org.apache.maven.plugin.surefire.SurefirePlugin - Tests run: 1, Failures: 0, Errors: 0, Skipped: 0, Time elapsed: 3.31 s - in fr.unice.polytech.si4.isa.devops.teami.entities.school.SpecialityTest
[ThreadedStreamConsumer] INFO org.apache.maven.plugin.surefire.SurefirePlugin - Running fr.unice.polytech.si4.isa.devops.teami.entities.school.ClubTest
Apr 09, 2019 1:40:17 PM org.apache.openejb.util.JarExtractor extract
INFO: Extracting jar: /tmp/arquillian-tomee-app-working-dir/0/e9c07400-cc6c-4571-af0a-5931d680f616.war
Apr 09, 2019 1:40:17 PM org.apache.openejb.util.JarExtractor extract
INFO: Extracted path: /tmp/arquillian-tomee-app-working-dir/0/e9c07400-cc6c-4571-af0a-5931d680f616
Apr 09, 2019 1:40:17 PM org.apache.tomee.catalina.TomcatWebAppBuilder deployWebApps
INFO: using default host: localhost
Apr 09, 2019 1:40:17 PM org.apache.tomee.catalina.TomcatWebAppBuilder init
INFO: ------------------------- localhost -> /e9c07400-cc6c-4571-af0a-5931d680f616
Apr 09, 2019 1:40:17 PM org.apache.openejb.util.OptionsLog info
INFO: Using 'openejb.session.manager=org.apache.tomee.catalina.session.QuickSessionManager'
Apr 09, 2019 1:40:17 PM org.apache.openejb.config.ConfigurationFactory configureApplication
INFO: Configuring enterprise application: /tmp/arquillian-tomee-app-working-dir/0/e9c07400-cc6c-4571-af0a-5931d680f616
Apr 09, 2019 1:40:17 PM org.apache.openejb.config.AutoConfig deploy
INFO: Configuring PersistenceUnit(name=entities_persistence_unit)
Apr 09, 2019 1:40:17 PM org.apache.openejb.config.AutoConfig setJtaDataSource
INFO: Adjusting PersistenceUnit entities_persistence_unit <jta-data-source> to Resource ID 'Default JDBC Database' from 'PolydiplomaDataSource'
Apr 09, 2019 1:40:17 PM org.apache.openejb.config.AutoConfig setNonJtaDataSource
INFO: Adjusting PersistenceUnit entities_persistence_unit <non-jta-data-source> to Resource ID 'Default Unmanaged JDBC Database' from 'null'
Apr 09, 2019 1:40:17 PM org.apache.openejb.config.ReportValidationResults logResults
WARNING: WARN ... WebModule{moduleId='e9c07400-cc6c-4571-af0a-5931d680f616', contextRoot='e9c07400-cc6c-4571-af0a-5931d680f616'}:	Incorrect location of file file:/tmp/arquillian-tomee-app-working-dir/0/e9c07400-cc6c-4571-af0a-5931d680f616/META-INF/beans.xml The file should be in WEB-INF directory
Apr 09, 2019 1:40:17 PM org.apache.openejb.config.ReportValidationResults logResults
WARNING: 1 warning for WebModule(path=e9c07400-cc6c-4571-af0a-5931d680f616)
Apr 09, 2019 1:40:17 PM org.apache.openejb.config.AppInfoBuilder build
INFO: Enterprise application "/tmp/arquillian-tomee-app-working-dir/0/e9c07400-cc6c-4571-af0a-5931d680f616" loaded.
Apr 09, 2019 1:40:17 PM org.apache.openejb.assembler.classic.Assembler createApplication
INFO: Assembling app: /tmp/arquillian-tomee-app-working-dir/0/e9c07400-cc6c-4571-af0a-5931d680f616
Apr 09, 2019 1:40:17 PM null
INFO: OpenJPA dynamically loaded a validation provider.
Apr 09, 2019 1:40:17 PM org.apache.openejb.assembler.classic.ReloadableEntityManagerFactory createDelegate
INFO: PersistenceUnit(name=entities_persistence_unit, provider=org.apache.openjpa.persistence.PersistenceProviderImpl) - provider time 70ms
Apr 09, 2019 1:40:17 PM org.apache.openejb.assembler.classic.Assembler createApplication
INFO: Deployed Application(path=/tmp/arquillian-tomee-app-working-dir/0/e9c07400-cc6c-4571-af0a-5931d680f616)
Apr 09, 2019 1:40:18 PM org.apache.jasper.servlet.TldScanner scanJars
INFO: At least one JAR was scanned for TLDs yet contained no TLDs. Enable debug logging for this logger for a complete list of JARs that were scanned but no TLDs were found in them. Skipping unneeded JARs during scanning can improve startup time and JSP compilation time.
Apr 09, 2019 1:40:18 PM null
INFO: Starting OpenJPA 2.4.1
Apr 09, 2019 1:40:18 PM null
INFO: Using dictionary class "org.apache.openjpa.jdbc.sql.HSQLDictionary" (HSQL Database Engine 2.3.2 ,HSQL Database Engine Driver 2.3.2).
Apr 09, 2019 1:40:18 PM null
INFO: Connected to HSQL Database Engine version 2.2 using JDBC driver HSQL Database Engine Driver version 2.3.2. 
Apr 09, 2019 1:40:18 PM null
INFO: Creating subclass and redefining methods for "[class fr.unice.polytech.si4.isa.devops.teami.entities.guests.Person, class fr.unice.polytech.si4.isa.devops.teami.entities.guests.Vip, class fr.unice.polytech.si4.isa.devops.teami.entities.school.Speciality, class fr.unice.polytech.si4.isa.devops.teami.entities.guests.Student, class fr.unice.polytech.si4.isa.devops.teami.entities.ceremony.Ceremony, class fr.unice.polytech.si4.isa.devops.teami.entities.guests.Attendant, class fr.unice.polytech.si4.isa.devops.teami.entities.invitations.VIPInvitation, class fr.unice.polytech.si4.isa.devops.teami.entities.school.Bill, class fr.unice.polytech.si4.isa.devops.teami.entities.school.Club]". This means that your application will be less efficient than it would if you ran the OpenJPA enhancer.
Apr 09, 2019 1:40:20 PM org.apache.openejb.assembler.classic.Assembler destroyApplication
INFO: Undeploying app: /tmp/arquillian-tomee-app-working-dir/0/e9c07400-cc6c-4571-af0a-5931d680f616
[ThreadedStreamConsumer] INFO org.apache.maven.plugin.surefire.SurefirePlugin - Tests run: 1, Failures: 0, Errors: 0, Skipped: 0, Time elapsed: 3.227 s - in fr.unice.polytech.si4.isa.devops.teami.entities.school.ClubTest
[ThreadedStreamConsumer] INFO org.apache.maven.plugin.surefire.SurefirePlugin - Running fr.unice.polytech.si4.isa.devops.teami.entities.school.BillTest
Apr 09, 2019 1:40:20 PM org.apache.openejb.util.JarExtractor extract
INFO: Extracting jar: /tmp/arquillian-tomee-app-working-dir/0/5855bd5b-5014-48c3-bb6f-439b2b39cd97.war
Apr 09, 2019 1:40:20 PM org.apache.openejb.util.JarExtractor extract
INFO: Extracted path: /tmp/arquillian-tomee-app-working-dir/0/5855bd5b-5014-48c3-bb6f-439b2b39cd97
Apr 09, 2019 1:40:20 PM org.apache.tomee.catalina.TomcatWebAppBuilder deployWebApps
INFO: using default host: localhost
Apr 09, 2019 1:40:20 PM org.apache.tomee.catalina.TomcatWebAppBuilder init
INFO: ------------------------- localhost -> /5855bd5b-5014-48c3-bb6f-439b2b39cd97
Apr 09, 2019 1:40:20 PM org.apache.openejb.util.OptionsLog info
INFO: Using 'openejb.session.manager=org.apache.tomee.catalina.session.QuickSessionManager'
Apr 09, 2019 1:40:20 PM org.apache.openejb.config.ConfigurationFactory configureApplication
INFO: Configuring enterprise application: /tmp/arquillian-tomee-app-working-dir/0/5855bd5b-5014-48c3-bb6f-439b2b39cd97
Apr 09, 2019 1:40:20 PM org.apache.openejb.config.AutoConfig deploy
INFO: Configuring PersistenceUnit(name=entities_persistence_unit)
Apr 09, 2019 1:40:21 PM org.apache.openejb.config.AutoConfig setJtaDataSource
INFO: Adjusting PersistenceUnit entities_persistence_unit <jta-data-source> to Resource ID 'Default JDBC Database' from 'PolydiplomaDataSource'
Apr 09, 2019 1:40:21 PM org.apache.openejb.config.AutoConfig setNonJtaDataSource
INFO: Adjusting PersistenceUnit entities_persistence_unit <non-jta-data-source> to Resource ID 'Default Unmanaged JDBC Database' from 'null'
Apr 09, 2019 1:40:21 PM org.apache.openejb.config.ReportValidationResults logResults
WARNING: WARN ... WebModule{moduleId='5855bd5b-5014-48c3-bb6f-439b2b39cd97', contextRoot='5855bd5b-5014-48c3-bb6f-439b2b39cd97'}:	Incorrect location of file file:/tmp/arquillian-tomee-app-working-dir/0/5855bd5b-5014-48c3-bb6f-439b2b39cd97/META-INF/beans.xml The file should be in WEB-INF directory
Apr 09, 2019 1:40:21 PM org.apache.openejb.config.ReportValidationResults logResults
WARNING: 1 warning for WebModule(path=5855bd5b-5014-48c3-bb6f-439b2b39cd97)
Apr 09, 2019 1:40:21 PM org.apache.openejb.config.AppInfoBuilder build
INFO: Enterprise application "/tmp/arquillian-tomee-app-working-dir/0/5855bd5b-5014-48c3-bb6f-439b2b39cd97" loaded.
Apr 09, 2019 1:40:21 PM org.apache.openejb.assembler.classic.Assembler createApplication
INFO: Assembling app: /tmp/arquillian-tomee-app-working-dir/0/5855bd5b-5014-48c3-bb6f-439b2b39cd97
Apr 09, 2019 1:40:21 PM null
INFO: OpenJPA dynamically loaded a validation provider.
Apr 09, 2019 1:40:21 PM org.apache.openejb.assembler.classic.ReloadableEntityManagerFactory createDelegate
INFO: PersistenceUnit(name=entities_persistence_unit, provider=org.apache.openjpa.persistence.PersistenceProviderImpl) - provider time 111ms
Apr 09, 2019 1:40:21 PM org.apache.openejb.assembler.classic.Assembler createApplication
INFO: Deployed Application(path=/tmp/arquillian-tomee-app-working-dir/0/5855bd5b-5014-48c3-bb6f-439b2b39cd97)
Apr 09, 2019 1:40:21 PM org.apache.jasper.servlet.TldScanner scanJars
INFO: At least one JAR was scanned for TLDs yet contained no TLDs. Enable debug logging for this logger for a complete list of JARs that were scanned but no TLDs were found in them. Skipping unneeded JARs during scanning can improve startup time and JSP compilation time.
Apr 09, 2019 1:40:21 PM null
INFO: Starting OpenJPA 2.4.1
Apr 09, 2019 1:40:21 PM null
INFO: Using dictionary class "org.apache.openjpa.jdbc.sql.HSQLDictionary" (HSQL Database Engine 2.3.2 ,HSQL Database Engine Driver 2.3.2).
Apr 09, 2019 1:40:22 PM null
INFO: Connected to HSQL Database Engine version 2.2 using JDBC driver HSQL Database Engine Driver version 2.3.2. 
Apr 09, 2019 1:40:22 PM null
INFO: Creating subclass and redefining methods for "[class fr.unice.polytech.si4.isa.devops.teami.entities.guests.Person, class fr.unice.polytech.si4.isa.devops.teami.entities.guests.Vip, class fr.unice.polytech.si4.isa.devops.teami.entities.school.Speciality, class fr.unice.polytech.si4.isa.devops.teami.entities.guests.Student, class fr.unice.polytech.si4.isa.devops.teami.entities.ceremony.Ceremony, class fr.unice.polytech.si4.isa.devops.teami.entities.guests.Attendant, class fr.unice.polytech.si4.isa.devops.teami.entities.invitations.VIPInvitation, class fr.unice.polytech.si4.isa.devops.teami.entities.school.Bill, class fr.unice.polytech.si4.isa.devops.teami.entities.school.Club]". This means that your application will be less efficient than it would if you ran the OpenJPA enhancer.
Apr 09, 2019 1:40:23 PM org.apache.openejb.assembler.classic.Assembler destroyApplication
INFO: Undeploying app: /tmp/arquillian-tomee-app-working-dir/0/5855bd5b-5014-48c3-bb6f-439b2b39cd97
[ThreadedStreamConsumer] INFO org.apache.maven.plugin.surefire.SurefirePlugin - Tests run: 1, Failures: 0, Errors: 0, Skipped: 0, Time elapsed: 3.556 s - in fr.unice.polytech.si4.isa.devops.teami.entities.school.BillTest
[ThreadedStreamConsumer] INFO org.apache.maven.plugin.surefire.SurefirePlugin - Running fr.unice.polytech.si4.isa.devops.teami.entities.invitations.VIPInvitationTest
Apr 09, 2019 1:40:24 PM org.apache.openejb.util.JarExtractor extract
INFO: Extracting jar: /tmp/arquillian-tomee-app-working-dir/0/c80d63b4-9a4b-493d-a633-0f0ea501fc99.war
Apr 09, 2019 1:40:24 PM org.apache.openejb.util.JarExtractor extract
INFO: Extracted path: /tmp/arquillian-tomee-app-working-dir/0/c80d63b4-9a4b-493d-a633-0f0ea501fc99
Apr 09, 2019 1:40:24 PM org.apache.tomee.catalina.TomcatWebAppBuilder deployWebApps
INFO: using default host: localhost
Apr 09, 2019 1:40:24 PM org.apache.tomee.catalina.TomcatWebAppBuilder init
INFO: ------------------------- localhost -> /c80d63b4-9a4b-493d-a633-0f0ea501fc99
Apr 09, 2019 1:40:24 PM org.apache.openejb.util.OptionsLog info
INFO: Using 'openejb.session.manager=org.apache.tomee.catalina.session.QuickSessionManager'
Apr 09, 2019 1:40:24 PM org.apache.openejb.config.ConfigurationFactory configureApplication
INFO: Configuring enterprise application: /tmp/arquillian-tomee-app-working-dir/0/c80d63b4-9a4b-493d-a633-0f0ea501fc99
Apr 09, 2019 1:40:24 PM org.apache.openejb.config.AutoConfig deploy
INFO: Configuring PersistenceUnit(name=entities_persistence_unit)
Apr 09, 2019 1:40:24 PM org.apache.openejb.config.AutoConfig setJtaDataSource
INFO: Adjusting PersistenceUnit entities_persistence_unit <jta-data-source> to Resource ID 'Default JDBC Database' from 'PolydiplomaDataSource'
Apr 09, 2019 1:40:24 PM org.apache.openejb.config.AutoConfig setNonJtaDataSource
INFO: Adjusting PersistenceUnit entities_persistence_unit <non-jta-data-source> to Resource ID 'Default Unmanaged JDBC Database' from 'null'
Apr 09, 2019 1:40:24 PM org.apache.openejb.config.ReportValidationResults logResults
WARNING: WARN ... WebModule{moduleId='c80d63b4-9a4b-493d-a633-0f0ea501fc99', contextRoot='c80d63b4-9a4b-493d-a633-0f0ea501fc99'}:	Incorrect location of file file:/tmp/arquillian-tomee-app-working-dir/0/c80d63b4-9a4b-493d-a633-0f0ea501fc99/META-INF/beans.xml The file should be in WEB-INF directory
Apr 09, 2019 1:40:24 PM org.apache.openejb.config.ReportValidationResults logResults
WARNING: 1 warning for WebModule(path=c80d63b4-9a4b-493d-a633-0f0ea501fc99)
Apr 09, 2019 1:40:24 PM org.apache.openejb.config.AppInfoBuilder build
INFO: Enterprise application "/tmp/arquillian-tomee-app-working-dir/0/c80d63b4-9a4b-493d-a633-0f0ea501fc99" loaded.
Apr 09, 2019 1:40:24 PM org.apache.openejb.assembler.classic.Assembler createApplication
INFO: Assembling app: /tmp/arquillian-tomee-app-working-dir/0/c80d63b4-9a4b-493d-a633-0f0ea501fc99
Apr 09, 2019 1:40:24 PM null
INFO: OpenJPA dynamically loaded a validation provider.
Apr 09, 2019 1:40:24 PM org.apache.openejb.assembler.classic.ReloadableEntityManagerFactory createDelegate
INFO: PersistenceUnit(name=entities_persistence_unit, provider=org.apache.openjpa.persistence.PersistenceProviderImpl) - provider time 67ms
Apr 09, 2019 1:40:24 PM org.apache.openejb.assembler.classic.Assembler createApplication
INFO: Deployed Application(path=/tmp/arquillian-tomee-app-working-dir/0/c80d63b4-9a4b-493d-a633-0f0ea501fc99)
Apr 09, 2019 1:40:25 PM org.apache.jasper.servlet.TldScanner scanJars
INFO: At least one JAR was scanned for TLDs yet contained no TLDs. Enable debug logging for this logger for a complete list of JARs that were scanned but no TLDs were found in them. Skipping unneeded JARs during scanning can improve startup time and JSP compilation time.
Apr 09, 2019 1:40:25 PM null
INFO: Starting OpenJPA 2.4.1
Apr 09, 2019 1:40:25 PM null
INFO: Using dictionary class "org.apache.openjpa.jdbc.sql.HSQLDictionary" (HSQL Database Engine 2.3.2 ,HSQL Database Engine Driver 2.3.2).
Apr 09, 2019 1:40:25 PM null
INFO: Connected to HSQL Database Engine version 2.2 using JDBC driver HSQL Database Engine Driver version 2.3.2. 
Apr 09, 2019 1:40:25 PM null
INFO: Creating subclass and redefining methods for "[class fr.unice.polytech.si4.isa.devops.teami.entities.guests.Person, class fr.unice.polytech.si4.isa.devops.teami.entities.guests.Vip, class fr.unice.polytech.si4.isa.devops.teami.entities.school.Speciality, class fr.unice.polytech.si4.isa.devops.teami.entities.guests.Student, class fr.unice.polytech.si4.isa.devops.teami.entities.ceremony.Ceremony, class fr.unice.polytech.si4.isa.devops.teami.entities.guests.Attendant, class fr.unice.polytech.si4.isa.devops.teami.entities.invitations.VIPInvitation, class fr.unice.polytech.si4.isa.devops.teami.entities.school.Bill, class fr.unice.polytech.si4.isa.devops.teami.entities.school.Club]". This means that your application will be less efficient than it would if you ran the OpenJPA enhancer.
Apr 09, 2019 1:40:26 PM org.apache.openejb.assembler.classic.Assembler destroyApplication
INFO: Undeploying app: /tmp/arquillian-tomee-app-working-dir/0/c80d63b4-9a4b-493d-a633-0f0ea501fc99
[ThreadedStreamConsumer] INFO org.apache.maven.plugin.surefire.SurefirePlugin - Tests run: 1, Failures: 0, Errors: 0, Skipped: 0, Time elapsed: 3.024 s - in fr.unice.polytech.si4.isa.devops.teami.entities.invitations.VIPInvitationTest
[ThreadedStreamConsumer] INFO org.apache.maven.plugin.surefire.SurefirePlugin - Running fr.unice.polytech.si4.isa.devops.teami.entities.ceremony.CeremonyTest
Apr 09, 2019 1:40:27 PM org.apache.openejb.util.JarExtractor extract
INFO: Extracting jar: /tmp/arquillian-tomee-app-working-dir/0/2a0c075d-6524-481f-bf33-b64ced1bd7cd.war
Apr 09, 2019 1:40:27 PM org.apache.openejb.util.JarExtractor extract
INFO: Extracted path: /tmp/arquillian-tomee-app-working-dir/0/2a0c075d-6524-481f-bf33-b64ced1bd7cd
Apr 09, 2019 1:40:27 PM org.apache.tomee.catalina.TomcatWebAppBuilder deployWebApps
INFO: using default host: localhost
Apr 09, 2019 1:40:27 PM org.apache.tomee.catalina.TomcatWebAppBuilder init
INFO: ------------------------- localhost -> /2a0c075d-6524-481f-bf33-b64ced1bd7cd
Apr 09, 2019 1:40:27 PM org.apache.openejb.util.OptionsLog info
INFO: Using 'openejb.session.manager=org.apache.tomee.catalina.session.QuickSessionManager'
Apr 09, 2019 1:40:27 PM org.apache.openejb.config.ConfigurationFactory configureApplication
INFO: Configuring enterprise application: /tmp/arquillian-tomee-app-working-dir/0/2a0c075d-6524-481f-bf33-b64ced1bd7cd
Apr 09, 2019 1:40:27 PM org.apache.openejb.config.AutoConfig deploy
INFO: Configuring PersistenceUnit(name=entities_persistence_unit)
Apr 09, 2019 1:40:27 PM org.apache.openejb.config.AutoConfig setJtaDataSource
INFO: Adjusting PersistenceUnit entities_persistence_unit <jta-data-source> to Resource ID 'Default JDBC Database' from 'PolydiplomaDataSource'
Apr 09, 2019 1:40:27 PM org.apache.openejb.config.AutoConfig setNonJtaDataSource
INFO: Adjusting PersistenceUnit entities_persistence_unit <non-jta-data-source> to Resource ID 'Default Unmanaged JDBC Database' from 'null'
Apr 09, 2019 1:40:27 PM org.apache.openejb.config.ReportValidationResults logResults
WARNING: WARN ... WebModule{moduleId='2a0c075d-6524-481f-bf33-b64ced1bd7cd', contextRoot='2a0c075d-6524-481f-bf33-b64ced1bd7cd'}:	Incorrect location of file file:/tmp/arquillian-tomee-app-working-dir/0/2a0c075d-6524-481f-bf33-b64ced1bd7cd/META-INF/beans.xml The file should be in WEB-INF directory
Apr 09, 2019 1:40:27 PM org.apache.openejb.config.ReportValidationResults logResults
WARNING: 1 warning for WebModule(path=2a0c075d-6524-481f-bf33-b64ced1bd7cd)
Apr 09, 2019 1:40:27 PM org.apache.openejb.config.AppInfoBuilder build
INFO: Enterprise application "/tmp/arquillian-tomee-app-working-dir/0/2a0c075d-6524-481f-bf33-b64ced1bd7cd" loaded.
Apr 09, 2019 1:40:27 PM org.apache.openejb.assembler.classic.Assembler createApplication
INFO: Assembling app: /tmp/arquillian-tomee-app-working-dir/0/2a0c075d-6524-481f-bf33-b64ced1bd7cd
Apr 09, 2019 1:40:27 PM null
INFO: OpenJPA dynamically loaded a validation provider.
Apr 09, 2019 1:40:27 PM org.apache.openejb.assembler.classic.ReloadableEntityManagerFactory createDelegate
INFO: PersistenceUnit(name=entities_persistence_unit, provider=org.apache.openjpa.persistence.PersistenceProviderImpl) - provider time 110ms
Apr 09, 2019 1:40:27 PM org.apache.openejb.assembler.classic.Assembler createApplication
INFO: Deployed Application(path=/tmp/arquillian-tomee-app-working-dir/0/2a0c075d-6524-481f-bf33-b64ced1bd7cd)
Apr 09, 2019 1:40:28 PM org.apache.jasper.servlet.TldScanner scanJars
INFO: At least one JAR was scanned for TLDs yet contained no TLDs. Enable debug logging for this logger for a complete list of JARs that were scanned but no TLDs were found in them. Skipping unneeded JARs during scanning can improve startup time and JSP compilation time.
Apr 09, 2019 1:40:28 PM null
INFO: Starting OpenJPA 2.4.1
Apr 09, 2019 1:40:28 PM null
INFO: Using dictionary class "org.apache.openjpa.jdbc.sql.HSQLDictionary" (HSQL Database Engine 2.3.2 ,HSQL Database Engine Driver 2.3.2).
Apr 09, 2019 1:40:28 PM null
INFO: Connected to HSQL Database Engine version 2.2 using JDBC driver HSQL Database Engine Driver version 2.3.2. 
Apr 09, 2019 1:40:28 PM null
INFO: Creating subclass and redefining methods for "[class fr.unice.polytech.si4.isa.devops.teami.entities.guests.Person, class fr.unice.polytech.si4.isa.devops.teami.entities.guests.Vip, class fr.unice.polytech.si4.isa.devops.teami.entities.school.Speciality, class fr.unice.polytech.si4.isa.devops.teami.entities.guests.Student, class fr.unice.polytech.si4.isa.devops.teami.entities.ceremony.Ceremony, class fr.unice.polytech.si4.isa.devops.teami.entities.guests.Attendant, class fr.unice.polytech.si4.isa.devops.teami.entities.invitations.VIPInvitation, class fr.unice.polytech.si4.isa.devops.teami.entities.school.Bill, class fr.unice.polytech.si4.isa.devops.teami.entities.school.Club]". This means that your application will be less efficient than it would if you ran the OpenJPA enhancer.
Apr 09, 2019 1:40:30 PM org.apache.openejb.assembler.classic.Assembler destroyApplication
INFO: Undeploying app: /tmp/arquillian-tomee-app-working-dir/0/2a0c075d-6524-481f-bf33-b64ced1bd7cd
[ThreadedStreamConsumer] INFO org.apache.maven.plugin.surefire.SurefirePlugin - Tests run: 1, Failures: 0, Errors: 0, Skipped: 0, Time elapsed: 3.413 s - in fr.unice.polytech.si4.isa.devops.teami.entities.ceremony.CeremonyTest
Apr 09, 2019 1:40:30 PM org.apache.coyote.AbstractProtocol stop
INFO: Stopping ProtocolHandler ["http-nio-8080"]
Apr 09, 2019 1:40:30 PM org.apache.coyote.AbstractProtocol pause
INFO: Pausing ProtocolHandler ["http-nio-8080"]
Apr 09, 2019 1:40:30 PM org.apache.catalina.core.StandardService stopInternal
INFO: Stopping service Tomcat
Apr 09, 2019 1:40:30 PM org.apache.openejb.assembler.classic.Assembler doResourceDestruction
INFO: Closing DataSource: Default JDBC Database
Apr 09, 2019 1:40:30 PM org.apache.openejb.assembler.classic.Assembler doResourceDestruction
INFO: Closing DataSource: Default Unmanaged JDBC Database
Apr 09, 2019 1:40:30 PM org.apache.coyote.AbstractProtocol destroy
INFO: Destroying ProtocolHandler ["http-nio-8080"]
[main] INFO org.apache.maven.plugin.surefire.SurefirePlugin - 
[main] INFO org.apache.maven.plugin.surefire.SurefirePlugin - Results:
[main] INFO org.apache.maven.plugin.surefire.SurefirePlugin - 
[main] INFO org.apache.maven.plugin.surefire.SurefirePlugin - Tests run: 8, Failures: 0, Errors: 0, Skipped: 0
[main] INFO org.apache.maven.plugin.surefire.SurefirePlugin - 
[main] INFO org.apache.maven.cli.event.ExecutionEventLogger - 
[main] INFO org.apache.maven.cli.event.ExecutionEventLogger - --- maven-jar-plugin:3.0.2:jar (default-jar) @ teami-polydiploma-entities ---
[main] INFO org.codehaus.plexus.archiver.jar.JarArchiver - Building jar: /var/jenkins_home/workspace/teami-polydiploma-entities/target/teami-polydiploma-entities-1.3.jar
[main] INFO org.apache.maven.cli.event.ExecutionEventLogger - 
[main] INFO org.apache.maven.cli.event.ExecutionEventLogger - --- maven-install-plugin:2.5.2:install (default-install) @ teami-polydiploma-entities ---
[main] INFO org.codehaus.plexus.PlexusContainer - Installing /var/jenkins_home/workspace/teami-polydiploma-entities/target/teami-polydiploma-entities-1.3.jar to /var/jenkins_home/workspace/teami-polydiploma-entities/?/.m2/repository/fr/unice/polytech/si4/isa/devops/teami/teami-polydiploma-entities/1.3/teami-polydiploma-entities-1.3.jar
[main] INFO org.codehaus.plexus.PlexusContainer - Installing /var/jenkins_home/workspace/teami-polydiploma-entities/pom.xml to /var/jenkins_home/workspace/teami-polydiploma-entities/?/.m2/repository/fr/unice/polytech/si4/isa/devops/teami/teami-polydiploma-entities/1.3/teami-polydiploma-entities-1.3.pom
[main] INFO org.apache.maven.cli.event.ExecutionEventLogger - 
[main] INFO org.apache.maven.cli.event.ExecutionEventLogger - --- maven-resources-plugin:3.0.2:resources (default-resources) @ teami-polydiploma-entities ---
[main] INFO org.apache.maven.shared.filtering.DefaultMavenResourcesFiltering - Using 'UTF-8' encoding to copy filtered resources.
[main] INFO org.apache.maven.shared.filtering.DefaultMavenResourcesFiltering - skip non existing resourceDirectory /var/jenkins_home/workspace/teami-polydiploma-entities/src/main/resources
[main] INFO org.apache.maven.cli.event.ExecutionEventLogger - 
[main] INFO org.apache.maven.cli.event.ExecutionEventLogger - --- maven-compiler-plugin:3.8.0:compile (default-compile) @ teami-polydiploma-entities ---
[main] INFO org.apache.maven.plugin.compiler.CompilerMojo - Nothing to compile - all classes are up to date
[main] INFO org.apache.maven.cli.event.ExecutionEventLogger - 
[main] INFO org.apache.maven.cli.event.ExecutionEventLogger - --- maven-resources-plugin:3.0.2:testResources (default-testResources) @ teami-polydiploma-entities ---
[main] INFO org.apache.maven.shared.filtering.DefaultMavenResourcesFiltering - Using 'UTF-8' encoding to copy filtered resources.
[main] INFO org.apache.maven.shared.filtering.DefaultMavenResourcesFiltering - Copying 2 resources
[main] INFO org.apache.maven.cli.event.ExecutionEventLogger - 
[main] INFO org.apache.maven.cli.event.ExecutionEventLogger - --- maven-compiler-plugin:3.8.0:testCompile (default-testCompile) @ teami-polydiploma-entities ---
[main] INFO org.apache.maven.plugin.compiler.TestCompilerMojo - Changes detected - recompiling the module!
[main] INFO org.codehaus.plexus.compiler.javac.JavacCompiler - Compiling 12 source files to /var/jenkins_home/workspace/teami-polydiploma-entities/target/test-classes
[main] INFO org.apache.maven.cli.event.ExecutionEventLogger - 
[main] INFO org.apache.maven.cli.event.ExecutionEventLogger - --- maven-surefire-plugin:2.22.1:test (default-test) @ teami-polydiploma-entities ---
[main] INFO org.apache.maven.plugin.surefire.SurefirePlugin - Skipping execution of surefire because it has already been run for this configuration
[main] INFO org.apache.maven.cli.event.ExecutionEventLogger - 
[main] INFO org.apache.maven.cli.event.ExecutionEventLogger - --- maven-jar-plugin:3.0.2:jar (default-jar) @ teami-polydiploma-entities ---
[main] INFO org.apache.maven.cli.event.ExecutionEventLogger - 
[main] INFO org.apache.maven.cli.event.ExecutionEventLogger - --- maven-install-plugin:2.5.2:install (default-install) @ teami-polydiploma-entities ---
[main] INFO org.codehaus.plexus.PlexusContainer - Installing /var/jenkins_home/workspace/teami-polydiploma-entities/target/teami-polydiploma-entities-1.3.jar to /var/jenkins_home/workspace/teami-polydiploma-entities/?/.m2/repository/fr/unice/polytech/si4/isa/devops/teami/teami-polydiploma-entities/1.3/teami-polydiploma-entities-1.3.jar
[main] INFO org.codehaus.plexus.PlexusContainer - Installing /var/jenkins_home/workspace/teami-polydiploma-entities/pom.xml to /var/jenkins_home/workspace/teami-polydiploma-entities/?/.m2/repository/fr/unice/polytech/si4/isa/devops/teami/teami-polydiploma-entities/1.3/teami-polydiploma-entities-1.3.pom
[main] INFO org.apache.maven.cli.event.ExecutionEventLogger - 
[main] INFO org.apache.maven.cli.event.ExecutionEventLogger - --- maven-deploy-plugin:2.8.2:deploy (default-deploy) @ teami-polydiploma-entities ---
Uploading to teami: http://vps663090.ovh.net:8081/artifactory/libs-release/fr/unice/polytech/si4/isa/devops/teami/teami-polydiploma-entities/1.3/teami-polydiploma-entities-1.3.jar
Progress (1): 2.0/20 kBProgress (1): 4.1/20 kBProgress (1): 6.1/20 kBProgress (1): 8.2/20 kBProgress (1): 10/20 kB Progress (1): 12/20 kBProgress (1): 14/20 kBProgress (1): 16/20 kBProgress (1): 18/20 kBProgress (1): 20 kB                      Uploaded to teami: http://vps663090.ovh.net:8081/artifactory/libs-release/fr/unice/polytech/si4/isa/devops/teami/teami-polydiploma-entities/1.3/teami-polydiploma-entities-1.3.jar (20 kB at 16 kB/s)
Uploading to teami: http://vps663090.ovh.net:8081/artifactory/libs-release/fr/unice/polytech/si4/isa/devops/teami/teami-polydiploma-entities/1.3/teami-polydiploma-entities-1.3.pom
Progress (1): 2.0/7.5 kBProgress (1): 4.1/7.5 kBProgress (1): 6.1/7.5 kBProgress (1): 7.5 kB                        Uploaded to teami: http://vps663090.ovh.net:8081/artifactory/libs-release/fr/unice/polytech/si4/isa/devops/teami/teami-polydiploma-entities/1.3/teami-polydiploma-entities-1.3.pom (7.5 kB at 25 kB/s)
Downloading from teami: http://vps663090.ovh.net:8081/artifactory/libs-release/fr/unice/polytech/si4/isa/devops/teami/teami-polydiploma-entities/maven-metadata.xml
Progress (1): 440 B                   Downloaded from teami: http://vps663090.ovh.net:8081/artifactory/libs-release/fr/unice/polytech/si4/isa/devops/teami/teami-polydiploma-entities/maven-metadata.xml (440 B at 988 B/s)
Uploading to teami: http://vps663090.ovh.net:8081/artifactory/libs-release/fr/unice/polytech/si4/isa/devops/teami/teami-polydiploma-entities/maven-metadata.xml
Progress (1): 394 B                   Uploaded to teami: http://vps663090.ovh.net:8081/artifactory/libs-release/fr/unice/polytech/si4/isa/devops/teami/teami-polydiploma-entities/maven-metadata.xml (394 B at 2.8 kB/s)
[main] INFO org.jfrog.build.extractor.maven.BuildDeploymentHelper - Artifactory Build Info Recorder: Saving Build Info to '/var/jenkins_home/workspace/teami-polydiploma-entities/target/build-info.json'
[main] INFO org.jfrog.build.extractor.maven.BuildDeploymentHelper - Artifactory Build Info Recorder: deploy artifacts set to false, artifacts will not be deployed...
[main] INFO org.jfrog.build.extractor.maven.BuildDeploymentHelper - Artifactory Build Info Recorder: Deploying build info ...
[main] INFO org.jfrog.build.extractor.maven.BuildInfoClientBuilder - Deploying build descriptor to: http://vps663090.ovh.net:8081/artifactory/api/build
[main] INFO org.jfrog.build.extractor.maven.BuildInfoClientBuilder - Build successfully deployed. Browse it in Artifactory under http://vps663090.ovh.net:8081/artifactory/webapp/builds/teami-polydiploma-entities/8
[main] INFO org.apache.maven.cli.event.ExecutionEventLogger - ------------------------------------------------------------------------
[main] INFO org.apache.maven.cli.event.ExecutionEventLogger - BUILD SUCCESS
[main] INFO org.apache.maven.cli.event.ExecutionEventLogger - ------------------------------------------------------------------------
[main] INFO org.apache.maven.cli.event.ExecutionEventLogger - Total time:  02:14 min
[main] INFO org.apache.maven.cli.event.ExecutionEventLogger - Finished at: 2019-04-09T13:41:12Z
[main] INFO org.apache.maven.cli.event.ExecutionEventLogger - ------------------------------------------------------------------------
Finished: SUCCESS
